#
# An unexpected error has occurred (11)
#
Stack:
/lib64/libc.so.6(+0x54df0) [0x7faf961a0df0]
/data/Xilinx/Vitis_HLS/2023.1/lib/lnx64.o/libxv_hls_llvm3.1.so(llvm::BitcodeReader::ParseFunctionBody(llvm::Function*)+0x3880) [0x7faf9caeba00]
/data/Xilinx/Vitis_HLS/2023.1/lib/lnx64.o/libxv_hls_llvm3.1.so(llvm::BitcodeReader::Materialize(llvm::GlobalValue*, std::__cxx11::basic_string<char, std::char_traits<char>, std::allocator<char> >*)+0x155) [0x7faf9caec285]
/data/Xilinx/Vitis_HLS/2023.1/lib/lnx64.o/libxv_hls_llvm3.1.so(llvm::BitcodeReader::MaterializeModule(llvm::Module*, std::__cxx11::basic_string<char, std::char_traits<char>, std::allocator<char> >*)+0x44) [0x7faf9cae8064]
/data/Xilinx/Vitis_HLS/2023.1/lib/lnx64.o/libxv_hls_llvm3.1.so(llvm::Module::MaterializeAllPermanently(std::__cxx11::basic_string<char, std::char_traits<char>, std::allocator<char> >*)+0xe) [0x7faf9c951f1e]
/data/Xilinx/Vitis_HLS/2023.1/lib/lnx64.o/libxv_hls_llvm3.1.so(llvm::ParseBitcodeFile(llvm::MemoryBuffer*, llvm::LLVMContext&, std::__cxx11::basic_string<char, std::char_traits<char>, std::allocator<char> >*)+0x2c) [0x7faf9cae7c0c]
/data/Xilinx/Vitis_HLS/2023.1/lib/lnx64.o/libxv_hls_main.so(+0x15dfbd) [0x7faf86a74fbd]
/data/Xilinx/Vitis_HLS/2023.1/lib/lnx64.o/libxv_hls_main.so(+0x15f7e2) [0x7faf86a767e2]
/data/Xilinx/Vitis_HLS/2023.1/lib/lnx64.o/libxv_hls_support.so(xpcl::TclCommand::callbackInternal(int, Tcl_Obj* const*)+0x767) [0x7fafa059d237]
/data/Xilinx/Vitis_HLS/2023.1/lib/lnx64.o/libxv_hls_support.so(xpcl::TclCommand::callback(int, Tcl_Obj* const*)+0x2b) [0x7fafa059de5b]
/data/Xilinx/Vitis_HLS/2023.1/lib/lnx64.o/libtcl8.5.so(+0x3356f) [0x7faf9b95c56f]
/data/Xilinx/Vitis_HLS/2023.1/lib/lnx64.o/libtcl8.5.so(+0x76945) [0x7faf9b99f945]
/data/Xilinx/Vitis_HLS/2023.1/lib/lnx64.o/libtcl8.5.so(+0x7e0f9) [0x7faf9b9a70f9]
/data/Xilinx/Vitis_HLS/2023.1/lib/lnx64.o/libtcl8.5.so(TclEvalObjEx+0x76) [0x7faf9b95e216]
/data/Xilinx/Vitis_HLS/2023.1/lib/lnx64.o/libxv_commontasks.so(+0x4ee2e1) [0x7faf852892e1]
/data/Xilinx/Vitis_HLS/2023.1/lib/lnx64.o/libtcl8.5.so(+0x3356f) [0x7faf9b95c56f]
/data/Xilinx/Vitis_HLS/2023.1/lib/lnx64.o/libtcl8.5.so(+0x76945) [0x7faf9b99f945]
/data/Xilinx/Vitis_HLS/2023.1/lib/lnx64.o/libtcl8.5.so(TclObjInterpProcCore+0x420) [0x7faf9b9e0ed0]
/data/Xilinx/Vitis_HLS/2023.1/lib/lnx64.o/libtcl8.5.so(+0x3356f) [0x7faf9b95c56f]
/data/Xilinx/Vitis_HLS/2023.1/lib/lnx64.o/libtcl8.5.so(+0x76945) [0x7faf9b99f945]
/data/Xilinx/Vitis_HLS/2023.1/lib/lnx64.o/libtcl8.5.so(+0x7e0f9) [0x7faf9b9a70f9]
/data/Xilinx/Vitis_HLS/2023.1/lib/lnx64.o/libtcl8.5.so(TclEvalObjEx+0x76) [0x7faf9b95e216]
/data/Xilinx/Vitis_HLS/2023.1/lib/lnx64.o/libxv_commontasks.so(+0x4ee2e1) [0x7faf852892e1]
/data/Xilinx/Vitis_HLS/2023.1/lib/lnx64.o/libtcl8.5.so(+0x3356f) [0x7faf9b95c56f]
/data/Xilinx/Vitis_HLS/2023.1/lib/lnx64.o/libtcl8.5.so(+0x76945) [0x7faf9b99f945]
/data/Xilinx/Vitis_HLS/2023.1/lib/lnx64.o/libtcl8.5.so(TclObjInterpProcCore+0x420) [0x7faf9b9e0ed0]
/data/Xilinx/Vitis_HLS/2023.1/lib/lnx64.o/libtcl8.5.so(+0x3356f) [0x7faf9b95c56f]
/data/Xilinx/Vitis_HLS/2023.1/lib/lnx64.o/libtcl8.5.so(+0x76945) [0x7faf9b99f945]
/data/Xilinx/Vitis_HLS/2023.1/lib/lnx64.o/libtcl8.5.so(TclObjInterpProcCore+0x420) [0x7faf9b9e0ed0]
/data/Xilinx/Vitis_HLS/2023.1/lib/lnx64.o/libtcl8.5.so(+0x3356f) [0x7faf9b95c56f]
/data/Xilinx/Vitis_HLS/2023.1/lib/lnx64.o/libtcl8.5.so(+0x76945) [0x7faf9b99f945]
/data/Xilinx/Vitis_HLS/2023.1/lib/lnx64.o/libtcl8.5.so(+0x7e0f9) [0x7faf9b9a70f9]
/data/Xilinx/Vitis_HLS/2023.1/lib/lnx64.o/libtcl8.5.so(TclEvalObjEx+0x76) [0x7faf9b95e216]
/data/Xilinx/Vitis_HLS/2023.1/lib/lnx64.o/libxv_commontasks.so(+0x4ee2e1) [0x7faf852892e1]
/data/Xilinx/Vitis_HLS/2023.1/lib/lnx64.o/libtcl8.5.so(+0x3356f) [0x7faf9b95c56f]
/data/Xilinx/Vitis_HLS/2023.1/lib/lnx64.o/libtcl8.5.so(+0x76945) [0x7faf9b99f945]
/data/Xilinx/Vitis_HLS/2023.1/lib/lnx64.o/libtcl8.5.so(Tcl_ExprObj+0xf8) [0x7faf9b9a6cd8]
/data/Xilinx/Vitis_HLS/2023.1/lib/lnx64.o/libtcl8.5.so(Tcl_ExprBooleanObj+0x16) [0x7faf9b95cf56]
/data/Xilinx/Vitis_HLS/2023.1/lib/lnx64.o/libtcl8.5.so(+0x3e7ae) [0x7faf9b9677ae]
/data/Xilinx/Vitis_HLS/2023.1/lib/lnx64.o/libtcl8.5.so(+0x3356f) [0x7faf9b95c56f]
/data/Xilinx/Vitis_HLS/2023.1/lib/lnx64.o/libtcl8.5.so(+0x34bf8) [0x7faf9b95dbf8]
/data/Xilinx/Vitis_HLS/2023.1/lib/lnx64.o/libtcl8.5.so(Tcl_EvalEx+0x13) [0x7faf9b95e163]
/data/Xilinx/Vitis_HLS/2023.1/lib/lnx64.o/libtcl8.5.so(Tcl_Eval+0x15) [0x7faf9b95e185]
/data/Xilinx/Vitis_HLS/2023.1/lib/lnx64.o/libxv_hls_main.so(+0xee6e3) [0x7faf86a056e3]
/data/Xilinx/Vitis_HLS/2023.1/lib/lnx64.o/libxv_hls_support.so(xpcl::TclCommand::callbackInternal(int, Tcl_Obj* const*)+0x3ab) [0x7fafa059ce7b]
/data/Xilinx/Vitis_HLS/2023.1/lib/lnx64.o/libxv_hls_support.so(xpcl::TclCommand::callback(int, Tcl_Obj* const*)+0x2b) [0x7fafa059de5b]
/data/Xilinx/Vitis_HLS/2023.1/lib/lnx64.o/libtcl8.5.so(+0x3356f) [0x7faf9b95c56f]
/data/Xilinx/Vitis_HLS/2023.1/lib/lnx64.o/libtcl8.5.so(+0x76945) [0x7faf9b99f945]
/data/Xilinx/Vitis_HLS/2023.1/lib/lnx64.o/libtcl8.5.so(TclObjInterpProcCore+0x420) [0x7faf9b9e0ed0]
/data/Xilinx/Vitis_HLS/2023.1/lib/lnx64.o/libtcl8.5.so(+0x3356f) [0x7faf9b95c56f]
/data/Xilinx/Vitis_HLS/2023.1/lib/lnx64.o/libtcl8.5.so(+0x76945) [0x7faf9b99f945]
/data/Xilinx/Vitis_HLS/2023.1/lib/lnx64.o/libtcl8.5.so(+0x7e0f9) [0x7faf9b9a70f9]
/data/Xilinx/Vitis_HLS/2023.1/lib/lnx64.o/libtcl8.5.so(TclEvalObjEx+0x76) [0x7faf9b95e216]
/data/Xilinx/Vitis_HLS/2023.1/lib/lnx64.o/libxv_commontasks.so(+0x4ee2e1) [0x7faf852892e1]
/data/Xilinx/Vitis_HLS/2023.1/lib/lnx64.o/libtcl8.5.so(+0x3356f) [0x7faf9b95c56f]
/data/Xilinx/Vitis_HLS/2023.1/lib/lnx64.o/libtcl8.5.so(+0x76945) [0x7faf9b99f945]
/data/Xilinx/Vitis_HLS/2023.1/lib/lnx64.o/libtcl8.5.so(Tcl_ExprObj+0xf8) [0x7faf9b9a6cd8]
/data/Xilinx/Vitis_HLS/2023.1/lib/lnx64.o/libtcl8.5.so(Tcl_ExprBooleanObj+0x16) [0x7faf9b95cf56]
/data/Xilinx/Vitis_HLS/2023.1/lib/lnx64.o/libtcl8.5.so(+0x3e7ae) [0x7faf9b9677ae]
/data/Xilinx/Vitis_HLS/2023.1/lib/lnx64.o/libtcl8.5.so(+0x3356f) [0x7faf9b95c56f]
/data/Xilinx/Vitis_HLS/2023.1/lib/lnx64.o/libtcl8.5.so(+0x34bf8) [0x7faf9b95dbf8]
/data/Xilinx/Vitis_HLS/2023.1/lib/lnx64.o/libtcl8.5.so(Tcl_EvalEx+0x13) [0x7faf9b95e163]
/data/Xilinx/Vitis_HLS/2023.1/lib/lnx64.o/libtcl8.5.so(Tcl_Eval+0x15) [0x7faf9b95e185]
/data/Xilinx/Vitis_HLS/2023.1/lib/lnx64.o/libxv_hls_main.so(+0xee6e3) [0x7faf86a056e3]
/data/Xilinx/Vitis_HLS/2023.1/lib/lnx64.o/libxv_hls_support.so(xpcl::TclCommand::callbackInternal(int, Tcl_Obj* const*)+0x3ab) [0x7fafa059ce7b]
/data/Xilinx/Vitis_HLS/2023.1/lib/lnx64.o/libxv_hls_support.so(xpcl::TclCommand::callback(int, Tcl_Obj* const*)+0x2b) [0x7fafa059de5b]
/data/Xilinx/Vitis_HLS/2023.1/lib/lnx64.o/libtcl8.5.so(+0x3356f) [0x7faf9b95c56f]
/data/Xilinx/Vitis_HLS/2023.1/lib/lnx64.o/libtcl8.5.so(+0x76945) [0x7faf9b99f945]
/data/Xilinx/Vitis_HLS/2023.1/lib/lnx64.o/libtcl8.5.so(TclObjInterpProcCore+0x420) [0x7faf9b9e0ed0]
/data/Xilinx/Vitis_HLS/2023.1/lib/lnx64.o/libtcl8.5.so(+0x3356f) [0x7faf9b95c56f]
/data/Xilinx/Vitis_HLS/2023.1/lib/lnx64.o/libtcl8.5.so(+0x76945) [0x7faf9b99f945]
/data/Xilinx/Vitis_HLS/2023.1/lib/lnx64.o/libtcl8.5.so(+0x7e0f9) [0x7faf9b9a70f9]
/data/Xilinx/Vitis_HLS/2023.1/lib/lnx64.o/libtcl8.5.so(TclEvalObjEx+0x76) [0x7faf9b95e216]
/data/Xilinx/Vitis_HLS/2023.1/lib/lnx64.o/libxv_commontasks.so(+0x4ee2e1) [0x7faf852892e1]
/data/Xilinx/Vitis_HLS/2023.1/lib/lnx64.o/libtcl8.5.so(+0x3356f) [0x7faf9b95c56f]
/data/Xilinx/Vitis_HLS/2023.1/lib/lnx64.o/libtcl8.5.so(+0x76945) [0x7faf9b99f945]
/data/Xilinx/Vitis_HLS/2023.1/lib/lnx64.o/libtcl8.5.so(Tcl_ExprObj+0xf8) [0x7faf9b9a6cd8]
/data/Xilinx/Vitis_HLS/2023.1/lib/lnx64.o/libtcl8.5.so(Tcl_ExprBooleanObj+0x16) [0x7faf9b95cf56]
/data/Xilinx/Vitis_HLS/2023.1/lib/lnx64.o/libtcl8.5.so(+0x3e7ae) [0x7faf9b9677ae]
/data/Xilinx/Vitis_HLS/2023.1/lib/lnx64.o/libtcl8.5.so(+0x3356f) [0x7faf9b95c56f]
/data/Xilinx/Vitis_HLS/2023.1/lib/lnx64.o/libtcl8.5.so(+0x34bf8) [0x7faf9b95dbf8]
/data/Xilinx/Vitis_HLS/2023.1/lib/lnx64.o/libtcl8.5.so(Tcl_EvalEx+0x13) [0x7faf9b95e163]
/data/Xilinx/Vitis_HLS/2023.1/lib/lnx64.o/libtcl8.5.so(Tcl_Eval+0x15) [0x7faf9b95e185]
/data/Xilinx/Vitis_HLS/2023.1/lib/lnx64.o/libxv_hls_main.so(+0xee6e3) [0x7faf86a056e3]
/data/Xilinx/Vitis_HLS/2023.1/lib/lnx64.o/libxv_hls_support.so(xpcl::TclCommand::callbackInternal(int, Tcl_Obj* const*)+0x3ab) [0x7fafa059ce7b]
/data/Xilinx/Vitis_HLS/2023.1/lib/lnx64.o/libxv_hls_support.so(xpcl::TclCommand::callback(int, Tcl_Obj* const*)+0x2b) [0x7fafa059de5b]
/data/Xilinx/Vitis_HLS/2023.1/lib/lnx64.o/libtcl8.5.so(+0x3356f) [0x7faf9b95c56f]
/data/Xilinx/Vitis_HLS/2023.1/lib/lnx64.o/libtcl8.5.so(+0x34bf8) [0x7faf9b95dbf8]
/data/Xilinx/Vitis_HLS/2023.1/lib/lnx64.o/libtcl8.5.so(Tcl_EvalEx+0x13) [0x7faf9b95e163]
/data/Xilinx/Vitis_HLS/2023.1/lib/lnx64.o/libtcl8.5.so(Tcl_FSEvalFileEx+0x1da) [0x7faf9b9c2d2a]
/data/Xilinx/Vitis_HLS/2023.1/lib/lnx64.o/libxv_hls_main.so(ApSourceTclFile(std::__cxx11::basic_string<char, std::char_traits<char>, std::allocator<char> > const&, char const*)+0x76) [0x7faf869fa646]
/data/Xilinx/Vitis_HLS/2023.1/lib/lnx64.o/libxv_hls_main.so(+0xe8d15) [0x7faf869ffd15]
/data/Xilinx/Vitis_HLS/2023.1/lib/lnx64.o/libxv_hls_support.so(xpcl::TclCommand::callbackInternal(int, Tcl_Obj* const*)+0x3ab) [0x7fafa059ce7b]
/data/Xilinx/Vitis_HLS/2023.1/lib/lnx64.o/libxv_hls_support.so(xpcl::TclCommand::callback(int, Tcl_Obj* const*)+0x2b) [0x7fafa059de5b]
/data/Xilinx/Vitis_HLS/2023.1/lib/lnx64.o/libtcl8.5.so(+0x3356f) [0x7faf9b95c56f]
/data/Xilinx/Vitis_HLS/2023.1/lib/lnx64.o/libtcl8.5.so(Tcl_EvalObjv+0x32) [0x7faf9b95c6a2]
/data/Xilinx/Vitis_HLS/2023.1/lib/lnx64.o/libtcl8.5.so(TclEvalObjEx+0x322) [0x7faf9b95e4c2]
/data/Xilinx/Vitis_HLS/2023.1/lib/lnx64.o/libxv_hlstasks.so(+0x10ec5) [0x7faf86b4aec5]
/data/Xilinx/Vitis_HLS/2023.1/lib/lnx64.o/libxv_common.so(+0x8b703f) [0x7fafa011f03f]
/data/Xilinx/Vitis_HLS/2023.1/lib/lnx64.o/libtcl8.5.so(+0x3356f) [0x7faf9b95c56f]
/data/Xilinx/Vitis_HLS/2023.1/lib/lnx64.o/libtcl8.5.so(+0x34bf8) [0x7faf9b95dbf8]
/data/Xilinx/Vitis_HLS/2023.1/lib/lnx64.o/libtcl8.5.so(Tcl_EvalEx+0x13) [0x7faf9b95e163]
/data/Xilinx/Vitis_HLS/2023.1/lib/lnx64.o/libtcl8.5.so(TclEvalObjEx+0x3cf) [0x7faf9b95e56f]
/data/Xilinx/Vitis_HLS/2023.1/lib/lnx64.o/libtcl8.5.so(+0xb7589) [0x7faf9b9e0589]
/data/Xilinx/Vitis_HLS/2023.1/lib/lnx64.o/libtcl8.5.so(+0x3356f) [0x7faf9b95c56f]
/data/Xilinx/Vitis_HLS/2023.1/lib/lnx64.o/libtcl8.5.so(+0x76945) [0x7faf9b99f945]
/data/Xilinx/Vitis_HLS/2023.1/lib/lnx64.o/libtcl8.5.so(TclObjInterpProcCore+0x420) [0x7faf9b9e0ed0]
/data/Xilinx/Vitis_HLS/2023.1/lib/lnx64.o/libtcl8.5.so(+0x3356f) [0x7faf9b95c56f]
/data/Xilinx/Vitis_HLS/2023.1/lib/lnx64.o/libtcl8.5.so(+0x76945) [0x7faf9b99f945]
/data/Xilinx/Vitis_HLS/2023.1/lib/lnx64.o/libtcl8.5.so(+0x7e0f9) [0x7faf9b9a70f9]
/data/Xilinx/Vitis_HLS/2023.1/lib/lnx64.o/libtcl8.5.so(TclEvalObjEx+0x76) [0x7faf9b95e216]
/data/Xilinx/Vitis_HLS/2023.1/lib/lnx64.o/libxv_commontasks.so(+0x4ee23e) [0x7faf8528923e]
/data/Xilinx/Vitis_HLS/2023.1/lib/lnx64.o/libtcl8.5.so(+0x3356f) [0x7faf9b95c56f]
/data/Xilinx/Vitis_HLS/2023.1/lib/lnx64.o/libtcl8.5.so(+0x34bf8) [0x7faf9b95dbf8]
/data/Xilinx/Vitis_HLS/2023.1/lib/lnx64.o/libtcl8.5.so(+0xad566) [0x7faf9b9d6566]
/data/Xilinx/Vitis_HLS/2023.1/lib/lnx64.o/libtcl8.5.so(+0x34785) [0x7faf9b95d785]
/data/Xilinx/Vitis_HLS/2023.1/lib/lnx64.o/libtcl8.5.so(Tcl_EvalEx+0x13) [0x7faf9b95e163]
/data/Xilinx/Vitis_HLS/2023.1/lib/lnx64.o/libtcl8.5.so(Tcl_FSEvalFileEx+0x1da) [0x7faf9b9c2d2a]
/data/Xilinx/Vitis_HLS/2023.1/lib/lnx64.o/libxv_commontasks.so(+0x449a40) [0x7faf851e4a40]
/data/Xilinx/Vitis_HLS/2023.1/lib/lnx64.o/libxv_common.so(+0x8b703f) [0x7fafa011f03f]
/data/Xilinx/Vitis_HLS/2023.1/lib/lnx64.o/libtcl8.5.so(+0x3356f) [0x7faf9b95c56f]
/data/Xilinx/Vitis_HLS/2023.1/lib/lnx64.o/libtcl8.5.so(Tcl_EvalObjv+0x32) [0x7faf9b95c6a2]
/data/Xilinx/Vitis_HLS/2023.1/lib/lnx64.o/libtcl8.5.so(TclEvalObjEx+0x322) [0x7faf9b95e4c2]
/data/Xilinx/Vitis_HLS/2023.1/lib/lnx64.o/libxv_commontasks.so(+0x466388) [0x7faf85201388]
/data/Xilinx/Vitis_HLS/2023.1/lib/lnx64.o/libxv_commontasks.so(+0x46798f) [0x7faf8520298f]
/data/Xilinx/Vitis_HLS/2023.1/lib/lnx64.o/libxv_common.so(+0x8b703f) [0x7fafa011f03f]
/data/Xilinx/Vitis_HLS/2023.1/lib/lnx64.o/libtcl8.5.so(+0x3356f) [0x7faf9b95c56f]
/data/Xilinx/Vitis_HLS/2023.1/lib/lnx64.o/libtcl8.5.so(Tcl_EvalObjv+0x32) [0x7faf9b95c6a2]
/data/Xilinx/Vitis_HLS/2023.1/lib/lnx64.o/libtcl8.5.so(TclEvalObjEx+0x322) [0x7faf9b95e4c2]
/data/Xilinx/Vitis_HLS/2023.1/lib/lnx64.o/libxv_commonmain.so(+0xd5e8) [0x7fafa05005e8]
/data/Xilinx/Vitis_HLS/2023.1/lib/lnx64.o/libtcl8.5.so(Tcl_Main+0x1d0) [0x7faf9b9c92f0]
/data/Xilinx/Vitis_HLS/2023.1/lib/lnx64.o/libxv_common.so(+0x7b7f1b) [0x7fafa001ff1b]
/lib64/libc.so.6(+0x9f802) [0x7faf961eb802]
/lib64/libc.so.6(+0x3f450) [0x7faf9618b450]
