/home/brenton/kernel/processAPA/processapa/solution1/.autopilot/db/FDHDChannelMapSP.pp.0.cxx:31687:3: warning: Added loop label VITIS_LOOP_35_1:   [xilinx-label-all-loops]
  while (std::getline(inFile,line)) {
  ^~~~~
  VITIS_LOOP_35_1: 
/home/brenton/kernel/processAPA/processapa/solution1/.autopilot/db/FDHDChannelMapSP.pp.0.cxx:31687:3: note: FIX-IT applied suggested code changes
/home/brenton/kernel/processAPA/processapa/solution1/.autopilot/db/FDHDChannelMapSP.pp.0.cxx:31733:3: warning: Added loop label VITIS_LOOP_81_2:   [xilinx-label-all-loops]
  while (std::getline(inFile2,line)) {
  ^~~~~
  VITIS_LOOP_81_2: 
/home/brenton/kernel/processAPA/processapa/solution1/.autopilot/db/FDHDChannelMapSP.pp.0.cxx:31733:3: note: FIX-IT applied suggested code changes
/home/brenton/kernel/processAPA/processapa/solution1/.autopilot/db/FDHDChannelMapSP.pp.0.cxx:31740:5: warning: Added loop label VITIS_LOOP_88_3:   [xilinx-label-all-loops]
    for(int i = 0; i < j; ++i) {
    ^~~
    VITIS_LOOP_88_3: 
/home/brenton/kernel/processAPA/processapa/solution1/.autopilot/db/FDHDChannelMapSP.pp.0.cxx:31740:5: note: FIX-IT applied suggested code changes
/home/brenton/kernel/processAPA/processapa/solution1/.autopilot/db/FDHDChannelMapSP.pp.0.cxx:31758:3: warning: Added loop label VITIS_LOOP_106_4:   [xilinx-label-all-loops]
  for (int i = 0; i < 150; ++i)
  ^~~
  VITIS_LOOP_106_4: 
/home/brenton/kernel/processAPA/processapa/solution1/.autopilot/db/FDHDChannelMapSP.pp.0.cxx:31758:3: note: FIX-IT applied suggested code changes
/home/brenton/kernel/processAPA/processapa/solution1/.autopilot/db/FDHDChannelMapSP.pp.0.cxx:31786:7: warning: Added loop label VITIS_LOOP_134_5:   [xilinx-label-all-loops]
      for (int i = 0; i < 150; ++i) {
      ^~~
      VITIS_LOOP_134_5: 
/home/brenton/kernel/processAPA/processapa/solution1/.autopilot/db/FDHDChannelMapSP.pp.0.cxx:31786:7: note: FIX-IT applied suggested code changes
/home/brenton/kernel/processAPA/processapa/solution1/.autopilot/db/FDHDChannelMapSP.pp.0.cxx:31794:7: warning: Added loop label VITIS_LOOP_142_6:   [xilinx-label-all-loops]
      for (int i = 0; i < 150; ++i) {
      ^~~
      VITIS_LOOP_142_6: 
/home/brenton/kernel/processAPA/processapa/solution1/.autopilot/db/FDHDChannelMapSP.pp.0.cxx:31794:7: note: FIX-IT applied suggested code changes
/home/brenton/kernel/processAPA/processapa/solution1/.autopilot/db/FDHDChannelMapSP.pp.0.cxx:31821:3: warning: Added loop label VITIS_LOOP_169_1:   [xilinx-label-all-loops]
  for(int i = 0; i < 150; i++)
  ^~~
  VITIS_LOOP_169_1: 
/home/brenton/kernel/processAPA/processapa/solution1/.autopilot/db/FDHDChannelMapSP.pp.0.cxx:31821:3: note: FIX-IT applied suggested code changes
/home/brenton/kernel/processAPA/processapa/solution1/.autopilot/db/FDHDChannelMapSP.pp.0.cxx:31838:3: warning: Added loop label VITIS_LOOP_186_2:   [xilinx-label-all-loops]
  for (int i = 0; i < 150; ++i) {
  ^~~
  VITIS_LOOP_186_2: 
/home/brenton/kernel/processAPA/processapa/solution1/.autopilot/db/FDHDChannelMapSP.pp.0.cxx:31838:3: note: FIX-IT applied suggested code changes
/home/brenton/kernel/processAPA/processapa/solution1/.autopilot/db/FDHDChannelMapSP.pp.0.cxx:31853:11: warning: Added loop label VITIS_LOOP_201_3:   [xilinx-label-all-loops]
          for(int i = 0; i < 5120; i++) {
          ^~~
          VITIS_LOOP_201_3: 
/home/brenton/kernel/processAPA/processapa/solution1/.autopilot/db/FDHDChannelMapSP.pp.0.cxx:31853:11: note: FIX-IT applied suggested code changes
