/home/brenton/kernel/processAPA/processapa/solution1/.autopilot/db/kernel.pp.0.cpp:41860:3: warning: Added loop label VITIS_LOOP_228_1:   [xilinx-label-all-loops]
  for (auto& it : get_fragment_type_names()) {
  ^~~
  VITIS_LOOP_228_1: 
/home/brenton/kernel/processAPA/processapa/solution1/.autopilot/db/kernel.pp.0.cpp:41860:3: note: FIX-IT applied suggested code changes
/home/brenton/kernel/processAPA/processapa/solution1/.autopilot/db/kernel.pp.0.cpp:42596:3: warning: Added loop label VITIS_LOOP_268_1:   [xilinx-label-all-loops]
  for (auto& piece : pieces) {
  ^~~
  VITIS_LOOP_268_1: 
/home/brenton/kernel/processAPA/processapa/solution1/.autopilot/db/kernel.pp.0.cpp:42596:3: note: FIX-IT applied suggested code changes
/home/brenton/kernel/processAPA/processapa/solution1/.autopilot/db/kernel.pp.0.cpp:49461:7: warning: Added loop label VITIS_LOOP_1213_1:   [xilinx-label-all-loops]
      for (i = 0; i < __N - 1; ++i) {
      ^~~
      VITIS_LOOP_1213_1: 
/home/brenton/kernel/processAPA/processapa/solution1/.autopilot/db/kernel.pp.0.cpp:49461:7: note: FIX-IT applied suggested code changes
/home/brenton/kernel/processAPA/processapa/solution1/.autopilot/db/kernel.pp.0.cpp:50435:5: warning: Added loop label VITIS_LOOP_676_1:   [xilinx-label-all-loops]
    for (unsigned i = low; i != high; ++i) {
    ^~~
    VITIS_LOOP_676_1: 
/home/brenton/kernel/processAPA/processapa/solution1/.autopilot/db/kernel.pp.0.cpp:50435:5: note: FIX-IT applied suggested code changes
/home/brenton/kernel/processAPA/processapa/solution1/.autopilot/db/kernel.pp.0.cpp:50449:5: warning: Added loop label VITIS_LOOP_690_1:   [xilinx-label-all-loops]
    for (unsigned i = low; i != high; ++i) {
    ^~~
    VITIS_LOOP_690_1: 
/home/brenton/kernel/processAPA/processapa/solution1/.autopilot/db/kernel.pp.0.cpp:50449:5: note: FIX-IT applied suggested code changes
/home/brenton/kernel/processAPA/processapa/solution1/.autopilot/db/kernel.pp.0.cpp:50463:5: warning: Added loop label VITIS_LOOP_704_1:   [xilinx-label-all-loops]
    for (unsigned i = low; i != high; ++i) {
    ^~~
    VITIS_LOOP_704_1: 
/home/brenton/kernel/processAPA/processapa/solution1/.autopilot/db/kernel.pp.0.cpp:50463:5: note: FIX-IT applied suggested code changes
/home/brenton/kernel/processAPA/processapa/solution1/.autopilot/db/kernel.pp.0.cpp:52062:7: warning: Added loop label VITIS_LOOP_1247_1:   [xilinx-label-all-loops]
      for (i = 0; i < __N - 1; ++i) {
      ^~~
      VITIS_LOOP_1247_1: 
/home/brenton/kernel/processAPA/processapa/solution1/.autopilot/db/kernel.pp.0.cpp:52062:7: note: FIX-IT applied suggested code changes
/home/brenton/kernel/processAPA/processapa/solution1/.autopilot/db/kernel.pp.0.cpp:54029:9: warning: Added loop label VITIS_LOOP_27_1:   [xilinx-label-all-loops]
        for (unsigned i = 0; i < N; i++) {
        ^~~
        VITIS_LOOP_27_1: 
/home/brenton/kernel/processAPA/processapa/solution1/.autopilot/db/kernel.pp.0.cpp:54029:9: note: FIX-IT applied suggested code changes
/home/brenton/kernel/processAPA/processapa/solution1/.autopilot/db/kernel.pp.0.cpp:60717:5: warning: Added loop label VITIS_LOOP_265_1:   [xilinx-label-all-loops]
    for (src_T* i = in_begin; i != in_end; ++i) {
    ^~~
    VITIS_LOOP_265_1: 
/home/brenton/kernel/processAPA/processapa/solution1/.autopilot/db/kernel.pp.0.cpp:60717:5: note: FIX-IT applied suggested code changes
/home/brenton/kernel/processAPA/processapa/solution1/.autopilot/db/kernel.pp.0.cpp:60728:5: warning: Added loop label VITIS_LOOP_276_1:   [xilinx-label-all-loops]
    for (auto i = 0; i < SIZE; i++)
    ^~~
    VITIS_LOOP_276_1: 
/home/brenton/kernel/processAPA/processapa/solution1/.autopilot/db/kernel.pp.0.cpp:60728:5: note: FIX-IT applied suggested code changes
/home/brenton/kernel/processAPA/processapa/solution1/.autopilot/db/kernel.pp.0.cpp:60739:5: warning: Added loop label VITIS_LOOP_287_1:   [xilinx-label-all-loops]
    for (int i = 0; i < SIZE; i++) {
    ^~~
    VITIS_LOOP_287_1: 
/home/brenton/kernel/processAPA/processapa/solution1/.autopilot/db/kernel.pp.0.cpp:60739:5: note: FIX-IT applied suggested code changes
/home/brenton/kernel/processAPA/processapa/solution1/.autopilot/db/kernel.pp.0.cpp:60746:5: warning: Added loop label VITIS_LOOP_294_1:   [xilinx-label-all-loops]
    for (int i = 0; i < SIZE / res_T::size; i++) {
    ^~~
    VITIS_LOOP_294_1: 
/home/brenton/kernel/processAPA/processapa/solution1/.autopilot/db/kernel.pp.0.cpp:60746:5: note: FIX-IT applied suggested code changes
/home/brenton/kernel/processAPA/processapa/solution1/.autopilot/db/kernel.pp.0.cpp:60748:9: warning: Added loop label VITIS_LOOP_296_2:   [xilinx-label-all-loops]
        for (int j = 0; j < res_T::size; j++) {
        ^~~
        VITIS_LOOP_296_2: 
/home/brenton/kernel/processAPA/processapa/solution1/.autopilot/db/kernel.pp.0.cpp:60748:9: note: FIX-IT applied suggested code changes
/home/brenton/kernel/processAPA/processapa/solution1/.autopilot/db/kernel.pp.0.cpp:60760:5: warning: Added loop label VITIS_LOOP_308_1:   [xilinx-label-all-loops]
    for (int i = 0; i < SIZE / data_T::size; i++) {
    ^~~
    VITIS_LOOP_308_1: 
/home/brenton/kernel/processAPA/processapa/solution1/.autopilot/db/kernel.pp.0.cpp:60760:5: note: FIX-IT applied suggested code changes
/home/brenton/kernel/processAPA/processapa/solution1/.autopilot/db/kernel.pp.0.cpp:60762:9: warning: Added loop label VITIS_LOOP_310_2:   [xilinx-label-all-loops]
        for (int j = 0; j < data_T::size; j++) {
        ^~~
        VITIS_LOOP_310_2: 
/home/brenton/kernel/processAPA/processapa/solution1/.autopilot/db/kernel.pp.0.cpp:60762:9: note: FIX-IT applied suggested code changes
/home/brenton/kernel/processAPA/processapa/solution1/.autopilot/db/kernel.pp.0.cpp:60777:5: warning: Added loop label VITIS_LOOP_325_1:   [xilinx-label-all-loops]
    for (int ii = 0; ii < nrows; ii++) {
    ^~~
    VITIS_LOOP_325_1: 
/home/brenton/kernel/processAPA/processapa/solution1/.autopilot/db/kernel.pp.0.cpp:60777:5: note: FIX-IT applied suggested code changes
/home/brenton/kernel/processAPA/processapa/solution1/.autopilot/db/kernel.pp.0.cpp:60797:5: warning: Added loop label VITIS_LOOP_345_1:   [xilinx-label-all-loops]
    for (int ii = 0; ii < nrows; ii++) {
    ^~~
    VITIS_LOOP_345_1: 
/home/brenton/kernel/processAPA/processapa/solution1/.autopilot/db/kernel.pp.0.cpp:60797:5: note: FIX-IT applied suggested code changes
/home/brenton/kernel/processAPA/processapa/solution1/.autopilot/db/kernel.pp.0.cpp:60798:9: warning: Added loop label VITIS_LOOP_346_2:   [xilinx-label-all-loops]
        for (int jj = 0; jj < ncols; jj++) {
        ^~~
        VITIS_LOOP_346_2: 
/home/brenton/kernel/processAPA/processapa/solution1/.autopilot/db/kernel.pp.0.cpp:60798:9: note: FIX-IT applied suggested code changes
/home/brenton/kernel/processAPA/processapa/solution1/.autopilot/db/kernel.pp.0.cpp:60813:5: warning: Added loop label VITIS_LOOP_361_1:   [xilinx-label-all-loops]
    for (int ii = 0; ii < N_IN; ii++) {
    ^~~
    VITIS_LOOP_361_1: 
/home/brenton/kernel/processAPA/processapa/solution1/.autopilot/db/kernel.pp.0.cpp:60813:5: note: FIX-IT applied suggested code changes
/home/brenton/kernel/processAPA/processapa/solution1/.autopilot/db/kernel.pp.0.cpp:60820:5: warning: Added loop label VITIS_LOOP_368_1:   [xilinx-label-all-loops]
    for (int ii = 0; ii < N_IN; ii++) {
    ^~~
    VITIS_LOOP_368_1: 
/home/brenton/kernel/processAPA/processapa/solution1/.autopilot/db/kernel.pp.0.cpp:60820:5: note: FIX-IT applied suggested code changes
/home/brenton/kernel/processAPA/processapa/solution1/.autopilot/db/kernel.pp.0.cpp:60929:17: warning: Added loop label VITIS_LOOP_285_1:   [xilinx-label-all-loops]
                for (int i = 0; i < n_frames; i++)
                ^~~
                VITIS_LOOP_285_1: 
/home/brenton/kernel/processAPA/processapa/solution1/.autopilot/db/kernel.pp.0.cpp:60929:17: note: FIX-IT applied suggested code changes
/home/brenton/kernel/processAPA/processapa/solution1/.autopilot/db/kernel.pp.0.cpp:60938:14: warning: Added loop label VITIS_LOOP_294_2:   [xilinx-label-all-loops]
             for (int i = 0; i < n_frames; i++)
             ^~~
             VITIS_LOOP_294_2: 
/home/brenton/kernel/processAPA/processapa/solution1/.autopilot/db/kernel.pp.0.cpp:60938:14: note: FIX-IT applied suggested code changes
/home/brenton/kernel/processAPA/processapa/solution1/.autopilot/db/kernel.pp.0.cpp:60952:9: warning: Added loop label VITIS_LOOP_317_3:   [xilinx-label-all-loops]
        for (int i = 0; i < TICK_SIZE; i += TICK_SIZE)
        ^~~
        VITIS_LOOP_317_3: 
/home/brenton/kernel/processAPA/processapa/solution1/.autopilot/db/kernel.pp.0.cpp:60952:9: note: FIX-IT applied suggested code changes
/home/brenton/kernel/processAPA/processapa/solution1/.autopilot/db/kernel.pp.0.cpp:60954:13: warning: Added loop label VITIS_LOOP_319_4:   [xilinx-label-all-loops]
            for(int j = 0; j < z_channels; j++) {
            ^~~
            VITIS_LOOP_319_4: 
/home/brenton/kernel/processAPA/processapa/solution1/.autopilot/db/kernel.pp.0.cpp:60954:13: note: FIX-IT applied suggested code changes
/home/brenton/kernel/processAPA/processapa/solution1/.autopilot/db/kernel.pp.0.cpp:60956:17: warning: Added loop label VITIS_LOOP_321_5:   [xilinx-label-all-loops]
                for(int k = 0; k <TICK_SIZE; k++) {
                ^~~
                VITIS_LOOP_321_5: 
/home/brenton/kernel/processAPA/processapa/solution1/.autopilot/db/kernel.pp.0.cpp:60956:17: note: FIX-IT applied suggested code changes
/home/brenton/kernel/processAPA/processapa/solution1/.autopilot/db/kernel.pp.0.cpp:60975:21: warning: Added loop label VITIS_LOOP_340_6:   [xilinx-label-all-loops]
                    for (int i = 0; i < 3; i++)
                    ^~~
                    VITIS_LOOP_340_6: 
/home/brenton/kernel/processAPA/processapa/solution1/.autopilot/db/kernel.pp.0.cpp:60975:21: note: FIX-IT applied suggested code changes
