

================================================================
== Vitis HLS Report for 'process_data_Pipeline_VITIS_LOOP_169_1'
================================================================
* Date:           Tue Aug  1 14:25:26 2023

* Version:        2023.1 (Build 3854077 on May  4 2023)
* Project:        processapa
* Solution:       solution1 (Vitis Kernel Flow Target)
* Product family: virtexuplus
* Target device:  xcvu11p-flga2577-1-e


================================================================
== Performance Estimates
================================================================
+ Timing: 
    * Summary: 
    +--------+----------+----------+------------+
    |  Clock |  Target  | Estimated| Uncertainty|
    +--------+----------+----------+------------+
    |ap_clk  |  10.00 ns|  7.300 ns|     2.70 ns|
    +--------+----------+----------+------------+

+ Latency: 
    * Summary: 
    +---------+---------+----------+----------+-----+-----+---------+
    |  Latency (cycles) |  Latency (absolute) |  Interval | Pipeline|
    |   min   |   max   |    min   |    max   | min | max |   Type  |
    +---------+---------+----------+----------+-----+-----+---------+
    |      224|      224|  2.240 us|  2.240 us|  224|  224|       no|
    +---------+---------+----------+----------+-----+-----+---------+

    + Detail: 
        * Instance: 
        N/A

        * Loop: 
        +--------------------+---------+---------+----------+-----------+-----------+------+----------+
        |                    |  Latency (cycles) | Iteration|  Initiation Interval  | Trip |          |
        |      Loop Name     |   min   |   max   |  Latency |  achieved |   target  | Count| Pipelined|
        +--------------------+---------+---------+----------+-----------+-----------+------+----------+
        |- VITIS_LOOP_169_1  |      222|      222|        74|          1|          1|   150|       yes|
        +--------------------+---------+---------+----------+-----------+-----------+------+----------+

============================================================
+ Verbose Summary: Synthesis Manager
============================================================
InlineROM: 1
ExposeGlobal: 0
============================================================
+ Verbose Summary: CDFG Model
============================================================
IsTopModel: 0
ResetActiveHigh: 1
IsCombinational: 0
IsDatapathOnly: 0
HasWiredReturn: 1
HasMFsm: 2
HasVarLatency: 1
IsPipeline: 0
IsRtlPipelined: 0
IsInstanceOverlapped: 0
IsDontTouch: 0
HasImplIP: 0
IsGatedGlobalClock: 0

+ Individual pipeline summary: 
  * Pipeline-0: initiation interval (II) = 1, depth = 74


============================================================
+ Verbose Summary: Schedule
============================================================
* Number of FSM states : 74
* Pipeline : 1
  Pipeline-0 : II = 1, D = 74, States = { 1 2 3 4 5 6 7 8 9 10 11 12 13 14 15 16 17 18 19 20 21 22 23 24 25 26 27 28 29 30 31 32 33 34 35 36 37 38 39 40 41 42 43 44 45 46 47 48 49 50 51 52 53 54 55 56 57 58 59 60 61 62 63 64 65 66 67 68 69 70 71 72 73 74 }
* Dataflow Pipeline: 0

* FSM state transitions: 
1 --> 2 
2 --> 3 
3 --> 4 
4 --> 5 
5 --> 6 
6 --> 7 
7 --> 8 
8 --> 9 
9 --> 10 
10 --> 11 
11 --> 12 
12 --> 13 
13 --> 14 
14 --> 15 
15 --> 16 
16 --> 17 
17 --> 18 
18 --> 19 
19 --> 20 
20 --> 21 
21 --> 22 
22 --> 23 
23 --> 24 
24 --> 25 
25 --> 26 
26 --> 27 
27 --> 28 
28 --> 29 
29 --> 30 
30 --> 31 
31 --> 32 
32 --> 33 
33 --> 34 
34 --> 35 
35 --> 36 
36 --> 37 
37 --> 38 
38 --> 39 
39 --> 40 
40 --> 41 
41 --> 42 
42 --> 43 
43 --> 44 
44 --> 45 
45 --> 46 
46 --> 47 
47 --> 48 
48 --> 49 
49 --> 50 
50 --> 51 
51 --> 52 
52 --> 53 
53 --> 54 
54 --> 55 
55 --> 56 
56 --> 57 
57 --> 58 
58 --> 59 
59 --> 60 
60 --> 61 
61 --> 62 
62 --> 63 
63 --> 64 
64 --> 65 
65 --> 66 
66 --> 67 
67 --> 68 
68 --> 69 
69 --> 70 
70 --> 71 
71 --> 72 
72 --> 73 
73 --> 74 
74 --> 

* FSM state operations: 

State 1 <SV = 0> <Delay = 1.36>
ST_1 : Operation 77 [1/1] (0.00ns)   --->   "%shiftreg = alloca i32 1"   --->   Operation 77 'alloca' 'shiftreg' <Predicate = true> <Delay = 0.00>
ST_1 : Operation 78 [1/1] (0.00ns)   --->   "%upri = alloca i32 1"   --->   Operation 78 'alloca' 'upri' <Predicate = true> <Delay = 0.00>
ST_1 : Operation 79 [1/1] (0.00ns)   --->   "%i_2 = alloca i32 1"   --->   Operation 79 'alloca' 'i_2' <Predicate = true> <Delay = 0.00>
ST_1 : Operation 80 [1/1] (0.00ns)   --->   "%specinterface_ln0 = specinterface void @_ssdm_op_SpecInterface, i512 %gmem, void @empty, i32 0, i32 0, void @empty_21, i32 64, i32 0, void @empty_9, void @empty_39, void @empty_21, i32 16, i32 16, i32 16, i32 16, void @empty_21, void @empty_21, i32 4294967295, i32 0"   --->   Operation 80 'specinterface' 'specinterface_ln0' <Predicate = true> <Delay = 0.00>
ST_1 : Operation 81 [1/1] (0.00ns)   --->   "%trunc_ln3_read = read i6 @_ssdm_op_Read.ap_auto.i6, i6 %trunc_ln3"   --->   Operation 81 'read' 'trunc_ln3_read' <Predicate = true> <Delay = 0.00>
ST_1 : Operation 82 [1/1] (0.00ns)   --->   "%chanmap_fUprightFromCrate_read = read i64 @_ssdm_op_Read.ap_auto.i64, i64 %chanmap_fUprightFromCrate"   --->   Operation 82 'read' 'chanmap_fUprightFromCrate_read' <Predicate = true> <Delay = 0.00>
ST_1 : Operation 83 [1/1] (0.00ns)   --->   "%crate_read = read i32 @_ssdm_op_Read.ap_auto.i32, i32 %crate"   --->   Operation 83 'read' 'crate_read' <Predicate = true> <Delay = 0.00>
ST_1 : Operation 84 [1/1] (0.46ns)   --->   "%store_ln0 = store i8 0, i8 %i_2"   --->   Operation 84 'store' 'store_ln0' <Predicate = true> <Delay = 0.46>
ST_1 : Operation 85 [1/1] (0.46ns)   --->   "%store_ln0 = store i64 0, i64 %shiftreg"   --->   Operation 85 'store' 'store_ln0' <Predicate = true> <Delay = 0.46>
ST_1 : Operation 86 [1/1] (0.00ns)   --->   "%br_ln0 = br void %for.body.i"   --->   Operation 86 'br' 'br_ln0' <Predicate = true> <Delay = 0.00>
ST_1 : Operation 87 [1/1] (0.00ns)   --->   "%i = load i8 %i_2"   --->   Operation 87 'load' 'i' <Predicate = true> <Delay = 0.00>
ST_1 : Operation 88 [1/1] (0.00ns)   --->   "%specbitsmap_ln0 = specbitsmap void @_ssdm_op_SpecBitsMap, i512 %gmem"   --->   Operation 88 'specbitsmap' 'specbitsmap_ln0' <Predicate = true> <Delay = 0.00>
ST_1 : Operation 89 [1/1] (0.00ns)   --->   "%specpipeline_ln0 = specpipeline void @_ssdm_op_SpecPipeline, i32 4294967295, i32 0, i32 1, i32 0, void @p_str"   --->   Operation 89 'specpipeline' 'specpipeline_ln0' <Predicate = true> <Delay = 0.00>
ST_1 : Operation 90 [1/1] (0.87ns)   --->   "%icmp_ln169 = icmp_eq  i8 %i, i8 150" [FDHDChannelMapSP.cxx:169->kernel.cpp:85]   --->   Operation 90 'icmp' 'icmp_ln169' <Predicate = true> <Delay = 0.87> <CoreInst = "Cmp">   --->   Core 9 'Cmp' <Latency = 0> <II = 1> <Delay = 0.87> <FuncUnit> <Opcode : 'icmp'> <InPorts = 2> <OutPorts = 1>
ST_1 : Operation 91 [1/1] (0.87ns)   --->   "%add_ln169 = add i8 %i, i8 1" [FDHDChannelMapSP.cxx:169->kernel.cpp:85]   --->   Operation 91 'add' 'add_ln169' <Predicate = true> <Delay = 0.87> <CoreInst = "Adder">   --->   Core 1 'Adder' <Latency = 0> <II = 1> <Delay = 0.87> <FuncUnit> <Opcode : 'add' 'sub'> <InPorts = 2> <OutPorts = 1>
ST_1 : Operation 92 [1/1] (0.00ns)   --->   "%br_ln169 = br i1 %icmp_ln169, void %for.body.i.split, void %for.end.i.exitStub" [FDHDChannelMapSP.cxx:169->kernel.cpp:85]   --->   Operation 92 'br' 'br_ln169' <Predicate = true> <Delay = 0.00>
ST_1 : Operation 93 [1/1] (0.00ns)   --->   "%empty_92 = trunc i8 %i"   --->   Operation 93 'trunc' 'empty_92' <Predicate = (!icmp_ln169)> <Delay = 0.00>
ST_1 : Operation 94 [1/1] (0.00ns)   --->   "%tmp_s = partselect i7 @_ssdm_op_PartSelect.i7.i8.i32.i32, i8 %i, i32 1, i32 7" [FDHDChannelMapSP.cxx:171->kernel.cpp:85]   --->   Operation 94 'partselect' 'tmp_s' <Predicate = (!icmp_ln169 & !empty_92)> <Delay = 0.00>
ST_1 : Operation 95 [1/1] (0.00ns)   --->   "%and_ln = bitconcatenate i11 @_ssdm_op_BitConcatenate.i11.i7.i4, i7 %tmp_s, i4 0" [FDHDChannelMapSP.cxx:171->kernel.cpp:85]   --->   Operation 95 'bitconcatenate' 'and_ln' <Predicate = (!icmp_ln169 & !empty_92)> <Delay = 0.00>
ST_1 : Operation 96 [1/1] (0.00ns)   --->   "%zext_ln171 = zext i11 %and_ln" [FDHDChannelMapSP.cxx:171->kernel.cpp:85]   --->   Operation 96 'zext' 'zext_ln171' <Predicate = (!icmp_ln169 & !empty_92)> <Delay = 0.00>
ST_1 : Operation 97 [1/1] (0.00ns)   --->   "%tmp_1 = partselect i2 @_ssdm_op_PartSelect.i2.i8.i32.i32, i8 %i, i32 1, i32 2" [FDHDChannelMapSP.cxx:171->kernel.cpp:85]   --->   Operation 97 'partselect' 'tmp_1' <Predicate = (!icmp_ln169 & !empty_92)> <Delay = 0.00>
ST_1 : Operation 98 [1/1] (1.36ns)   --->   "%add_ln171 = add i64 %zext_ln171, i64 %chanmap_fUprightFromCrate_read" [FDHDChannelMapSP.cxx:171->kernel.cpp:85]   --->   Operation 98 'add' 'add_ln171' <Predicate = (!icmp_ln169 & !empty_92)> <Delay = 1.36> <CoreInst = "Adder">   --->   Core 1 'Adder' <Latency = 0> <II = 1> <Delay = 1.36> <FuncUnit> <Opcode : 'add' 'sub'> <InPorts = 2> <OutPorts = 1>
ST_1 : Operation 99 [1/1] (0.00ns)   --->   "%trunc_ln171_5 = partselect i58 @_ssdm_op_PartSelect.i58.i64.i32.i32, i64 %add_ln171, i32 6, i32 63" [FDHDChannelMapSP.cxx:171->kernel.cpp:85]   --->   Operation 99 'partselect' 'trunc_ln171_5' <Predicate = (!icmp_ln169 & !empty_92)> <Delay = 0.00>
ST_1 : Operation 100 [1/1] (0.46ns)   --->   "%store_ln169 = store i8 %add_ln169, i8 %i_2" [FDHDChannelMapSP.cxx:169->kernel.cpp:85]   --->   Operation 100 'store' 'store_ln169' <Predicate = (!icmp_ln169)> <Delay = 0.46>

State 2 <SV = 1> <Delay = 7.30>
ST_2 : Operation 101 [1/1] (0.00ns)   --->   "%sext_ln171 = sext i58 %trunc_ln171_5" [FDHDChannelMapSP.cxx:171->kernel.cpp:85]   --->   Operation 101 'sext' 'sext_ln171' <Predicate = (!icmp_ln169 & !empty_92)> <Delay = 0.00>
ST_2 : Operation 102 [1/1] (0.00ns)   --->   "%gmem_addr = getelementptr i512 %gmem, i64 %sext_ln171" [FDHDChannelMapSP.cxx:171->kernel.cpp:85]   --->   Operation 102 'getelementptr' 'gmem_addr' <Predicate = (!icmp_ln169 & !empty_92)> <Delay = 0.00>
ST_2 : Operation 103 [71/71] (7.30ns)   --->   "%gmem_load_2_req = readreq i1 @_ssdm_op_ReadReq.m_axi.i512P1A, i512 %gmem_addr, i32 1" [FDHDChannelMapSP.cxx:171->kernel.cpp:85]   --->   Operation 103 'readreq' 'gmem_load_2_req' <Predicate = (!icmp_ln169 & !empty_92)> <Delay = 7.30> <CoreInst = "m_axi">   --->   Core 121 'm_axi' <Latency = 0> <II = 1> <Delay = 1.00> <Adapter> <Opcode : 'read' 'write' 'readreq' 'writereq' 'writeresp'>

State 3 <SV = 2> <Delay = 7.30>
ST_3 : Operation 104 [70/71] (7.30ns)   --->   "%gmem_load_2_req = readreq i1 @_ssdm_op_ReadReq.m_axi.i512P1A, i512 %gmem_addr, i32 1" [FDHDChannelMapSP.cxx:171->kernel.cpp:85]   --->   Operation 104 'readreq' 'gmem_load_2_req' <Predicate = (!icmp_ln169 & !empty_92)> <Delay = 7.30> <CoreInst = "m_axi">   --->   Core 121 'm_axi' <Latency = 0> <II = 1> <Delay = 1.00> <Adapter> <Opcode : 'read' 'write' 'readreq' 'writereq' 'writeresp'>

State 4 <SV = 3> <Delay = 7.30>
ST_4 : Operation 105 [69/71] (7.30ns)   --->   "%gmem_load_2_req = readreq i1 @_ssdm_op_ReadReq.m_axi.i512P1A, i512 %gmem_addr, i32 1" [FDHDChannelMapSP.cxx:171->kernel.cpp:85]   --->   Operation 105 'readreq' 'gmem_load_2_req' <Predicate = (!icmp_ln169 & !empty_92)> <Delay = 7.30> <CoreInst = "m_axi">   --->   Core 121 'm_axi' <Latency = 0> <II = 1> <Delay = 1.00> <Adapter> <Opcode : 'read' 'write' 'readreq' 'writereq' 'writeresp'>

State 5 <SV = 4> <Delay = 7.30>
ST_5 : Operation 106 [68/71] (7.30ns)   --->   "%gmem_load_2_req = readreq i1 @_ssdm_op_ReadReq.m_axi.i512P1A, i512 %gmem_addr, i32 1" [FDHDChannelMapSP.cxx:171->kernel.cpp:85]   --->   Operation 106 'readreq' 'gmem_load_2_req' <Predicate = (!icmp_ln169 & !empty_92)> <Delay = 7.30> <CoreInst = "m_axi">   --->   Core 121 'm_axi' <Latency = 0> <II = 1> <Delay = 1.00> <Adapter> <Opcode : 'read' 'write' 'readreq' 'writereq' 'writeresp'>

State 6 <SV = 5> <Delay = 7.30>
ST_6 : Operation 107 [67/71] (7.30ns)   --->   "%gmem_load_2_req = readreq i1 @_ssdm_op_ReadReq.m_axi.i512P1A, i512 %gmem_addr, i32 1" [FDHDChannelMapSP.cxx:171->kernel.cpp:85]   --->   Operation 107 'readreq' 'gmem_load_2_req' <Predicate = (!icmp_ln169 & !empty_92)> <Delay = 7.30> <CoreInst = "m_axi">   --->   Core 121 'm_axi' <Latency = 0> <II = 1> <Delay = 1.00> <Adapter> <Opcode : 'read' 'write' 'readreq' 'writereq' 'writeresp'>

State 7 <SV = 6> <Delay = 7.30>
ST_7 : Operation 108 [66/71] (7.30ns)   --->   "%gmem_load_2_req = readreq i1 @_ssdm_op_ReadReq.m_axi.i512P1A, i512 %gmem_addr, i32 1" [FDHDChannelMapSP.cxx:171->kernel.cpp:85]   --->   Operation 108 'readreq' 'gmem_load_2_req' <Predicate = (!icmp_ln169 & !empty_92)> <Delay = 7.30> <CoreInst = "m_axi">   --->   Core 121 'm_axi' <Latency = 0> <II = 1> <Delay = 1.00> <Adapter> <Opcode : 'read' 'write' 'readreq' 'writereq' 'writeresp'>

State 8 <SV = 7> <Delay = 7.30>
ST_8 : Operation 109 [65/71] (7.30ns)   --->   "%gmem_load_2_req = readreq i1 @_ssdm_op_ReadReq.m_axi.i512P1A, i512 %gmem_addr, i32 1" [FDHDChannelMapSP.cxx:171->kernel.cpp:85]   --->   Operation 109 'readreq' 'gmem_load_2_req' <Predicate = (!icmp_ln169 & !empty_92)> <Delay = 7.30> <CoreInst = "m_axi">   --->   Core 121 'm_axi' <Latency = 0> <II = 1> <Delay = 1.00> <Adapter> <Opcode : 'read' 'write' 'readreq' 'writereq' 'writeresp'>

State 9 <SV = 8> <Delay = 7.30>
ST_9 : Operation 110 [64/71] (7.30ns)   --->   "%gmem_load_2_req = readreq i1 @_ssdm_op_ReadReq.m_axi.i512P1A, i512 %gmem_addr, i32 1" [FDHDChannelMapSP.cxx:171->kernel.cpp:85]   --->   Operation 110 'readreq' 'gmem_load_2_req' <Predicate = (!icmp_ln169 & !empty_92)> <Delay = 7.30> <CoreInst = "m_axi">   --->   Core 121 'm_axi' <Latency = 0> <II = 1> <Delay = 1.00> <Adapter> <Opcode : 'read' 'write' 'readreq' 'writereq' 'writeresp'>

State 10 <SV = 9> <Delay = 7.30>
ST_10 : Operation 111 [63/71] (7.30ns)   --->   "%gmem_load_2_req = readreq i1 @_ssdm_op_ReadReq.m_axi.i512P1A, i512 %gmem_addr, i32 1" [FDHDChannelMapSP.cxx:171->kernel.cpp:85]   --->   Operation 111 'readreq' 'gmem_load_2_req' <Predicate = (!icmp_ln169 & !empty_92)> <Delay = 7.30> <CoreInst = "m_axi">   --->   Core 121 'm_axi' <Latency = 0> <II = 1> <Delay = 1.00> <Adapter> <Opcode : 'read' 'write' 'readreq' 'writereq' 'writeresp'>

State 11 <SV = 10> <Delay = 7.30>
ST_11 : Operation 112 [62/71] (7.30ns)   --->   "%gmem_load_2_req = readreq i1 @_ssdm_op_ReadReq.m_axi.i512P1A, i512 %gmem_addr, i32 1" [FDHDChannelMapSP.cxx:171->kernel.cpp:85]   --->   Operation 112 'readreq' 'gmem_load_2_req' <Predicate = (!icmp_ln169 & !empty_92)> <Delay = 7.30> <CoreInst = "m_axi">   --->   Core 121 'm_axi' <Latency = 0> <II = 1> <Delay = 1.00> <Adapter> <Opcode : 'read' 'write' 'readreq' 'writereq' 'writeresp'>

State 12 <SV = 11> <Delay = 7.30>
ST_12 : Operation 113 [61/71] (7.30ns)   --->   "%gmem_load_2_req = readreq i1 @_ssdm_op_ReadReq.m_axi.i512P1A, i512 %gmem_addr, i32 1" [FDHDChannelMapSP.cxx:171->kernel.cpp:85]   --->   Operation 113 'readreq' 'gmem_load_2_req' <Predicate = (!icmp_ln169 & !empty_92)> <Delay = 7.30> <CoreInst = "m_axi">   --->   Core 121 'm_axi' <Latency = 0> <II = 1> <Delay = 1.00> <Adapter> <Opcode : 'read' 'write' 'readreq' 'writereq' 'writeresp'>

State 13 <SV = 12> <Delay = 7.30>
ST_13 : Operation 114 [60/71] (7.30ns)   --->   "%gmem_load_2_req = readreq i1 @_ssdm_op_ReadReq.m_axi.i512P1A, i512 %gmem_addr, i32 1" [FDHDChannelMapSP.cxx:171->kernel.cpp:85]   --->   Operation 114 'readreq' 'gmem_load_2_req' <Predicate = (!icmp_ln169 & !empty_92)> <Delay = 7.30> <CoreInst = "m_axi">   --->   Core 121 'm_axi' <Latency = 0> <II = 1> <Delay = 1.00> <Adapter> <Opcode : 'read' 'write' 'readreq' 'writereq' 'writeresp'>

State 14 <SV = 13> <Delay = 7.30>
ST_14 : Operation 115 [59/71] (7.30ns)   --->   "%gmem_load_2_req = readreq i1 @_ssdm_op_ReadReq.m_axi.i512P1A, i512 %gmem_addr, i32 1" [FDHDChannelMapSP.cxx:171->kernel.cpp:85]   --->   Operation 115 'readreq' 'gmem_load_2_req' <Predicate = (!icmp_ln169 & !empty_92)> <Delay = 7.30> <CoreInst = "m_axi">   --->   Core 121 'm_axi' <Latency = 0> <II = 1> <Delay = 1.00> <Adapter> <Opcode : 'read' 'write' 'readreq' 'writereq' 'writeresp'>

State 15 <SV = 14> <Delay = 7.30>
ST_15 : Operation 116 [58/71] (7.30ns)   --->   "%gmem_load_2_req = readreq i1 @_ssdm_op_ReadReq.m_axi.i512P1A, i512 %gmem_addr, i32 1" [FDHDChannelMapSP.cxx:171->kernel.cpp:85]   --->   Operation 116 'readreq' 'gmem_load_2_req' <Predicate = (!icmp_ln169 & !empty_92)> <Delay = 7.30> <CoreInst = "m_axi">   --->   Core 121 'm_axi' <Latency = 0> <II = 1> <Delay = 1.00> <Adapter> <Opcode : 'read' 'write' 'readreq' 'writereq' 'writeresp'>

State 16 <SV = 15> <Delay = 7.30>
ST_16 : Operation 117 [57/71] (7.30ns)   --->   "%gmem_load_2_req = readreq i1 @_ssdm_op_ReadReq.m_axi.i512P1A, i512 %gmem_addr, i32 1" [FDHDChannelMapSP.cxx:171->kernel.cpp:85]   --->   Operation 117 'readreq' 'gmem_load_2_req' <Predicate = (!icmp_ln169 & !empty_92)> <Delay = 7.30> <CoreInst = "m_axi">   --->   Core 121 'm_axi' <Latency = 0> <II = 1> <Delay = 1.00> <Adapter> <Opcode : 'read' 'write' 'readreq' 'writereq' 'writeresp'>

State 17 <SV = 16> <Delay = 7.30>
ST_17 : Operation 118 [56/71] (7.30ns)   --->   "%gmem_load_2_req = readreq i1 @_ssdm_op_ReadReq.m_axi.i512P1A, i512 %gmem_addr, i32 1" [FDHDChannelMapSP.cxx:171->kernel.cpp:85]   --->   Operation 118 'readreq' 'gmem_load_2_req' <Predicate = (!icmp_ln169 & !empty_92)> <Delay = 7.30> <CoreInst = "m_axi">   --->   Core 121 'm_axi' <Latency = 0> <II = 1> <Delay = 1.00> <Adapter> <Opcode : 'read' 'write' 'readreq' 'writereq' 'writeresp'>

State 18 <SV = 17> <Delay = 7.30>
ST_18 : Operation 119 [55/71] (7.30ns)   --->   "%gmem_load_2_req = readreq i1 @_ssdm_op_ReadReq.m_axi.i512P1A, i512 %gmem_addr, i32 1" [FDHDChannelMapSP.cxx:171->kernel.cpp:85]   --->   Operation 119 'readreq' 'gmem_load_2_req' <Predicate = (!icmp_ln169 & !empty_92)> <Delay = 7.30> <CoreInst = "m_axi">   --->   Core 121 'm_axi' <Latency = 0> <II = 1> <Delay = 1.00> <Adapter> <Opcode : 'read' 'write' 'readreq' 'writereq' 'writeresp'>

State 19 <SV = 18> <Delay = 7.30>
ST_19 : Operation 120 [54/71] (7.30ns)   --->   "%gmem_load_2_req = readreq i1 @_ssdm_op_ReadReq.m_axi.i512P1A, i512 %gmem_addr, i32 1" [FDHDChannelMapSP.cxx:171->kernel.cpp:85]   --->   Operation 120 'readreq' 'gmem_load_2_req' <Predicate = (!icmp_ln169 & !empty_92)> <Delay = 7.30> <CoreInst = "m_axi">   --->   Core 121 'm_axi' <Latency = 0> <II = 1> <Delay = 1.00> <Adapter> <Opcode : 'read' 'write' 'readreq' 'writereq' 'writeresp'>

State 20 <SV = 19> <Delay = 7.30>
ST_20 : Operation 121 [53/71] (7.30ns)   --->   "%gmem_load_2_req = readreq i1 @_ssdm_op_ReadReq.m_axi.i512P1A, i512 %gmem_addr, i32 1" [FDHDChannelMapSP.cxx:171->kernel.cpp:85]   --->   Operation 121 'readreq' 'gmem_load_2_req' <Predicate = (!icmp_ln169 & !empty_92)> <Delay = 7.30> <CoreInst = "m_axi">   --->   Core 121 'm_axi' <Latency = 0> <II = 1> <Delay = 1.00> <Adapter> <Opcode : 'read' 'write' 'readreq' 'writereq' 'writeresp'>

State 21 <SV = 20> <Delay = 7.30>
ST_21 : Operation 122 [52/71] (7.30ns)   --->   "%gmem_load_2_req = readreq i1 @_ssdm_op_ReadReq.m_axi.i512P1A, i512 %gmem_addr, i32 1" [FDHDChannelMapSP.cxx:171->kernel.cpp:85]   --->   Operation 122 'readreq' 'gmem_load_2_req' <Predicate = (!icmp_ln169 & !empty_92)> <Delay = 7.30> <CoreInst = "m_axi">   --->   Core 121 'm_axi' <Latency = 0> <II = 1> <Delay = 1.00> <Adapter> <Opcode : 'read' 'write' 'readreq' 'writereq' 'writeresp'>

State 22 <SV = 21> <Delay = 7.30>
ST_22 : Operation 123 [51/71] (7.30ns)   --->   "%gmem_load_2_req = readreq i1 @_ssdm_op_ReadReq.m_axi.i512P1A, i512 %gmem_addr, i32 1" [FDHDChannelMapSP.cxx:171->kernel.cpp:85]   --->   Operation 123 'readreq' 'gmem_load_2_req' <Predicate = (!icmp_ln169 & !empty_92)> <Delay = 7.30> <CoreInst = "m_axi">   --->   Core 121 'm_axi' <Latency = 0> <II = 1> <Delay = 1.00> <Adapter> <Opcode : 'read' 'write' 'readreq' 'writereq' 'writeresp'>

State 23 <SV = 22> <Delay = 7.30>
ST_23 : Operation 124 [50/71] (7.30ns)   --->   "%gmem_load_2_req = readreq i1 @_ssdm_op_ReadReq.m_axi.i512P1A, i512 %gmem_addr, i32 1" [FDHDChannelMapSP.cxx:171->kernel.cpp:85]   --->   Operation 124 'readreq' 'gmem_load_2_req' <Predicate = (!icmp_ln169 & !empty_92)> <Delay = 7.30> <CoreInst = "m_axi">   --->   Core 121 'm_axi' <Latency = 0> <II = 1> <Delay = 1.00> <Adapter> <Opcode : 'read' 'write' 'readreq' 'writereq' 'writeresp'>

State 24 <SV = 23> <Delay = 7.30>
ST_24 : Operation 125 [49/71] (7.30ns)   --->   "%gmem_load_2_req = readreq i1 @_ssdm_op_ReadReq.m_axi.i512P1A, i512 %gmem_addr, i32 1" [FDHDChannelMapSP.cxx:171->kernel.cpp:85]   --->   Operation 125 'readreq' 'gmem_load_2_req' <Predicate = (!icmp_ln169 & !empty_92)> <Delay = 7.30> <CoreInst = "m_axi">   --->   Core 121 'm_axi' <Latency = 0> <II = 1> <Delay = 1.00> <Adapter> <Opcode : 'read' 'write' 'readreq' 'writereq' 'writeresp'>

State 25 <SV = 24> <Delay = 7.30>
ST_25 : Operation 126 [48/71] (7.30ns)   --->   "%gmem_load_2_req = readreq i1 @_ssdm_op_ReadReq.m_axi.i512P1A, i512 %gmem_addr, i32 1" [FDHDChannelMapSP.cxx:171->kernel.cpp:85]   --->   Operation 126 'readreq' 'gmem_load_2_req' <Predicate = (!icmp_ln169 & !empty_92)> <Delay = 7.30> <CoreInst = "m_axi">   --->   Core 121 'm_axi' <Latency = 0> <II = 1> <Delay = 1.00> <Adapter> <Opcode : 'read' 'write' 'readreq' 'writereq' 'writeresp'>

State 26 <SV = 25> <Delay = 7.30>
ST_26 : Operation 127 [47/71] (7.30ns)   --->   "%gmem_load_2_req = readreq i1 @_ssdm_op_ReadReq.m_axi.i512P1A, i512 %gmem_addr, i32 1" [FDHDChannelMapSP.cxx:171->kernel.cpp:85]   --->   Operation 127 'readreq' 'gmem_load_2_req' <Predicate = (!icmp_ln169 & !empty_92)> <Delay = 7.30> <CoreInst = "m_axi">   --->   Core 121 'm_axi' <Latency = 0> <II = 1> <Delay = 1.00> <Adapter> <Opcode : 'read' 'write' 'readreq' 'writereq' 'writeresp'>

State 27 <SV = 26> <Delay = 7.30>
ST_27 : Operation 128 [46/71] (7.30ns)   --->   "%gmem_load_2_req = readreq i1 @_ssdm_op_ReadReq.m_axi.i512P1A, i512 %gmem_addr, i32 1" [FDHDChannelMapSP.cxx:171->kernel.cpp:85]   --->   Operation 128 'readreq' 'gmem_load_2_req' <Predicate = (!icmp_ln169 & !empty_92)> <Delay = 7.30> <CoreInst = "m_axi">   --->   Core 121 'm_axi' <Latency = 0> <II = 1> <Delay = 1.00> <Adapter> <Opcode : 'read' 'write' 'readreq' 'writereq' 'writeresp'>

State 28 <SV = 27> <Delay = 7.30>
ST_28 : Operation 129 [45/71] (7.30ns)   --->   "%gmem_load_2_req = readreq i1 @_ssdm_op_ReadReq.m_axi.i512P1A, i512 %gmem_addr, i32 1" [FDHDChannelMapSP.cxx:171->kernel.cpp:85]   --->   Operation 129 'readreq' 'gmem_load_2_req' <Predicate = (!icmp_ln169 & !empty_92)> <Delay = 7.30> <CoreInst = "m_axi">   --->   Core 121 'm_axi' <Latency = 0> <II = 1> <Delay = 1.00> <Adapter> <Opcode : 'read' 'write' 'readreq' 'writereq' 'writeresp'>

State 29 <SV = 28> <Delay = 7.30>
ST_29 : Operation 130 [44/71] (7.30ns)   --->   "%gmem_load_2_req = readreq i1 @_ssdm_op_ReadReq.m_axi.i512P1A, i512 %gmem_addr, i32 1" [FDHDChannelMapSP.cxx:171->kernel.cpp:85]   --->   Operation 130 'readreq' 'gmem_load_2_req' <Predicate = (!icmp_ln169 & !empty_92)> <Delay = 7.30> <CoreInst = "m_axi">   --->   Core 121 'm_axi' <Latency = 0> <II = 1> <Delay = 1.00> <Adapter> <Opcode : 'read' 'write' 'readreq' 'writereq' 'writeresp'>

State 30 <SV = 29> <Delay = 7.30>
ST_30 : Operation 131 [43/71] (7.30ns)   --->   "%gmem_load_2_req = readreq i1 @_ssdm_op_ReadReq.m_axi.i512P1A, i512 %gmem_addr, i32 1" [FDHDChannelMapSP.cxx:171->kernel.cpp:85]   --->   Operation 131 'readreq' 'gmem_load_2_req' <Predicate = (!icmp_ln169 & !empty_92)> <Delay = 7.30> <CoreInst = "m_axi">   --->   Core 121 'm_axi' <Latency = 0> <II = 1> <Delay = 1.00> <Adapter> <Opcode : 'read' 'write' 'readreq' 'writereq' 'writeresp'>

State 31 <SV = 30> <Delay = 7.30>
ST_31 : Operation 132 [42/71] (7.30ns)   --->   "%gmem_load_2_req = readreq i1 @_ssdm_op_ReadReq.m_axi.i512P1A, i512 %gmem_addr, i32 1" [FDHDChannelMapSP.cxx:171->kernel.cpp:85]   --->   Operation 132 'readreq' 'gmem_load_2_req' <Predicate = (!icmp_ln169 & !empty_92)> <Delay = 7.30> <CoreInst = "m_axi">   --->   Core 121 'm_axi' <Latency = 0> <II = 1> <Delay = 1.00> <Adapter> <Opcode : 'read' 'write' 'readreq' 'writereq' 'writeresp'>

State 32 <SV = 31> <Delay = 7.30>
ST_32 : Operation 133 [41/71] (7.30ns)   --->   "%gmem_load_2_req = readreq i1 @_ssdm_op_ReadReq.m_axi.i512P1A, i512 %gmem_addr, i32 1" [FDHDChannelMapSP.cxx:171->kernel.cpp:85]   --->   Operation 133 'readreq' 'gmem_load_2_req' <Predicate = (!icmp_ln169 & !empty_92)> <Delay = 7.30> <CoreInst = "m_axi">   --->   Core 121 'm_axi' <Latency = 0> <II = 1> <Delay = 1.00> <Adapter> <Opcode : 'read' 'write' 'readreq' 'writereq' 'writeresp'>

State 33 <SV = 32> <Delay = 7.30>
ST_33 : Operation 134 [40/71] (7.30ns)   --->   "%gmem_load_2_req = readreq i1 @_ssdm_op_ReadReq.m_axi.i512P1A, i512 %gmem_addr, i32 1" [FDHDChannelMapSP.cxx:171->kernel.cpp:85]   --->   Operation 134 'readreq' 'gmem_load_2_req' <Predicate = (!icmp_ln169 & !empty_92)> <Delay = 7.30> <CoreInst = "m_axi">   --->   Core 121 'm_axi' <Latency = 0> <II = 1> <Delay = 1.00> <Adapter> <Opcode : 'read' 'write' 'readreq' 'writereq' 'writeresp'>

State 34 <SV = 33> <Delay = 7.30>
ST_34 : Operation 135 [39/71] (7.30ns)   --->   "%gmem_load_2_req = readreq i1 @_ssdm_op_ReadReq.m_axi.i512P1A, i512 %gmem_addr, i32 1" [FDHDChannelMapSP.cxx:171->kernel.cpp:85]   --->   Operation 135 'readreq' 'gmem_load_2_req' <Predicate = (!icmp_ln169 & !empty_92)> <Delay = 7.30> <CoreInst = "m_axi">   --->   Core 121 'm_axi' <Latency = 0> <II = 1> <Delay = 1.00> <Adapter> <Opcode : 'read' 'write' 'readreq' 'writereq' 'writeresp'>

State 35 <SV = 34> <Delay = 7.30>
ST_35 : Operation 136 [38/71] (7.30ns)   --->   "%gmem_load_2_req = readreq i1 @_ssdm_op_ReadReq.m_axi.i512P1A, i512 %gmem_addr, i32 1" [FDHDChannelMapSP.cxx:171->kernel.cpp:85]   --->   Operation 136 'readreq' 'gmem_load_2_req' <Predicate = (!icmp_ln169 & !empty_92)> <Delay = 7.30> <CoreInst = "m_axi">   --->   Core 121 'm_axi' <Latency = 0> <II = 1> <Delay = 1.00> <Adapter> <Opcode : 'read' 'write' 'readreq' 'writereq' 'writeresp'>

State 36 <SV = 35> <Delay = 7.30>
ST_36 : Operation 137 [37/71] (7.30ns)   --->   "%gmem_load_2_req = readreq i1 @_ssdm_op_ReadReq.m_axi.i512P1A, i512 %gmem_addr, i32 1" [FDHDChannelMapSP.cxx:171->kernel.cpp:85]   --->   Operation 137 'readreq' 'gmem_load_2_req' <Predicate = (!icmp_ln169 & !empty_92)> <Delay = 7.30> <CoreInst = "m_axi">   --->   Core 121 'm_axi' <Latency = 0> <II = 1> <Delay = 1.00> <Adapter> <Opcode : 'read' 'write' 'readreq' 'writereq' 'writeresp'>

State 37 <SV = 36> <Delay = 7.30>
ST_37 : Operation 138 [36/71] (7.30ns)   --->   "%gmem_load_2_req = readreq i1 @_ssdm_op_ReadReq.m_axi.i512P1A, i512 %gmem_addr, i32 1" [FDHDChannelMapSP.cxx:171->kernel.cpp:85]   --->   Operation 138 'readreq' 'gmem_load_2_req' <Predicate = (!icmp_ln169 & !empty_92)> <Delay = 7.30> <CoreInst = "m_axi">   --->   Core 121 'm_axi' <Latency = 0> <II = 1> <Delay = 1.00> <Adapter> <Opcode : 'read' 'write' 'readreq' 'writereq' 'writeresp'>

State 38 <SV = 37> <Delay = 7.30>
ST_38 : Operation 139 [35/71] (7.30ns)   --->   "%gmem_load_2_req = readreq i1 @_ssdm_op_ReadReq.m_axi.i512P1A, i512 %gmem_addr, i32 1" [FDHDChannelMapSP.cxx:171->kernel.cpp:85]   --->   Operation 139 'readreq' 'gmem_load_2_req' <Predicate = (!icmp_ln169 & !empty_92)> <Delay = 7.30> <CoreInst = "m_axi">   --->   Core 121 'm_axi' <Latency = 0> <II = 1> <Delay = 1.00> <Adapter> <Opcode : 'read' 'write' 'readreq' 'writereq' 'writeresp'>

State 39 <SV = 38> <Delay = 7.30>
ST_39 : Operation 140 [34/71] (7.30ns)   --->   "%gmem_load_2_req = readreq i1 @_ssdm_op_ReadReq.m_axi.i512P1A, i512 %gmem_addr, i32 1" [FDHDChannelMapSP.cxx:171->kernel.cpp:85]   --->   Operation 140 'readreq' 'gmem_load_2_req' <Predicate = (!icmp_ln169 & !empty_92)> <Delay = 7.30> <CoreInst = "m_axi">   --->   Core 121 'm_axi' <Latency = 0> <II = 1> <Delay = 1.00> <Adapter> <Opcode : 'read' 'write' 'readreq' 'writereq' 'writeresp'>

State 40 <SV = 39> <Delay = 7.30>
ST_40 : Operation 141 [33/71] (7.30ns)   --->   "%gmem_load_2_req = readreq i1 @_ssdm_op_ReadReq.m_axi.i512P1A, i512 %gmem_addr, i32 1" [FDHDChannelMapSP.cxx:171->kernel.cpp:85]   --->   Operation 141 'readreq' 'gmem_load_2_req' <Predicate = (!icmp_ln169 & !empty_92)> <Delay = 7.30> <CoreInst = "m_axi">   --->   Core 121 'm_axi' <Latency = 0> <II = 1> <Delay = 1.00> <Adapter> <Opcode : 'read' 'write' 'readreq' 'writereq' 'writeresp'>

State 41 <SV = 40> <Delay = 7.30>
ST_41 : Operation 142 [32/71] (7.30ns)   --->   "%gmem_load_2_req = readreq i1 @_ssdm_op_ReadReq.m_axi.i512P1A, i512 %gmem_addr, i32 1" [FDHDChannelMapSP.cxx:171->kernel.cpp:85]   --->   Operation 142 'readreq' 'gmem_load_2_req' <Predicate = (!icmp_ln169 & !empty_92)> <Delay = 7.30> <CoreInst = "m_axi">   --->   Core 121 'm_axi' <Latency = 0> <II = 1> <Delay = 1.00> <Adapter> <Opcode : 'read' 'write' 'readreq' 'writereq' 'writeresp'>

State 42 <SV = 41> <Delay = 7.30>
ST_42 : Operation 143 [31/71] (7.30ns)   --->   "%gmem_load_2_req = readreq i1 @_ssdm_op_ReadReq.m_axi.i512P1A, i512 %gmem_addr, i32 1" [FDHDChannelMapSP.cxx:171->kernel.cpp:85]   --->   Operation 143 'readreq' 'gmem_load_2_req' <Predicate = (!icmp_ln169 & !empty_92)> <Delay = 7.30> <CoreInst = "m_axi">   --->   Core 121 'm_axi' <Latency = 0> <II = 1> <Delay = 1.00> <Adapter> <Opcode : 'read' 'write' 'readreq' 'writereq' 'writeresp'>

State 43 <SV = 42> <Delay = 7.30>
ST_43 : Operation 144 [30/71] (7.30ns)   --->   "%gmem_load_2_req = readreq i1 @_ssdm_op_ReadReq.m_axi.i512P1A, i512 %gmem_addr, i32 1" [FDHDChannelMapSP.cxx:171->kernel.cpp:85]   --->   Operation 144 'readreq' 'gmem_load_2_req' <Predicate = (!icmp_ln169 & !empty_92)> <Delay = 7.30> <CoreInst = "m_axi">   --->   Core 121 'm_axi' <Latency = 0> <II = 1> <Delay = 1.00> <Adapter> <Opcode : 'read' 'write' 'readreq' 'writereq' 'writeresp'>

State 44 <SV = 43> <Delay = 7.30>
ST_44 : Operation 145 [29/71] (7.30ns)   --->   "%gmem_load_2_req = readreq i1 @_ssdm_op_ReadReq.m_axi.i512P1A, i512 %gmem_addr, i32 1" [FDHDChannelMapSP.cxx:171->kernel.cpp:85]   --->   Operation 145 'readreq' 'gmem_load_2_req' <Predicate = (!icmp_ln169 & !empty_92)> <Delay = 7.30> <CoreInst = "m_axi">   --->   Core 121 'm_axi' <Latency = 0> <II = 1> <Delay = 1.00> <Adapter> <Opcode : 'read' 'write' 'readreq' 'writereq' 'writeresp'>

State 45 <SV = 44> <Delay = 7.30>
ST_45 : Operation 146 [28/71] (7.30ns)   --->   "%gmem_load_2_req = readreq i1 @_ssdm_op_ReadReq.m_axi.i512P1A, i512 %gmem_addr, i32 1" [FDHDChannelMapSP.cxx:171->kernel.cpp:85]   --->   Operation 146 'readreq' 'gmem_load_2_req' <Predicate = (!icmp_ln169 & !empty_92)> <Delay = 7.30> <CoreInst = "m_axi">   --->   Core 121 'm_axi' <Latency = 0> <II = 1> <Delay = 1.00> <Adapter> <Opcode : 'read' 'write' 'readreq' 'writereq' 'writeresp'>

State 46 <SV = 45> <Delay = 7.30>
ST_46 : Operation 147 [27/71] (7.30ns)   --->   "%gmem_load_2_req = readreq i1 @_ssdm_op_ReadReq.m_axi.i512P1A, i512 %gmem_addr, i32 1" [FDHDChannelMapSP.cxx:171->kernel.cpp:85]   --->   Operation 147 'readreq' 'gmem_load_2_req' <Predicate = (!icmp_ln169 & !empty_92)> <Delay = 7.30> <CoreInst = "m_axi">   --->   Core 121 'm_axi' <Latency = 0> <II = 1> <Delay = 1.00> <Adapter> <Opcode : 'read' 'write' 'readreq' 'writereq' 'writeresp'>

State 47 <SV = 46> <Delay = 7.30>
ST_47 : Operation 148 [26/71] (7.30ns)   --->   "%gmem_load_2_req = readreq i1 @_ssdm_op_ReadReq.m_axi.i512P1A, i512 %gmem_addr, i32 1" [FDHDChannelMapSP.cxx:171->kernel.cpp:85]   --->   Operation 148 'readreq' 'gmem_load_2_req' <Predicate = (!icmp_ln169 & !empty_92)> <Delay = 7.30> <CoreInst = "m_axi">   --->   Core 121 'm_axi' <Latency = 0> <II = 1> <Delay = 1.00> <Adapter> <Opcode : 'read' 'write' 'readreq' 'writereq' 'writeresp'>

State 48 <SV = 47> <Delay = 7.30>
ST_48 : Operation 149 [25/71] (7.30ns)   --->   "%gmem_load_2_req = readreq i1 @_ssdm_op_ReadReq.m_axi.i512P1A, i512 %gmem_addr, i32 1" [FDHDChannelMapSP.cxx:171->kernel.cpp:85]   --->   Operation 149 'readreq' 'gmem_load_2_req' <Predicate = (!icmp_ln169 & !empty_92)> <Delay = 7.30> <CoreInst = "m_axi">   --->   Core 121 'm_axi' <Latency = 0> <II = 1> <Delay = 1.00> <Adapter> <Opcode : 'read' 'write' 'readreq' 'writereq' 'writeresp'>

State 49 <SV = 48> <Delay = 7.30>
ST_49 : Operation 150 [24/71] (7.30ns)   --->   "%gmem_load_2_req = readreq i1 @_ssdm_op_ReadReq.m_axi.i512P1A, i512 %gmem_addr, i32 1" [FDHDChannelMapSP.cxx:171->kernel.cpp:85]   --->   Operation 150 'readreq' 'gmem_load_2_req' <Predicate = (!icmp_ln169 & !empty_92)> <Delay = 7.30> <CoreInst = "m_axi">   --->   Core 121 'm_axi' <Latency = 0> <II = 1> <Delay = 1.00> <Adapter> <Opcode : 'read' 'write' 'readreq' 'writereq' 'writeresp'>

State 50 <SV = 49> <Delay = 7.30>
ST_50 : Operation 151 [23/71] (7.30ns)   --->   "%gmem_load_2_req = readreq i1 @_ssdm_op_ReadReq.m_axi.i512P1A, i512 %gmem_addr, i32 1" [FDHDChannelMapSP.cxx:171->kernel.cpp:85]   --->   Operation 151 'readreq' 'gmem_load_2_req' <Predicate = (!icmp_ln169 & !empty_92)> <Delay = 7.30> <CoreInst = "m_axi">   --->   Core 121 'm_axi' <Latency = 0> <II = 1> <Delay = 1.00> <Adapter> <Opcode : 'read' 'write' 'readreq' 'writereq' 'writeresp'>

State 51 <SV = 50> <Delay = 7.30>
ST_51 : Operation 152 [22/71] (7.30ns)   --->   "%gmem_load_2_req = readreq i1 @_ssdm_op_ReadReq.m_axi.i512P1A, i512 %gmem_addr, i32 1" [FDHDChannelMapSP.cxx:171->kernel.cpp:85]   --->   Operation 152 'readreq' 'gmem_load_2_req' <Predicate = (!icmp_ln169 & !empty_92)> <Delay = 7.30> <CoreInst = "m_axi">   --->   Core 121 'm_axi' <Latency = 0> <II = 1> <Delay = 1.00> <Adapter> <Opcode : 'read' 'write' 'readreq' 'writereq' 'writeresp'>

State 52 <SV = 51> <Delay = 7.30>
ST_52 : Operation 153 [21/71] (7.30ns)   --->   "%gmem_load_2_req = readreq i1 @_ssdm_op_ReadReq.m_axi.i512P1A, i512 %gmem_addr, i32 1" [FDHDChannelMapSP.cxx:171->kernel.cpp:85]   --->   Operation 153 'readreq' 'gmem_load_2_req' <Predicate = (!icmp_ln169 & !empty_92)> <Delay = 7.30> <CoreInst = "m_axi">   --->   Core 121 'm_axi' <Latency = 0> <II = 1> <Delay = 1.00> <Adapter> <Opcode : 'read' 'write' 'readreq' 'writereq' 'writeresp'>

State 53 <SV = 52> <Delay = 7.30>
ST_53 : Operation 154 [20/71] (7.30ns)   --->   "%gmem_load_2_req = readreq i1 @_ssdm_op_ReadReq.m_axi.i512P1A, i512 %gmem_addr, i32 1" [FDHDChannelMapSP.cxx:171->kernel.cpp:85]   --->   Operation 154 'readreq' 'gmem_load_2_req' <Predicate = (!icmp_ln169 & !empty_92)> <Delay = 7.30> <CoreInst = "m_axi">   --->   Core 121 'm_axi' <Latency = 0> <II = 1> <Delay = 1.00> <Adapter> <Opcode : 'read' 'write' 'readreq' 'writereq' 'writeresp'>

State 54 <SV = 53> <Delay = 7.30>
ST_54 : Operation 155 [19/71] (7.30ns)   --->   "%gmem_load_2_req = readreq i1 @_ssdm_op_ReadReq.m_axi.i512P1A, i512 %gmem_addr, i32 1" [FDHDChannelMapSP.cxx:171->kernel.cpp:85]   --->   Operation 155 'readreq' 'gmem_load_2_req' <Predicate = (!icmp_ln169 & !empty_92)> <Delay = 7.30> <CoreInst = "m_axi">   --->   Core 121 'm_axi' <Latency = 0> <II = 1> <Delay = 1.00> <Adapter> <Opcode : 'read' 'write' 'readreq' 'writereq' 'writeresp'>

State 55 <SV = 54> <Delay = 7.30>
ST_55 : Operation 156 [18/71] (7.30ns)   --->   "%gmem_load_2_req = readreq i1 @_ssdm_op_ReadReq.m_axi.i512P1A, i512 %gmem_addr, i32 1" [FDHDChannelMapSP.cxx:171->kernel.cpp:85]   --->   Operation 156 'readreq' 'gmem_load_2_req' <Predicate = (!icmp_ln169 & !empty_92)> <Delay = 7.30> <CoreInst = "m_axi">   --->   Core 121 'm_axi' <Latency = 0> <II = 1> <Delay = 1.00> <Adapter> <Opcode : 'read' 'write' 'readreq' 'writereq' 'writeresp'>

State 56 <SV = 55> <Delay = 7.30>
ST_56 : Operation 157 [17/71] (7.30ns)   --->   "%gmem_load_2_req = readreq i1 @_ssdm_op_ReadReq.m_axi.i512P1A, i512 %gmem_addr, i32 1" [FDHDChannelMapSP.cxx:171->kernel.cpp:85]   --->   Operation 157 'readreq' 'gmem_load_2_req' <Predicate = (!icmp_ln169 & !empty_92)> <Delay = 7.30> <CoreInst = "m_axi">   --->   Core 121 'm_axi' <Latency = 0> <II = 1> <Delay = 1.00> <Adapter> <Opcode : 'read' 'write' 'readreq' 'writereq' 'writeresp'>

State 57 <SV = 56> <Delay = 7.30>
ST_57 : Operation 158 [16/71] (7.30ns)   --->   "%gmem_load_2_req = readreq i1 @_ssdm_op_ReadReq.m_axi.i512P1A, i512 %gmem_addr, i32 1" [FDHDChannelMapSP.cxx:171->kernel.cpp:85]   --->   Operation 158 'readreq' 'gmem_load_2_req' <Predicate = (!icmp_ln169 & !empty_92)> <Delay = 7.30> <CoreInst = "m_axi">   --->   Core 121 'm_axi' <Latency = 0> <II = 1> <Delay = 1.00> <Adapter> <Opcode : 'read' 'write' 'readreq' 'writereq' 'writeresp'>

State 58 <SV = 57> <Delay = 7.30>
ST_58 : Operation 159 [15/71] (7.30ns)   --->   "%gmem_load_2_req = readreq i1 @_ssdm_op_ReadReq.m_axi.i512P1A, i512 %gmem_addr, i32 1" [FDHDChannelMapSP.cxx:171->kernel.cpp:85]   --->   Operation 159 'readreq' 'gmem_load_2_req' <Predicate = (!icmp_ln169 & !empty_92)> <Delay = 7.30> <CoreInst = "m_axi">   --->   Core 121 'm_axi' <Latency = 0> <II = 1> <Delay = 1.00> <Adapter> <Opcode : 'read' 'write' 'readreq' 'writereq' 'writeresp'>

State 59 <SV = 58> <Delay = 7.30>
ST_59 : Operation 160 [14/71] (7.30ns)   --->   "%gmem_load_2_req = readreq i1 @_ssdm_op_ReadReq.m_axi.i512P1A, i512 %gmem_addr, i32 1" [FDHDChannelMapSP.cxx:171->kernel.cpp:85]   --->   Operation 160 'readreq' 'gmem_load_2_req' <Predicate = (!icmp_ln169 & !empty_92)> <Delay = 7.30> <CoreInst = "m_axi">   --->   Core 121 'm_axi' <Latency = 0> <II = 1> <Delay = 1.00> <Adapter> <Opcode : 'read' 'write' 'readreq' 'writereq' 'writeresp'>

State 60 <SV = 59> <Delay = 7.30>
ST_60 : Operation 161 [13/71] (7.30ns)   --->   "%gmem_load_2_req = readreq i1 @_ssdm_op_ReadReq.m_axi.i512P1A, i512 %gmem_addr, i32 1" [FDHDChannelMapSP.cxx:171->kernel.cpp:85]   --->   Operation 161 'readreq' 'gmem_load_2_req' <Predicate = (!icmp_ln169 & !empty_92)> <Delay = 7.30> <CoreInst = "m_axi">   --->   Core 121 'm_axi' <Latency = 0> <II = 1> <Delay = 1.00> <Adapter> <Opcode : 'read' 'write' 'readreq' 'writereq' 'writeresp'>

State 61 <SV = 60> <Delay = 7.30>
ST_61 : Operation 162 [12/71] (7.30ns)   --->   "%gmem_load_2_req = readreq i1 @_ssdm_op_ReadReq.m_axi.i512P1A, i512 %gmem_addr, i32 1" [FDHDChannelMapSP.cxx:171->kernel.cpp:85]   --->   Operation 162 'readreq' 'gmem_load_2_req' <Predicate = (!icmp_ln169 & !empty_92)> <Delay = 7.30> <CoreInst = "m_axi">   --->   Core 121 'm_axi' <Latency = 0> <II = 1> <Delay = 1.00> <Adapter> <Opcode : 'read' 'write' 'readreq' 'writereq' 'writeresp'>

State 62 <SV = 61> <Delay = 7.30>
ST_62 : Operation 163 [11/71] (7.30ns)   --->   "%gmem_load_2_req = readreq i1 @_ssdm_op_ReadReq.m_axi.i512P1A, i512 %gmem_addr, i32 1" [FDHDChannelMapSP.cxx:171->kernel.cpp:85]   --->   Operation 163 'readreq' 'gmem_load_2_req' <Predicate = (!icmp_ln169 & !empty_92)> <Delay = 7.30> <CoreInst = "m_axi">   --->   Core 121 'm_axi' <Latency = 0> <II = 1> <Delay = 1.00> <Adapter> <Opcode : 'read' 'write' 'readreq' 'writereq' 'writeresp'>

State 63 <SV = 62> <Delay = 7.30>
ST_63 : Operation 164 [10/71] (7.30ns)   --->   "%gmem_load_2_req = readreq i1 @_ssdm_op_ReadReq.m_axi.i512P1A, i512 %gmem_addr, i32 1" [FDHDChannelMapSP.cxx:171->kernel.cpp:85]   --->   Operation 164 'readreq' 'gmem_load_2_req' <Predicate = (!icmp_ln169 & !empty_92)> <Delay = 7.30> <CoreInst = "m_axi">   --->   Core 121 'm_axi' <Latency = 0> <II = 1> <Delay = 1.00> <Adapter> <Opcode : 'read' 'write' 'readreq' 'writereq' 'writeresp'>

State 64 <SV = 63> <Delay = 7.30>
ST_64 : Operation 165 [9/71] (7.30ns)   --->   "%gmem_load_2_req = readreq i1 @_ssdm_op_ReadReq.m_axi.i512P1A, i512 %gmem_addr, i32 1" [FDHDChannelMapSP.cxx:171->kernel.cpp:85]   --->   Operation 165 'readreq' 'gmem_load_2_req' <Predicate = (!icmp_ln169 & !empty_92)> <Delay = 7.30> <CoreInst = "m_axi">   --->   Core 121 'm_axi' <Latency = 0> <II = 1> <Delay = 1.00> <Adapter> <Opcode : 'read' 'write' 'readreq' 'writereq' 'writeresp'>

State 65 <SV = 64> <Delay = 7.30>
ST_65 : Operation 166 [8/71] (7.30ns)   --->   "%gmem_load_2_req = readreq i1 @_ssdm_op_ReadReq.m_axi.i512P1A, i512 %gmem_addr, i32 1" [FDHDChannelMapSP.cxx:171->kernel.cpp:85]   --->   Operation 166 'readreq' 'gmem_load_2_req' <Predicate = (!icmp_ln169 & !empty_92)> <Delay = 7.30> <CoreInst = "m_axi">   --->   Core 121 'm_axi' <Latency = 0> <II = 1> <Delay = 1.00> <Adapter> <Opcode : 'read' 'write' 'readreq' 'writereq' 'writeresp'>

State 66 <SV = 65> <Delay = 7.30>
ST_66 : Operation 167 [7/71] (7.30ns)   --->   "%gmem_load_2_req = readreq i1 @_ssdm_op_ReadReq.m_axi.i512P1A, i512 %gmem_addr, i32 1" [FDHDChannelMapSP.cxx:171->kernel.cpp:85]   --->   Operation 167 'readreq' 'gmem_load_2_req' <Predicate = (!icmp_ln169 & !empty_92)> <Delay = 7.30> <CoreInst = "m_axi">   --->   Core 121 'm_axi' <Latency = 0> <II = 1> <Delay = 1.00> <Adapter> <Opcode : 'read' 'write' 'readreq' 'writereq' 'writeresp'>

State 67 <SV = 66> <Delay = 7.30>
ST_67 : Operation 168 [6/71] (7.30ns)   --->   "%gmem_load_2_req = readreq i1 @_ssdm_op_ReadReq.m_axi.i512P1A, i512 %gmem_addr, i32 1" [FDHDChannelMapSP.cxx:171->kernel.cpp:85]   --->   Operation 168 'readreq' 'gmem_load_2_req' <Predicate = (!icmp_ln169 & !empty_92)> <Delay = 7.30> <CoreInst = "m_axi">   --->   Core 121 'm_axi' <Latency = 0> <II = 1> <Delay = 1.00> <Adapter> <Opcode : 'read' 'write' 'readreq' 'writereq' 'writeresp'>

State 68 <SV = 67> <Delay = 7.30>
ST_68 : Operation 169 [5/71] (7.30ns)   --->   "%gmem_load_2_req = readreq i1 @_ssdm_op_ReadReq.m_axi.i512P1A, i512 %gmem_addr, i32 1" [FDHDChannelMapSP.cxx:171->kernel.cpp:85]   --->   Operation 169 'readreq' 'gmem_load_2_req' <Predicate = (!icmp_ln169 & !empty_92)> <Delay = 7.30> <CoreInst = "m_axi">   --->   Core 121 'm_axi' <Latency = 0> <II = 1> <Delay = 1.00> <Adapter> <Opcode : 'read' 'write' 'readreq' 'writereq' 'writeresp'>

State 69 <SV = 68> <Delay = 7.30>
ST_69 : Operation 170 [4/71] (7.30ns)   --->   "%gmem_load_2_req = readreq i1 @_ssdm_op_ReadReq.m_axi.i512P1A, i512 %gmem_addr, i32 1" [FDHDChannelMapSP.cxx:171->kernel.cpp:85]   --->   Operation 170 'readreq' 'gmem_load_2_req' <Predicate = (!icmp_ln169 & !empty_92)> <Delay = 7.30> <CoreInst = "m_axi">   --->   Core 121 'm_axi' <Latency = 0> <II = 1> <Delay = 1.00> <Adapter> <Opcode : 'read' 'write' 'readreq' 'writereq' 'writeresp'>

State 70 <SV = 69> <Delay = 7.30>
ST_70 : Operation 171 [3/71] (7.30ns)   --->   "%gmem_load_2_req = readreq i1 @_ssdm_op_ReadReq.m_axi.i512P1A, i512 %gmem_addr, i32 1" [FDHDChannelMapSP.cxx:171->kernel.cpp:85]   --->   Operation 171 'readreq' 'gmem_load_2_req' <Predicate = (!icmp_ln169 & !empty_92)> <Delay = 7.30> <CoreInst = "m_axi">   --->   Core 121 'm_axi' <Latency = 0> <II = 1> <Delay = 1.00> <Adapter> <Opcode : 'read' 'write' 'readreq' 'writereq' 'writeresp'>

State 71 <SV = 70> <Delay = 7.30>
ST_71 : Operation 172 [2/71] (7.30ns)   --->   "%gmem_load_2_req = readreq i1 @_ssdm_op_ReadReq.m_axi.i512P1A, i512 %gmem_addr, i32 1" [FDHDChannelMapSP.cxx:171->kernel.cpp:85]   --->   Operation 172 'readreq' 'gmem_load_2_req' <Predicate = (!icmp_ln169 & !empty_92)> <Delay = 7.30> <CoreInst = "m_axi">   --->   Core 121 'm_axi' <Latency = 0> <II = 1> <Delay = 1.00> <Adapter> <Opcode : 'read' 'write' 'readreq' 'writereq' 'writeresp'>

State 72 <SV = 71> <Delay = 7.30>
ST_72 : Operation 173 [1/71] (7.30ns)   --->   "%gmem_load_2_req = readreq i1 @_ssdm_op_ReadReq.m_axi.i512P1A, i512 %gmem_addr, i32 1" [FDHDChannelMapSP.cxx:171->kernel.cpp:85]   --->   Operation 173 'readreq' 'gmem_load_2_req' <Predicate = (!icmp_ln169 & !empty_92)> <Delay = 7.30> <CoreInst = "m_axi">   --->   Core 121 'm_axi' <Latency = 0> <II = 1> <Delay = 1.00> <Adapter> <Opcode : 'read' 'write' 'readreq' 'writereq' 'writeresp'>

State 73 <SV = 72> <Delay = 7.30>
ST_73 : Operation 174 [1/1] (7.30ns)   --->   "%gmem_addr_read = read i512 @_ssdm_op_Read.m_axi.i512P1A, i512 %gmem_addr" [FDHDChannelMapSP.cxx:171->kernel.cpp:85]   --->   Operation 174 'read' 'gmem_addr_read' <Predicate = (!icmp_ln169 & !empty_92)> <Delay = 7.30> <CoreInst = "m_axi">   --->   Core 121 'm_axi' <Latency = 0> <II = 1> <Delay = 1.00> <Adapter> <Opcode : 'read' 'write' 'readreq' 'writereq' 'writeresp'>
ST_73 : Operation 197 [1/1] (0.00ns)   --->   "%upri_load = load i32 %upri"   --->   Operation 197 'load' 'upri_load' <Predicate = (icmp_ln169)> <Delay = 0.00>
ST_73 : Operation 198 [1/1] (0.00ns)   --->   "%write_ln0 = write void @_ssdm_op_Write.ap_auto.i32P0A, i32 %upri_out, i32 %upri_load"   --->   Operation 198 'write' 'write_ln0' <Predicate = (icmp_ln169)> <Delay = 0.00>
ST_73 : Operation 199 [1/1] (0.00ns)   --->   "%ret_ln0 = ret"   --->   Operation 199 'ret' 'ret_ln0' <Predicate = (icmp_ln169)> <Delay = 0.00>

State 74 <SV = 73> <Delay = 4.45>
ST_74 : Operation 175 [1/1] (0.00ns)   --->   "%shiftreg_load = load i64 %shiftreg"   --->   Operation 175 'load' 'shiftreg_load' <Predicate = (!icmp_ln169)> <Delay = 0.00>
ST_74 : Operation 176 [1/1] (0.00ns)   --->   "%shiftreg_cast = zext i64 %shiftreg_load"   --->   Operation 176 'zext' 'shiftreg_cast' <Predicate = (!icmp_ln169)> <Delay = 0.00>
ST_74 : Operation 177 [1/1] (0.00ns)   --->   "%speclooptripcount_ln168 = speclooptripcount void @_ssdm_op_SpecLoopTripCount, i64 150, i64 150, i64 150" [FDHDChannelMapSP.cxx:168->kernel.cpp:85]   --->   Operation 177 'speclooptripcount' 'speclooptripcount_ln168' <Predicate = (!icmp_ln169)> <Delay = 0.00>
ST_74 : Operation 178 [1/1] (0.00ns)   --->   "%specloopname_ln169 = specloopname void @_ssdm_op_SpecLoopName, void @empty_35" [FDHDChannelMapSP.cxx:169->kernel.cpp:85]   --->   Operation 178 'specloopname' 'specloopname_ln169' <Predicate = (!icmp_ln169)> <Delay = 0.00>
ST_74 : Operation 179 [1/1] (0.46ns)   --->   "%br_ln171 = br i1 %empty_92, void, void %for.inc.i" [FDHDChannelMapSP.cxx:171->kernel.cpp:85]   --->   Operation 179 'br' 'br_ln171' <Predicate = (!icmp_ln169)> <Delay = 0.46>
ST_74 : Operation 180 [1/1] (0.00ns)   --->   "%and_ln171_1 = bitconcatenate i6 @_ssdm_op_BitConcatenate.i6.i2.i4, i2 %tmp_1, i4 0" [FDHDChannelMapSP.cxx:171->kernel.cpp:85]   --->   Operation 180 'bitconcatenate' 'and_ln171_1' <Predicate = (!icmp_ln169 & !empty_92)> <Delay = 0.00>
ST_74 : Operation 181 [1/1] (0.84ns)   --->   "%add_ln171_1 = add i6 %and_ln171_1, i6 %trunc_ln3_read" [FDHDChannelMapSP.cxx:171->kernel.cpp:85]   --->   Operation 181 'add' 'add_ln171_1' <Predicate = (!icmp_ln169 & !empty_92)> <Delay = 0.84> <CoreInst = "Adder">   --->   Core 1 'Adder' <Latency = 0> <II = 1> <Delay = 0.84> <FuncUnit> <Opcode : 'add' 'sub'> <InPorts = 2> <OutPorts = 1>
ST_74 : Operation 182 [1/1] (0.00ns)   --->   "%shl_ln171_1 = bitconcatenate i9 @_ssdm_op_BitConcatenate.i9.i6.i3, i6 %add_ln171_1, i3 0" [FDHDChannelMapSP.cxx:171->kernel.cpp:85]   --->   Operation 182 'bitconcatenate' 'shl_ln171_1' <Predicate = (!icmp_ln169 & !empty_92)> <Delay = 0.00>
ST_74 : Operation 183 [1/1] (0.00ns)   --->   "%zext_ln171_1 = zext i9 %shl_ln171_1" [FDHDChannelMapSP.cxx:171->kernel.cpp:85]   --->   Operation 183 'zext' 'zext_ln171_1' <Predicate = (!icmp_ln169 & !empty_92)> <Delay = 0.00>
ST_74 : Operation 184 [1/1] (1.72ns)   --->   "%lshr_ln171 = lshr i512 %gmem_addr_read, i512 %zext_ln171_1" [FDHDChannelMapSP.cxx:171->kernel.cpp:85]   --->   Operation 184 'lshr' 'lshr_ln171' <Predicate = (!icmp_ln169 & !empty_92)> <Delay = 1.72> <CoreInst = "Shifter">   --->   Core 75 'Shifter' <Latency = 0> <II = 1> <Delay = 1.72> <FuncUnit> <Opcode : 'shl' 'lshr' 'ashr'> <InPorts = 2> <OutPorts = 1>
ST_74 : Operation 185 [1/1] (0.00ns)   --->   "%trunc_ln171 = trunc i512 %lshr_ln171" [FDHDChannelMapSP.cxx:171->kernel.cpp:85]   --->   Operation 185 'trunc' 'trunc_ln171' <Predicate = (!icmp_ln169 & !empty_92)> <Delay = 0.00>
ST_74 : Operation 186 [1/1] (0.46ns)   --->   "%br_ln171 = br void %for.inc.i" [FDHDChannelMapSP.cxx:171->kernel.cpp:85]   --->   Operation 186 'br' 'br_ln171' <Predicate = (!icmp_ln169 & !empty_92)> <Delay = 0.46>
ST_74 : Operation 187 [1/1] (0.00ns)   --->   "%empty = phi i128 %trunc_ln171, void, i128 %shiftreg_cast, void %for.body.i.split" [FDHDChannelMapSP.cxx:171->kernel.cpp:85]   --->   Operation 187 'phi' 'empty' <Predicate = true> <Delay = 0.00>
ST_74 : Operation 188 [1/1] (0.00ns)   --->   "%upri_load_1 = load i32 %upri" [FDHDChannelMapSP.cxx:171->kernel.cpp:85]   --->   Operation 188 'load' 'upri_load_1' <Predicate = true> <Delay = 0.00>
ST_74 : Operation 189 [1/1] (0.00ns)   --->   "%trunc_ln171_6 = partselect i64 @_ssdm_op_PartSelect.i64.i128.i32.i32, i128 %empty, i32 64, i32 127" [FDHDChannelMapSP.cxx:171->kernel.cpp:85]   --->   Operation 189 'partselect' 'trunc_ln171_6' <Predicate = true> <Delay = 0.00>
ST_74 : Operation 190 [1/1] (0.00ns)   --->   "%trunc_ln171_1 = trunc i128 %empty" [FDHDChannelMapSP.cxx:171->kernel.cpp:85]   --->   Operation 190 'trunc' 'trunc_ln171_1' <Predicate = true> <Delay = 0.00>
ST_74 : Operation 191 [1/1] (1.14ns)   --->   "%icmp_ln171 = icmp_eq  i32 %trunc_ln171_1, i32 %crate_read" [FDHDChannelMapSP.cxx:171->kernel.cpp:85]   --->   Operation 191 'icmp' 'icmp_ln171' <Predicate = true> <Delay = 1.14> <CoreInst = "Cmp">   --->   Core 9 'Cmp' <Latency = 0> <II = 1> <Delay = 1.14> <FuncUnit> <Opcode : 'icmp'> <InPorts = 2> <OutPorts = 1>
ST_74 : Operation 192 [1/1] (0.00ns)   --->   "%upri_1 = partselect i32 @_ssdm_op_PartSelect.i32.i128.i32.i32, i128 %empty, i32 32, i32 63" [FDHDChannelMapSP.cxx:173->kernel.cpp:85]   --->   Operation 192 'partselect' 'upri_1' <Predicate = true> <Delay = 0.00>
ST_74 : Operation 193 [1/1] (0.28ns)   --->   "%upri_2 = select i1 %icmp_ln171, i32 %upri_1, i32 %upri_load_1" [FDHDChannelMapSP.cxx:171->kernel.cpp:85]   --->   Operation 193 'select' 'upri_2' <Predicate = true> <Delay = 0.28> <CoreInst = "Sel">   --->   Core 73 'Sel' <Latency = 0> <II = 1> <Delay = 0.28> <FuncUnit> <Opcode : 'select'> <InPorts = 3> <OutPorts = 1>
ST_74 : Operation 194 [1/1] (0.00ns)   --->   "%store_ln169 = store i32 %upri_2, i32 %upri" [FDHDChannelMapSP.cxx:169->kernel.cpp:85]   --->   Operation 194 'store' 'store_ln169' <Predicate = true> <Delay = 0.00>
ST_74 : Operation 195 [1/1] (0.46ns)   --->   "%store_ln169 = store i64 %trunc_ln171_6, i64 %shiftreg" [FDHDChannelMapSP.cxx:169->kernel.cpp:85]   --->   Operation 195 'store' 'store_ln169' <Predicate = true> <Delay = 0.46>
ST_74 : Operation 196 [1/1] (0.00ns)   --->   "%br_ln169 = br void %for.body.i" [FDHDChannelMapSP.cxx:169->kernel.cpp:85]   --->   Operation 196 'br' 'br_ln169' <Predicate = true> <Delay = 0.00>


============================================================
+ Verbose Summary: Binding
============================================================
STG Binding: 
---------------- STG Properties BEGIN ----------------
- Is combinational: 0
- Is one-state seq: 0
- Is datapath-only: 0
- Is pipelined: 0
- Is top level: 0
Port [ Return ] is wired: 1; IO mode=ap_ctrl_hs:ce=0
Port [ gmem]:  wired=1; compound=1; hidden=0; nouse=0; global=0; static=0; extern=0; dir=0; type=4; pingpong=0; private_global=0; IO mode=m_axi:ce=0
Port [ crate]:  wired=1; compound=0; hidden=0; nouse=0; global=0; static=0; extern=0; dir=0; type=0; pingpong=0; private_global=0; IO mode=ap_none:ce=0
Port [ chanmap_fUprightFromCrate]:  wired=1; compound=0; hidden=0; nouse=0; global=0; static=0; extern=0; dir=0; type=0; pingpong=0; private_global=0; IO mode=ap_none:ce=0
Port [ trunc_ln3]:  wired=1; compound=0; hidden=0; nouse=0; global=0; static=0; extern=0; dir=0; type=0; pingpong=0; private_global=0; IO mode=ap_none:ce=0
Port [ upri_out]:  wired=1; compound=0; hidden=0; nouse=0; global=0; static=0; extern=0; dir=1; type=0; pingpong=0; private_global=0; IO mode=ap_vld:ce=0
---------------- STG Properties END ------------------

---------------- Datapath Model BEGIN ----------------

<LifeTime>
<method=bitvector/>
shiftreg                       (alloca           ) [ 011111111111111111111111111111111111111111111111111111111111111111111111111]
upri                           (alloca           ) [ 011111111111111111111111111111111111111111111111111111111111111111111111111]
i_2                            (alloca           ) [ 010000000000000000000000000000000000000000000000000000000000000000000000000]
specinterface_ln0              (specinterface    ) [ 000000000000000000000000000000000000000000000000000000000000000000000000000]
trunc_ln3_read                 (read             ) [ 011111111111111111111111111111111111111111111111111111111111111111111111111]
chanmap_fUprightFromCrate_read (read             ) [ 000000000000000000000000000000000000000000000000000000000000000000000000000]
crate_read                     (read             ) [ 011111111111111111111111111111111111111111111111111111111111111111111111111]
store_ln0                      (store            ) [ 000000000000000000000000000000000000000000000000000000000000000000000000000]
store_ln0                      (store            ) [ 000000000000000000000000000000000000000000000000000000000000000000000000000]
br_ln0                         (br               ) [ 000000000000000000000000000000000000000000000000000000000000000000000000000]
i                              (load             ) [ 000000000000000000000000000000000000000000000000000000000000000000000000000]
specbitsmap_ln0                (specbitsmap      ) [ 000000000000000000000000000000000000000000000000000000000000000000000000000]
specpipeline_ln0               (specpipeline     ) [ 000000000000000000000000000000000000000000000000000000000000000000000000000]
icmp_ln169                     (icmp             ) [ 011111111111111111111111111111111111111111111111111111111111111111111111111]
add_ln169                      (add              ) [ 000000000000000000000000000000000000000000000000000000000000000000000000000]
br_ln169                       (br               ) [ 000000000000000000000000000000000000000000000000000000000000000000000000000]
empty_92                       (trunc            ) [ 011111111111111111111111111111111111111111111111111111111111111111111111111]
tmp_s                          (partselect       ) [ 000000000000000000000000000000000000000000000000000000000000000000000000000]
and_ln                         (bitconcatenate   ) [ 000000000000000000000000000000000000000000000000000000000000000000000000000]
zext_ln171                     (zext             ) [ 000000000000000000000000000000000000000000000000000000000000000000000000000]
tmp_1                          (partselect       ) [ 011111111111111111111111111111111111111111111111111111111111111111111111111]
add_ln171                      (add              ) [ 000000000000000000000000000000000000000000000000000000000000000000000000000]
trunc_ln171_5                  (partselect       ) [ 011000000000000000000000000000000000000000000000000000000000000000000000000]
store_ln169                    (store            ) [ 000000000000000000000000000000000000000000000000000000000000000000000000000]
sext_ln171                     (sext             ) [ 000000000000000000000000000000000000000000000000000000000000000000000000000]
gmem_addr                      (getelementptr    ) [ 010111111111111111111111111111111111111111111111111111111111111111111111110]
gmem_load_2_req                (readreq          ) [ 000000000000000000000000000000000000000000000000000000000000000000000000000]
gmem_addr_read                 (read             ) [ 010000000000000000000000000000000000000000000000000000000000000000000000001]
shiftreg_load                  (load             ) [ 000000000000000000000000000000000000000000000000000000000000000000000000000]
shiftreg_cast                  (zext             ) [ 000000000000000000000000000000000000000000000000000000000000000000000000000]
speclooptripcount_ln168        (speclooptripcount) [ 000000000000000000000000000000000000000000000000000000000000000000000000000]
specloopname_ln169             (specloopname     ) [ 000000000000000000000000000000000000000000000000000000000000000000000000000]
br_ln171                       (br               ) [ 000000000000000000000000000000000000000000000000000000000000000000000000000]
and_ln171_1                    (bitconcatenate   ) [ 000000000000000000000000000000000000000000000000000000000000000000000000000]
add_ln171_1                    (add              ) [ 000000000000000000000000000000000000000000000000000000000000000000000000000]
shl_ln171_1                    (bitconcatenate   ) [ 000000000000000000000000000000000000000000000000000000000000000000000000000]
zext_ln171_1                   (zext             ) [ 000000000000000000000000000000000000000000000000000000000000000000000000000]
lshr_ln171                     (lshr             ) [ 000000000000000000000000000000000000000000000000000000000000000000000000000]
trunc_ln171                    (trunc            ) [ 000000000000000000000000000000000000000000000000000000000000000000000000000]
br_ln171                       (br               ) [ 000000000000000000000000000000000000000000000000000000000000000000000000000]
empty                          (phi              ) [ 000000000000000000000000000000000000000000000000000000000000000000000000000]
upri_load_1                    (load             ) [ 000000000000000000000000000000000000000000000000000000000000000000000000000]
trunc_ln171_6                  (partselect       ) [ 000000000000000000000000000000000000000000000000000000000000000000000000000]
trunc_ln171_1                  (trunc            ) [ 000000000000000000000000000000000000000000000000000000000000000000000000000]
icmp_ln171                     (icmp             ) [ 000000000000000000000000000000000000000000000000000000000000000000000000000]
upri_1                         (partselect       ) [ 000000000000000000000000000000000000000000000000000000000000000000000000000]
upri_2                         (select           ) [ 000000000000000000000000000000000000000000000000000000000000000000000000000]
store_ln169                    (store            ) [ 000000000000000000000000000000000000000000000000000000000000000000000000000]
store_ln169                    (store            ) [ 000000000000000000000000000000000000000000000000000000000000000000000000000]
br_ln169                       (br               ) [ 000000000000000000000000000000000000000000000000000000000000000000000000000]
upri_load                      (load             ) [ 000000000000000000000000000000000000000000000000000000000000000000000000000]
write_ln0                      (write            ) [ 000000000000000000000000000000000000000000000000000000000000000000000000000]
ret_ln0                        (ret              ) [ 000000000000000000000000000000000000000000000000000000000000000000000000000]
</LifeTime>

<model>

<comp_list>
<comp id="0" class="1000" name="gmem">
<pin_list>
<pin id="1" dir="1" index="0" bw="1" slack="0"/>
</pin_list>
<bind>
<StgValue><ssdm name="gmem"/></StgValue>
</bind>
</comp>

<comp id="2" class="1000" name="crate">
<pin_list>
<pin id="3" dir="1" index="0" bw="1" slack="0"/>
</pin_list>
<bind>
<StgValue><ssdm name="crate"/></StgValue>
</bind>
</comp>

<comp id="4" class="1000" name="chanmap_fUprightFromCrate">
<pin_list>
<pin id="5" dir="1" index="0" bw="1" slack="0"/>
</pin_list>
<bind>
<StgValue><ssdm name="chanmap_fUprightFromCrate"/></StgValue>
</bind>
</comp>

<comp id="6" class="1000" name="trunc_ln3">
<pin_list>
<pin id="7" dir="1" index="0" bw="1" slack="0"/>
</pin_list>
<bind>
<StgValue><ssdm name="trunc_ln3"/></StgValue>
</bind>
</comp>

<comp id="8" class="1000" name="upri_out">
<pin_list>
<pin id="9" dir="1" index="0" bw="1" slack="0"/>
</pin_list>
<bind>
<StgValue><ssdm name="upri_out"/></StgValue>
</bind>
</comp>

<comp id="10" class="1001" name="const_10">
<pin_list>
<pin id="11" dir="1" index="0" bw="1" slack="0"/>
</pin_list>
<bind>
<StgValue><ssdm name=""/></StgValue>
</bind>
</comp>

<comp id="12" class="1001" name="const_12">
<pin_list>
<pin id="13" dir="1" index="0" bw="1" slack="2147483647"/>
</pin_list>
<bind>
<StgValue><ssdm name="_ssdm_op_SpecInterface"/></StgValue>
</bind>
</comp>

<comp id="14" class="1001" name="const_14">
<pin_list>
<pin id="15" dir="1" index="0" bw="1" slack="2147483647"/>
</pin_list>
<bind>
<StgValue><ssdm name="empty"/></StgValue>
</bind>
</comp>

<comp id="16" class="1001" name="const_16">
<pin_list>
<pin id="17" dir="1" index="0" bw="1" slack="2147483647"/>
</pin_list>
<bind>
<StgValue><ssdm name=""/></StgValue>
</bind>
</comp>

<comp id="18" class="1001" name="const_18">
<pin_list>
<pin id="19" dir="1" index="0" bw="1" slack="2147483647"/>
</pin_list>
<bind>
<StgValue><ssdm name="empty_21"/></StgValue>
</bind>
</comp>

<comp id="20" class="1001" name="const_20">
<pin_list>
<pin id="21" dir="1" index="0" bw="1" slack="0"/>
</pin_list>
<bind>
<StgValue><ssdm name=""/></StgValue>
</bind>
</comp>

<comp id="22" class="1001" name="const_22">
<pin_list>
<pin id="23" dir="1" index="0" bw="1" slack="2147483647"/>
</pin_list>
<bind>
<StgValue><ssdm name="empty_9"/></StgValue>
</bind>
</comp>

<comp id="24" class="1001" name="const_24">
<pin_list>
<pin id="25" dir="1" index="0" bw="1" slack="2147483647"/>
</pin_list>
<bind>
<StgValue><ssdm name="empty_39"/></StgValue>
</bind>
</comp>

<comp id="26" class="1001" name="const_26">
<pin_list>
<pin id="27" dir="1" index="0" bw="1" slack="2147483647"/>
</pin_list>
<bind>
<StgValue><ssdm name=""/></StgValue>
</bind>
</comp>

<comp id="28" class="1001" name="const_28">
<pin_list>
<pin id="29" dir="1" index="0" bw="1" slack="2147483647"/>
</pin_list>
<bind>
<StgValue><ssdm name=""/></StgValue>
</bind>
</comp>

<comp id="30" class="1001" name="const_30">
<pin_list>
<pin id="31" dir="1" index="0" bw="1" slack="0"/>
</pin_list>
<bind>
<StgValue><ssdm name="_ssdm_op_Read.ap_auto.i6"/></StgValue>
</bind>
</comp>

<comp id="32" class="1001" name="const_32">
<pin_list>
<pin id="33" dir="1" index="0" bw="1" slack="0"/>
</pin_list>
<bind>
<StgValue><ssdm name="_ssdm_op_Read.ap_auto.i64"/></StgValue>
</bind>
</comp>

<comp id="34" class="1001" name="const_34">
<pin_list>
<pin id="35" dir="1" index="0" bw="1" slack="0"/>
</pin_list>
<bind>
<StgValue><ssdm name="_ssdm_op_Read.ap_auto.i32"/></StgValue>
</bind>
</comp>

<comp id="36" class="1001" name="const_36">
<pin_list>
<pin id="37" dir="1" index="0" bw="1" slack="0"/>
</pin_list>
<bind>
<StgValue><ssdm name=""/></StgValue>
</bind>
</comp>

<comp id="38" class="1001" name="const_38">
<pin_list>
<pin id="39" dir="1" index="0" bw="1" slack="0"/>
</pin_list>
<bind>
<StgValue><ssdm name=""/></StgValue>
</bind>
</comp>

<comp id="40" class="1001" name="const_40">
<pin_list>
<pin id="41" dir="1" index="0" bw="1" slack="2147483647"/>
</pin_list>
<bind>
<StgValue><ssdm name="_ssdm_op_SpecBitsMap"/></StgValue>
</bind>
</comp>

<comp id="42" class="1001" name="const_42">
<pin_list>
<pin id="43" dir="1" index="0" bw="1" slack="2147483647"/>
</pin_list>
<bind>
<StgValue><ssdm name="_ssdm_op_SpecPipeline"/></StgValue>
</bind>
</comp>

<comp id="44" class="1001" name="const_44">
<pin_list>
<pin id="45" dir="1" index="0" bw="1" slack="2147483647"/>
</pin_list>
<bind>
<StgValue><ssdm name="p_str"/></StgValue>
</bind>
</comp>

<comp id="46" class="1001" name="const_46">
<pin_list>
<pin id="47" dir="1" index="0" bw="1" slack="0"/>
</pin_list>
<bind>
<StgValue><ssdm name=""/></StgValue>
</bind>
</comp>

<comp id="48" class="1001" name="const_48">
<pin_list>
<pin id="49" dir="1" index="0" bw="1" slack="0"/>
</pin_list>
<bind>
<StgValue><ssdm name=""/></StgValue>
</bind>
</comp>

<comp id="50" class="1001" name="const_50">
<pin_list>
<pin id="51" dir="1" index="0" bw="1" slack="0"/>
</pin_list>
<bind>
<StgValue><ssdm name="_ssdm_op_PartSelect.i7.i8.i32.i32"/></StgValue>
</bind>
</comp>

<comp id="52" class="1001" name="const_52">
<pin_list>
<pin id="53" dir="1" index="0" bw="1" slack="0"/>
</pin_list>
<bind>
<StgValue><ssdm name=""/></StgValue>
</bind>
</comp>

<comp id="54" class="1001" name="const_54">
<pin_list>
<pin id="55" dir="1" index="0" bw="1" slack="0"/>
</pin_list>
<bind>
<StgValue><ssdm name="_ssdm_op_BitConcatenate.i11.i7.i4"/></StgValue>
</bind>
</comp>

<comp id="56" class="1001" name="const_56">
<pin_list>
<pin id="57" dir="1" index="0" bw="1" slack="0"/>
</pin_list>
<bind>
<StgValue><ssdm name=""/></StgValue>
</bind>
</comp>

<comp id="58" class="1001" name="const_58">
<pin_list>
<pin id="59" dir="1" index="0" bw="1" slack="0"/>
</pin_list>
<bind>
<StgValue><ssdm name="_ssdm_op_PartSelect.i2.i8.i32.i32"/></StgValue>
</bind>
</comp>

<comp id="60" class="1001" name="const_60">
<pin_list>
<pin id="61" dir="1" index="0" bw="1" slack="0"/>
</pin_list>
<bind>
<StgValue><ssdm name=""/></StgValue>
</bind>
</comp>

<comp id="62" class="1001" name="const_62">
<pin_list>
<pin id="63" dir="1" index="0" bw="1" slack="0"/>
</pin_list>
<bind>
<StgValue><ssdm name="_ssdm_op_PartSelect.i58.i64.i32.i32"/></StgValue>
</bind>
</comp>

<comp id="64" class="1001" name="const_64">
<pin_list>
<pin id="65" dir="1" index="0" bw="1" slack="0"/>
</pin_list>
<bind>
<StgValue><ssdm name=""/></StgValue>
</bind>
</comp>

<comp id="66" class="1001" name="const_66">
<pin_list>
<pin id="67" dir="1" index="0" bw="1" slack="0"/>
</pin_list>
<bind>
<StgValue><ssdm name=""/></StgValue>
</bind>
</comp>

<comp id="68" class="1001" name="const_68">
<pin_list>
<pin id="69" dir="1" index="0" bw="1" slack="0"/>
</pin_list>
<bind>
<StgValue><ssdm name="_ssdm_op_ReadReq.m_axi.i512P1A"/></StgValue>
</bind>
</comp>

<comp id="70" class="1001" name="const_70">
<pin_list>
<pin id="71" dir="1" index="0" bw="1" slack="0"/>
</pin_list>
<bind>
<StgValue><ssdm name="_ssdm_op_Read.m_axi.i512P1A"/></StgValue>
</bind>
</comp>

<comp id="72" class="1001" name="const_72">
<pin_list>
<pin id="73" dir="1" index="0" bw="1" slack="2147483647"/>
</pin_list>
<bind>
<StgValue><ssdm name="_ssdm_op_SpecLoopTripCount"/></StgValue>
</bind>
</comp>

<comp id="74" class="1001" name="const_74">
<pin_list>
<pin id="75" dir="1" index="0" bw="1" slack="2147483647"/>
</pin_list>
<bind>
<StgValue><ssdm name=""/></StgValue>
</bind>
</comp>

<comp id="76" class="1001" name="const_76">
<pin_list>
<pin id="77" dir="1" index="0" bw="1" slack="2147483647"/>
</pin_list>
<bind>
<StgValue><ssdm name="_ssdm_op_SpecLoopName"/></StgValue>
</bind>
</comp>

<comp id="78" class="1001" name="const_78">
<pin_list>
<pin id="79" dir="1" index="0" bw="1" slack="2147483647"/>
</pin_list>
<bind>
<StgValue><ssdm name="empty_35"/></StgValue>
</bind>
</comp>

<comp id="80" class="1001" name="const_80">
<pin_list>
<pin id="81" dir="1" index="0" bw="1" slack="0"/>
</pin_list>
<bind>
<StgValue><ssdm name="_ssdm_op_BitConcatenate.i6.i2.i4"/></StgValue>
</bind>
</comp>

<comp id="82" class="1001" name="const_82">
<pin_list>
<pin id="83" dir="1" index="0" bw="1" slack="0"/>
</pin_list>
<bind>
<StgValue><ssdm name="_ssdm_op_BitConcatenate.i9.i6.i3"/></StgValue>
</bind>
</comp>

<comp id="84" class="1001" name="const_84">
<pin_list>
<pin id="85" dir="1" index="0" bw="1" slack="0"/>
</pin_list>
<bind>
<StgValue><ssdm name=""/></StgValue>
</bind>
</comp>

<comp id="86" class="1001" name="const_86">
<pin_list>
<pin id="87" dir="1" index="0" bw="1" slack="0"/>
</pin_list>
<bind>
<StgValue><ssdm name="_ssdm_op_PartSelect.i64.i128.i32.i32"/></StgValue>
</bind>
</comp>

<comp id="88" class="1001" name="const_88">
<pin_list>
<pin id="89" dir="1" index="0" bw="1" slack="0"/>
</pin_list>
<bind>
<StgValue><ssdm name=""/></StgValue>
</bind>
</comp>

<comp id="90" class="1001" name="const_90">
<pin_list>
<pin id="91" dir="1" index="0" bw="1" slack="0"/>
</pin_list>
<bind>
<StgValue><ssdm name="_ssdm_op_PartSelect.i32.i128.i32.i32"/></StgValue>
</bind>
</comp>

<comp id="92" class="1001" name="const_92">
<pin_list>
<pin id="93" dir="1" index="0" bw="1" slack="0"/>
</pin_list>
<bind>
<StgValue><ssdm name=""/></StgValue>
</bind>
</comp>

<comp id="94" class="1001" name="const_94">
<pin_list>
<pin id="95" dir="1" index="0" bw="1" slack="0"/>
</pin_list>
<bind>
<StgValue><ssdm name="_ssdm_op_Write.ap_auto.i32P0A"/></StgValue>
</bind>
</comp>

<comp id="96" class="1004" name="shiftreg_fu_96">
<pin_list>
<pin id="97" dir="0" index="0" bw="1" slack="0"/>
<pin id="98" dir="1" index="1" bw="64" slack="0"/>
</pin_list>
<bind>
<opcode="alloca(26) " fcode="alloca"/>
<opset="shiftreg/1 "/>
</bind>
</comp>

<comp id="100" class="1004" name="upri_fu_100">
<pin_list>
<pin id="101" dir="0" index="0" bw="1" slack="0"/>
<pin id="102" dir="1" index="1" bw="32" slack="72"/>
</pin_list>
<bind>
<opcode="alloca(26) " fcode="alloca"/>
<opset="upri/1 "/>
</bind>
</comp>

<comp id="104" class="1004" name="i_2_fu_104">
<pin_list>
<pin id="105" dir="0" index="0" bw="1" slack="0"/>
<pin id="106" dir="1" index="1" bw="8" slack="0"/>
</pin_list>
<bind>
<opcode="alloca(26) " fcode="alloca"/>
<opset="i_2/1 "/>
</bind>
</comp>

<comp id="108" class="1004" name="trunc_ln3_read_read_fu_108">
<pin_list>
<pin id="109" dir="0" index="0" bw="6" slack="0"/>
<pin id="110" dir="0" index="1" bw="6" slack="0"/>
<pin id="111" dir="1" index="2" bw="6" slack="73"/>
</pin_list>
<bind>
<opcode="read(1150) " fcode="read"/>
<opset="trunc_ln3_read/1 "/>
</bind>
</comp>

<comp id="114" class="1004" name="chanmap_fUprightFromCrate_read_read_fu_114">
<pin_list>
<pin id="115" dir="0" index="0" bw="64" slack="0"/>
<pin id="116" dir="0" index="1" bw="64" slack="0"/>
<pin id="117" dir="1" index="2" bw="64" slack="0"/>
</pin_list>
<bind>
<opcode="read(1150) " fcode="read"/>
<opset="chanmap_fUprightFromCrate_read/1 "/>
</bind>
</comp>

<comp id="120" class="1004" name="crate_read_read_fu_120">
<pin_list>
<pin id="121" dir="0" index="0" bw="32" slack="0"/>
<pin id="122" dir="0" index="1" bw="32" slack="0"/>
<pin id="123" dir="1" index="2" bw="32" slack="73"/>
</pin_list>
<bind>
<opcode="read(1150) " fcode="read"/>
<opset="crate_read/1 "/>
</bind>
</comp>

<comp id="126" class="1004" name="grp_readreq_fu_126">
<pin_list>
<pin id="127" dir="0" index="0" bw="1" slack="0"/>
<pin id="128" dir="0" index="1" bw="512" slack="0"/>
<pin id="129" dir="0" index="2" bw="1" slack="0"/>
<pin id="130" dir="1" index="3" bw="1" slack="2147483647"/>
</pin_list>
<bind>
<opcode="readreq(1154) " fcode="readreq"/>
<opset="gmem_load_2_req/2 "/>
</bind>
</comp>

<comp id="133" class="1004" name="gmem_addr_read_read_fu_133">
<pin_list>
<pin id="134" dir="0" index="0" bw="512" slack="0"/>
<pin id="135" dir="0" index="1" bw="512" slack="71"/>
<pin id="136" dir="1" index="2" bw="512" slack="1"/>
</pin_list>
<bind>
<opcode="read(1150) " fcode="read"/>
<opset="gmem_addr_read/73 "/>
</bind>
</comp>

<comp id="138" class="1004" name="write_ln0_write_fu_138">
<pin_list>
<pin id="139" dir="0" index="0" bw="0" slack="0"/>
<pin id="140" dir="0" index="1" bw="32" slack="0"/>
<pin id="141" dir="0" index="2" bw="32" slack="0"/>
<pin id="142" dir="1" index="3" bw="0" slack="2147483647"/>
</pin_list>
<bind>
<opcode="write(1151) " fcode="write"/>
<opset="write_ln0/73 "/>
</bind>
</comp>

<comp id="145" class="1005" name="empty_reg_145">
<pin_list>
<pin id="146" dir="0" index="0" bw="128" slack="2147483647"/>
<pin id="147" dir="1" index="1" bw="128" slack="2147483647"/>
</pin_list>
<bind>
<opset="empty (phireg) "/>
</bind>
</comp>

<comp id="148" class="1004" name="empty_phi_fu_148">
<pin_list>
<pin id="149" dir="0" index="0" bw="128" slack="0"/>
<pin id="150" dir="0" index="1" bw="0" slack="2147483647"/>
<pin id="151" dir="0" index="2" bw="64" slack="0"/>
<pin id="152" dir="0" index="3" bw="0" slack="2147483647"/>
<pin id="153" dir="1" index="4" bw="128" slack="0"/>
</pin_list>
<bind>
<opcode="phi(47) " fcode="phi"/>
<opset="empty/74 "/>
</bind>
</comp>

<comp id="154" class="1004" name="store_ln0_store_fu_154">
<pin_list>
<pin id="155" dir="0" index="0" bw="1" slack="0"/>
<pin id="156" dir="0" index="1" bw="8" slack="0"/>
<pin id="157" dir="1" index="2" bw="0" slack="2147483647"/>
</pin_list>
<bind>
<opcode="store(28) " fcode="store"/>
<opset="store_ln0/1 "/>
</bind>
</comp>

<comp id="159" class="1004" name="store_ln0_store_fu_159">
<pin_list>
<pin id="160" dir="0" index="0" bw="1" slack="0"/>
<pin id="161" dir="0" index="1" bw="64" slack="0"/>
<pin id="162" dir="1" index="2" bw="0" slack="2147483647"/>
</pin_list>
<bind>
<opcode="store(28) " fcode="store"/>
<opset="store_ln0/1 "/>
</bind>
</comp>

<comp id="164" class="1004" name="i_load_fu_164">
<pin_list>
<pin id="165" dir="0" index="0" bw="8" slack="0"/>
<pin id="166" dir="1" index="1" bw="8" slack="0"/>
</pin_list>
<bind>
<opcode="load(27) " fcode="load"/>
<opset="i/1 "/>
</bind>
</comp>

<comp id="167" class="1004" name="icmp_ln169_fu_167">
<pin_list>
<pin id="168" dir="0" index="0" bw="8" slack="0"/>
<pin id="169" dir="0" index="1" bw="8" slack="0"/>
<pin id="170" dir="1" index="2" bw="1" slack="1"/>
</pin_list>
<bind>
<opcode="icmp(45) " fcode="icmp"/>
<opset="icmp_ln169/1 "/>
</bind>
</comp>

<comp id="173" class="1004" name="add_ln169_fu_173">
<pin_list>
<pin id="174" dir="0" index="0" bw="8" slack="0"/>
<pin id="175" dir="0" index="1" bw="1" slack="0"/>
<pin id="176" dir="1" index="2" bw="8" slack="0"/>
</pin_list>
<bind>
<opcode="add(8) " fcode="add"/>
<opset="add_ln169/1 "/>
</bind>
</comp>

<comp id="179" class="1004" name="empty_92_fu_179">
<pin_list>
<pin id="180" dir="0" index="0" bw="8" slack="0"/>
<pin id="181" dir="1" index="1" bw="1" slack="1"/>
</pin_list>
<bind>
<opcode="trunc(33) " fcode="trunc"/>
<opset="empty_92/1 "/>
</bind>
</comp>

<comp id="183" class="1004" name="tmp_s_fu_183">
<pin_list>
<pin id="184" dir="0" index="0" bw="7" slack="0"/>
<pin id="185" dir="0" index="1" bw="8" slack="0"/>
<pin id="186" dir="0" index="2" bw="1" slack="0"/>
<pin id="187" dir="0" index="3" bw="4" slack="0"/>
<pin id="188" dir="1" index="4" bw="7" slack="0"/>
</pin_list>
<bind>
<opcode="partselect(1002) " fcode="partselect"/>
<opset="tmp_s/1 "/>
</bind>
</comp>

<comp id="193" class="1004" name="and_ln_fu_193">
<pin_list>
<pin id="194" dir="0" index="0" bw="11" slack="0"/>
<pin id="195" dir="0" index="1" bw="7" slack="0"/>
<pin id="196" dir="0" index="2" bw="1" slack="0"/>
<pin id="197" dir="1" index="3" bw="11" slack="0"/>
</pin_list>
<bind>
<opcode="bitconcatenate(1004) " fcode="bitconcatenate"/>
<opset="and_ln/1 "/>
</bind>
</comp>

<comp id="201" class="1004" name="zext_ln171_fu_201">
<pin_list>
<pin id="202" dir="0" index="0" bw="11" slack="0"/>
<pin id="203" dir="1" index="1" bw="64" slack="0"/>
</pin_list>
<bind>
<opcode="zext(34) " fcode="zext"/>
<opset="zext_ln171/1 "/>
</bind>
</comp>

<comp id="205" class="1004" name="tmp_1_fu_205">
<pin_list>
<pin id="206" dir="0" index="0" bw="2" slack="0"/>
<pin id="207" dir="0" index="1" bw="8" slack="0"/>
<pin id="208" dir="0" index="2" bw="1" slack="0"/>
<pin id="209" dir="0" index="3" bw="3" slack="0"/>
<pin id="210" dir="1" index="4" bw="2" slack="73"/>
</pin_list>
<bind>
<opcode="partselect(1002) " fcode="partselect"/>
<opset="tmp_1/1 "/>
</bind>
</comp>

<comp id="215" class="1004" name="add_ln171_fu_215">
<pin_list>
<pin id="216" dir="0" index="0" bw="11" slack="0"/>
<pin id="217" dir="0" index="1" bw="64" slack="0"/>
<pin id="218" dir="1" index="2" bw="64" slack="0"/>
</pin_list>
<bind>
<opcode="add(8) " fcode="add"/>
<opset="add_ln171/1 "/>
</bind>
</comp>

<comp id="221" class="1004" name="trunc_ln171_5_fu_221">
<pin_list>
<pin id="222" dir="0" index="0" bw="58" slack="0"/>
<pin id="223" dir="0" index="1" bw="64" slack="0"/>
<pin id="224" dir="0" index="2" bw="4" slack="0"/>
<pin id="225" dir="0" index="3" bw="7" slack="0"/>
<pin id="226" dir="1" index="4" bw="58" slack="1"/>
</pin_list>
<bind>
<opcode="partselect(1002) " fcode="partselect"/>
<opset="trunc_ln171_5/1 "/>
</bind>
</comp>

<comp id="231" class="1004" name="store_ln169_store_fu_231">
<pin_list>
<pin id="232" dir="0" index="0" bw="8" slack="0"/>
<pin id="233" dir="0" index="1" bw="8" slack="0"/>
<pin id="234" dir="1" index="2" bw="0" slack="2147483647"/>
</pin_list>
<bind>
<opcode="store(28) " fcode="store"/>
<opset="store_ln169/1 "/>
</bind>
</comp>

<comp id="236" class="1004" name="sext_ln171_fu_236">
<pin_list>
<pin id="237" dir="0" index="0" bw="58" slack="1"/>
<pin id="238" dir="1" index="1" bw="64" slack="0"/>
</pin_list>
<bind>
<opcode="sext(35) " fcode="sext"/>
<opset="sext_ln171/2 "/>
</bind>
</comp>

<comp id="239" class="1004" name="gmem_addr_fu_239">
<pin_list>
<pin id="240" dir="0" index="0" bw="512" slack="0"/>
<pin id="241" dir="0" index="1" bw="58" slack="0"/>
<pin id="242" dir="1" index="2" bw="512" slack="0"/>
</pin_list>
<bind>
<opcode="getelementptr(29) " fcode="getelementptr"/>
<opset="gmem_addr/2 "/>
</bind>
</comp>

<comp id="246" class="1004" name="shiftreg_load_load_fu_246">
<pin_list>
<pin id="247" dir="0" index="0" bw="64" slack="73"/>
<pin id="248" dir="1" index="1" bw="64" slack="0"/>
</pin_list>
<bind>
<opcode="load(27) " fcode="load"/>
<opset="shiftreg_load/74 "/>
</bind>
</comp>

<comp id="249" class="1004" name="shiftreg_cast_fu_249">
<pin_list>
<pin id="250" dir="0" index="0" bw="64" slack="0"/>
<pin id="251" dir="1" index="1" bw="128" slack="0"/>
</pin_list>
<bind>
<opcode="zext(34) " fcode="zext"/>
<opset="shiftreg_cast/74 "/>
</bind>
</comp>

<comp id="254" class="1004" name="and_ln171_1_fu_254">
<pin_list>
<pin id="255" dir="0" index="0" bw="6" slack="0"/>
<pin id="256" dir="0" index="1" bw="2" slack="73"/>
<pin id="257" dir="0" index="2" bw="1" slack="0"/>
<pin id="258" dir="1" index="3" bw="6" slack="0"/>
</pin_list>
<bind>
<opcode="bitconcatenate(1004) " fcode="bitconcatenate"/>
<opset="and_ln171_1/74 "/>
</bind>
</comp>

<comp id="261" class="1004" name="add_ln171_1_fu_261">
<pin_list>
<pin id="262" dir="0" index="0" bw="6" slack="0"/>
<pin id="263" dir="0" index="1" bw="6" slack="73"/>
<pin id="264" dir="1" index="2" bw="6" slack="0"/>
</pin_list>
<bind>
<opcode="add(8) " fcode="add"/>
<opset="add_ln171_1/74 "/>
</bind>
</comp>

<comp id="266" class="1004" name="shl_ln171_1_fu_266">
<pin_list>
<pin id="267" dir="0" index="0" bw="9" slack="0"/>
<pin id="268" dir="0" index="1" bw="6" slack="0"/>
<pin id="269" dir="0" index="2" bw="1" slack="0"/>
<pin id="270" dir="1" index="3" bw="9" slack="0"/>
</pin_list>
<bind>
<opcode="bitconcatenate(1004) " fcode="bitconcatenate"/>
<opset="shl_ln171_1/74 "/>
</bind>
</comp>

<comp id="274" class="1004" name="zext_ln171_1_fu_274">
<pin_list>
<pin id="275" dir="0" index="0" bw="9" slack="0"/>
<pin id="276" dir="1" index="1" bw="512" slack="0"/>
</pin_list>
<bind>
<opcode="zext(34) " fcode="zext"/>
<opset="zext_ln171_1/74 "/>
</bind>
</comp>

<comp id="278" class="1004" name="lshr_ln171_fu_278">
<pin_list>
<pin id="279" dir="0" index="0" bw="512" slack="1"/>
<pin id="280" dir="0" index="1" bw="9" slack="0"/>
<pin id="281" dir="1" index="2" bw="512" slack="0"/>
</pin_list>
<bind>
<opcode="lshr(21) " fcode="lshr"/>
<opset="lshr_ln171/74 "/>
</bind>
</comp>

<comp id="283" class="1004" name="trunc_ln171_fu_283">
<pin_list>
<pin id="284" dir="0" index="0" bw="512" slack="0"/>
<pin id="285" dir="1" index="1" bw="128" slack="0"/>
</pin_list>
<bind>
<opcode="trunc(33) " fcode="trunc"/>
<opset="trunc_ln171/74 "/>
</bind>
</comp>

<comp id="288" class="1004" name="upri_load_1_load_fu_288">
<pin_list>
<pin id="289" dir="0" index="0" bw="32" slack="73"/>
<pin id="290" dir="1" index="1" bw="32" slack="0"/>
</pin_list>
<bind>
<opcode="load(27) " fcode="load"/>
<opset="upri_load_1/74 "/>
</bind>
</comp>

<comp id="291" class="1004" name="trunc_ln171_6_fu_291">
<pin_list>
<pin id="292" dir="0" index="0" bw="64" slack="0"/>
<pin id="293" dir="0" index="1" bw="128" slack="0"/>
<pin id="294" dir="0" index="2" bw="8" slack="0"/>
<pin id="295" dir="0" index="3" bw="8" slack="0"/>
<pin id="296" dir="1" index="4" bw="64" slack="0"/>
</pin_list>
<bind>
<opcode="partselect(1002) " fcode="partselect"/>
<opset="trunc_ln171_6/74 "/>
</bind>
</comp>

<comp id="301" class="1004" name="trunc_ln171_1_fu_301">
<pin_list>
<pin id="302" dir="0" index="0" bw="128" slack="0"/>
<pin id="303" dir="1" index="1" bw="32" slack="0"/>
</pin_list>
<bind>
<opcode="trunc(33) " fcode="trunc"/>
<opset="trunc_ln171_1/74 "/>
</bind>
</comp>

<comp id="305" class="1004" name="icmp_ln171_fu_305">
<pin_list>
<pin id="306" dir="0" index="0" bw="32" slack="0"/>
<pin id="307" dir="0" index="1" bw="32" slack="73"/>
<pin id="308" dir="1" index="2" bw="1" slack="0"/>
</pin_list>
<bind>
<opcode="icmp(45) " fcode="icmp"/>
<opset="icmp_ln171/74 "/>
</bind>
</comp>

<comp id="310" class="1004" name="upri_1_fu_310">
<pin_list>
<pin id="311" dir="0" index="0" bw="32" slack="0"/>
<pin id="312" dir="0" index="1" bw="128" slack="0"/>
<pin id="313" dir="0" index="2" bw="7" slack="0"/>
<pin id="314" dir="0" index="3" bw="7" slack="0"/>
<pin id="315" dir="1" index="4" bw="32" slack="0"/>
</pin_list>
<bind>
<opcode="partselect(1002) " fcode="partselect"/>
<opset="upri_1/74 "/>
</bind>
</comp>

<comp id="320" class="1004" name="upri_2_fu_320">
<pin_list>
<pin id="321" dir="0" index="0" bw="1" slack="0"/>
<pin id="322" dir="0" index="1" bw="32" slack="0"/>
<pin id="323" dir="0" index="2" bw="32" slack="0"/>
<pin id="324" dir="1" index="3" bw="32" slack="0"/>
</pin_list>
<bind>
<opcode="select(49) " fcode="select"/>
<opset="upri_2/74 "/>
</bind>
</comp>

<comp id="328" class="1004" name="store_ln169_store_fu_328">
<pin_list>
<pin id="329" dir="0" index="0" bw="32" slack="0"/>
<pin id="330" dir="0" index="1" bw="32" slack="73"/>
<pin id="331" dir="1" index="2" bw="0" slack="2147483647"/>
</pin_list>
<bind>
<opcode="store(28) " fcode="store"/>
<opset="store_ln169/74 "/>
</bind>
</comp>

<comp id="333" class="1004" name="store_ln169_store_fu_333">
<pin_list>
<pin id="334" dir="0" index="0" bw="64" slack="0"/>
<pin id="335" dir="0" index="1" bw="64" slack="73"/>
<pin id="336" dir="1" index="2" bw="0" slack="2147483647"/>
</pin_list>
<bind>
<opcode="store(28) " fcode="store"/>
<opset="store_ln169/74 "/>
</bind>
</comp>

<comp id="338" class="1004" name="upri_load_load_fu_338">
<pin_list>
<pin id="339" dir="0" index="0" bw="32" slack="72"/>
<pin id="340" dir="1" index="1" bw="32" slack="0"/>
</pin_list>
<bind>
<opcode="load(27) " fcode="load"/>
<opset="upri_load/73 "/>
</bind>
</comp>

<comp id="342" class="1005" name="shiftreg_reg_342">
<pin_list>
<pin id="343" dir="0" index="0" bw="64" slack="0"/>
<pin id="344" dir="1" index="1" bw="64" slack="0"/>
</pin_list>
<bind>
<opset="shiftreg "/>
</bind>
</comp>

<comp id="349" class="1005" name="upri_reg_349">
<pin_list>
<pin id="350" dir="0" index="0" bw="32" slack="72"/>
<pin id="351" dir="1" index="1" bw="32" slack="72"/>
</pin_list>
<bind>
<opset="upri "/>
</bind>
</comp>

<comp id="356" class="1005" name="i_2_reg_356">
<pin_list>
<pin id="357" dir="0" index="0" bw="8" slack="0"/>
<pin id="358" dir="1" index="1" bw="8" slack="0"/>
</pin_list>
<bind>
<opset="i_2 "/>
</bind>
</comp>

<comp id="363" class="1005" name="trunc_ln3_read_reg_363">
<pin_list>
<pin id="364" dir="0" index="0" bw="6" slack="73"/>
<pin id="365" dir="1" index="1" bw="6" slack="73"/>
</pin_list>
<bind>
<opset="trunc_ln3_read "/>
</bind>
</comp>

<comp id="368" class="1005" name="crate_read_reg_368">
<pin_list>
<pin id="369" dir="0" index="0" bw="32" slack="73"/>
<pin id="370" dir="1" index="1" bw="32" slack="73"/>
</pin_list>
<bind>
<opset="crate_read "/>
</bind>
</comp>

<comp id="373" class="1005" name="icmp_ln169_reg_373">
<pin_list>
<pin id="374" dir="0" index="0" bw="1" slack="1"/>
<pin id="375" dir="1" index="1" bw="1" slack="2147483647"/>
</pin_list>
<bind>
<opset="icmp_ln169 "/>
</bind>
</comp>

<comp id="377" class="1005" name="empty_92_reg_377">
<pin_list>
<pin id="378" dir="0" index="0" bw="1" slack="1"/>
<pin id="379" dir="1" index="1" bw="1" slack="2147483647"/>
</pin_list>
<bind>
<opset="empty_92 "/>
</bind>
</comp>

<comp id="381" class="1005" name="tmp_1_reg_381">
<pin_list>
<pin id="382" dir="0" index="0" bw="2" slack="73"/>
<pin id="383" dir="1" index="1" bw="2" slack="73"/>
</pin_list>
<bind>
<opset="tmp_1 "/>
</bind>
</comp>

<comp id="386" class="1005" name="trunc_ln171_5_reg_386">
<pin_list>
<pin id="387" dir="0" index="0" bw="58" slack="1"/>
<pin id="388" dir="1" index="1" bw="58" slack="1"/>
</pin_list>
<bind>
<opset="trunc_ln171_5 "/>
</bind>
</comp>

<comp id="391" class="1005" name="gmem_addr_reg_391">
<pin_list>
<pin id="392" dir="0" index="0" bw="512" slack="1"/>
<pin id="393" dir="1" index="1" bw="512" slack="1"/>
</pin_list>
<bind>
<opset="gmem_addr "/>
</bind>
</comp>

<comp id="397" class="1005" name="gmem_addr_read_reg_397">
<pin_list>
<pin id="398" dir="0" index="0" bw="512" slack="1"/>
<pin id="399" dir="1" index="1" bw="512" slack="1"/>
</pin_list>
<bind>
<opset="gmem_addr_read "/>
</bind>
</comp>

</comp_list>

<net_list>
<net id="99"><net_src comp="10" pin="0"/><net_sink comp="96" pin=0"/></net>

<net id="103"><net_src comp="10" pin="0"/><net_sink comp="100" pin=0"/></net>

<net id="107"><net_src comp="10" pin="0"/><net_sink comp="104" pin=0"/></net>

<net id="112"><net_src comp="30" pin="0"/><net_sink comp="108" pin=0"/></net>

<net id="113"><net_src comp="6" pin="0"/><net_sink comp="108" pin=1"/></net>

<net id="118"><net_src comp="32" pin="0"/><net_sink comp="114" pin=0"/></net>

<net id="119"><net_src comp="4" pin="0"/><net_sink comp="114" pin=1"/></net>

<net id="124"><net_src comp="34" pin="0"/><net_sink comp="120" pin=0"/></net>

<net id="125"><net_src comp="2" pin="0"/><net_sink comp="120" pin=1"/></net>

<net id="131"><net_src comp="68" pin="0"/><net_sink comp="126" pin=0"/></net>

<net id="132"><net_src comp="10" pin="0"/><net_sink comp="126" pin=2"/></net>

<net id="137"><net_src comp="70" pin="0"/><net_sink comp="133" pin=0"/></net>

<net id="143"><net_src comp="94" pin="0"/><net_sink comp="138" pin=0"/></net>

<net id="144"><net_src comp="8" pin="0"/><net_sink comp="138" pin=1"/></net>

<net id="158"><net_src comp="36" pin="0"/><net_sink comp="154" pin=0"/></net>

<net id="163"><net_src comp="38" pin="0"/><net_sink comp="159" pin=0"/></net>

<net id="171"><net_src comp="164" pin="1"/><net_sink comp="167" pin=0"/></net>

<net id="172"><net_src comp="46" pin="0"/><net_sink comp="167" pin=1"/></net>

<net id="177"><net_src comp="164" pin="1"/><net_sink comp="173" pin=0"/></net>

<net id="178"><net_src comp="48" pin="0"/><net_sink comp="173" pin=1"/></net>

<net id="182"><net_src comp="164" pin="1"/><net_sink comp="179" pin=0"/></net>

<net id="189"><net_src comp="50" pin="0"/><net_sink comp="183" pin=0"/></net>

<net id="190"><net_src comp="164" pin="1"/><net_sink comp="183" pin=1"/></net>

<net id="191"><net_src comp="10" pin="0"/><net_sink comp="183" pin=2"/></net>

<net id="192"><net_src comp="52" pin="0"/><net_sink comp="183" pin=3"/></net>

<net id="198"><net_src comp="54" pin="0"/><net_sink comp="193" pin=0"/></net>

<net id="199"><net_src comp="183" pin="4"/><net_sink comp="193" pin=1"/></net>

<net id="200"><net_src comp="56" pin="0"/><net_sink comp="193" pin=2"/></net>

<net id="204"><net_src comp="193" pin="3"/><net_sink comp="201" pin=0"/></net>

<net id="211"><net_src comp="58" pin="0"/><net_sink comp="205" pin=0"/></net>

<net id="212"><net_src comp="164" pin="1"/><net_sink comp="205" pin=1"/></net>

<net id="213"><net_src comp="10" pin="0"/><net_sink comp="205" pin=2"/></net>

<net id="214"><net_src comp="60" pin="0"/><net_sink comp="205" pin=3"/></net>

<net id="219"><net_src comp="201" pin="1"/><net_sink comp="215" pin=0"/></net>

<net id="220"><net_src comp="114" pin="2"/><net_sink comp="215" pin=1"/></net>

<net id="227"><net_src comp="62" pin="0"/><net_sink comp="221" pin=0"/></net>

<net id="228"><net_src comp="215" pin="2"/><net_sink comp="221" pin=1"/></net>

<net id="229"><net_src comp="64" pin="0"/><net_sink comp="221" pin=2"/></net>

<net id="230"><net_src comp="66" pin="0"/><net_sink comp="221" pin=3"/></net>

<net id="235"><net_src comp="173" pin="2"/><net_sink comp="231" pin=0"/></net>

<net id="243"><net_src comp="0" pin="0"/><net_sink comp="239" pin=0"/></net>

<net id="244"><net_src comp="236" pin="1"/><net_sink comp="239" pin=1"/></net>

<net id="245"><net_src comp="239" pin="2"/><net_sink comp="126" pin=1"/></net>

<net id="252"><net_src comp="246" pin="1"/><net_sink comp="249" pin=0"/></net>

<net id="253"><net_src comp="249" pin="1"/><net_sink comp="148" pin=2"/></net>

<net id="259"><net_src comp="80" pin="0"/><net_sink comp="254" pin=0"/></net>

<net id="260"><net_src comp="56" pin="0"/><net_sink comp="254" pin=2"/></net>

<net id="265"><net_src comp="254" pin="3"/><net_sink comp="261" pin=0"/></net>

<net id="271"><net_src comp="82" pin="0"/><net_sink comp="266" pin=0"/></net>

<net id="272"><net_src comp="261" pin="2"/><net_sink comp="266" pin=1"/></net>

<net id="273"><net_src comp="84" pin="0"/><net_sink comp="266" pin=2"/></net>

<net id="277"><net_src comp="266" pin="3"/><net_sink comp="274" pin=0"/></net>

<net id="282"><net_src comp="274" pin="1"/><net_sink comp="278" pin=1"/></net>

<net id="286"><net_src comp="278" pin="2"/><net_sink comp="283" pin=0"/></net>

<net id="287"><net_src comp="283" pin="1"/><net_sink comp="148" pin=0"/></net>

<net id="297"><net_src comp="86" pin="0"/><net_sink comp="291" pin=0"/></net>

<net id="298"><net_src comp="148" pin="4"/><net_sink comp="291" pin=1"/></net>

<net id="299"><net_src comp="20" pin="0"/><net_sink comp="291" pin=2"/></net>

<net id="300"><net_src comp="88" pin="0"/><net_sink comp="291" pin=3"/></net>

<net id="304"><net_src comp="148" pin="4"/><net_sink comp="301" pin=0"/></net>

<net id="309"><net_src comp="301" pin="1"/><net_sink comp="305" pin=0"/></net>

<net id="316"><net_src comp="90" pin="0"/><net_sink comp="310" pin=0"/></net>

<net id="317"><net_src comp="148" pin="4"/><net_sink comp="310" pin=1"/></net>

<net id="318"><net_src comp="92" pin="0"/><net_sink comp="310" pin=2"/></net>

<net id="319"><net_src comp="66" pin="0"/><net_sink comp="310" pin=3"/></net>

<net id="325"><net_src comp="305" pin="2"/><net_sink comp="320" pin=0"/></net>

<net id="326"><net_src comp="310" pin="4"/><net_sink comp="320" pin=1"/></net>

<net id="327"><net_src comp="288" pin="1"/><net_sink comp="320" pin=2"/></net>

<net id="332"><net_src comp="320" pin="3"/><net_sink comp="328" pin=0"/></net>

<net id="337"><net_src comp="291" pin="4"/><net_sink comp="333" pin=0"/></net>

<net id="341"><net_src comp="338" pin="1"/><net_sink comp="138" pin=2"/></net>

<net id="345"><net_src comp="96" pin="1"/><net_sink comp="342" pin=0"/></net>

<net id="346"><net_src comp="342" pin="1"/><net_sink comp="159" pin=1"/></net>

<net id="347"><net_src comp="342" pin="1"/><net_sink comp="246" pin=0"/></net>

<net id="348"><net_src comp="342" pin="1"/><net_sink comp="333" pin=1"/></net>

<net id="352"><net_src comp="100" pin="1"/><net_sink comp="349" pin=0"/></net>

<net id="353"><net_src comp="349" pin="1"/><net_sink comp="288" pin=0"/></net>

<net id="354"><net_src comp="349" pin="1"/><net_sink comp="328" pin=1"/></net>

<net id="355"><net_src comp="349" pin="1"/><net_sink comp="338" pin=0"/></net>

<net id="359"><net_src comp="104" pin="1"/><net_sink comp="356" pin=0"/></net>

<net id="360"><net_src comp="356" pin="1"/><net_sink comp="154" pin=1"/></net>

<net id="361"><net_src comp="356" pin="1"/><net_sink comp="164" pin=0"/></net>

<net id="362"><net_src comp="356" pin="1"/><net_sink comp="231" pin=1"/></net>

<net id="366"><net_src comp="108" pin="2"/><net_sink comp="363" pin=0"/></net>

<net id="367"><net_src comp="363" pin="1"/><net_sink comp="261" pin=1"/></net>

<net id="371"><net_src comp="120" pin="2"/><net_sink comp="368" pin=0"/></net>

<net id="372"><net_src comp="368" pin="1"/><net_sink comp="305" pin=1"/></net>

<net id="376"><net_src comp="167" pin="2"/><net_sink comp="373" pin=0"/></net>

<net id="380"><net_src comp="179" pin="1"/><net_sink comp="377" pin=0"/></net>

<net id="384"><net_src comp="205" pin="4"/><net_sink comp="381" pin=0"/></net>

<net id="385"><net_src comp="381" pin="1"/><net_sink comp="254" pin=1"/></net>

<net id="389"><net_src comp="221" pin="4"/><net_sink comp="386" pin=0"/></net>

<net id="390"><net_src comp="386" pin="1"/><net_sink comp="236" pin=0"/></net>

<net id="394"><net_src comp="239" pin="2"/><net_sink comp="391" pin=0"/></net>

<net id="395"><net_src comp="391" pin="1"/><net_sink comp="126" pin=1"/></net>

<net id="396"><net_src comp="391" pin="1"/><net_sink comp="133" pin=1"/></net>

<net id="400"><net_src comp="133" pin="2"/><net_sink comp="397" pin=0"/></net>

<net id="401"><net_src comp="397" pin="1"/><net_sink comp="278" pin=0"/></net>

</net_list>

</model> 
---------------- Datapath Model END ------------------

* FSMD analyzer results:
  - Output states:
	Port: upri_out | {73 }
 - Input state : 
	Port: process_data_Pipeline_VITIS_LOOP_169_1 : gmem | {2 3 4 5 6 7 8 9 10 11 12 13 14 15 16 17 18 19 20 21 22 23 24 25 26 27 28 29 30 31 32 33 34 35 36 37 38 39 40 41 42 43 44 45 46 47 48 49 50 51 52 53 54 55 56 57 58 59 60 61 62 63 64 65 66 67 68 69 70 71 72 73 }
	Port: process_data_Pipeline_VITIS_LOOP_169_1 : crate | {1 }
	Port: process_data_Pipeline_VITIS_LOOP_169_1 : chanmap_fUprightFromCrate | {1 }
	Port: process_data_Pipeline_VITIS_LOOP_169_1 : trunc_ln3 | {1 }
  - Chain level:
	State 1
		store_ln0 : 1
		store_ln0 : 1
		i : 1
		icmp_ln169 : 2
		add_ln169 : 2
		br_ln169 : 3
		empty_92 : 2
		tmp_s : 2
		and_ln : 3
		zext_ln171 : 4
		tmp_1 : 2
		add_ln171 : 5
		trunc_ln171_5 : 6
		store_ln169 : 3
	State 2
		gmem_addr : 1
		gmem_load_2_req : 2
	State 3
	State 4
	State 5
	State 6
	State 7
	State 8
	State 9
	State 10
	State 11
	State 12
	State 13
	State 14
	State 15
	State 16
	State 17
	State 18
	State 19
	State 20
	State 21
	State 22
	State 23
	State 24
	State 25
	State 26
	State 27
	State 28
	State 29
	State 30
	State 31
	State 32
	State 33
	State 34
	State 35
	State 36
	State 37
	State 38
	State 39
	State 40
	State 41
	State 42
	State 43
	State 44
	State 45
	State 46
	State 47
	State 48
	State 49
	State 50
	State 51
	State 52
	State 53
	State 54
	State 55
	State 56
	State 57
	State 58
	State 59
	State 60
	State 61
	State 62
	State 63
	State 64
	State 65
	State 66
	State 67
	State 68
	State 69
	State 70
	State 71
	State 72
	State 73
		write_ln0 : 1
	State 74
		shiftreg_cast : 1
		add_ln171_1 : 1
		shl_ln171_1 : 2
		zext_ln171_1 : 3
		lshr_ln171 : 4
		trunc_ln171 : 5
		empty : 6
		trunc_ln171_6 : 7
		trunc_ln171_1 : 7
		icmp_ln171 : 8
		upri_1 : 7
		upri_2 : 9
		store_ln169 : 10
		store_ln169 : 8


============================================================
+ Verbose Summary: Datapath Resource usage 
============================================================

* Functional unit list:
|----------|--------------------------------------------|---------|---------|
| Operation|               Functional Unit              |    FF   |   LUT   |
|----------|--------------------------------------------|---------|---------|
|   lshr   |              lshr_ln171_fu_278             |    0    |   2171  |
|----------|--------------------------------------------|---------|---------|
|          |              add_ln169_fu_173              |    0    |    15   |
|    add   |              add_ln171_fu_215              |    0    |    71   |
|          |             add_ln171_1_fu_261             |    0    |    13   |
|----------|--------------------------------------------|---------|---------|
|   icmp   |              icmp_ln169_fu_167             |    0    |    15   |
|          |              icmp_ln171_fu_305             |    0    |    39   |
|----------|--------------------------------------------|---------|---------|
|  select  |                upri_2_fu_320               |    0    |    32   |
|----------|--------------------------------------------|---------|---------|
|          |         trunc_ln3_read_read_fu_108         |    0    |    0    |
|   read   | chanmap_fUprightFromCrate_read_read_fu_114 |    0    |    0    |
|          |           crate_read_read_fu_120           |    0    |    0    |
|          |         gmem_addr_read_read_fu_133         |    0    |    0    |
|----------|--------------------------------------------|---------|---------|
|  readreq |             grp_readreq_fu_126             |    0    |    0    |
|----------|--------------------------------------------|---------|---------|
|   write  |           write_ln0_write_fu_138           |    0    |    0    |
|----------|--------------------------------------------|---------|---------|
|          |               empty_92_fu_179              |    0    |    0    |
|   trunc  |             trunc_ln171_fu_283             |    0    |    0    |
|          |            trunc_ln171_1_fu_301            |    0    |    0    |
|----------|--------------------------------------------|---------|---------|
|          |                tmp_s_fu_183                |    0    |    0    |
|          |                tmp_1_fu_205                |    0    |    0    |
|partselect|            trunc_ln171_5_fu_221            |    0    |    0    |
|          |            trunc_ln171_6_fu_291            |    0    |    0    |
|          |                upri_1_fu_310               |    0    |    0    |
|----------|--------------------------------------------|---------|---------|
|          |                and_ln_fu_193               |    0    |    0    |
|bitconcatenate|             and_ln171_1_fu_254             |    0    |    0    |
|          |             shl_ln171_1_fu_266             |    0    |    0    |
|----------|--------------------------------------------|---------|---------|
|          |              zext_ln171_fu_201             |    0    |    0    |
|   zext   |            shiftreg_cast_fu_249            |    0    |    0    |
|          |             zext_ln171_1_fu_274            |    0    |    0    |
|----------|--------------------------------------------|---------|---------|
|   sext   |              sext_ln171_fu_236             |    0    |    0    |
|----------|--------------------------------------------|---------|---------|
|   Total  |                                            |    0    |   2356  |
|----------|--------------------------------------------|---------|---------|

Memories:
N/A

* Register list:
+----------------------+--------+
|                      |   FF   |
+----------------------+--------+
|  crate_read_reg_368  |   32   |
|   empty_92_reg_377   |    1   |
|     empty_reg_145    |   128  |
|gmem_addr_read_reg_397|   512  |
|   gmem_addr_reg_391  |   512  |
|      i_2_reg_356     |    8   |
|  icmp_ln169_reg_373  |    1   |
|   shiftreg_reg_342   |   64   |
|     tmp_1_reg_381    |    2   |
| trunc_ln171_5_reg_386|   58   |
|trunc_ln3_read_reg_363|    6   |
|     upri_reg_349     |   32   |
+----------------------+--------+
|         Total        |  1356  |
+----------------------+--------+

* Multiplexer (MUX) list: 
|--------------------|------|------|------|--------||---------||---------|
|        Comp        |  Pin | Size |  BW  | S x BW ||  Delay  ||   LUT   |
|--------------------|------|------|------|--------||---------||---------|
| grp_readreq_fu_126 |  p1  |   2  |  512 |  1024  ||    9    |
|--------------------|------|------|------|--------||---------||---------|
|        Total       |      |      |      |  1024  ||   0.46  ||    9    |
|--------------------|------|------|------|--------||---------||---------|



* Summary:
+-----------+--------+--------+--------+
|           |  Delay |   FF   |   LUT  |
+-----------+--------+--------+--------+
|  Function |    -   |    0   |  2356  |
|   Memory  |    -   |    -   |    -   |
|Multiplexer|    0   |    -   |    9   |
|  Register |    -   |  1356  |    -   |
+-----------+--------+--------+--------+
|   Total   |    0   |  1356  |  2365  |
+-----------+--------+--------+--------+
