

================================================================
== Vitis HLS Report for 'process_data_Pipeline_VITIS_LOOP_941_8_VITIS_LOOP_943_9'
================================================================
* Date:           Tue Aug  8 12:26:49 2023

* Version:        2023.1 (Build 3854077 on May  4 2023)
* Project:        processapa
* Solution:       solution1 (Vitis Kernel Flow Target)
* Product family: virtexuplus
* Target device:  xcvu11p-flga2577-1-e


================================================================
== Performance Estimates
================================================================
+ Timing: 
    * Summary: 
    +--------+----------+----------+------------+
    |  Clock |  Target  | Estimated| Uncertainty|
    +--------+----------+----------+------------+
    |ap_clk  |  10.00 ns|  3.399 ns|     2.70 ns|
    +--------+----------+----------+------------+

+ Latency: 
    * Summary: 
    +---------+---------+----------+----------+-------+-------+---------+
    |  Latency (cycles) |  Latency (absolute) |    Interval   | Pipeline|
    |   min   |   max   |    min   |    max   |  min  |  max  |   Type  |
    +---------+---------+----------+----------+-------+-------+---------+
    |    61445|    61445|  0.614 ms|  0.614 ms|  61445|  61445|       no|
    +---------+---------+----------+----------+-------+-------+---------+

    + Detail: 
        * Instance: 
        N/A

        * Loop: 
        +-------------------------------------+---------+---------+----------+-----------+-----------+-------+----------+
        |                                     |  Latency (cycles) | Iteration|  Initiation Interval  |  Trip |          |
        |              Loop Name              |   min   |   max   |  Latency |  achieved |   target  | Count | Pipelined|
        +-------------------------------------+---------+---------+----------+-----------+-----------+-------+----------+
        |- VITIS_LOOP_941_8_VITIS_LOOP_943_9  |    61443|    61443|         5|          1|          1|  61440|       yes|
        +-------------------------------------+---------+---------+----------+-----------+-----------+-------+----------+

============================================================
+ Verbose Summary: Synthesis Manager
============================================================
InlineROM: 1
ExposeGlobal: 0
============================================================
+ Verbose Summary: CDFG Model
============================================================
IsTopModel: 0
ResetActiveHigh: 1
IsCombinational: 0
IsDatapathOnly: 0
HasWiredReturn: 1
HasMFsm: 2
HasVarLatency: 1
IsPipeline: 0
IsRtlPipelined: 0
IsInstanceOverlapped: 0
IsDontTouch: 0
HasImplIP: 0
IsGatedGlobalClock: 0

+ Individual pipeline summary: 
  * Pipeline-0: initiation interval (II) = 1, depth = 6


============================================================
+ Verbose Summary: Schedule
============================================================
* Number of FSM states : 6
* Pipeline : 1
  Pipeline-0 : II = 1, D = 6, States = { 1 2 3 4 5 6 }
* Dataflow Pipeline: 0

* FSM state transitions: 
1 --> 2 
2 --> 3 
3 --> 4 
4 --> 5 
5 --> 6 
6 --> 

* FSM state operations: 

State 1 <SV = 0> <Delay = 0.46>
ST_1 : Operation 8 [1/1] (0.00ns)   --->   "%k = alloca i32 1"   --->   Operation 8 'alloca' 'k' <Predicate = true> <Delay = 0.00>
ST_1 : Operation 9 [1/1] (0.00ns)   --->   "%j = alloca i32 1"   --->   Operation 9 'alloca' 'j' <Predicate = true> <Delay = 0.00>
ST_1 : Operation 10 [1/1] (0.00ns)   --->   "%indvar_flatten13 = alloca i32 1"   --->   Operation 10 'alloca' 'indvar_flatten13' <Predicate = true> <Delay = 0.00>
ST_1 : Operation 11 [1/1] (0.00ns)   --->   "%specinterface_ln0 = specinterface void @_ssdm_op_SpecInterface, i15 %zero_padding2d_input, void @empty, i32 0, i32 0, void @empty_5, i32 0, i32 0, void @empty_5, void @empty_5, void @empty_5, i32 0, i32 0, i32 0, i32 0, void @empty_5, void @empty_5, i32 4294967295, i32 0"   --->   Operation 11 'specinterface' 'specinterface_ln0' <Predicate = true> <Delay = 0.00>
ST_1 : Operation 12 [1/1] (0.00ns)   --->   "%i_read = read i13 @_ssdm_op_Read.ap_auto.i13, i13 %i"   --->   Operation 12 'read' 'i_read' <Predicate = true> <Delay = 0.00>
ST_1 : Operation 13 [1/1] (0.46ns)   --->   "%store_ln0 = store i16 0, i16 %indvar_flatten13"   --->   Operation 13 'store' 'store_ln0' <Predicate = true> <Delay = 0.46>
ST_1 : Operation 14 [1/1] (0.46ns)   --->   "%store_ln0 = store i9 0, i9 %j"   --->   Operation 14 'store' 'store_ln0' <Predicate = true> <Delay = 0.46>
ST_1 : Operation 15 [1/1] (0.46ns)   --->   "%store_ln0 = store i8 0, i8 %k"   --->   Operation 15 'store' 'store_ln0' <Predicate = true> <Delay = 0.46>
ST_1 : Operation 16 [1/1] (0.00ns)   --->   "%br_ln0 = br void %for.body2301"   --->   Operation 16 'br' 'br_ln0' <Predicate = true> <Delay = 0.00>

State 2 <SV = 1> <Delay = 2.60>
ST_2 : Operation 17 [1/1] (0.00ns)   --->   "%indvar_flatten13_load = load i16 %indvar_flatten13" [kernel.cpp:941]   --->   Operation 17 'load' 'indvar_flatten13_load' <Predicate = true> <Delay = 0.00>
ST_2 : Operation 18 [1/1] (0.00ns)   --->   "%specpipeline_ln0 = specpipeline void @_ssdm_op_SpecPipeline, i32 4294967295, i32 0, i32 1, i32 0, void @p_str"   --->   Operation 18 'specpipeline' 'specpipeline_ln0' <Predicate = true> <Delay = 0.00>
ST_2 : Operation 19 [1/1] (1.12ns)   --->   "%icmp_ln941 = icmp_eq  i16 %indvar_flatten13_load, i16 61440" [kernel.cpp:941]   --->   Operation 19 'icmp' 'icmp_ln941' <Predicate = true> <Delay = 1.12> <CoreInst = "Cmp">   --->   Core 9 'Cmp' <Latency = 0> <II = 1> <Delay = 1.12> <FuncUnit> <Opcode : 'icmp'> <InPorts = 2> <OutPorts = 1>
ST_2 : Operation 20 [1/1] (1.12ns)   --->   "%add_ln941 = add i16 %indvar_flatten13_load, i16 1" [kernel.cpp:941]   --->   Operation 20 'add' 'add_ln941' <Predicate = true> <Delay = 1.12> <CoreInst = "Adder">   --->   Core 1 'Adder' <Latency = 0> <II = 1> <Delay = 1.12> <FuncUnit> <Opcode : 'add' 'sub'> <InPorts = 2> <OutPorts = 1>
ST_2 : Operation 21 [1/1] (0.00ns)   --->   "%br_ln941 = br i1 %icmp_ln941, void %for.inc2313, void %VITIS_LOOP_954_10.exitStub" [kernel.cpp:941]   --->   Operation 21 'br' 'br_ln941' <Predicate = true> <Delay = 0.00>
ST_2 : Operation 22 [1/1] (0.00ns)   --->   "%k_load = load i8 %k" [kernel.cpp:943]   --->   Operation 22 'load' 'k_load' <Predicate = (!icmp_ln941)> <Delay = 0.00>
ST_2 : Operation 23 [1/1] (0.00ns)   --->   "%j_load = load i9 %j" [kernel.cpp:941]   --->   Operation 23 'load' 'j_load' <Predicate = (!icmp_ln941)> <Delay = 0.00>
ST_2 : Operation 24 [1/1] (0.90ns)   --->   "%add_ln941_1 = add i9 %j_load, i9 1" [kernel.cpp:941]   --->   Operation 24 'add' 'add_ln941_1' <Predicate = (!icmp_ln941)> <Delay = 0.90> <CoreInst = "Adder">   --->   Core 1 'Adder' <Latency = 0> <II = 1> <Delay = 0.90> <FuncUnit> <Opcode : 'add' 'sub'> <InPorts = 2> <OutPorts = 1>
ST_2 : Operation 25 [1/1] (0.87ns)   --->   "%icmp_ln943 = icmp_eq  i8 %k_load, i8 128" [kernel.cpp:943]   --->   Operation 25 'icmp' 'icmp_ln943' <Predicate = (!icmp_ln941)> <Delay = 0.87> <CoreInst = "Cmp">   --->   Core 9 'Cmp' <Latency = 0> <II = 1> <Delay = 0.87> <FuncUnit> <Opcode : 'icmp'> <InPorts = 2> <OutPorts = 1>
ST_2 : Operation 26 [1/1] (0.40ns)   --->   "%select_ln941 = select i1 %icmp_ln943, i8 0, i8 %k_load" [kernel.cpp:941]   --->   Operation 26 'select' 'select_ln941' <Predicate = (!icmp_ln941)> <Delay = 0.40> <CoreInst = "Sel">   --->   Core 73 'Sel' <Latency = 0> <II = 1> <Delay = 0.40> <FuncUnit> <Opcode : 'select'> <InPorts = 3> <OutPorts = 1>
ST_2 : Operation 27 [1/1] (0.38ns)   --->   "%select_ln941_1 = select i1 %icmp_ln943, i9 %add_ln941_1, i9 %j_load" [kernel.cpp:941]   --->   Operation 27 'select' 'select_ln941_1' <Predicate = (!icmp_ln941)> <Delay = 0.38> <CoreInst = "Sel">   --->   Core 73 'Sel' <Latency = 0> <II = 1> <Delay = 0.38> <FuncUnit> <Opcode : 'select'> <InPorts = 3> <OutPorts = 1>
ST_2 : Operation 28 [1/1] (0.00ns)   --->   "%zext_ln945 = zext i9 %select_ln941_1" [kernel.cpp:945]   --->   Operation 28 'zext' 'zext_ln945' <Predicate = (!icmp_ln941)> <Delay = 0.00>
ST_2 : Operation 29 [3/3] (1.08ns) (grouped into DSP with root node add_ln945_1)   --->   "%mul_ln945 = mul i22 %zext_ln945, i22 6000" [kernel.cpp:945]   --->   Operation 29 'mul' 'mul_ln945' <Predicate = (!icmp_ln941)> <Delay = 1.08> <CoreInst = "DSP48">   --->   Core 127 'DSP48' <Latency = 3> <II = 1> <Delay = 0.69> <IPBlock> <Opcode : '<invalid operator> ' 'mul' 'add' 'sub' 'select'> <InPorts = 0> <OutPorts = 1> <Sync> <CReg>
ST_2 : Operation 30 [1/1] (0.87ns)   --->   "%add_ln943 = add i8 %select_ln941, i8 1" [kernel.cpp:943]   --->   Operation 30 'add' 'add_ln943' <Predicate = (!icmp_ln941)> <Delay = 0.87> <CoreInst = "Adder">   --->   Core 1 'Adder' <Latency = 0> <II = 1> <Delay = 0.87> <FuncUnit> <Opcode : 'add' 'sub'> <InPorts = 2> <OutPorts = 1>
ST_2 : Operation 31 [1/1] (0.46ns)   --->   "%store_ln943 = store i16 %add_ln941, i16 %indvar_flatten13" [kernel.cpp:943]   --->   Operation 31 'store' 'store_ln943' <Predicate = (!icmp_ln941)> <Delay = 0.46>
ST_2 : Operation 32 [1/1] (0.46ns)   --->   "%store_ln943 = store i9 %select_ln941_1, i9 %j" [kernel.cpp:943]   --->   Operation 32 'store' 'store_ln943' <Predicate = (!icmp_ln941)> <Delay = 0.46>
ST_2 : Operation 33 [1/1] (0.46ns)   --->   "%store_ln943 = store i8 %add_ln943, i8 %k" [kernel.cpp:943]   --->   Operation 33 'store' 'store_ln943' <Predicate = (!icmp_ln941)> <Delay = 0.46>

State 3 <SV = 2> <Delay = 1.08>
ST_3 : Operation 34 [2/3] (1.08ns) (grouped into DSP with root node add_ln945_1)   --->   "%mul_ln945 = mul i22 %zext_ln945, i22 6000" [kernel.cpp:945]   --->   Operation 34 'mul' 'mul_ln945' <Predicate = true> <Delay = 1.08> <CoreInst = "DSP48">   --->   Core 127 'DSP48' <Latency = 3> <II = 1> <Delay = 0.69> <IPBlock> <Opcode : '<invalid operator> ' 'mul' 'add' 'sub' 'select'> <InPorts = 0> <OutPorts = 1> <Sync> <CReg>

State 4 <SV = 3> <Delay = 1.85>
ST_4 : Operation 35 [1/3] (0.00ns) (grouped into DSP with root node add_ln945_1)   --->   "%mul_ln945 = mul i22 %zext_ln945, i22 6000" [kernel.cpp:945]   --->   Operation 35 'mul' 'mul_ln945' <Predicate = true> <Delay = 0.00> <CoreInst = "DSP48">   --->   Core 127 'DSP48' <Latency = 3> <II = 1> <Delay = 0.69> <IPBlock> <Opcode : '<invalid operator> ' 'mul' 'add' 'sub' 'select'> <InPorts = 0> <OutPorts = 1> <Sync> <CReg>
ST_4 : Operation 36 [1/1] (0.00ns)   --->   "%k_1_cast = zext i8 %select_ln941" [kernel.cpp:941]   --->   Operation 36 'zext' 'k_1_cast' <Predicate = true> <Delay = 0.00>
ST_4 : Operation 37 [1/1] (1.02ns)   --->   "%add_ln945 = add i13 %i_read, i13 %k_1_cast" [kernel.cpp:945]   --->   Operation 37 'add' 'add_ln945' <Predicate = true> <Delay = 1.02> <CoreInst = "Adder">   --->   Core 1 'Adder' <Latency = 0> <II = 1> <Delay = 1.02> <FuncUnit> <Opcode : 'add' 'sub'> <InPorts = 2> <OutPorts = 1>
ST_4 : Operation 38 [1/1] (0.00ns)   --->   "%zext_ln945_1 = zext i13 %add_ln945" [kernel.cpp:945]   --->   Operation 38 'zext' 'zext_ln945_1' <Predicate = true> <Delay = 0.00>
ST_4 : Operation 39 [2/2] (0.83ns) (root node of the DSP)   --->   "%add_ln945_1 = add i22 %mul_ln945, i22 %zext_ln945_1" [kernel.cpp:945]   --->   Operation 39 'add' 'add_ln945_1' <Predicate = true> <Delay = 0.83> <CoreInst = "DSP48">   --->   Core 127 'DSP48' <Latency = 3> <II = 1> <Delay = 0.69> <IPBlock> <Opcode : '<invalid operator> ' 'mul' 'add' 'sub' 'select'> <InPorts = 0> <OutPorts = 1> <Sync> <CReg>

State 5 <SV = 4> <Delay = 2.12>
ST_5 : Operation 40 [1/2] (0.83ns) (root node of the DSP)   --->   "%add_ln945_1 = add i22 %mul_ln945, i22 %zext_ln945_1" [kernel.cpp:945]   --->   Operation 40 'add' 'add_ln945_1' <Predicate = true> <Delay = 0.83> <CoreInst = "DSP48">   --->   Core 127 'DSP48' <Latency = 3> <II = 1> <Delay = 0.69> <IPBlock> <Opcode : '<invalid operator> ' 'mul' 'add' 'sub' 'select'> <InPorts = 0> <OutPorts = 1> <Sync> <CReg>
ST_5 : Operation 41 [1/1] (0.00ns)   --->   "%zext_ln945_2 = zext i22 %add_ln945_1" [kernel.cpp:945]   --->   Operation 41 'zext' 'zext_ln945_2' <Predicate = true> <Delay = 0.00>
ST_5 : Operation 42 [1/1] (0.00ns)   --->   "%planes2_addr = getelementptr i15 %planes2, i64 0, i64 %zext_ln945_2" [kernel.cpp:945]   --->   Operation 42 'getelementptr' 'planes2_addr' <Predicate = true> <Delay = 0.00>
ST_5 : Operation 43 [2/2] (1.29ns)   --->   "%fill = load i22 %planes2_addr" [kernel.cpp:946]   --->   Operation 43 'load' 'fill' <Predicate = true> <Delay = 1.29> <CoreInst = "RAM">   --->   Core 83 'RAM' <Latency = 1> <II = 1> <Delay = 1.29> <Storage> <Opcode : 'load' 'store'> <Ports = 2> <Width = 15> <Depth = 2880000> <RAM>
ST_5 : Operation 51 [1/1] (0.00ns)   --->   "%ret_ln0 = ret"   --->   Operation 51 'ret' 'ret_ln0' <Predicate = (icmp_ln941)> <Delay = 0.00>

State 6 <SV = 5> <Delay = 3.39>
ST_6 : Operation 44 [1/1] (0.00ns)   --->   "%specloopname_ln0 = specloopname void @_ssdm_op_SpecLoopName, void @VITIS_LOOP_941_8_VITIS_LOOP_943_9_str"   --->   Operation 44 'specloopname' 'specloopname_ln0' <Predicate = true> <Delay = 0.00>
ST_6 : Operation 45 [1/1] (0.00ns)   --->   "%speclooptripcount_ln0 = speclooptripcount void @_ssdm_op_SpecLoopTripCount, i64 61440, i64 61440, i64 61440"   --->   Operation 45 'speclooptripcount' 'speclooptripcount_ln0' <Predicate = true> <Delay = 0.00>
ST_6 : Operation 46 [1/1] (0.00ns)   --->   "%specpipeline_ln0 = specpipeline void @_ssdm_op_SpecPipeline, i32 4294967295, i32 0, i32 1, i32 0, void @p_str"   --->   Operation 46 'specpipeline' 'specpipeline_ln0' <Predicate = true> <Delay = 0.00>
ST_6 : Operation 47 [1/1] (0.00ns)   --->   "%specloopname_ln943 = specloopname void @_ssdm_op_SpecLoopName, void @empty_40" [kernel.cpp:943]   --->   Operation 47 'specloopname' 'specloopname_ln943' <Predicate = true> <Delay = 0.00>
ST_6 : Operation 48 [1/2] (1.29ns)   --->   "%fill = load i22 %planes2_addr" [kernel.cpp:946]   --->   Operation 48 'load' 'fill' <Predicate = true> <Delay = 1.29> <CoreInst = "RAM">   --->   Core 83 'RAM' <Latency = 1> <II = 1> <Delay = 1.29> <Storage> <Opcode : 'load' 'store'> <Ports = 2> <Width = 15> <Depth = 2880000> <RAM>
ST_6 : Operation 49 [1/1] (2.10ns)   --->   "%write_ln947 = write void @_ssdm_op_Write.ap_fifo.volatile.i15P0A, i15 %zero_padding2d_input, i15 %fill" [kernel.cpp:947]   --->   Operation 49 'write' 'write_ln947' <Predicate = true> <Delay = 2.10> <CoreInst = "FIFO_SRL">   --->   Core 81 'FIFO_SRL' <Latency = 0> <II = 1> <Delay = 2.10> <Storage> <Opcode : 'read' 'write' 'nbread' 'nbwrite'> <Ports = 0> <Width = 15> <Depth = 2> <FIFO>
ST_6 : Operation 50 [1/1] (0.00ns)   --->   "%br_ln943 = br void %for.body2301" [kernel.cpp:943]   --->   Operation 50 'br' 'br_ln943' <Predicate = true> <Delay = 0.00>


============================================================
+ Verbose Summary: Timing violations
============================================================
Target clock period: 10.000ns, clock uncertainty: 2.700ns.

 <State 1>: 0.460ns
The critical path consists of the following:
	'alloca' operation ('indvar_flatten13') [6]  (0.000 ns)
	'store' operation ('store_ln0') of constant 0 on local variable 'indvar_flatten13' [9]  (0.460 ns)

 <State 2>: 2.602ns
The critical path consists of the following:
	'load' operation ('k_load', kernel.cpp:943) on local variable 'k' [20]  (0.000 ns)
	'icmp' operation ('icmp_ln943', kernel.cpp:943) [25]  (0.871 ns)
	'select' operation ('select_ln941', kernel.cpp:941) [26]  (0.400 ns)
	'add' operation ('add_ln943', kernel.cpp:943) [40]  (0.871 ns)
	'store' operation ('store_ln943', kernel.cpp:943) of variable 'add_ln943', kernel.cpp:943 on local variable 'k' [43]  (0.460 ns)

 <State 3>: 1.088ns
The critical path consists of the following:
	'mul' operation of DSP[35] ('mul_ln945', kernel.cpp:945) [29]  (1.088 ns)

 <State 4>: 1.858ns
The critical path consists of the following:
	'add' operation ('add_ln945', kernel.cpp:945) [33]  (1.027 ns)
	'add' operation of DSP[35] ('add_ln945_1', kernel.cpp:945) [35]  (0.831 ns)

 <State 5>: 2.128ns
The critical path consists of the following:
	'add' operation of DSP[35] ('add_ln945_1', kernel.cpp:945) [35]  (0.831 ns)
	'getelementptr' operation ('planes2_addr', kernel.cpp:945) [37]  (0.000 ns)
	'load' operation ('fill', kernel.cpp:946) on array 'planes2' [38]  (1.297 ns)

 <State 6>: 3.399ns
The critical path consists of the following:
	'load' operation ('fill', kernel.cpp:946) on array 'planes2' [38]  (1.297 ns)
	fifo write operation ('write_ln947', kernel.cpp:947) on port 'zero_padding2d_input' (kernel.cpp:947) [39]  (2.102 ns)


============================================================
+ Verbose Summary: Binding
============================================================
N/A
* FSMD analyzer results:
  - Output states:
 - Input state : 
  - Chain level:
	State 1
	State 2
	State 3
	State 4
	State 5
	State 6


============================================================
+ Verbose Summary: Datapath Resource usage 
============================================================
N/A
