

================================================================
== Vitis HLS Report for 'process_data_Pipeline_VITIS_LOOP_340_6'
================================================================
* Date:           Tue Aug  1 18:02:52 2023

* Version:        2023.1 (Build 3854077 on May  4 2023)
* Project:        processapa
* Solution:       solution1 (Vitis Kernel Flow Target)
* Product family: virtexuplus
* Target device:  xcvu11p-flga2577-1-e


================================================================
== Performance Estimates
================================================================
+ Timing: 
    * Summary: 
    +--------+----------+----------+------------+
    |  Clock |  Target  | Estimated| Uncertainty|
    +--------+----------+----------+------------+
    |ap_clk  |  10.00 ns|  7.300 ns|     2.70 ns|
    +--------+----------+----------+------------+

+ Latency: 
    * Summary: 
    +---------+---------+----------+----------+-----+-----+---------+
    |  Latency (cycles) |  Latency (absolute) |  Interval | Pipeline|
    |   min   |   max   |    min   |    max   | min | max |   Type  |
    +---------+---------+----------+----------+-----+-----+---------+
    |       74|       74|  0.740 us|  0.740 us|   74|   74|       no|
    +---------+---------+----------+----------+-----+-----+---------+

    + Detail: 
        * Instance: 
        N/A

        * Loop: 
        +--------------------+---------+---------+----------+-----------+-----------+------+----------+
        |                    |  Latency (cycles) | Iteration|  Initiation Interval  | Trip |          |
        |      Loop Name     |   min   |   max   |  Latency |  achieved |   target  | Count| Pipelined|
        +--------------------+---------+---------+----------+-----------+-----------+------+----------+
        |- VITIS_LOOP_340_6  |       72|       72|        71|          1|          1|     3|       yes|
        +--------------------+---------+---------+----------+-----------+-----------+------+----------+

============================================================
+ Verbose Summary: Synthesis Manager
============================================================
InlineROM: 1
ExposeGlobal: 0
============================================================
+ Verbose Summary: CDFG Model
============================================================
IsTopModel: 0
ResetActiveHigh: 1
IsCombinational: 0
IsDatapathOnly: 0
HasWiredReturn: 1
HasMFsm: 2
HasVarLatency: 1
IsPipeline: 0
IsRtlPipelined: 0
IsInstanceOverlapped: 0
IsDontTouch: 0
HasImplIP: 0
IsGatedGlobalClock: 0

+ Individual pipeline summary: 
  * Pipeline-0: initiation interval (II) = 1, depth = 71


============================================================
+ Verbose Summary: Schedule
============================================================
* Number of FSM states : 71
* Pipeline : 1
  Pipeline-0 : II = 1, D = 71, States = { 1 2 3 4 5 6 7 8 9 10 11 12 13 14 15 16 17 18 19 20 21 22 23 24 25 26 27 28 29 30 31 32 33 34 35 36 37 38 39 40 41 42 43 44 45 46 47 48 49 50 51 52 53 54 55 56 57 58 59 60 61 62 63 64 65 66 67 68 69 70 71 }
* Dataflow Pipeline: 0

* FSM state transitions: 
1 --> 2 
2 --> 3 
3 --> 4 
4 --> 5 
5 --> 6 
6 --> 7 
7 --> 8 
8 --> 9 
9 --> 10 
10 --> 11 
11 --> 12 
12 --> 13 
13 --> 14 
14 --> 15 
15 --> 16 
16 --> 17 
17 --> 18 
18 --> 19 
19 --> 20 
20 --> 21 
21 --> 22 
22 --> 23 
23 --> 24 
24 --> 25 
25 --> 26 
26 --> 27 
27 --> 28 
28 --> 29 
29 --> 30 
30 --> 31 
31 --> 32 
32 --> 33 
33 --> 34 
34 --> 35 
35 --> 36 
36 --> 37 
37 --> 38 
38 --> 39 
39 --> 40 
40 --> 41 
41 --> 42 
42 --> 43 
43 --> 44 
44 --> 45 
45 --> 46 
46 --> 47 
47 --> 48 
48 --> 49 
49 --> 50 
50 --> 51 
51 --> 52 
52 --> 53 
53 --> 54 
54 --> 55 
55 --> 56 
56 --> 57 
57 --> 58 
58 --> 59 
59 --> 60 
60 --> 61 
61 --> 62 
62 --> 63 
63 --> 64 
64 --> 65 
65 --> 66 
66 --> 67 
67 --> 68 
68 --> 69 
69 --> 70 
70 --> 71 
71 --> 

* FSM state operations: 

State 1 <SV = 0> <Delay = 1.36>
ST_1 : Operation 74 [1/1] (0.00ns)   --->   "%i = alloca i32 1"   --->   Operation 74 'alloca' 'i' <Predicate = true> <Delay = 0.00>
ST_1 : Operation 75 [1/1] (0.00ns)   --->   "%specinterface_ln0 = specinterface void @_ssdm_op_SpecInterface, i512 %gmem, void @empty, i32 0, i32 0, void @empty_21, i32 64, i32 0, void @empty_9, void @empty_39, void @empty_21, i32 16, i32 16, i32 16, i32 16, void @empty_21, void @empty_21, i32 4294967295, i32 0"   --->   Operation 75 'specinterface' 'specinterface_ln0' <Predicate = true> <Delay = 0.00>
ST_1 : Operation 76 [1/1] (0.00ns)   --->   "%trunc_ln342_1_read = read i6 @_ssdm_op_Read.ap_auto.i6, i6 %trunc_ln342_1"   --->   Operation 76 'read' 'trunc_ln342_1_read' <Predicate = true> <Delay = 0.00>
ST_1 : Operation 77 [1/1] (0.00ns)   --->   "%outdata_read = read i64 @_ssdm_op_Read.ap_auto.i64, i64 %outdata"   --->   Operation 77 'read' 'outdata_read' <Predicate = true> <Delay = 0.00>
ST_1 : Operation 78 [1/1] (0.46ns)   --->   "%store_ln0 = store i2 0, i2 %i"   --->   Operation 78 'store' 'store_ln0' <Predicate = true> <Delay = 0.46>
ST_1 : Operation 79 [1/1] (0.00ns)   --->   "%br_ln0 = br void %for.body147"   --->   Operation 79 'br' 'br_ln0' <Predicate = true> <Delay = 0.00>
ST_1 : Operation 80 [1/1] (0.00ns)   --->   "%i_1 = load i2 %i" [kernel.cpp:340]   --->   Operation 80 'load' 'i_1' <Predicate = true> <Delay = 0.00>
ST_1 : Operation 81 [1/1] (0.00ns)   --->   "%specbitsmap_ln0 = specbitsmap void @_ssdm_op_SpecBitsMap, i512 %gmem"   --->   Operation 81 'specbitsmap' 'specbitsmap_ln0' <Predicate = true> <Delay = 0.00>
ST_1 : Operation 82 [1/1] (0.00ns)   --->   "%specpipeline_ln0 = specpipeline void @_ssdm_op_SpecPipeline, i32 4294967295, i32 0, i32 1, i32 0, void @p_str"   --->   Operation 82 'specpipeline' 'specpipeline_ln0' <Predicate = true> <Delay = 0.00>
ST_1 : Operation 83 [1/1] (0.62ns)   --->   "%icmp_ln340 = icmp_eq  i2 %i_1, i2 3" [kernel.cpp:340]   --->   Operation 83 'icmp' 'icmp_ln340' <Predicate = true> <Delay = 0.62> <CoreInst = "Cmp">   --->   Core 9 'Cmp' <Latency = 0> <II = 1> <Delay = 0.62> <FuncUnit> <Opcode : 'icmp'> <InPorts = 2> <OutPorts = 1>
ST_1 : Operation 84 [1/1] (0.62ns)   --->   "%add_ln340 = add i2 %i_1, i2 1" [kernel.cpp:340]   --->   Operation 84 'add' 'add_ln340' <Predicate = true> <Delay = 0.62> <CoreInst = "Adder">   --->   Core 1 'Adder' <Latency = 0> <II = 1> <Delay = 0.62> <FuncUnit> <Opcode : 'add' 'sub'> <InPorts = 2> <OutPorts = 1>
ST_1 : Operation 85 [1/1] (0.00ns)   --->   "%br_ln340 = br i1 %icmp_ln340, void %for.body147.split_ifconv, void %cleanup.cont.loopexit.exitStub" [kernel.cpp:340]   --->   Operation 85 'br' 'br_ln340' <Predicate = true> <Delay = 0.00>
ST_1 : Operation 86 [1/1] (0.00ns)   --->   "%i_cast36 = zext i2 %i_1" [kernel.cpp:340]   --->   Operation 86 'zext' 'i_cast36' <Predicate = (!icmp_ln340)> <Delay = 0.00>
ST_1 : Operation 87 [1/1] (0.00ns)   --->   "%cc_prob_addr = getelementptr i16 %cc_prob, i64 0, i64 %i_cast36" [kernel.cpp:342]   --->   Operation 87 'getelementptr' 'cc_prob_addr' <Predicate = (!icmp_ln340)> <Delay = 0.00>
ST_1 : Operation 88 [2/2] (0.73ns)   --->   "%cc_prob_load = load i2 %cc_prob_addr" [kernel.cpp:342]   --->   Operation 88 'load' 'cc_prob_load' <Predicate = (!icmp_ln340)> <Delay = 0.73> <CoreInst = "RAM">   --->   Core 83 'RAM' <Latency = 1> <II = 1> <Delay = 0.73> <Storage> <Opcode : 'load' 'store'> <Ports = 2> <Width = 16> <Depth = 3> <RAM>
ST_1 : Operation 89 [1/1] (0.00ns)   --->   "%shl_ln = bitconcatenate i4 @_ssdm_op_BitConcatenate.i4.i2.i2, i2 %i_1, i2 0" [kernel.cpp:342]   --->   Operation 89 'bitconcatenate' 'shl_ln' <Predicate = (!icmp_ln340)> <Delay = 0.00>
ST_1 : Operation 90 [1/1] (0.00ns)   --->   "%zext_ln342 = zext i4 %shl_ln" [kernel.cpp:342]   --->   Operation 90 'zext' 'zext_ln342' <Predicate = (!icmp_ln340)> <Delay = 0.00>
ST_1 : Operation 91 [1/1] (1.36ns)   --->   "%add_ln342_1 = add i64 %zext_ln342, i64 %outdata_read" [kernel.cpp:342]   --->   Operation 91 'add' 'add_ln342_1' <Predicate = (!icmp_ln340)> <Delay = 1.36> <CoreInst = "Adder">   --->   Core 1 'Adder' <Latency = 0> <II = 1> <Delay = 1.36> <FuncUnit> <Opcode : 'add' 'sub'> <InPorts = 2> <OutPorts = 1>
ST_1 : Operation 92 [1/1] (0.00ns)   --->   "%trunc_ln8 = partselect i58 @_ssdm_op_PartSelect.i58.i64.i32.i32, i64 %add_ln342_1, i32 6, i32 63" [kernel.cpp:342]   --->   Operation 92 'partselect' 'trunc_ln8' <Predicate = (!icmp_ln340)> <Delay = 0.00>
ST_1 : Operation 93 [1/1] (0.46ns)   --->   "%store_ln340 = store i2 %add_ln340, i2 %i" [kernel.cpp:340]   --->   Operation 93 'store' 'store_ln340' <Predicate = (!icmp_ln340)> <Delay = 0.46>

State 2 <SV = 1> <Delay = 7.30>
ST_2 : Operation 94 [1/2] (0.73ns)   --->   "%cc_prob_load = load i2 %cc_prob_addr" [kernel.cpp:342]   --->   Operation 94 'load' 'cc_prob_load' <Predicate = true> <Delay = 0.73> <CoreInst = "RAM">   --->   Core 83 'RAM' <Latency = 1> <II = 1> <Delay = 0.73> <Storage> <Opcode : 'load' 'store'> <Ports = 2> <Width = 16> <Depth = 3> <RAM>
ST_2 : Operation 95 [1/1] (0.00ns)   --->   "%tmp_s = partselect i6 @_ssdm_op_PartSelect.i6.i16.i32.i32, i16 %cc_prob_load, i32 10, i32 15" [kernel.cpp:342]   --->   Operation 95 'partselect' 'tmp_s' <Predicate = true> <Delay = 0.00>
ST_2 : Operation 96 [1/1] (0.00ns) (grouped into LUT with out node shl_ln342_1)   --->   "%tmp = bitselect i1 @_ssdm_op_BitSelect.i1.i16.i32, i16 %cc_prob_load, i32 15" [kernel.cpp:342]   --->   Operation 96 'bitselect' 'tmp' <Predicate = true> <Delay = 0.00>
ST_2 : Operation 97 [1/1] (0.00ns)   --->   "%trunc_ln342 = trunc i16 %cc_prob_load" [kernel.cpp:342]   --->   Operation 97 'trunc' 'trunc_ln342' <Predicate = true> <Delay = 0.00>
ST_2 : Operation 98 [1/1] (0.93ns)   --->   "%icmp_ln342 = icmp_eq  i10 %trunc_ln342, i10 0" [kernel.cpp:342]   --->   Operation 98 'icmp' 'icmp_ln342' <Predicate = true> <Delay = 0.93> <CoreInst = "Cmp">   --->   Core 9 'Cmp' <Latency = 0> <II = 1> <Delay = 0.93> <FuncUnit> <Opcode : 'icmp'> <InPorts = 2> <OutPorts = 1>
ST_2 : Operation 99 [1/1] (0.84ns)   --->   "%add_ln342 = add i6 %tmp_s, i6 1" [kernel.cpp:342]   --->   Operation 99 'add' 'add_ln342' <Predicate = true> <Delay = 0.84> <CoreInst = "Adder">   --->   Core 1 'Adder' <Latency = 0> <II = 1> <Delay = 0.84> <FuncUnit> <Opcode : 'add' 'sub'> <InPorts = 2> <OutPorts = 1>
ST_2 : Operation 100 [1/1] (0.00ns) (grouped into LUT with out node shl_ln342_1)   --->   "%select_ln342 = select i1 %icmp_ln342, i6 %tmp_s, i6 %add_ln342" [kernel.cpp:342]   --->   Operation 100 'select' 'select_ln342' <Predicate = true> <Delay = 0.00> <CoreInst = "Sel">   --->   Core 73 'Sel' <Latency = 0> <II = 1> <Delay = 0.36> <FuncUnit> <Opcode : 'select'> <InPorts = 3> <OutPorts = 1>
ST_2 : Operation 101 [1/1] (0.00ns) (grouped into LUT with out node shl_ln342_1)   --->   "%select_ln342_1 = select i1 %tmp, i6 %select_ln342, i6 %tmp_s" [kernel.cpp:342]   --->   Operation 101 'select' 'select_ln342_1' <Predicate = true> <Delay = 0.00> <CoreInst = "Sel">   --->   Core 73 'Sel' <Latency = 0> <II = 1> <Delay = 0.36> <FuncUnit> <Opcode : 'select'> <InPorts = 3> <OutPorts = 1>
ST_2 : Operation 102 [1/1] (0.00ns)   --->   "%zext_ln342_2 = zext i4 %shl_ln" [kernel.cpp:342]   --->   Operation 102 'zext' 'zext_ln342_2' <Predicate = true> <Delay = 0.00>
ST_2 : Operation 103 [1/1] (0.00ns) (grouped into LUT with out node shl_ln342_1)   --->   "%sext_ln342 = sext i6 %select_ln342_1" [kernel.cpp:342]   --->   Operation 103 'sext' 'sext_ln342' <Predicate = true> <Delay = 0.00>
ST_2 : Operation 104 [1/1] (0.00ns) (grouped into LUT with out node shl_ln342_1)   --->   "%zext_ln342_3 = zext i32 %sext_ln342" [kernel.cpp:342]   --->   Operation 104 'zext' 'zext_ln342_3' <Predicate = true> <Delay = 0.00>
ST_2 : Operation 105 [1/1] (0.84ns)   --->   "%add_ln342_2 = add i6 %trunc_ln342_1_read, i6 %zext_ln342_2" [kernel.cpp:342]   --->   Operation 105 'add' 'add_ln342_2' <Predicate = true> <Delay = 0.84> <CoreInst = "Adder">   --->   Core 1 'Adder' <Latency = 0> <II = 1> <Delay = 0.84> <FuncUnit> <Opcode : 'add' 'sub'> <InPorts = 2> <OutPorts = 1>
ST_2 : Operation 106 [1/1] (0.00ns)   --->   "%zext_ln342_1 = zext i6 %add_ln342_2" [kernel.cpp:342]   --->   Operation 106 'zext' 'zext_ln342_1' <Predicate = true> <Delay = 0.00>
ST_2 : Operation 107 [1/1] (0.74ns)   --->   "%shl_ln342 = shl i64 15, i64 %zext_ln342_1" [kernel.cpp:342]   --->   Operation 107 'shl' 'shl_ln342' <Predicate = true> <Delay = 0.74> <CoreInst = "Shifter">   --->   Core 75 'Shifter' <Latency = 0> <II = 1> <Delay = 0.74> <FuncUnit> <Opcode : 'shl' 'lshr' 'ashr'> <InPorts = 2> <OutPorts = 1>
ST_2 : Operation 108 [1/1] (0.00ns) (grouped into LUT with out node shl_ln342_1)   --->   "%shl_ln342_2 = bitconcatenate i9 @_ssdm_op_BitConcatenate.i9.i6.i3, i6 %add_ln342_2, i3 0" [kernel.cpp:342]   --->   Operation 108 'bitconcatenate' 'shl_ln342_2' <Predicate = true> <Delay = 0.00>
ST_2 : Operation 109 [1/1] (0.00ns) (grouped into LUT with out node shl_ln342_1)   --->   "%zext_ln342_4 = zext i9 %shl_ln342_2" [kernel.cpp:342]   --->   Operation 109 'zext' 'zext_ln342_4' <Predicate = true> <Delay = 0.00>
ST_2 : Operation 110 [1/1] (1.27ns) (out node of the LUT)   --->   "%shl_ln342_1 = shl i512 %zext_ln342_3, i512 %zext_ln342_4" [kernel.cpp:342]   --->   Operation 110 'shl' 'shl_ln342_1' <Predicate = true> <Delay = 1.27> <CoreInst = "Shifter">   --->   Core 75 'Shifter' <Latency = 0> <II = 1> <Delay = 1.27> <FuncUnit> <Opcode : 'shl' 'lshr' 'ashr'> <InPorts = 2> <OutPorts = 1>
ST_2 : Operation 111 [1/1] (0.00ns)   --->   "%sext_ln342_1 = sext i58 %trunc_ln8" [kernel.cpp:342]   --->   Operation 111 'sext' 'sext_ln342_1' <Predicate = true> <Delay = 0.00>
ST_2 : Operation 112 [1/1] (0.00ns)   --->   "%gmem_addr_1 = getelementptr i512 %gmem, i64 %sext_ln342_1" [kernel.cpp:342]   --->   Operation 112 'getelementptr' 'gmem_addr_1' <Predicate = true> <Delay = 0.00>
ST_2 : Operation 113 [1/1] (7.30ns)   --->   "%empty = writereq i1 @_ssdm_op_WriteReq.m_axi.p1i512, i512 %gmem_addr_1, i32 1" [kernel.cpp:342]   --->   Operation 113 'writereq' 'empty' <Predicate = true> <Delay = 7.30> <CoreInst = "m_axi">   --->   Core 121 'm_axi' <Latency = 0> <II = 1> <Delay = 1.00> <Adapter> <Opcode : 'read' 'write' 'readreq' 'writereq' 'writeresp'>

State 3 <SV = 2> <Delay = 7.30>
ST_3 : Operation 114 [1/1] (7.30ns)   --->   "%write_ln342 = write void @_ssdm_op_Write.m_axi.p1i512, i512 %gmem_addr_1, i512 %shl_ln342_1, i64 %shl_ln342" [kernel.cpp:342]   --->   Operation 114 'write' 'write_ln342' <Predicate = true> <Delay = 7.30> <CoreInst = "m_axi">   --->   Core 121 'm_axi' <Latency = 0> <II = 1> <Delay = 1.00> <Adapter> <Opcode : 'read' 'write' 'readreq' 'writereq' 'writeresp'>

State 4 <SV = 3> <Delay = 7.30>
ST_4 : Operation 115 [68/68] (7.30ns)   --->   "%empty_91 = writeresp i1 @_ssdm_op_WriteResp.m_axi.p1i512, i512 %gmem_addr_1" [kernel.cpp:342]   --->   Operation 115 'writeresp' 'empty_91' <Predicate = true> <Delay = 7.30> <CoreInst = "m_axi">   --->   Core 121 'm_axi' <Latency = 0> <II = 1> <Delay = 1.00> <Adapter> <Opcode : 'read' 'write' 'readreq' 'writereq' 'writeresp'>

State 5 <SV = 4> <Delay = 7.30>
ST_5 : Operation 116 [67/68] (7.30ns)   --->   "%empty_91 = writeresp i1 @_ssdm_op_WriteResp.m_axi.p1i512, i512 %gmem_addr_1" [kernel.cpp:342]   --->   Operation 116 'writeresp' 'empty_91' <Predicate = true> <Delay = 7.30> <CoreInst = "m_axi">   --->   Core 121 'm_axi' <Latency = 0> <II = 1> <Delay = 1.00> <Adapter> <Opcode : 'read' 'write' 'readreq' 'writereq' 'writeresp'>

State 6 <SV = 5> <Delay = 7.30>
ST_6 : Operation 117 [66/68] (7.30ns)   --->   "%empty_91 = writeresp i1 @_ssdm_op_WriteResp.m_axi.p1i512, i512 %gmem_addr_1" [kernel.cpp:342]   --->   Operation 117 'writeresp' 'empty_91' <Predicate = true> <Delay = 7.30> <CoreInst = "m_axi">   --->   Core 121 'm_axi' <Latency = 0> <II = 1> <Delay = 1.00> <Adapter> <Opcode : 'read' 'write' 'readreq' 'writereq' 'writeresp'>

State 7 <SV = 6> <Delay = 7.30>
ST_7 : Operation 118 [65/68] (7.30ns)   --->   "%empty_91 = writeresp i1 @_ssdm_op_WriteResp.m_axi.p1i512, i512 %gmem_addr_1" [kernel.cpp:342]   --->   Operation 118 'writeresp' 'empty_91' <Predicate = true> <Delay = 7.30> <CoreInst = "m_axi">   --->   Core 121 'm_axi' <Latency = 0> <II = 1> <Delay = 1.00> <Adapter> <Opcode : 'read' 'write' 'readreq' 'writereq' 'writeresp'>

State 8 <SV = 7> <Delay = 7.30>
ST_8 : Operation 119 [64/68] (7.30ns)   --->   "%empty_91 = writeresp i1 @_ssdm_op_WriteResp.m_axi.p1i512, i512 %gmem_addr_1" [kernel.cpp:342]   --->   Operation 119 'writeresp' 'empty_91' <Predicate = true> <Delay = 7.30> <CoreInst = "m_axi">   --->   Core 121 'm_axi' <Latency = 0> <II = 1> <Delay = 1.00> <Adapter> <Opcode : 'read' 'write' 'readreq' 'writereq' 'writeresp'>

State 9 <SV = 8> <Delay = 7.30>
ST_9 : Operation 120 [63/68] (7.30ns)   --->   "%empty_91 = writeresp i1 @_ssdm_op_WriteResp.m_axi.p1i512, i512 %gmem_addr_1" [kernel.cpp:342]   --->   Operation 120 'writeresp' 'empty_91' <Predicate = true> <Delay = 7.30> <CoreInst = "m_axi">   --->   Core 121 'm_axi' <Latency = 0> <II = 1> <Delay = 1.00> <Adapter> <Opcode : 'read' 'write' 'readreq' 'writereq' 'writeresp'>

State 10 <SV = 9> <Delay = 7.30>
ST_10 : Operation 121 [62/68] (7.30ns)   --->   "%empty_91 = writeresp i1 @_ssdm_op_WriteResp.m_axi.p1i512, i512 %gmem_addr_1" [kernel.cpp:342]   --->   Operation 121 'writeresp' 'empty_91' <Predicate = true> <Delay = 7.30> <CoreInst = "m_axi">   --->   Core 121 'm_axi' <Latency = 0> <II = 1> <Delay = 1.00> <Adapter> <Opcode : 'read' 'write' 'readreq' 'writereq' 'writeresp'>

State 11 <SV = 10> <Delay = 7.30>
ST_11 : Operation 122 [61/68] (7.30ns)   --->   "%empty_91 = writeresp i1 @_ssdm_op_WriteResp.m_axi.p1i512, i512 %gmem_addr_1" [kernel.cpp:342]   --->   Operation 122 'writeresp' 'empty_91' <Predicate = true> <Delay = 7.30> <CoreInst = "m_axi">   --->   Core 121 'm_axi' <Latency = 0> <II = 1> <Delay = 1.00> <Adapter> <Opcode : 'read' 'write' 'readreq' 'writereq' 'writeresp'>

State 12 <SV = 11> <Delay = 7.30>
ST_12 : Operation 123 [60/68] (7.30ns)   --->   "%empty_91 = writeresp i1 @_ssdm_op_WriteResp.m_axi.p1i512, i512 %gmem_addr_1" [kernel.cpp:342]   --->   Operation 123 'writeresp' 'empty_91' <Predicate = true> <Delay = 7.30> <CoreInst = "m_axi">   --->   Core 121 'm_axi' <Latency = 0> <II = 1> <Delay = 1.00> <Adapter> <Opcode : 'read' 'write' 'readreq' 'writereq' 'writeresp'>

State 13 <SV = 12> <Delay = 7.30>
ST_13 : Operation 124 [59/68] (7.30ns)   --->   "%empty_91 = writeresp i1 @_ssdm_op_WriteResp.m_axi.p1i512, i512 %gmem_addr_1" [kernel.cpp:342]   --->   Operation 124 'writeresp' 'empty_91' <Predicate = true> <Delay = 7.30> <CoreInst = "m_axi">   --->   Core 121 'm_axi' <Latency = 0> <II = 1> <Delay = 1.00> <Adapter> <Opcode : 'read' 'write' 'readreq' 'writereq' 'writeresp'>

State 14 <SV = 13> <Delay = 7.30>
ST_14 : Operation 125 [58/68] (7.30ns)   --->   "%empty_91 = writeresp i1 @_ssdm_op_WriteResp.m_axi.p1i512, i512 %gmem_addr_1" [kernel.cpp:342]   --->   Operation 125 'writeresp' 'empty_91' <Predicate = true> <Delay = 7.30> <CoreInst = "m_axi">   --->   Core 121 'm_axi' <Latency = 0> <II = 1> <Delay = 1.00> <Adapter> <Opcode : 'read' 'write' 'readreq' 'writereq' 'writeresp'>

State 15 <SV = 14> <Delay = 7.30>
ST_15 : Operation 126 [57/68] (7.30ns)   --->   "%empty_91 = writeresp i1 @_ssdm_op_WriteResp.m_axi.p1i512, i512 %gmem_addr_1" [kernel.cpp:342]   --->   Operation 126 'writeresp' 'empty_91' <Predicate = true> <Delay = 7.30> <CoreInst = "m_axi">   --->   Core 121 'm_axi' <Latency = 0> <II = 1> <Delay = 1.00> <Adapter> <Opcode : 'read' 'write' 'readreq' 'writereq' 'writeresp'>

State 16 <SV = 15> <Delay = 7.30>
ST_16 : Operation 127 [56/68] (7.30ns)   --->   "%empty_91 = writeresp i1 @_ssdm_op_WriteResp.m_axi.p1i512, i512 %gmem_addr_1" [kernel.cpp:342]   --->   Operation 127 'writeresp' 'empty_91' <Predicate = true> <Delay = 7.30> <CoreInst = "m_axi">   --->   Core 121 'm_axi' <Latency = 0> <II = 1> <Delay = 1.00> <Adapter> <Opcode : 'read' 'write' 'readreq' 'writereq' 'writeresp'>

State 17 <SV = 16> <Delay = 7.30>
ST_17 : Operation 128 [55/68] (7.30ns)   --->   "%empty_91 = writeresp i1 @_ssdm_op_WriteResp.m_axi.p1i512, i512 %gmem_addr_1" [kernel.cpp:342]   --->   Operation 128 'writeresp' 'empty_91' <Predicate = true> <Delay = 7.30> <CoreInst = "m_axi">   --->   Core 121 'm_axi' <Latency = 0> <II = 1> <Delay = 1.00> <Adapter> <Opcode : 'read' 'write' 'readreq' 'writereq' 'writeresp'>

State 18 <SV = 17> <Delay = 7.30>
ST_18 : Operation 129 [54/68] (7.30ns)   --->   "%empty_91 = writeresp i1 @_ssdm_op_WriteResp.m_axi.p1i512, i512 %gmem_addr_1" [kernel.cpp:342]   --->   Operation 129 'writeresp' 'empty_91' <Predicate = true> <Delay = 7.30> <CoreInst = "m_axi">   --->   Core 121 'm_axi' <Latency = 0> <II = 1> <Delay = 1.00> <Adapter> <Opcode : 'read' 'write' 'readreq' 'writereq' 'writeresp'>

State 19 <SV = 18> <Delay = 7.30>
ST_19 : Operation 130 [53/68] (7.30ns)   --->   "%empty_91 = writeresp i1 @_ssdm_op_WriteResp.m_axi.p1i512, i512 %gmem_addr_1" [kernel.cpp:342]   --->   Operation 130 'writeresp' 'empty_91' <Predicate = true> <Delay = 7.30> <CoreInst = "m_axi">   --->   Core 121 'm_axi' <Latency = 0> <II = 1> <Delay = 1.00> <Adapter> <Opcode : 'read' 'write' 'readreq' 'writereq' 'writeresp'>

State 20 <SV = 19> <Delay = 7.30>
ST_20 : Operation 131 [52/68] (7.30ns)   --->   "%empty_91 = writeresp i1 @_ssdm_op_WriteResp.m_axi.p1i512, i512 %gmem_addr_1" [kernel.cpp:342]   --->   Operation 131 'writeresp' 'empty_91' <Predicate = true> <Delay = 7.30> <CoreInst = "m_axi">   --->   Core 121 'm_axi' <Latency = 0> <II = 1> <Delay = 1.00> <Adapter> <Opcode : 'read' 'write' 'readreq' 'writereq' 'writeresp'>

State 21 <SV = 20> <Delay = 7.30>
ST_21 : Operation 132 [51/68] (7.30ns)   --->   "%empty_91 = writeresp i1 @_ssdm_op_WriteResp.m_axi.p1i512, i512 %gmem_addr_1" [kernel.cpp:342]   --->   Operation 132 'writeresp' 'empty_91' <Predicate = true> <Delay = 7.30> <CoreInst = "m_axi">   --->   Core 121 'm_axi' <Latency = 0> <II = 1> <Delay = 1.00> <Adapter> <Opcode : 'read' 'write' 'readreq' 'writereq' 'writeresp'>

State 22 <SV = 21> <Delay = 7.30>
ST_22 : Operation 133 [50/68] (7.30ns)   --->   "%empty_91 = writeresp i1 @_ssdm_op_WriteResp.m_axi.p1i512, i512 %gmem_addr_1" [kernel.cpp:342]   --->   Operation 133 'writeresp' 'empty_91' <Predicate = true> <Delay = 7.30> <CoreInst = "m_axi">   --->   Core 121 'm_axi' <Latency = 0> <II = 1> <Delay = 1.00> <Adapter> <Opcode : 'read' 'write' 'readreq' 'writereq' 'writeresp'>

State 23 <SV = 22> <Delay = 7.30>
ST_23 : Operation 134 [49/68] (7.30ns)   --->   "%empty_91 = writeresp i1 @_ssdm_op_WriteResp.m_axi.p1i512, i512 %gmem_addr_1" [kernel.cpp:342]   --->   Operation 134 'writeresp' 'empty_91' <Predicate = true> <Delay = 7.30> <CoreInst = "m_axi">   --->   Core 121 'm_axi' <Latency = 0> <II = 1> <Delay = 1.00> <Adapter> <Opcode : 'read' 'write' 'readreq' 'writereq' 'writeresp'>

State 24 <SV = 23> <Delay = 7.30>
ST_24 : Operation 135 [48/68] (7.30ns)   --->   "%empty_91 = writeresp i1 @_ssdm_op_WriteResp.m_axi.p1i512, i512 %gmem_addr_1" [kernel.cpp:342]   --->   Operation 135 'writeresp' 'empty_91' <Predicate = true> <Delay = 7.30> <CoreInst = "m_axi">   --->   Core 121 'm_axi' <Latency = 0> <II = 1> <Delay = 1.00> <Adapter> <Opcode : 'read' 'write' 'readreq' 'writereq' 'writeresp'>

State 25 <SV = 24> <Delay = 7.30>
ST_25 : Operation 136 [47/68] (7.30ns)   --->   "%empty_91 = writeresp i1 @_ssdm_op_WriteResp.m_axi.p1i512, i512 %gmem_addr_1" [kernel.cpp:342]   --->   Operation 136 'writeresp' 'empty_91' <Predicate = true> <Delay = 7.30> <CoreInst = "m_axi">   --->   Core 121 'm_axi' <Latency = 0> <II = 1> <Delay = 1.00> <Adapter> <Opcode : 'read' 'write' 'readreq' 'writereq' 'writeresp'>

State 26 <SV = 25> <Delay = 7.30>
ST_26 : Operation 137 [46/68] (7.30ns)   --->   "%empty_91 = writeresp i1 @_ssdm_op_WriteResp.m_axi.p1i512, i512 %gmem_addr_1" [kernel.cpp:342]   --->   Operation 137 'writeresp' 'empty_91' <Predicate = true> <Delay = 7.30> <CoreInst = "m_axi">   --->   Core 121 'm_axi' <Latency = 0> <II = 1> <Delay = 1.00> <Adapter> <Opcode : 'read' 'write' 'readreq' 'writereq' 'writeresp'>

State 27 <SV = 26> <Delay = 7.30>
ST_27 : Operation 138 [45/68] (7.30ns)   --->   "%empty_91 = writeresp i1 @_ssdm_op_WriteResp.m_axi.p1i512, i512 %gmem_addr_1" [kernel.cpp:342]   --->   Operation 138 'writeresp' 'empty_91' <Predicate = true> <Delay = 7.30> <CoreInst = "m_axi">   --->   Core 121 'm_axi' <Latency = 0> <II = 1> <Delay = 1.00> <Adapter> <Opcode : 'read' 'write' 'readreq' 'writereq' 'writeresp'>

State 28 <SV = 27> <Delay = 7.30>
ST_28 : Operation 139 [44/68] (7.30ns)   --->   "%empty_91 = writeresp i1 @_ssdm_op_WriteResp.m_axi.p1i512, i512 %gmem_addr_1" [kernel.cpp:342]   --->   Operation 139 'writeresp' 'empty_91' <Predicate = true> <Delay = 7.30> <CoreInst = "m_axi">   --->   Core 121 'm_axi' <Latency = 0> <II = 1> <Delay = 1.00> <Adapter> <Opcode : 'read' 'write' 'readreq' 'writereq' 'writeresp'>

State 29 <SV = 28> <Delay = 7.30>
ST_29 : Operation 140 [43/68] (7.30ns)   --->   "%empty_91 = writeresp i1 @_ssdm_op_WriteResp.m_axi.p1i512, i512 %gmem_addr_1" [kernel.cpp:342]   --->   Operation 140 'writeresp' 'empty_91' <Predicate = true> <Delay = 7.30> <CoreInst = "m_axi">   --->   Core 121 'm_axi' <Latency = 0> <II = 1> <Delay = 1.00> <Adapter> <Opcode : 'read' 'write' 'readreq' 'writereq' 'writeresp'>

State 30 <SV = 29> <Delay = 7.30>
ST_30 : Operation 141 [42/68] (7.30ns)   --->   "%empty_91 = writeresp i1 @_ssdm_op_WriteResp.m_axi.p1i512, i512 %gmem_addr_1" [kernel.cpp:342]   --->   Operation 141 'writeresp' 'empty_91' <Predicate = true> <Delay = 7.30> <CoreInst = "m_axi">   --->   Core 121 'm_axi' <Latency = 0> <II = 1> <Delay = 1.00> <Adapter> <Opcode : 'read' 'write' 'readreq' 'writereq' 'writeresp'>

State 31 <SV = 30> <Delay = 7.30>
ST_31 : Operation 142 [41/68] (7.30ns)   --->   "%empty_91 = writeresp i1 @_ssdm_op_WriteResp.m_axi.p1i512, i512 %gmem_addr_1" [kernel.cpp:342]   --->   Operation 142 'writeresp' 'empty_91' <Predicate = true> <Delay = 7.30> <CoreInst = "m_axi">   --->   Core 121 'm_axi' <Latency = 0> <II = 1> <Delay = 1.00> <Adapter> <Opcode : 'read' 'write' 'readreq' 'writereq' 'writeresp'>

State 32 <SV = 31> <Delay = 7.30>
ST_32 : Operation 143 [40/68] (7.30ns)   --->   "%empty_91 = writeresp i1 @_ssdm_op_WriteResp.m_axi.p1i512, i512 %gmem_addr_1" [kernel.cpp:342]   --->   Operation 143 'writeresp' 'empty_91' <Predicate = true> <Delay = 7.30> <CoreInst = "m_axi">   --->   Core 121 'm_axi' <Latency = 0> <II = 1> <Delay = 1.00> <Adapter> <Opcode : 'read' 'write' 'readreq' 'writereq' 'writeresp'>

State 33 <SV = 32> <Delay = 7.30>
ST_33 : Operation 144 [39/68] (7.30ns)   --->   "%empty_91 = writeresp i1 @_ssdm_op_WriteResp.m_axi.p1i512, i512 %gmem_addr_1" [kernel.cpp:342]   --->   Operation 144 'writeresp' 'empty_91' <Predicate = true> <Delay = 7.30> <CoreInst = "m_axi">   --->   Core 121 'm_axi' <Latency = 0> <II = 1> <Delay = 1.00> <Adapter> <Opcode : 'read' 'write' 'readreq' 'writereq' 'writeresp'>

State 34 <SV = 33> <Delay = 7.30>
ST_34 : Operation 145 [38/68] (7.30ns)   --->   "%empty_91 = writeresp i1 @_ssdm_op_WriteResp.m_axi.p1i512, i512 %gmem_addr_1" [kernel.cpp:342]   --->   Operation 145 'writeresp' 'empty_91' <Predicate = true> <Delay = 7.30> <CoreInst = "m_axi">   --->   Core 121 'm_axi' <Latency = 0> <II = 1> <Delay = 1.00> <Adapter> <Opcode : 'read' 'write' 'readreq' 'writereq' 'writeresp'>

State 35 <SV = 34> <Delay = 7.30>
ST_35 : Operation 146 [37/68] (7.30ns)   --->   "%empty_91 = writeresp i1 @_ssdm_op_WriteResp.m_axi.p1i512, i512 %gmem_addr_1" [kernel.cpp:342]   --->   Operation 146 'writeresp' 'empty_91' <Predicate = true> <Delay = 7.30> <CoreInst = "m_axi">   --->   Core 121 'm_axi' <Latency = 0> <II = 1> <Delay = 1.00> <Adapter> <Opcode : 'read' 'write' 'readreq' 'writereq' 'writeresp'>

State 36 <SV = 35> <Delay = 7.30>
ST_36 : Operation 147 [36/68] (7.30ns)   --->   "%empty_91 = writeresp i1 @_ssdm_op_WriteResp.m_axi.p1i512, i512 %gmem_addr_1" [kernel.cpp:342]   --->   Operation 147 'writeresp' 'empty_91' <Predicate = true> <Delay = 7.30> <CoreInst = "m_axi">   --->   Core 121 'm_axi' <Latency = 0> <II = 1> <Delay = 1.00> <Adapter> <Opcode : 'read' 'write' 'readreq' 'writereq' 'writeresp'>

State 37 <SV = 36> <Delay = 7.30>
ST_37 : Operation 148 [35/68] (7.30ns)   --->   "%empty_91 = writeresp i1 @_ssdm_op_WriteResp.m_axi.p1i512, i512 %gmem_addr_1" [kernel.cpp:342]   --->   Operation 148 'writeresp' 'empty_91' <Predicate = true> <Delay = 7.30> <CoreInst = "m_axi">   --->   Core 121 'm_axi' <Latency = 0> <II = 1> <Delay = 1.00> <Adapter> <Opcode : 'read' 'write' 'readreq' 'writereq' 'writeresp'>

State 38 <SV = 37> <Delay = 7.30>
ST_38 : Operation 149 [34/68] (7.30ns)   --->   "%empty_91 = writeresp i1 @_ssdm_op_WriteResp.m_axi.p1i512, i512 %gmem_addr_1" [kernel.cpp:342]   --->   Operation 149 'writeresp' 'empty_91' <Predicate = true> <Delay = 7.30> <CoreInst = "m_axi">   --->   Core 121 'm_axi' <Latency = 0> <II = 1> <Delay = 1.00> <Adapter> <Opcode : 'read' 'write' 'readreq' 'writereq' 'writeresp'>

State 39 <SV = 38> <Delay = 7.30>
ST_39 : Operation 150 [33/68] (7.30ns)   --->   "%empty_91 = writeresp i1 @_ssdm_op_WriteResp.m_axi.p1i512, i512 %gmem_addr_1" [kernel.cpp:342]   --->   Operation 150 'writeresp' 'empty_91' <Predicate = true> <Delay = 7.30> <CoreInst = "m_axi">   --->   Core 121 'm_axi' <Latency = 0> <II = 1> <Delay = 1.00> <Adapter> <Opcode : 'read' 'write' 'readreq' 'writereq' 'writeresp'>

State 40 <SV = 39> <Delay = 7.30>
ST_40 : Operation 151 [32/68] (7.30ns)   --->   "%empty_91 = writeresp i1 @_ssdm_op_WriteResp.m_axi.p1i512, i512 %gmem_addr_1" [kernel.cpp:342]   --->   Operation 151 'writeresp' 'empty_91' <Predicate = true> <Delay = 7.30> <CoreInst = "m_axi">   --->   Core 121 'm_axi' <Latency = 0> <II = 1> <Delay = 1.00> <Adapter> <Opcode : 'read' 'write' 'readreq' 'writereq' 'writeresp'>

State 41 <SV = 40> <Delay = 7.30>
ST_41 : Operation 152 [31/68] (7.30ns)   --->   "%empty_91 = writeresp i1 @_ssdm_op_WriteResp.m_axi.p1i512, i512 %gmem_addr_1" [kernel.cpp:342]   --->   Operation 152 'writeresp' 'empty_91' <Predicate = true> <Delay = 7.30> <CoreInst = "m_axi">   --->   Core 121 'm_axi' <Latency = 0> <II = 1> <Delay = 1.00> <Adapter> <Opcode : 'read' 'write' 'readreq' 'writereq' 'writeresp'>

State 42 <SV = 41> <Delay = 7.30>
ST_42 : Operation 153 [30/68] (7.30ns)   --->   "%empty_91 = writeresp i1 @_ssdm_op_WriteResp.m_axi.p1i512, i512 %gmem_addr_1" [kernel.cpp:342]   --->   Operation 153 'writeresp' 'empty_91' <Predicate = true> <Delay = 7.30> <CoreInst = "m_axi">   --->   Core 121 'm_axi' <Latency = 0> <II = 1> <Delay = 1.00> <Adapter> <Opcode : 'read' 'write' 'readreq' 'writereq' 'writeresp'>

State 43 <SV = 42> <Delay = 7.30>
ST_43 : Operation 154 [29/68] (7.30ns)   --->   "%empty_91 = writeresp i1 @_ssdm_op_WriteResp.m_axi.p1i512, i512 %gmem_addr_1" [kernel.cpp:342]   --->   Operation 154 'writeresp' 'empty_91' <Predicate = true> <Delay = 7.30> <CoreInst = "m_axi">   --->   Core 121 'm_axi' <Latency = 0> <II = 1> <Delay = 1.00> <Adapter> <Opcode : 'read' 'write' 'readreq' 'writereq' 'writeresp'>

State 44 <SV = 43> <Delay = 7.30>
ST_44 : Operation 155 [28/68] (7.30ns)   --->   "%empty_91 = writeresp i1 @_ssdm_op_WriteResp.m_axi.p1i512, i512 %gmem_addr_1" [kernel.cpp:342]   --->   Operation 155 'writeresp' 'empty_91' <Predicate = true> <Delay = 7.30> <CoreInst = "m_axi">   --->   Core 121 'm_axi' <Latency = 0> <II = 1> <Delay = 1.00> <Adapter> <Opcode : 'read' 'write' 'readreq' 'writereq' 'writeresp'>

State 45 <SV = 44> <Delay = 7.30>
ST_45 : Operation 156 [27/68] (7.30ns)   --->   "%empty_91 = writeresp i1 @_ssdm_op_WriteResp.m_axi.p1i512, i512 %gmem_addr_1" [kernel.cpp:342]   --->   Operation 156 'writeresp' 'empty_91' <Predicate = true> <Delay = 7.30> <CoreInst = "m_axi">   --->   Core 121 'm_axi' <Latency = 0> <II = 1> <Delay = 1.00> <Adapter> <Opcode : 'read' 'write' 'readreq' 'writereq' 'writeresp'>

State 46 <SV = 45> <Delay = 7.30>
ST_46 : Operation 157 [26/68] (7.30ns)   --->   "%empty_91 = writeresp i1 @_ssdm_op_WriteResp.m_axi.p1i512, i512 %gmem_addr_1" [kernel.cpp:342]   --->   Operation 157 'writeresp' 'empty_91' <Predicate = true> <Delay = 7.30> <CoreInst = "m_axi">   --->   Core 121 'm_axi' <Latency = 0> <II = 1> <Delay = 1.00> <Adapter> <Opcode : 'read' 'write' 'readreq' 'writereq' 'writeresp'>

State 47 <SV = 46> <Delay = 7.30>
ST_47 : Operation 158 [25/68] (7.30ns)   --->   "%empty_91 = writeresp i1 @_ssdm_op_WriteResp.m_axi.p1i512, i512 %gmem_addr_1" [kernel.cpp:342]   --->   Operation 158 'writeresp' 'empty_91' <Predicate = true> <Delay = 7.30> <CoreInst = "m_axi">   --->   Core 121 'm_axi' <Latency = 0> <II = 1> <Delay = 1.00> <Adapter> <Opcode : 'read' 'write' 'readreq' 'writereq' 'writeresp'>

State 48 <SV = 47> <Delay = 7.30>
ST_48 : Operation 159 [24/68] (7.30ns)   --->   "%empty_91 = writeresp i1 @_ssdm_op_WriteResp.m_axi.p1i512, i512 %gmem_addr_1" [kernel.cpp:342]   --->   Operation 159 'writeresp' 'empty_91' <Predicate = true> <Delay = 7.30> <CoreInst = "m_axi">   --->   Core 121 'm_axi' <Latency = 0> <II = 1> <Delay = 1.00> <Adapter> <Opcode : 'read' 'write' 'readreq' 'writereq' 'writeresp'>

State 49 <SV = 48> <Delay = 7.30>
ST_49 : Operation 160 [23/68] (7.30ns)   --->   "%empty_91 = writeresp i1 @_ssdm_op_WriteResp.m_axi.p1i512, i512 %gmem_addr_1" [kernel.cpp:342]   --->   Operation 160 'writeresp' 'empty_91' <Predicate = true> <Delay = 7.30> <CoreInst = "m_axi">   --->   Core 121 'm_axi' <Latency = 0> <II = 1> <Delay = 1.00> <Adapter> <Opcode : 'read' 'write' 'readreq' 'writereq' 'writeresp'>

State 50 <SV = 49> <Delay = 7.30>
ST_50 : Operation 161 [22/68] (7.30ns)   --->   "%empty_91 = writeresp i1 @_ssdm_op_WriteResp.m_axi.p1i512, i512 %gmem_addr_1" [kernel.cpp:342]   --->   Operation 161 'writeresp' 'empty_91' <Predicate = true> <Delay = 7.30> <CoreInst = "m_axi">   --->   Core 121 'm_axi' <Latency = 0> <II = 1> <Delay = 1.00> <Adapter> <Opcode : 'read' 'write' 'readreq' 'writereq' 'writeresp'>

State 51 <SV = 50> <Delay = 7.30>
ST_51 : Operation 162 [21/68] (7.30ns)   --->   "%empty_91 = writeresp i1 @_ssdm_op_WriteResp.m_axi.p1i512, i512 %gmem_addr_1" [kernel.cpp:342]   --->   Operation 162 'writeresp' 'empty_91' <Predicate = true> <Delay = 7.30> <CoreInst = "m_axi">   --->   Core 121 'm_axi' <Latency = 0> <II = 1> <Delay = 1.00> <Adapter> <Opcode : 'read' 'write' 'readreq' 'writereq' 'writeresp'>

State 52 <SV = 51> <Delay = 7.30>
ST_52 : Operation 163 [20/68] (7.30ns)   --->   "%empty_91 = writeresp i1 @_ssdm_op_WriteResp.m_axi.p1i512, i512 %gmem_addr_1" [kernel.cpp:342]   --->   Operation 163 'writeresp' 'empty_91' <Predicate = true> <Delay = 7.30> <CoreInst = "m_axi">   --->   Core 121 'm_axi' <Latency = 0> <II = 1> <Delay = 1.00> <Adapter> <Opcode : 'read' 'write' 'readreq' 'writereq' 'writeresp'>

State 53 <SV = 52> <Delay = 7.30>
ST_53 : Operation 164 [19/68] (7.30ns)   --->   "%empty_91 = writeresp i1 @_ssdm_op_WriteResp.m_axi.p1i512, i512 %gmem_addr_1" [kernel.cpp:342]   --->   Operation 164 'writeresp' 'empty_91' <Predicate = true> <Delay = 7.30> <CoreInst = "m_axi">   --->   Core 121 'm_axi' <Latency = 0> <II = 1> <Delay = 1.00> <Adapter> <Opcode : 'read' 'write' 'readreq' 'writereq' 'writeresp'>

State 54 <SV = 53> <Delay = 7.30>
ST_54 : Operation 165 [18/68] (7.30ns)   --->   "%empty_91 = writeresp i1 @_ssdm_op_WriteResp.m_axi.p1i512, i512 %gmem_addr_1" [kernel.cpp:342]   --->   Operation 165 'writeresp' 'empty_91' <Predicate = true> <Delay = 7.30> <CoreInst = "m_axi">   --->   Core 121 'm_axi' <Latency = 0> <II = 1> <Delay = 1.00> <Adapter> <Opcode : 'read' 'write' 'readreq' 'writereq' 'writeresp'>

State 55 <SV = 54> <Delay = 7.30>
ST_55 : Operation 166 [17/68] (7.30ns)   --->   "%empty_91 = writeresp i1 @_ssdm_op_WriteResp.m_axi.p1i512, i512 %gmem_addr_1" [kernel.cpp:342]   --->   Operation 166 'writeresp' 'empty_91' <Predicate = true> <Delay = 7.30> <CoreInst = "m_axi">   --->   Core 121 'm_axi' <Latency = 0> <II = 1> <Delay = 1.00> <Adapter> <Opcode : 'read' 'write' 'readreq' 'writereq' 'writeresp'>

State 56 <SV = 55> <Delay = 7.30>
ST_56 : Operation 167 [16/68] (7.30ns)   --->   "%empty_91 = writeresp i1 @_ssdm_op_WriteResp.m_axi.p1i512, i512 %gmem_addr_1" [kernel.cpp:342]   --->   Operation 167 'writeresp' 'empty_91' <Predicate = true> <Delay = 7.30> <CoreInst = "m_axi">   --->   Core 121 'm_axi' <Latency = 0> <II = 1> <Delay = 1.00> <Adapter> <Opcode : 'read' 'write' 'readreq' 'writereq' 'writeresp'>

State 57 <SV = 56> <Delay = 7.30>
ST_57 : Operation 168 [15/68] (7.30ns)   --->   "%empty_91 = writeresp i1 @_ssdm_op_WriteResp.m_axi.p1i512, i512 %gmem_addr_1" [kernel.cpp:342]   --->   Operation 168 'writeresp' 'empty_91' <Predicate = true> <Delay = 7.30> <CoreInst = "m_axi">   --->   Core 121 'm_axi' <Latency = 0> <II = 1> <Delay = 1.00> <Adapter> <Opcode : 'read' 'write' 'readreq' 'writereq' 'writeresp'>

State 58 <SV = 57> <Delay = 7.30>
ST_58 : Operation 169 [14/68] (7.30ns)   --->   "%empty_91 = writeresp i1 @_ssdm_op_WriteResp.m_axi.p1i512, i512 %gmem_addr_1" [kernel.cpp:342]   --->   Operation 169 'writeresp' 'empty_91' <Predicate = true> <Delay = 7.30> <CoreInst = "m_axi">   --->   Core 121 'm_axi' <Latency = 0> <II = 1> <Delay = 1.00> <Adapter> <Opcode : 'read' 'write' 'readreq' 'writereq' 'writeresp'>

State 59 <SV = 58> <Delay = 7.30>
ST_59 : Operation 170 [13/68] (7.30ns)   --->   "%empty_91 = writeresp i1 @_ssdm_op_WriteResp.m_axi.p1i512, i512 %gmem_addr_1" [kernel.cpp:342]   --->   Operation 170 'writeresp' 'empty_91' <Predicate = true> <Delay = 7.30> <CoreInst = "m_axi">   --->   Core 121 'm_axi' <Latency = 0> <II = 1> <Delay = 1.00> <Adapter> <Opcode : 'read' 'write' 'readreq' 'writereq' 'writeresp'>

State 60 <SV = 59> <Delay = 7.30>
ST_60 : Operation 171 [12/68] (7.30ns)   --->   "%empty_91 = writeresp i1 @_ssdm_op_WriteResp.m_axi.p1i512, i512 %gmem_addr_1" [kernel.cpp:342]   --->   Operation 171 'writeresp' 'empty_91' <Predicate = true> <Delay = 7.30> <CoreInst = "m_axi">   --->   Core 121 'm_axi' <Latency = 0> <II = 1> <Delay = 1.00> <Adapter> <Opcode : 'read' 'write' 'readreq' 'writereq' 'writeresp'>

State 61 <SV = 60> <Delay = 7.30>
ST_61 : Operation 172 [11/68] (7.30ns)   --->   "%empty_91 = writeresp i1 @_ssdm_op_WriteResp.m_axi.p1i512, i512 %gmem_addr_1" [kernel.cpp:342]   --->   Operation 172 'writeresp' 'empty_91' <Predicate = true> <Delay = 7.30> <CoreInst = "m_axi">   --->   Core 121 'm_axi' <Latency = 0> <II = 1> <Delay = 1.00> <Adapter> <Opcode : 'read' 'write' 'readreq' 'writereq' 'writeresp'>

State 62 <SV = 61> <Delay = 7.30>
ST_62 : Operation 173 [10/68] (7.30ns)   --->   "%empty_91 = writeresp i1 @_ssdm_op_WriteResp.m_axi.p1i512, i512 %gmem_addr_1" [kernel.cpp:342]   --->   Operation 173 'writeresp' 'empty_91' <Predicate = true> <Delay = 7.30> <CoreInst = "m_axi">   --->   Core 121 'm_axi' <Latency = 0> <II = 1> <Delay = 1.00> <Adapter> <Opcode : 'read' 'write' 'readreq' 'writereq' 'writeresp'>

State 63 <SV = 62> <Delay = 7.30>
ST_63 : Operation 174 [9/68] (7.30ns)   --->   "%empty_91 = writeresp i1 @_ssdm_op_WriteResp.m_axi.p1i512, i512 %gmem_addr_1" [kernel.cpp:342]   --->   Operation 174 'writeresp' 'empty_91' <Predicate = true> <Delay = 7.30> <CoreInst = "m_axi">   --->   Core 121 'm_axi' <Latency = 0> <II = 1> <Delay = 1.00> <Adapter> <Opcode : 'read' 'write' 'readreq' 'writereq' 'writeresp'>

State 64 <SV = 63> <Delay = 7.30>
ST_64 : Operation 175 [8/68] (7.30ns)   --->   "%empty_91 = writeresp i1 @_ssdm_op_WriteResp.m_axi.p1i512, i512 %gmem_addr_1" [kernel.cpp:342]   --->   Operation 175 'writeresp' 'empty_91' <Predicate = true> <Delay = 7.30> <CoreInst = "m_axi">   --->   Core 121 'm_axi' <Latency = 0> <II = 1> <Delay = 1.00> <Adapter> <Opcode : 'read' 'write' 'readreq' 'writereq' 'writeresp'>

State 65 <SV = 64> <Delay = 7.30>
ST_65 : Operation 176 [7/68] (7.30ns)   --->   "%empty_91 = writeresp i1 @_ssdm_op_WriteResp.m_axi.p1i512, i512 %gmem_addr_1" [kernel.cpp:342]   --->   Operation 176 'writeresp' 'empty_91' <Predicate = true> <Delay = 7.30> <CoreInst = "m_axi">   --->   Core 121 'm_axi' <Latency = 0> <II = 1> <Delay = 1.00> <Adapter> <Opcode : 'read' 'write' 'readreq' 'writereq' 'writeresp'>

State 66 <SV = 65> <Delay = 7.30>
ST_66 : Operation 177 [6/68] (7.30ns)   --->   "%empty_91 = writeresp i1 @_ssdm_op_WriteResp.m_axi.p1i512, i512 %gmem_addr_1" [kernel.cpp:342]   --->   Operation 177 'writeresp' 'empty_91' <Predicate = true> <Delay = 7.30> <CoreInst = "m_axi">   --->   Core 121 'm_axi' <Latency = 0> <II = 1> <Delay = 1.00> <Adapter> <Opcode : 'read' 'write' 'readreq' 'writereq' 'writeresp'>

State 67 <SV = 66> <Delay = 7.30>
ST_67 : Operation 178 [5/68] (7.30ns)   --->   "%empty_91 = writeresp i1 @_ssdm_op_WriteResp.m_axi.p1i512, i512 %gmem_addr_1" [kernel.cpp:342]   --->   Operation 178 'writeresp' 'empty_91' <Predicate = true> <Delay = 7.30> <CoreInst = "m_axi">   --->   Core 121 'm_axi' <Latency = 0> <II = 1> <Delay = 1.00> <Adapter> <Opcode : 'read' 'write' 'readreq' 'writereq' 'writeresp'>

State 68 <SV = 67> <Delay = 7.30>
ST_68 : Operation 179 [4/68] (7.30ns)   --->   "%empty_91 = writeresp i1 @_ssdm_op_WriteResp.m_axi.p1i512, i512 %gmem_addr_1" [kernel.cpp:342]   --->   Operation 179 'writeresp' 'empty_91' <Predicate = true> <Delay = 7.30> <CoreInst = "m_axi">   --->   Core 121 'm_axi' <Latency = 0> <II = 1> <Delay = 1.00> <Adapter> <Opcode : 'read' 'write' 'readreq' 'writereq' 'writeresp'>

State 69 <SV = 68> <Delay = 7.30>
ST_69 : Operation 180 [3/68] (7.30ns)   --->   "%empty_91 = writeresp i1 @_ssdm_op_WriteResp.m_axi.p1i512, i512 %gmem_addr_1" [kernel.cpp:342]   --->   Operation 180 'writeresp' 'empty_91' <Predicate = true> <Delay = 7.30> <CoreInst = "m_axi">   --->   Core 121 'm_axi' <Latency = 0> <II = 1> <Delay = 1.00> <Adapter> <Opcode : 'read' 'write' 'readreq' 'writereq' 'writeresp'>

State 70 <SV = 69> <Delay = 7.30>
ST_70 : Operation 181 [2/68] (7.30ns)   --->   "%empty_91 = writeresp i1 @_ssdm_op_WriteResp.m_axi.p1i512, i512 %gmem_addr_1" [kernel.cpp:342]   --->   Operation 181 'writeresp' 'empty_91' <Predicate = true> <Delay = 7.30> <CoreInst = "m_axi">   --->   Core 121 'm_axi' <Latency = 0> <II = 1> <Delay = 1.00> <Adapter> <Opcode : 'read' 'write' 'readreq' 'writereq' 'writeresp'>
ST_70 : Operation 186 [1/1] (0.00ns)   --->   "%ret_ln0 = ret"   --->   Operation 186 'ret' 'ret_ln0' <Predicate = (icmp_ln340)> <Delay = 0.00>

State 71 <SV = 70> <Delay = 7.30>
ST_71 : Operation 182 [1/1] (0.00ns)   --->   "%speclooptripcount_ln340 = speclooptripcount void @_ssdm_op_SpecLoopTripCount, i64 3, i64 3, i64 3" [kernel.cpp:340]   --->   Operation 182 'speclooptripcount' 'speclooptripcount_ln340' <Predicate = true> <Delay = 0.00>
ST_71 : Operation 183 [1/1] (0.00ns)   --->   "%specloopname_ln340 = specloopname void @_ssdm_op_SpecLoopName, void @empty_8" [kernel.cpp:340]   --->   Operation 183 'specloopname' 'specloopname_ln340' <Predicate = true> <Delay = 0.00>
ST_71 : Operation 184 [1/68] (7.30ns)   --->   "%empty_91 = writeresp i1 @_ssdm_op_WriteResp.m_axi.p1i512, i512 %gmem_addr_1" [kernel.cpp:342]   --->   Operation 184 'writeresp' 'empty_91' <Predicate = true> <Delay = 7.30> <CoreInst = "m_axi">   --->   Core 121 'm_axi' <Latency = 0> <II = 1> <Delay = 1.00> <Adapter> <Opcode : 'read' 'write' 'readreq' 'writereq' 'writeresp'>
ST_71 : Operation 185 [1/1] (0.00ns)   --->   "%br_ln340 = br void %for.body147" [kernel.cpp:340]   --->   Operation 185 'br' 'br_ln340' <Predicate = true> <Delay = 0.00>


============================================================
+ Verbose Summary: Binding
============================================================
STG Binding: 
---------------- STG Properties BEGIN ----------------
- Is combinational: 0
- Is one-state seq: 0
- Is datapath-only: 0
- Is pipelined: 0
- Is top level: 0
Port [ Return ] is wired: 1; IO mode=ap_ctrl_hs:ce=0
Port [ gmem]:  wired=1; compound=1; hidden=0; nouse=0; global=0; static=0; extern=0; dir=1; type=4; pingpong=0; private_global=0; IO mode=m_axi:ce=0
Port [ cc_prob]:  wired=1; compound=1; hidden=0; nouse=0; global=0; static=0; extern=0; dir=0; type=1; pingpong=0; private_global=0; MemPort=[13]; IO mode=ap_memory:ce=0
Port [ outdata]:  wired=1; compound=0; hidden=0; nouse=0; global=0; static=0; extern=0; dir=0; type=0; pingpong=0; private_global=0; IO mode=ap_none:ce=0
Port [ trunc_ln342_1]:  wired=1; compound=0; hidden=0; nouse=0; global=0; static=0; extern=0; dir=0; type=0; pingpong=0; private_global=0; IO mode=ap_none:ce=0
---------------- STG Properties END ------------------

---------------- Datapath Model BEGIN ----------------

<LifeTime>
<method=bitvector/>
i                       (alloca           ) [ 010000000000000000000000000000000000000000000000000000000000000000000000]
specinterface_ln0       (specinterface    ) [ 000000000000000000000000000000000000000000000000000000000000000000000000]
trunc_ln342_1_read      (read             ) [ 011000000000000000000000000000000000000000000000000000000000000000000000]
outdata_read            (read             ) [ 000000000000000000000000000000000000000000000000000000000000000000000000]
store_ln0               (store            ) [ 000000000000000000000000000000000000000000000000000000000000000000000000]
br_ln0                  (br               ) [ 000000000000000000000000000000000000000000000000000000000000000000000000]
i_1                     (load             ) [ 000000000000000000000000000000000000000000000000000000000000000000000000]
specbitsmap_ln0         (specbitsmap      ) [ 000000000000000000000000000000000000000000000000000000000000000000000000]
specpipeline_ln0        (specpipeline     ) [ 000000000000000000000000000000000000000000000000000000000000000000000000]
icmp_ln340              (icmp             ) [ 011111111111111111111111111111111111111111111111111111111111111111111110]
add_ln340               (add              ) [ 000000000000000000000000000000000000000000000000000000000000000000000000]
br_ln340                (br               ) [ 000000000000000000000000000000000000000000000000000000000000000000000000]
i_cast36                (zext             ) [ 000000000000000000000000000000000000000000000000000000000000000000000000]
cc_prob_addr            (getelementptr    ) [ 011000000000000000000000000000000000000000000000000000000000000000000000]
shl_ln                  (bitconcatenate   ) [ 011000000000000000000000000000000000000000000000000000000000000000000000]
zext_ln342              (zext             ) [ 000000000000000000000000000000000000000000000000000000000000000000000000]
add_ln342_1             (add              ) [ 000000000000000000000000000000000000000000000000000000000000000000000000]
trunc_ln8               (partselect       ) [ 011000000000000000000000000000000000000000000000000000000000000000000000]
store_ln340             (store            ) [ 000000000000000000000000000000000000000000000000000000000000000000000000]
cc_prob_load            (load             ) [ 000000000000000000000000000000000000000000000000000000000000000000000000]
tmp_s                   (partselect       ) [ 000000000000000000000000000000000000000000000000000000000000000000000000]
tmp                     (bitselect        ) [ 000000000000000000000000000000000000000000000000000000000000000000000000]
trunc_ln342             (trunc            ) [ 000000000000000000000000000000000000000000000000000000000000000000000000]
icmp_ln342              (icmp             ) [ 000000000000000000000000000000000000000000000000000000000000000000000000]
add_ln342               (add              ) [ 000000000000000000000000000000000000000000000000000000000000000000000000]
select_ln342            (select           ) [ 000000000000000000000000000000000000000000000000000000000000000000000000]
select_ln342_1          (select           ) [ 000000000000000000000000000000000000000000000000000000000000000000000000]
zext_ln342_2            (zext             ) [ 000000000000000000000000000000000000000000000000000000000000000000000000]
sext_ln342              (sext             ) [ 000000000000000000000000000000000000000000000000000000000000000000000000]
zext_ln342_3            (zext             ) [ 000000000000000000000000000000000000000000000000000000000000000000000000]
add_ln342_2             (add              ) [ 000000000000000000000000000000000000000000000000000000000000000000000000]
zext_ln342_1            (zext             ) [ 000000000000000000000000000000000000000000000000000000000000000000000000]
shl_ln342               (shl              ) [ 010100000000000000000000000000000000000000000000000000000000000000000000]
shl_ln342_2             (bitconcatenate   ) [ 000000000000000000000000000000000000000000000000000000000000000000000000]
zext_ln342_4            (zext             ) [ 000000000000000000000000000000000000000000000000000000000000000000000000]
shl_ln342_1             (shl              ) [ 010100000000000000000000000000000000000000000000000000000000000000000000]
sext_ln342_1            (sext             ) [ 000000000000000000000000000000000000000000000000000000000000000000000000]
gmem_addr_1             (getelementptr    ) [ 010111111111111111111111111111111111111111111111111111111111111111111111]
empty                   (writereq         ) [ 000000000000000000000000000000000000000000000000000000000000000000000000]
write_ln342             (write            ) [ 000000000000000000000000000000000000000000000000000000000000000000000000]
speclooptripcount_ln340 (speclooptripcount) [ 000000000000000000000000000000000000000000000000000000000000000000000000]
specloopname_ln340      (specloopname     ) [ 000000000000000000000000000000000000000000000000000000000000000000000000]
empty_91                (writeresp        ) [ 000000000000000000000000000000000000000000000000000000000000000000000000]
br_ln340                (br               ) [ 000000000000000000000000000000000000000000000000000000000000000000000000]
ret_ln0                 (ret              ) [ 000000000000000000000000000000000000000000000000000000000000000000000000]
</LifeTime>

<model>

<comp_list>
<comp id="0" class="1000" name="gmem">
<pin_list>
<pin id="1" dir="1" index="0" bw="1" slack="0"/>
</pin_list>
<bind>
<StgValue><ssdm name="gmem"/></StgValue>
</bind>
</comp>

<comp id="2" class="1000" name="cc_prob">
<pin_list>
<pin id="3" dir="1" index="0" bw="1" slack="0"/>
</pin_list>
<bind>
<StgValue><ssdm name="cc_prob"/><MemPortTyVec>1 3 </MemPortTyVec>
</StgValue>
</bind>
</comp>

<comp id="4" class="1000" name="outdata">
<pin_list>
<pin id="5" dir="1" index="0" bw="1" slack="0"/>
</pin_list>
<bind>
<StgValue><ssdm name="outdata"/></StgValue>
</bind>
</comp>

<comp id="6" class="1000" name="trunc_ln342_1">
<pin_list>
<pin id="7" dir="1" index="0" bw="1" slack="0"/>
</pin_list>
<bind>
<StgValue><ssdm name="trunc_ln342_1"/></StgValue>
</bind>
</comp>

<comp id="8" class="1001" name="const_8">
<pin_list>
<pin id="9" dir="1" index="0" bw="1" slack="0"/>
</pin_list>
<bind>
<StgValue><ssdm name=""/></StgValue>
</bind>
</comp>

<comp id="10" class="1001" name="const_10">
<pin_list>
<pin id="11" dir="1" index="0" bw="1" slack="2147483647"/>
</pin_list>
<bind>
<StgValue><ssdm name="_ssdm_op_SpecInterface"/></StgValue>
</bind>
</comp>

<comp id="12" class="1001" name="const_12">
<pin_list>
<pin id="13" dir="1" index="0" bw="1" slack="2147483647"/>
</pin_list>
<bind>
<StgValue><ssdm name="empty"/></StgValue>
</bind>
</comp>

<comp id="14" class="1001" name="const_14">
<pin_list>
<pin id="15" dir="1" index="0" bw="1" slack="2147483647"/>
</pin_list>
<bind>
<StgValue><ssdm name=""/></StgValue>
</bind>
</comp>

<comp id="16" class="1001" name="const_16">
<pin_list>
<pin id="17" dir="1" index="0" bw="1" slack="2147483647"/>
</pin_list>
<bind>
<StgValue><ssdm name="empty_21"/></StgValue>
</bind>
</comp>

<comp id="18" class="1001" name="const_18">
<pin_list>
<pin id="19" dir="1" index="0" bw="1" slack="2147483647"/>
</pin_list>
<bind>
<StgValue><ssdm name=""/></StgValue>
</bind>
</comp>

<comp id="20" class="1001" name="const_20">
<pin_list>
<pin id="21" dir="1" index="0" bw="1" slack="2147483647"/>
</pin_list>
<bind>
<StgValue><ssdm name="empty_9"/></StgValue>
</bind>
</comp>

<comp id="22" class="1001" name="const_22">
<pin_list>
<pin id="23" dir="1" index="0" bw="1" slack="2147483647"/>
</pin_list>
<bind>
<StgValue><ssdm name="empty_39"/></StgValue>
</bind>
</comp>

<comp id="24" class="1001" name="const_24">
<pin_list>
<pin id="25" dir="1" index="0" bw="1" slack="2147483647"/>
</pin_list>
<bind>
<StgValue><ssdm name=""/></StgValue>
</bind>
</comp>

<comp id="26" class="1001" name="const_26">
<pin_list>
<pin id="27" dir="1" index="0" bw="1" slack="2147483647"/>
</pin_list>
<bind>
<StgValue><ssdm name=""/></StgValue>
</bind>
</comp>

<comp id="28" class="1001" name="const_28">
<pin_list>
<pin id="29" dir="1" index="0" bw="1" slack="0"/>
</pin_list>
<bind>
<StgValue><ssdm name="_ssdm_op_Read.ap_auto.i6"/></StgValue>
</bind>
</comp>

<comp id="30" class="1001" name="const_30">
<pin_list>
<pin id="31" dir="1" index="0" bw="1" slack="0"/>
</pin_list>
<bind>
<StgValue><ssdm name="_ssdm_op_Read.ap_auto.i64"/></StgValue>
</bind>
</comp>

<comp id="32" class="1001" name="const_32">
<pin_list>
<pin id="33" dir="1" index="0" bw="1" slack="0"/>
</pin_list>
<bind>
<StgValue><ssdm name=""/></StgValue>
</bind>
</comp>

<comp id="34" class="1001" name="const_34">
<pin_list>
<pin id="35" dir="1" index="0" bw="1" slack="2147483647"/>
</pin_list>
<bind>
<StgValue><ssdm name="_ssdm_op_SpecBitsMap"/></StgValue>
</bind>
</comp>

<comp id="36" class="1001" name="const_36">
<pin_list>
<pin id="37" dir="1" index="0" bw="1" slack="2147483647"/>
</pin_list>
<bind>
<StgValue><ssdm name="_ssdm_op_SpecPipeline"/></StgValue>
</bind>
</comp>

<comp id="38" class="1001" name="const_38">
<pin_list>
<pin id="39" dir="1" index="0" bw="1" slack="2147483647"/>
</pin_list>
<bind>
<StgValue><ssdm name="p_str"/></StgValue>
</bind>
</comp>

<comp id="40" class="1001" name="const_40">
<pin_list>
<pin id="41" dir="1" index="0" bw="1" slack="0"/>
</pin_list>
<bind>
<StgValue><ssdm name=""/></StgValue>
</bind>
</comp>

<comp id="42" class="1001" name="const_42">
<pin_list>
<pin id="43" dir="1" index="0" bw="1" slack="0"/>
</pin_list>
<bind>
<StgValue><ssdm name=""/></StgValue>
</bind>
</comp>

<comp id="44" class="1001" name="const_44">
<pin_list>
<pin id="45" dir="1" index="0" bw="1" slack="0"/>
</pin_list>
<bind>
<StgValue><ssdm name=""/></StgValue>
</bind>
</comp>

<comp id="46" class="1001" name="const_46">
<pin_list>
<pin id="47" dir="1" index="0" bw="1" slack="0"/>
</pin_list>
<bind>
<StgValue><ssdm name="_ssdm_op_BitConcatenate.i4.i2.i2"/></StgValue>
</bind>
</comp>

<comp id="48" class="1001" name="const_48">
<pin_list>
<pin id="49" dir="1" index="0" bw="1" slack="0"/>
</pin_list>
<bind>
<StgValue><ssdm name="_ssdm_op_PartSelect.i58.i64.i32.i32"/></StgValue>
</bind>
</comp>

<comp id="50" class="1001" name="const_50">
<pin_list>
<pin id="51" dir="1" index="0" bw="1" slack="0"/>
</pin_list>
<bind>
<StgValue><ssdm name=""/></StgValue>
</bind>
</comp>

<comp id="52" class="1001" name="const_52">
<pin_list>
<pin id="53" dir="1" index="0" bw="1" slack="0"/>
</pin_list>
<bind>
<StgValue><ssdm name=""/></StgValue>
</bind>
</comp>

<comp id="54" class="1001" name="const_54">
<pin_list>
<pin id="55" dir="1" index="0" bw="1" slack="0"/>
</pin_list>
<bind>
<StgValue><ssdm name="_ssdm_op_PartSelect.i6.i16.i32.i32"/></StgValue>
</bind>
</comp>

<comp id="56" class="1001" name="const_56">
<pin_list>
<pin id="57" dir="1" index="0" bw="1" slack="0"/>
</pin_list>
<bind>
<StgValue><ssdm name=""/></StgValue>
</bind>
</comp>

<comp id="58" class="1001" name="const_58">
<pin_list>
<pin id="59" dir="1" index="0" bw="1" slack="0"/>
</pin_list>
<bind>
<StgValue><ssdm name=""/></StgValue>
</bind>
</comp>

<comp id="60" class="1001" name="const_60">
<pin_list>
<pin id="61" dir="1" index="0" bw="1" slack="0"/>
</pin_list>
<bind>
<StgValue><ssdm name="_ssdm_op_BitSelect.i1.i16.i32"/></StgValue>
</bind>
</comp>

<comp id="62" class="1001" name="const_62">
<pin_list>
<pin id="63" dir="1" index="0" bw="1" slack="0"/>
</pin_list>
<bind>
<StgValue><ssdm name=""/></StgValue>
</bind>
</comp>

<comp id="64" class="1001" name="const_64">
<pin_list>
<pin id="65" dir="1" index="0" bw="1" slack="0"/>
</pin_list>
<bind>
<StgValue><ssdm name=""/></StgValue>
</bind>
</comp>

<comp id="66" class="1001" name="const_66">
<pin_list>
<pin id="67" dir="1" index="0" bw="1" slack="0"/>
</pin_list>
<bind>
<StgValue><ssdm name=""/></StgValue>
</bind>
</comp>

<comp id="68" class="1001" name="const_68">
<pin_list>
<pin id="69" dir="1" index="0" bw="1" slack="0"/>
</pin_list>
<bind>
<StgValue><ssdm name="_ssdm_op_BitConcatenate.i9.i6.i3"/></StgValue>
</bind>
</comp>

<comp id="70" class="1001" name="const_70">
<pin_list>
<pin id="71" dir="1" index="0" bw="1" slack="0"/>
</pin_list>
<bind>
<StgValue><ssdm name=""/></StgValue>
</bind>
</comp>

<comp id="72" class="1001" name="const_72">
<pin_list>
<pin id="73" dir="1" index="0" bw="1" slack="0"/>
</pin_list>
<bind>
<StgValue><ssdm name="_ssdm_op_WriteReq.m_axi.p1i512"/></StgValue>
</bind>
</comp>

<comp id="74" class="1001" name="const_74">
<pin_list>
<pin id="75" dir="1" index="0" bw="1" slack="0"/>
</pin_list>
<bind>
<StgValue><ssdm name="_ssdm_op_Write.m_axi.p1i512"/></StgValue>
</bind>
</comp>

<comp id="76" class="1001" name="const_76">
<pin_list>
<pin id="77" dir="1" index="0" bw="1" slack="0"/>
</pin_list>
<bind>
<StgValue><ssdm name="_ssdm_op_WriteResp.m_axi.p1i512"/></StgValue>
</bind>
</comp>

<comp id="78" class="1001" name="const_78">
<pin_list>
<pin id="79" dir="1" index="0" bw="1" slack="2147483647"/>
</pin_list>
<bind>
<StgValue><ssdm name="_ssdm_op_SpecLoopTripCount"/></StgValue>
</bind>
</comp>

<comp id="80" class="1001" name="const_80">
<pin_list>
<pin id="81" dir="1" index="0" bw="1" slack="2147483647"/>
</pin_list>
<bind>
<StgValue><ssdm name=""/></StgValue>
</bind>
</comp>

<comp id="82" class="1001" name="const_82">
<pin_list>
<pin id="83" dir="1" index="0" bw="1" slack="2147483647"/>
</pin_list>
<bind>
<StgValue><ssdm name="_ssdm_op_SpecLoopName"/></StgValue>
</bind>
</comp>

<comp id="84" class="1001" name="const_84">
<pin_list>
<pin id="85" dir="1" index="0" bw="1" slack="2147483647"/>
</pin_list>
<bind>
<StgValue><ssdm name="empty_8"/></StgValue>
</bind>
</comp>

<comp id="86" class="1004" name="i_fu_86">
<pin_list>
<pin id="87" dir="0" index="0" bw="1" slack="0"/>
<pin id="88" dir="1" index="1" bw="2" slack="0"/>
</pin_list>
<bind>
<opcode="alloca(26) " fcode="alloca"/>
<opset="i/1 "/>
</bind>
</comp>

<comp id="90" class="1004" name="trunc_ln342_1_read_read_fu_90">
<pin_list>
<pin id="91" dir="0" index="0" bw="6" slack="0"/>
<pin id="92" dir="0" index="1" bw="6" slack="0"/>
<pin id="93" dir="1" index="2" bw="6" slack="1"/>
</pin_list>
<bind>
<opcode="read(1150) " fcode="read"/>
<opset="trunc_ln342_1_read/1 "/>
</bind>
</comp>

<comp id="96" class="1004" name="outdata_read_read_fu_96">
<pin_list>
<pin id="97" dir="0" index="0" bw="64" slack="0"/>
<pin id="98" dir="0" index="1" bw="64" slack="0"/>
<pin id="99" dir="1" index="2" bw="64" slack="0"/>
</pin_list>
<bind>
<opcode="read(1150) " fcode="read"/>
<opset="outdata_read/1 "/>
</bind>
</comp>

<comp id="102" class="1004" name="grp_writeresp_fu_102">
<pin_list>
<pin id="103" dir="0" index="0" bw="1" slack="0"/>
<pin id="104" dir="0" index="1" bw="512" slack="0"/>
<pin id="105" dir="0" index="2" bw="1" slack="0"/>
<pin id="106" dir="1" index="3" bw="1" slack="2147483647"/>
</pin_list>
<bind>
<opcode="writereq(1155) writeresp(1158) " fcode="writeresp"/>
<opset="empty/2 empty_91/4 "/>
</bind>
</comp>

<comp id="109" class="1004" name="write_ln342_write_fu_109">
<pin_list>
<pin id="110" dir="0" index="0" bw="0" slack="0"/>
<pin id="111" dir="0" index="1" bw="512" slack="1"/>
<pin id="112" dir="0" index="2" bw="512" slack="1"/>
<pin id="113" dir="0" index="3" bw="64" slack="1"/>
<pin id="114" dir="1" index="4" bw="0" slack="2147483647"/>
</pin_list>
<bind>
<opcode="write(1151) " fcode="write"/>
<opset="write_ln342/3 "/>
</bind>
</comp>

<comp id="117" class="1004" name="cc_prob_addr_gep_fu_117">
<pin_list>
<pin id="118" dir="0" index="0" bw="16" slack="0"/>
<pin id="119" dir="0" index="1" bw="1" slack="0"/>
<pin id="120" dir="0" index="2" bw="2" slack="0"/>
<pin id="121" dir="1" index="3" bw="2" slack="0"/>
</pin_list>
<bind>
<opcode="getelementptr(29) " fcode="getelementptr"/>
<opset="cc_prob_addr/1 "/>
</bind>
</comp>

<comp id="124" class="1004" name="grp_access_fu_124">
<pin_list>
<pin id="125" dir="0" index="0" bw="2" slack="0"/>
<pin id="126" dir="0" index="1" bw="16" slack="2147483647"/>
<pin id="127" dir="0" index="2" bw="0" slack="2147483647"/>
<pin id="128" dir="1" index="3" bw="16" slack="0"/>
</pin_list>
<bind>
<opcode="load(27) " fcode="load"/>
<opset="cc_prob_load/1 "/>
</bind>
</comp>

<comp id="130" class="1004" name="store_ln0_store_fu_130">
<pin_list>
<pin id="131" dir="0" index="0" bw="1" slack="0"/>
<pin id="132" dir="0" index="1" bw="2" slack="0"/>
<pin id="133" dir="1" index="2" bw="0" slack="2147483647"/>
</pin_list>
<bind>
<opcode="store(28) " fcode="store"/>
<opset="store_ln0/1 "/>
</bind>
</comp>

<comp id="135" class="1004" name="i_1_load_fu_135">
<pin_list>
<pin id="136" dir="0" index="0" bw="2" slack="0"/>
<pin id="137" dir="1" index="1" bw="2" slack="0"/>
</pin_list>
<bind>
<opcode="load(27) " fcode="load"/>
<opset="i_1/1 "/>
</bind>
</comp>

<comp id="138" class="1004" name="icmp_ln340_fu_138">
<pin_list>
<pin id="139" dir="0" index="0" bw="2" slack="0"/>
<pin id="140" dir="0" index="1" bw="1" slack="0"/>
<pin id="141" dir="1" index="2" bw="1" slack="69"/>
</pin_list>
<bind>
<opcode="icmp(45) " fcode="icmp"/>
<opset="icmp_ln340/1 "/>
</bind>
</comp>

<comp id="144" class="1004" name="add_ln340_fu_144">
<pin_list>
<pin id="145" dir="0" index="0" bw="2" slack="0"/>
<pin id="146" dir="0" index="1" bw="1" slack="0"/>
<pin id="147" dir="1" index="2" bw="2" slack="0"/>
</pin_list>
<bind>
<opcode="add(8) " fcode="add"/>
<opset="add_ln340/1 "/>
</bind>
</comp>

<comp id="150" class="1004" name="i_cast36_fu_150">
<pin_list>
<pin id="151" dir="0" index="0" bw="2" slack="0"/>
<pin id="152" dir="1" index="1" bw="64" slack="0"/>
</pin_list>
<bind>
<opcode="zext(34) " fcode="zext"/>
<opset="i_cast36/1 "/>
</bind>
</comp>

<comp id="155" class="1004" name="shl_ln_fu_155">
<pin_list>
<pin id="156" dir="0" index="0" bw="4" slack="0"/>
<pin id="157" dir="0" index="1" bw="2" slack="0"/>
<pin id="158" dir="0" index="2" bw="1" slack="0"/>
<pin id="159" dir="1" index="3" bw="4" slack="0"/>
</pin_list>
<bind>
<opcode="bitconcatenate(1004) " fcode="bitconcatenate"/>
<opset="shl_ln/1 "/>
</bind>
</comp>

<comp id="163" class="1004" name="zext_ln342_fu_163">
<pin_list>
<pin id="164" dir="0" index="0" bw="4" slack="0"/>
<pin id="165" dir="1" index="1" bw="64" slack="0"/>
</pin_list>
<bind>
<opcode="zext(34) " fcode="zext"/>
<opset="zext_ln342/1 "/>
</bind>
</comp>

<comp id="167" class="1004" name="add_ln342_1_fu_167">
<pin_list>
<pin id="168" dir="0" index="0" bw="4" slack="0"/>
<pin id="169" dir="0" index="1" bw="64" slack="0"/>
<pin id="170" dir="1" index="2" bw="64" slack="0"/>
</pin_list>
<bind>
<opcode="add(8) " fcode="add"/>
<opset="add_ln342_1/1 "/>
</bind>
</comp>

<comp id="173" class="1004" name="trunc_ln8_fu_173">
<pin_list>
<pin id="174" dir="0" index="0" bw="58" slack="0"/>
<pin id="175" dir="0" index="1" bw="64" slack="0"/>
<pin id="176" dir="0" index="2" bw="4" slack="0"/>
<pin id="177" dir="0" index="3" bw="7" slack="0"/>
<pin id="178" dir="1" index="4" bw="58" slack="1"/>
</pin_list>
<bind>
<opcode="partselect(1002) " fcode="partselect"/>
<opset="trunc_ln8/1 "/>
</bind>
</comp>

<comp id="183" class="1004" name="store_ln340_store_fu_183">
<pin_list>
<pin id="184" dir="0" index="0" bw="2" slack="0"/>
<pin id="185" dir="0" index="1" bw="2" slack="0"/>
<pin id="186" dir="1" index="2" bw="0" slack="2147483647"/>
</pin_list>
<bind>
<opcode="store(28) " fcode="store"/>
<opset="store_ln340/1 "/>
</bind>
</comp>

<comp id="188" class="1004" name="tmp_s_fu_188">
<pin_list>
<pin id="189" dir="0" index="0" bw="6" slack="0"/>
<pin id="190" dir="0" index="1" bw="16" slack="0"/>
<pin id="191" dir="0" index="2" bw="5" slack="0"/>
<pin id="192" dir="0" index="3" bw="5" slack="0"/>
<pin id="193" dir="1" index="4" bw="6" slack="0"/>
</pin_list>
<bind>
<opcode="partselect(1002) " fcode="partselect"/>
<opset="tmp_s/2 "/>
</bind>
</comp>

<comp id="198" class="1004" name="tmp_fu_198">
<pin_list>
<pin id="199" dir="0" index="0" bw="1" slack="0"/>
<pin id="200" dir="0" index="1" bw="16" slack="0"/>
<pin id="201" dir="0" index="2" bw="5" slack="0"/>
<pin id="202" dir="1" index="3" bw="1" slack="0"/>
</pin_list>
<bind>
<opcode="bitselect(1000) " fcode="bitselect"/>
<opset="tmp/2 "/>
</bind>
</comp>

<comp id="206" class="1004" name="trunc_ln342_fu_206">
<pin_list>
<pin id="207" dir="0" index="0" bw="16" slack="0"/>
<pin id="208" dir="1" index="1" bw="10" slack="0"/>
</pin_list>
<bind>
<opcode="trunc(33) " fcode="trunc"/>
<opset="trunc_ln342/2 "/>
</bind>
</comp>

<comp id="210" class="1004" name="icmp_ln342_fu_210">
<pin_list>
<pin id="211" dir="0" index="0" bw="10" slack="0"/>
<pin id="212" dir="0" index="1" bw="1" slack="0"/>
<pin id="213" dir="1" index="2" bw="1" slack="0"/>
</pin_list>
<bind>
<opcode="icmp(45) " fcode="icmp"/>
<opset="icmp_ln342/2 "/>
</bind>
</comp>

<comp id="216" class="1004" name="add_ln342_fu_216">
<pin_list>
<pin id="217" dir="0" index="0" bw="6" slack="0"/>
<pin id="218" dir="0" index="1" bw="1" slack="0"/>
<pin id="219" dir="1" index="2" bw="6" slack="0"/>
</pin_list>
<bind>
<opcode="add(8) " fcode="add"/>
<opset="add_ln342/2 "/>
</bind>
</comp>

<comp id="222" class="1004" name="select_ln342_fu_222">
<pin_list>
<pin id="223" dir="0" index="0" bw="1" slack="0"/>
<pin id="224" dir="0" index="1" bw="6" slack="0"/>
<pin id="225" dir="0" index="2" bw="6" slack="0"/>
<pin id="226" dir="1" index="3" bw="6" slack="0"/>
</pin_list>
<bind>
<opcode="select(49) " fcode="select"/>
<opset="select_ln342/2 "/>
</bind>
</comp>

<comp id="230" class="1004" name="select_ln342_1_fu_230">
<pin_list>
<pin id="231" dir="0" index="0" bw="1" slack="0"/>
<pin id="232" dir="0" index="1" bw="6" slack="0"/>
<pin id="233" dir="0" index="2" bw="6" slack="0"/>
<pin id="234" dir="1" index="3" bw="6" slack="0"/>
</pin_list>
<bind>
<opcode="select(49) " fcode="select"/>
<opset="select_ln342_1/2 "/>
</bind>
</comp>

<comp id="238" class="1004" name="zext_ln342_2_fu_238">
<pin_list>
<pin id="239" dir="0" index="0" bw="4" slack="1"/>
<pin id="240" dir="1" index="1" bw="6" slack="0"/>
</pin_list>
<bind>
<opcode="zext(34) " fcode="zext"/>
<opset="zext_ln342_2/2 "/>
</bind>
</comp>

<comp id="241" class="1004" name="sext_ln342_fu_241">
<pin_list>
<pin id="242" dir="0" index="0" bw="6" slack="0"/>
<pin id="243" dir="1" index="1" bw="32" slack="0"/>
</pin_list>
<bind>
<opcode="sext(35) " fcode="sext"/>
<opset="sext_ln342/2 "/>
</bind>
</comp>

<comp id="245" class="1004" name="zext_ln342_3_fu_245">
<pin_list>
<pin id="246" dir="0" index="0" bw="6" slack="0"/>
<pin id="247" dir="1" index="1" bw="512" slack="0"/>
</pin_list>
<bind>
<opcode="zext(34) " fcode="zext"/>
<opset="zext_ln342_3/2 "/>
</bind>
</comp>

<comp id="249" class="1004" name="add_ln342_2_fu_249">
<pin_list>
<pin id="250" dir="0" index="0" bw="6" slack="1"/>
<pin id="251" dir="0" index="1" bw="4" slack="0"/>
<pin id="252" dir="1" index="2" bw="6" slack="0"/>
</pin_list>
<bind>
<opcode="add(8) " fcode="add"/>
<opset="add_ln342_2/2 "/>
</bind>
</comp>

<comp id="254" class="1004" name="zext_ln342_1_fu_254">
<pin_list>
<pin id="255" dir="0" index="0" bw="6" slack="0"/>
<pin id="256" dir="1" index="1" bw="64" slack="0"/>
</pin_list>
<bind>
<opcode="zext(34) " fcode="zext"/>
<opset="zext_ln342_1/2 "/>
</bind>
</comp>

<comp id="258" class="1004" name="shl_ln342_fu_258">
<pin_list>
<pin id="259" dir="0" index="0" bw="5" slack="0"/>
<pin id="260" dir="0" index="1" bw="6" slack="0"/>
<pin id="261" dir="1" index="2" bw="64" slack="1"/>
</pin_list>
<bind>
<opcode="shl(20) " fcode="shl"/>
<opset="shl_ln342/2 "/>
</bind>
</comp>

<comp id="264" class="1004" name="shl_ln342_2_fu_264">
<pin_list>
<pin id="265" dir="0" index="0" bw="9" slack="0"/>
<pin id="266" dir="0" index="1" bw="6" slack="0"/>
<pin id="267" dir="0" index="2" bw="1" slack="0"/>
<pin id="268" dir="1" index="3" bw="9" slack="0"/>
</pin_list>
<bind>
<opcode="bitconcatenate(1004) " fcode="bitconcatenate"/>
<opset="shl_ln342_2/2 "/>
</bind>
</comp>

<comp id="272" class="1004" name="zext_ln342_4_fu_272">
<pin_list>
<pin id="273" dir="0" index="0" bw="9" slack="0"/>
<pin id="274" dir="1" index="1" bw="512" slack="0"/>
</pin_list>
<bind>
<opcode="zext(34) " fcode="zext"/>
<opset="zext_ln342_4/2 "/>
</bind>
</comp>

<comp id="276" class="1004" name="shl_ln342_1_fu_276">
<pin_list>
<pin id="277" dir="0" index="0" bw="32" slack="0"/>
<pin id="278" dir="0" index="1" bw="9" slack="0"/>
<pin id="279" dir="1" index="2" bw="512" slack="1"/>
</pin_list>
<bind>
<opcode="shl(20) " fcode="shl"/>
<opset="shl_ln342_1/2 "/>
</bind>
</comp>

<comp id="282" class="1004" name="sext_ln342_1_fu_282">
<pin_list>
<pin id="283" dir="0" index="0" bw="58" slack="1"/>
<pin id="284" dir="1" index="1" bw="64" slack="0"/>
</pin_list>
<bind>
<opcode="sext(35) " fcode="sext"/>
<opset="sext_ln342_1/2 "/>
</bind>
</comp>

<comp id="285" class="1004" name="gmem_addr_1_fu_285">
<pin_list>
<pin id="286" dir="0" index="0" bw="512" slack="0"/>
<pin id="287" dir="0" index="1" bw="58" slack="0"/>
<pin id="288" dir="1" index="2" bw="512" slack="0"/>
</pin_list>
<bind>
<opcode="getelementptr(29) " fcode="getelementptr"/>
<opset="gmem_addr_1/2 "/>
</bind>
</comp>

<comp id="292" class="1005" name="i_reg_292">
<pin_list>
<pin id="293" dir="0" index="0" bw="2" slack="0"/>
<pin id="294" dir="1" index="1" bw="2" slack="0"/>
</pin_list>
<bind>
<opset="i "/>
</bind>
</comp>

<comp id="299" class="1005" name="trunc_ln342_1_read_reg_299">
<pin_list>
<pin id="300" dir="0" index="0" bw="6" slack="1"/>
<pin id="301" dir="1" index="1" bw="6" slack="1"/>
</pin_list>
<bind>
<opset="trunc_ln342_1_read "/>
</bind>
</comp>

<comp id="304" class="1005" name="icmp_ln340_reg_304">
<pin_list>
<pin id="305" dir="0" index="0" bw="1" slack="69"/>
<pin id="306" dir="1" index="1" bw="1" slack="2147483647"/>
</pin_list>
<bind>
<opset="icmp_ln340 "/>
</bind>
</comp>

<comp id="308" class="1005" name="cc_prob_addr_reg_308">
<pin_list>
<pin id="309" dir="0" index="0" bw="2" slack="1"/>
<pin id="310" dir="1" index="1" bw="2" slack="1"/>
</pin_list>
<bind>
<opset="cc_prob_addr "/>
</bind>
</comp>

<comp id="313" class="1005" name="shl_ln_reg_313">
<pin_list>
<pin id="314" dir="0" index="0" bw="4" slack="1"/>
<pin id="315" dir="1" index="1" bw="4" slack="1"/>
</pin_list>
<bind>
<opset="shl_ln "/>
</bind>
</comp>

<comp id="318" class="1005" name="trunc_ln8_reg_318">
<pin_list>
<pin id="319" dir="0" index="0" bw="58" slack="1"/>
<pin id="320" dir="1" index="1" bw="58" slack="1"/>
</pin_list>
<bind>
<opset="trunc_ln8 "/>
</bind>
</comp>

<comp id="323" class="1005" name="shl_ln342_reg_323">
<pin_list>
<pin id="324" dir="0" index="0" bw="64" slack="1"/>
<pin id="325" dir="1" index="1" bw="64" slack="1"/>
</pin_list>
<bind>
<opset="shl_ln342 "/>
</bind>
</comp>

<comp id="328" class="1005" name="shl_ln342_1_reg_328">
<pin_list>
<pin id="329" dir="0" index="0" bw="512" slack="1"/>
<pin id="330" dir="1" index="1" bw="512" slack="1"/>
</pin_list>
<bind>
<opset="shl_ln342_1 "/>
</bind>
</comp>

<comp id="333" class="1005" name="gmem_addr_1_reg_333">
<pin_list>
<pin id="334" dir="0" index="0" bw="512" slack="1"/>
<pin id="335" dir="1" index="1" bw="512" slack="1"/>
</pin_list>
<bind>
<opset="gmem_addr_1 "/>
</bind>
</comp>

</comp_list>

<net_list>
<net id="89"><net_src comp="8" pin="0"/><net_sink comp="86" pin=0"/></net>

<net id="94"><net_src comp="28" pin="0"/><net_sink comp="90" pin=0"/></net>

<net id="95"><net_src comp="6" pin="0"/><net_sink comp="90" pin=1"/></net>

<net id="100"><net_src comp="30" pin="0"/><net_sink comp="96" pin=0"/></net>

<net id="101"><net_src comp="4" pin="0"/><net_sink comp="96" pin=1"/></net>

<net id="107"><net_src comp="72" pin="0"/><net_sink comp="102" pin=0"/></net>

<net id="108"><net_src comp="8" pin="0"/><net_sink comp="102" pin=2"/></net>

<net id="115"><net_src comp="74" pin="0"/><net_sink comp="109" pin=0"/></net>

<net id="116"><net_src comp="76" pin="0"/><net_sink comp="102" pin=0"/></net>

<net id="122"><net_src comp="2" pin="0"/><net_sink comp="117" pin=0"/></net>

<net id="123"><net_src comp="44" pin="0"/><net_sink comp="117" pin=1"/></net>

<net id="129"><net_src comp="117" pin="3"/><net_sink comp="124" pin=0"/></net>

<net id="134"><net_src comp="32" pin="0"/><net_sink comp="130" pin=0"/></net>

<net id="142"><net_src comp="135" pin="1"/><net_sink comp="138" pin=0"/></net>

<net id="143"><net_src comp="40" pin="0"/><net_sink comp="138" pin=1"/></net>

<net id="148"><net_src comp="135" pin="1"/><net_sink comp="144" pin=0"/></net>

<net id="149"><net_src comp="42" pin="0"/><net_sink comp="144" pin=1"/></net>

<net id="153"><net_src comp="135" pin="1"/><net_sink comp="150" pin=0"/></net>

<net id="154"><net_src comp="150" pin="1"/><net_sink comp="117" pin=2"/></net>

<net id="160"><net_src comp="46" pin="0"/><net_sink comp="155" pin=0"/></net>

<net id="161"><net_src comp="135" pin="1"/><net_sink comp="155" pin=1"/></net>

<net id="162"><net_src comp="32" pin="0"/><net_sink comp="155" pin=2"/></net>

<net id="166"><net_src comp="155" pin="3"/><net_sink comp="163" pin=0"/></net>

<net id="171"><net_src comp="163" pin="1"/><net_sink comp="167" pin=0"/></net>

<net id="172"><net_src comp="96" pin="2"/><net_sink comp="167" pin=1"/></net>

<net id="179"><net_src comp="48" pin="0"/><net_sink comp="173" pin=0"/></net>

<net id="180"><net_src comp="167" pin="2"/><net_sink comp="173" pin=1"/></net>

<net id="181"><net_src comp="50" pin="0"/><net_sink comp="173" pin=2"/></net>

<net id="182"><net_src comp="52" pin="0"/><net_sink comp="173" pin=3"/></net>

<net id="187"><net_src comp="144" pin="2"/><net_sink comp="183" pin=0"/></net>

<net id="194"><net_src comp="54" pin="0"/><net_sink comp="188" pin=0"/></net>

<net id="195"><net_src comp="124" pin="3"/><net_sink comp="188" pin=1"/></net>

<net id="196"><net_src comp="56" pin="0"/><net_sink comp="188" pin=2"/></net>

<net id="197"><net_src comp="58" pin="0"/><net_sink comp="188" pin=3"/></net>

<net id="203"><net_src comp="60" pin="0"/><net_sink comp="198" pin=0"/></net>

<net id="204"><net_src comp="124" pin="3"/><net_sink comp="198" pin=1"/></net>

<net id="205"><net_src comp="58" pin="0"/><net_sink comp="198" pin=2"/></net>

<net id="209"><net_src comp="124" pin="3"/><net_sink comp="206" pin=0"/></net>

<net id="214"><net_src comp="206" pin="1"/><net_sink comp="210" pin=0"/></net>

<net id="215"><net_src comp="62" pin="0"/><net_sink comp="210" pin=1"/></net>

<net id="220"><net_src comp="188" pin="4"/><net_sink comp="216" pin=0"/></net>

<net id="221"><net_src comp="64" pin="0"/><net_sink comp="216" pin=1"/></net>

<net id="227"><net_src comp="210" pin="2"/><net_sink comp="222" pin=0"/></net>

<net id="228"><net_src comp="188" pin="4"/><net_sink comp="222" pin=1"/></net>

<net id="229"><net_src comp="216" pin="2"/><net_sink comp="222" pin=2"/></net>

<net id="235"><net_src comp="198" pin="3"/><net_sink comp="230" pin=0"/></net>

<net id="236"><net_src comp="222" pin="3"/><net_sink comp="230" pin=1"/></net>

<net id="237"><net_src comp="188" pin="4"/><net_sink comp="230" pin=2"/></net>

<net id="244"><net_src comp="230" pin="3"/><net_sink comp="241" pin=0"/></net>

<net id="248"><net_src comp="241" pin="1"/><net_sink comp="245" pin=0"/></net>

<net id="253"><net_src comp="238" pin="1"/><net_sink comp="249" pin=1"/></net>

<net id="257"><net_src comp="249" pin="2"/><net_sink comp="254" pin=0"/></net>

<net id="262"><net_src comp="66" pin="0"/><net_sink comp="258" pin=0"/></net>

<net id="263"><net_src comp="254" pin="1"/><net_sink comp="258" pin=1"/></net>

<net id="269"><net_src comp="68" pin="0"/><net_sink comp="264" pin=0"/></net>

<net id="270"><net_src comp="249" pin="2"/><net_sink comp="264" pin=1"/></net>

<net id="271"><net_src comp="70" pin="0"/><net_sink comp="264" pin=2"/></net>

<net id="275"><net_src comp="264" pin="3"/><net_sink comp="272" pin=0"/></net>

<net id="280"><net_src comp="245" pin="1"/><net_sink comp="276" pin=0"/></net>

<net id="281"><net_src comp="272" pin="1"/><net_sink comp="276" pin=1"/></net>

<net id="289"><net_src comp="0" pin="0"/><net_sink comp="285" pin=0"/></net>

<net id="290"><net_src comp="282" pin="1"/><net_sink comp="285" pin=1"/></net>

<net id="291"><net_src comp="285" pin="2"/><net_sink comp="102" pin=1"/></net>

<net id="295"><net_src comp="86" pin="1"/><net_sink comp="292" pin=0"/></net>

<net id="296"><net_src comp="292" pin="1"/><net_sink comp="130" pin=1"/></net>

<net id="297"><net_src comp="292" pin="1"/><net_sink comp="135" pin=0"/></net>

<net id="298"><net_src comp="292" pin="1"/><net_sink comp="183" pin=1"/></net>

<net id="302"><net_src comp="90" pin="2"/><net_sink comp="299" pin=0"/></net>

<net id="303"><net_src comp="299" pin="1"/><net_sink comp="249" pin=0"/></net>

<net id="307"><net_src comp="138" pin="2"/><net_sink comp="304" pin=0"/></net>

<net id="311"><net_src comp="117" pin="3"/><net_sink comp="308" pin=0"/></net>

<net id="312"><net_src comp="308" pin="1"/><net_sink comp="124" pin=0"/></net>

<net id="316"><net_src comp="155" pin="3"/><net_sink comp="313" pin=0"/></net>

<net id="317"><net_src comp="313" pin="1"/><net_sink comp="238" pin=0"/></net>

<net id="321"><net_src comp="173" pin="4"/><net_sink comp="318" pin=0"/></net>

<net id="322"><net_src comp="318" pin="1"/><net_sink comp="282" pin=0"/></net>

<net id="326"><net_src comp="258" pin="2"/><net_sink comp="323" pin=0"/></net>

<net id="327"><net_src comp="323" pin="1"/><net_sink comp="109" pin=3"/></net>

<net id="331"><net_src comp="276" pin="2"/><net_sink comp="328" pin=0"/></net>

<net id="332"><net_src comp="328" pin="1"/><net_sink comp="109" pin=2"/></net>

<net id="336"><net_src comp="285" pin="2"/><net_sink comp="333" pin=0"/></net>

<net id="337"><net_src comp="333" pin="1"/><net_sink comp="109" pin=1"/></net>

<net id="338"><net_src comp="333" pin="1"/><net_sink comp="102" pin=1"/></net>

</net_list>

</model> 
---------------- Datapath Model END ------------------

* FSMD analyzer results:
  - Output states:
	Port: gmem | {2 3 4 5 6 7 8 9 10 11 12 13 14 15 16 17 18 19 20 21 22 23 24 25 26 27 28 29 30 31 32 33 34 35 36 37 38 39 40 41 42 43 44 45 46 47 48 49 50 51 52 53 54 55 56 57 58 59 60 61 62 63 64 65 66 67 68 69 70 71 }
 - Input state : 
	Port: process_data_Pipeline_VITIS_LOOP_340_6 : cc_prob | {1 2 }
	Port: process_data_Pipeline_VITIS_LOOP_340_6 : outdata | {1 }
	Port: process_data_Pipeline_VITIS_LOOP_340_6 : trunc_ln342_1 | {1 }
  - Chain level:
	State 1
		store_ln0 : 1
		i_1 : 1
		icmp_ln340 : 2
		add_ln340 : 2
		br_ln340 : 3
		i_cast36 : 2
		cc_prob_addr : 3
		cc_prob_load : 4
		shl_ln : 2
		zext_ln342 : 3
		add_ln342_1 : 4
		trunc_ln8 : 5
		store_ln340 : 3
	State 2
		tmp_s : 1
		tmp : 1
		trunc_ln342 : 1
		icmp_ln342 : 2
		add_ln342 : 2
		select_ln342 : 3
		select_ln342_1 : 4
		sext_ln342 : 5
		zext_ln342_3 : 6
		add_ln342_2 : 1
		zext_ln342_1 : 2
		shl_ln342 : 3
		shl_ln342_2 : 2
		zext_ln342_4 : 3
		shl_ln342_1 : 7
		gmem_addr_1 : 1
		empty : 2
	State 3
	State 4
	State 5
	State 6
	State 7
	State 8
	State 9
	State 10
	State 11
	State 12
	State 13
	State 14
	State 15
	State 16
	State 17
	State 18
	State 19
	State 20
	State 21
	State 22
	State 23
	State 24
	State 25
	State 26
	State 27
	State 28
	State 29
	State 30
	State 31
	State 32
	State 33
	State 34
	State 35
	State 36
	State 37
	State 38
	State 39
	State 40
	State 41
	State 42
	State 43
	State 44
	State 45
	State 46
	State 47
	State 48
	State 49
	State 50
	State 51
	State 52
	State 53
	State 54
	State 55
	State 56
	State 57
	State 58
	State 59
	State 60
	State 61
	State 62
	State 63
	State 64
	State 65
	State 66
	State 67
	State 68
	State 69
	State 70
	State 71


============================================================
+ Verbose Summary: Datapath Resource usage 
============================================================

* Functional unit list:
|----------|-------------------------------|---------|---------|
| Operation|        Functional Unit        |    FF   |   LUT   |
|----------|-------------------------------|---------|---------|
|    shl   |        shl_ln342_fu_258       |    0    |    13   |
|          |       shl_ln342_1_fu_276      |    0    |   100   |
|----------|-------------------------------|---------|---------|
|          |        add_ln340_fu_144       |    0    |    9    |
|    add   |       add_ln342_1_fu_167      |    0    |    71   |
|          |        add_ln342_fu_216       |    0    |    13   |
|          |       add_ln342_2_fu_249      |    0    |    13   |
|----------|-------------------------------|---------|---------|
|   icmp   |       icmp_ln340_fu_138       |    0    |    9    |
|          |       icmp_ln342_fu_210       |    0    |    17   |
|----------|-------------------------------|---------|---------|
|  select  |      select_ln342_fu_222      |    0    |    6    |
|          |     select_ln342_1_fu_230     |    0    |    6    |
|----------|-------------------------------|---------|---------|
|   read   | trunc_ln342_1_read_read_fu_90 |    0    |    0    |
|          |    outdata_read_read_fu_96    |    0    |    0    |
|----------|-------------------------------|---------|---------|
| writeresp|      grp_writeresp_fu_102     |    0    |    0    |
|----------|-------------------------------|---------|---------|
|   write  |    write_ln342_write_fu_109   |    0    |    0    |
|----------|-------------------------------|---------|---------|
|          |        i_cast36_fu_150        |    0    |    0    |
|          |       zext_ln342_fu_163       |    0    |    0    |
|   zext   |      zext_ln342_2_fu_238      |    0    |    0    |
|          |      zext_ln342_3_fu_245      |    0    |    0    |
|          |      zext_ln342_1_fu_254      |    0    |    0    |
|          |      zext_ln342_4_fu_272      |    0    |    0    |
|----------|-------------------------------|---------|---------|
|bitconcatenate|         shl_ln_fu_155         |    0    |    0    |
|          |       shl_ln342_2_fu_264      |    0    |    0    |
|----------|-------------------------------|---------|---------|
|partselect|        trunc_ln8_fu_173       |    0    |    0    |
|          |          tmp_s_fu_188         |    0    |    0    |
|----------|-------------------------------|---------|---------|
| bitselect|           tmp_fu_198          |    0    |    0    |
|----------|-------------------------------|---------|---------|
|   trunc  |       trunc_ln342_fu_206      |    0    |    0    |
|----------|-------------------------------|---------|---------|
|   sext   |       sext_ln342_fu_241       |    0    |    0    |
|          |      sext_ln342_1_fu_282      |    0    |    0    |
|----------|-------------------------------|---------|---------|
|   Total  |                               |    0    |   257   |
|----------|-------------------------------|---------|---------|

Memories:
N/A

* Register list:
+--------------------------+--------+
|                          |   FF   |
+--------------------------+--------+
|   cc_prob_addr_reg_308   |    2   |
|    gmem_addr_1_reg_333   |   512  |
|         i_reg_292        |    2   |
|    icmp_ln340_reg_304    |    1   |
|    shl_ln342_1_reg_328   |   512  |
|     shl_ln342_reg_323    |   64   |
|      shl_ln_reg_313      |    4   |
|trunc_ln342_1_read_reg_299|    6   |
|     trunc_ln8_reg_318    |   58   |
+--------------------------+--------+
|           Total          |  1161  |
+--------------------------+--------+

* Multiplexer (MUX) list: 
|----------------------|------|------|------|--------||---------||---------|
|         Comp         |  Pin | Size |  BW  | S x BW ||  Delay  ||   LUT   |
|----------------------|------|------|------|--------||---------||---------|
| grp_writeresp_fu_102 |  p0  |   2  |   1  |    2   |
| grp_writeresp_fu_102 |  p1  |   2  |  512 |  1024  ||    9    |
|   grp_access_fu_124  |  p0  |   2  |   2  |    4   ||    9    |
|----------------------|------|------|------|--------||---------||---------|
|         Total        |      |      |      |  1030  ||   1.38  ||    18   |
|----------------------|------|------|------|--------||---------||---------|



* Summary:
+-----------+--------+--------+--------+
|           |  Delay |   FF   |   LUT  |
+-----------+--------+--------+--------+
|  Function |    -   |    0   |   257  |
|   Memory  |    -   |    -   |    -   |
|Multiplexer|    1   |    -   |   18   |
|  Register |    -   |  1161  |    -   |
+-----------+--------+--------+--------+
|   Total   |    1   |  1161  |   275  |
+-----------+--------+--------+--------+
