

================================================================
== Vitis HLS Report for 'process_data_Pipeline_VITIS_LOOP_239_10'
================================================================
* Date:           Mon Aug  7 11:50:25 2023

* Version:        2023.1 (Build 3854077 on May  4 2023)
* Project:        processapa
* Solution:       solution1 (Vitis Kernel Flow Target)
* Product family: virtexuplus
* Target device:  xcvu11p-flga2577-1-e


================================================================
== Performance Estimates
================================================================
+ Timing: 
    * Summary: 
    +--------+----------+----------+------------+
    |  Clock |  Target  | Estimated| Uncertainty|
    +--------+----------+----------+------------+
    |ap_clk  |  10.00 ns|  7.300 ns|     2.70 ns|
    +--------+----------+----------+------------+

+ Latency: 
    * Summary: 
    +---------+---------+----------+----------+-----+-----+---------+
    |  Latency (cycles) |  Latency (absolute) |  Interval | Pipeline|
    |   min   |   max   |    min   |    max   | min | max |   Type  |
    +---------+---------+----------+----------+-----+-----+---------+
    |       74|       74|  0.740 us|  0.740 us|   74|   74|       no|
    +---------+---------+----------+----------+-----+-----+---------+

    + Detail: 
        * Instance: 
        N/A

        * Loop: 
        +---------------------+---------+---------+----------+-----------+-----------+------+----------+
        |                     |  Latency (cycles) | Iteration|  Initiation Interval  | Trip |          |
        |      Loop Name      |   min   |   max   |  Latency |  achieved |   target  | Count| Pipelined|
        +---------------------+---------+---------+----------+-----------+-----------+------+----------+
        |- VITIS_LOOP_239_10  |       72|       72|        71|          1|          1|     3|       yes|
        +---------------------+---------+---------+----------+-----------+-----------+------+----------+

============================================================
+ Verbose Summary: Synthesis Manager
============================================================
InlineROM: 1
ExposeGlobal: 0
============================================================
+ Verbose Summary: CDFG Model
============================================================
IsTopModel: 0
ResetActiveHigh: 1
IsCombinational: 0
IsDatapathOnly: 0
HasWiredReturn: 1
HasMFsm: 2
HasVarLatency: 1
IsPipeline: 0
IsRtlPipelined: 0
IsInstanceOverlapped: 0
IsDontTouch: 0
HasImplIP: 0
IsGatedGlobalClock: 0

+ Individual pipeline summary: 
  * Pipeline-0: initiation interval (II) = 1, depth = 71


============================================================
+ Verbose Summary: Schedule
============================================================
* Number of FSM states : 71
* Pipeline : 1
  Pipeline-0 : II = 1, D = 71, States = { 1 2 3 4 5 6 7 8 9 10 11 12 13 14 15 16 17 18 19 20 21 22 23 24 25 26 27 28 29 30 31 32 33 34 35 36 37 38 39 40 41 42 43 44 45 46 47 48 49 50 51 52 53 54 55 56 57 58 59 60 61 62 63 64 65 66 67 68 69 70 71 }
* Dataflow Pipeline: 0

* FSM state transitions: 
1 --> 2 
2 --> 3 
3 --> 4 
4 --> 5 
5 --> 6 
6 --> 7 
7 --> 8 
8 --> 9 
9 --> 10 
10 --> 11 
11 --> 12 
12 --> 13 
13 --> 14 
14 --> 15 
15 --> 16 
16 --> 17 
17 --> 18 
18 --> 19 
19 --> 20 
20 --> 21 
21 --> 22 
22 --> 23 
23 --> 24 
24 --> 25 
25 --> 26 
26 --> 27 
27 --> 28 
28 --> 29 
29 --> 30 
30 --> 31 
31 --> 32 
32 --> 33 
33 --> 34 
34 --> 35 
35 --> 36 
36 --> 37 
37 --> 38 
38 --> 39 
39 --> 40 
40 --> 41 
41 --> 42 
42 --> 43 
43 --> 44 
44 --> 45 
45 --> 46 
46 --> 47 
47 --> 48 
48 --> 49 
49 --> 50 
50 --> 51 
51 --> 52 
52 --> 53 
53 --> 54 
54 --> 55 
55 --> 56 
56 --> 57 
57 --> 58 
58 --> 59 
59 --> 60 
60 --> 61 
61 --> 62 
62 --> 63 
63 --> 64 
64 --> 65 
65 --> 66 
66 --> 67 
67 --> 68 
68 --> 69 
69 --> 70 
70 --> 71 
71 --> 

* FSM state operations: 

State 1 <SV = 0> <Delay = 1.98>
ST_1 : Operation 74 [1/1] (0.00ns)   --->   "%z = alloca i32 1"   --->   Operation 74 'alloca' 'z' <Predicate = true> <Delay = 0.00>
ST_1 : Operation 75 [1/1] (0.00ns)   --->   "%trunc_ln217_1_read = read i5 @_ssdm_op_Read.ap_auto.i5, i5 %trunc_ln217_1"   --->   Operation 75 'read' 'trunc_ln217_1_read' <Predicate = true> <Delay = 0.00>
ST_1 : Operation 76 [1/1] (0.00ns)   --->   "%trunc_ln14_read = read i5 @_ssdm_op_Read.ap_auto.i5, i5 %trunc_ln14"   --->   Operation 76 'read' 'trunc_ln14_read' <Predicate = true> <Delay = 0.00>
ST_1 : Operation 77 [1/1] (0.00ns)   --->   "%outdata_read = read i64 @_ssdm_op_Read.ap_auto.i64, i64 %outdata"   --->   Operation 77 'read' 'outdata_read' <Predicate = true> <Delay = 0.00>
ST_1 : Operation 78 [1/1] (0.00ns)   --->   "%sext_ln236_read = read i11 @_ssdm_op_Read.ap_auto.i11, i11 %sext_ln236"   --->   Operation 78 'read' 'sext_ln236_read' <Predicate = true> <Delay = 0.00>
ST_1 : Operation 79 [1/1] (0.00ns)   --->   "%sext_ln236_cast = sext i11 %sext_ln236_read"   --->   Operation 79 'sext' 'sext_ln236_cast' <Predicate = true> <Delay = 0.00>
ST_1 : Operation 80 [1/1] (0.00ns)   --->   "%specinterface_ln0 = specinterface void @_ssdm_op_SpecInterface, i256 %gmem, void @empty_41, i32 0, i32 0, void @empty_35, i32 64, i32 28320800, void @empty_0, void @empty_1, void @empty_35, i32 16, i32 16, i32 16, i32 16, void @empty_35, void @empty_35, i32 4294967295, i32 0"   --->   Operation 80 'specinterface' 'specinterface_ln0' <Predicate = true> <Delay = 0.00>
ST_1 : Operation 81 [1/1] (0.46ns)   --->   "%store_ln0 = store i2 0, i2 %z"   --->   Operation 81 'store' 'store_ln0' <Predicate = true> <Delay = 0.46>
ST_1 : Operation 82 [1/1] (0.00ns)   --->   "%br_ln0 = br void %for.body213"   --->   Operation 82 'br' 'br_ln0' <Predicate = true> <Delay = 0.00>
ST_1 : Operation 83 [1/1] (0.00ns)   --->   "%z_1 = load i2 %z" [kernel.cpp:239]   --->   Operation 83 'load' 'z_1' <Predicate = true> <Delay = 0.00>
ST_1 : Operation 84 [1/1] (0.00ns)   --->   "%specbitsmap_ln0 = specbitsmap void @_ssdm_op_SpecBitsMap, i256 %gmem"   --->   Operation 84 'specbitsmap' 'specbitsmap_ln0' <Predicate = true> <Delay = 0.00>
ST_1 : Operation 85 [1/1] (0.00ns)   --->   "%specpipeline_ln0 = specpipeline void @_ssdm_op_SpecPipeline, i32 4294967295, i32 0, i32 1, i32 0, void @p_str"   --->   Operation 85 'specpipeline' 'specpipeline_ln0' <Predicate = true> <Delay = 0.00>
ST_1 : Operation 86 [1/1] (0.62ns)   --->   "%icmp_ln239 = icmp_eq  i2 %z_1, i2 3" [kernel.cpp:239]   --->   Operation 86 'icmp' 'icmp_ln239' <Predicate = true> <Delay = 0.62> <CoreInst = "Cmp">   --->   Core 9 'Cmp' <Latency = 0> <II = 1> <Delay = 0.62> <FuncUnit> <Opcode : 'icmp'> <InPorts = 2> <OutPorts = 1>
ST_1 : Operation 87 [1/1] (0.62ns)   --->   "%add_ln239 = add i2 %z_1, i2 1" [kernel.cpp:239]   --->   Operation 87 'add' 'add_ln239' <Predicate = true> <Delay = 0.62> <CoreInst = "Adder">   --->   Core 1 'Adder' <Latency = 0> <II = 1> <Delay = 0.62> <FuncUnit> <Opcode : 'add' 'sub'> <InPorts = 2> <OutPorts = 1>
ST_1 : Operation 88 [1/1] (0.00ns)   --->   "%br_ln239 = br i1 %icmp_ln239, void %for.body213.split_ifconv, void %for.inc226.exitStub" [kernel.cpp:239]   --->   Operation 88 'br' 'br_ln239' <Predicate = true> <Delay = 0.00>
ST_1 : Operation 89 [1/1] (0.00ns)   --->   "%z_1_cast34 = zext i2 %z_1" [kernel.cpp:239]   --->   Operation 89 'zext' 'z_1_cast34' <Predicate = (!icmp_ln239)> <Delay = 0.00>
ST_1 : Operation 90 [1/1] (0.00ns)   --->   "%cc_prob_1_addr = getelementptr i16 %cc_prob_1, i64 0, i64 %z_1_cast34" [kernel.cpp:241]   --->   Operation 90 'getelementptr' 'cc_prob_1_addr' <Predicate = (!icmp_ln239)> <Delay = 0.00>
ST_1 : Operation 91 [2/2] (0.73ns)   --->   "%cc_prob_1_load = load i2 %cc_prob_1_addr" [kernel.cpp:241]   --->   Operation 91 'load' 'cc_prob_1_load' <Predicate = (!icmp_ln239)> <Delay = 0.73> <CoreInst = "RAM">   --->   Core 83 'RAM' <Latency = 1> <II = 1> <Delay = 0.73> <Storage> <Opcode : 'load' 'store'> <Ports = 2> <Width = 16> <Depth = 3> <RAM>
ST_1 : Operation 92 [1/1] (0.00ns)   --->   "%shl_ln5 = bitconcatenate i4 @_ssdm_op_BitConcatenate.i4.i2.i2, i2 %z_1, i2 0" [kernel.cpp:241]   --->   Operation 92 'bitconcatenate' 'shl_ln5' <Predicate = (!icmp_ln239)> <Delay = 0.00>
ST_1 : Operation 93 [1/1] (0.00ns)   --->   "%zext_ln241_2 = zext i4 %shl_ln5" [kernel.cpp:241]   --->   Operation 93 'zext' 'zext_ln241_2' <Predicate = (!icmp_ln239)> <Delay = 0.00>
ST_1 : Operation 94 [1/1] (0.00ns) (grouped into TernaryAdder)   --->   "%add_ln241_2 = add i64 %sext_ln236_cast, i64 %outdata_read" [kernel.cpp:241]   --->   Operation 94 'add' 'add_ln241_2' <Predicate = (!icmp_ln239)> <Delay = 0.00> <CoreInst = "TAddSub">   --->   Core 10 'TAddSub' <Latency = 0> <II = 1> <Delay = 0.30> <IPBlock> <Opcode : '<invalid operator> ' 'add' 'sub'> <InPorts = 3> <OutPorts = 1> <Sync> <CReg>
ST_1 : Operation 95 [1/1] (0.93ns)   --->   "%add_ln241_4 = add i10 %zext_ln241_2, i10 552" [kernel.cpp:241]   --->   Operation 95 'add' 'add_ln241_4' <Predicate = (!icmp_ln239)> <Delay = 0.93> <CoreInst = "Adder">   --->   Core 1 'Adder' <Latency = 0> <II = 1> <Delay = 0.93> <FuncUnit> <Opcode : 'add' 'sub'> <InPorts = 2> <OutPorts = 1>
ST_1 : Operation 96 [1/1] (0.00ns)   --->   "%zext_ln241_3 = zext i10 %add_ln241_4" [kernel.cpp:241]   --->   Operation 96 'zext' 'zext_ln241_3' <Predicate = (!icmp_ln239)> <Delay = 0.00>
ST_1 : Operation 97 [1/1] (1.05ns) (root node of TernaryAdder)   --->   "%add_ln241_1 = add i64 %zext_ln241_3, i64 %add_ln241_2" [kernel.cpp:241]   --->   Operation 97 'add' 'add_ln241_1' <Predicate = (!icmp_ln239)> <Delay = 1.05> <CoreInst = "TAddSub">   --->   Core 10 'TAddSub' <Latency = 0> <II = 1> <Delay = 0.30> <IPBlock> <Opcode : '<invalid operator> ' 'add' 'sub'> <InPorts = 3> <OutPorts = 1> <Sync> <CReg>
ST_1 : Operation 98 [1/1] (0.00ns)   --->   "%trunc_ln = partselect i59 @_ssdm_op_PartSelect.i59.i64.i32.i32, i64 %add_ln241_1, i32 5, i32 63" [kernel.cpp:241]   --->   Operation 98 'partselect' 'trunc_ln' <Predicate = (!icmp_ln239)> <Delay = 0.00>
ST_1 : Operation 99 [1/1] (0.46ns)   --->   "%store_ln239 = store i2 %add_ln239, i2 %z" [kernel.cpp:239]   --->   Operation 99 'store' 'store_ln239' <Predicate = (!icmp_ln239)> <Delay = 0.46>

State 2 <SV = 1> <Delay = 7.30>
ST_2 : Operation 100 [1/2] (0.73ns)   --->   "%cc_prob_1_load = load i2 %cc_prob_1_addr" [kernel.cpp:241]   --->   Operation 100 'load' 'cc_prob_1_load' <Predicate = true> <Delay = 0.73> <CoreInst = "RAM">   --->   Core 83 'RAM' <Latency = 1> <II = 1> <Delay = 0.73> <Storage> <Opcode : 'load' 'store'> <Ports = 2> <Width = 16> <Depth = 3> <RAM>
ST_2 : Operation 101 [1/1] (0.00ns)   --->   "%tmp_s = partselect i6 @_ssdm_op_PartSelect.i6.i16.i32.i32, i16 %cc_prob_1_load, i32 10, i32 15" [kernel.cpp:241]   --->   Operation 101 'partselect' 'tmp_s' <Predicate = true> <Delay = 0.00>
ST_2 : Operation 102 [1/1] (0.00ns) (grouped into LUT with out node shl_ln241_1)   --->   "%tmp = bitselect i1 @_ssdm_op_BitSelect.i1.i16.i32, i16 %cc_prob_1_load, i32 15" [kernel.cpp:241]   --->   Operation 102 'bitselect' 'tmp' <Predicate = true> <Delay = 0.00>
ST_2 : Operation 103 [1/1] (0.00ns)   --->   "%trunc_ln241 = trunc i16 %cc_prob_1_load" [kernel.cpp:241]   --->   Operation 103 'trunc' 'trunc_ln241' <Predicate = true> <Delay = 0.00>
ST_2 : Operation 104 [1/1] (0.93ns)   --->   "%icmp_ln241 = icmp_eq  i10 %trunc_ln241, i10 0" [kernel.cpp:241]   --->   Operation 104 'icmp' 'icmp_ln241' <Predicate = true> <Delay = 0.93> <CoreInst = "Cmp">   --->   Core 9 'Cmp' <Latency = 0> <II = 1> <Delay = 0.93> <FuncUnit> <Opcode : 'icmp'> <InPorts = 2> <OutPorts = 1>
ST_2 : Operation 105 [1/1] (0.84ns)   --->   "%add_ln241 = add i6 %tmp_s, i6 1" [kernel.cpp:241]   --->   Operation 105 'add' 'add_ln241' <Predicate = true> <Delay = 0.84> <CoreInst = "Adder">   --->   Core 1 'Adder' <Latency = 0> <II = 1> <Delay = 0.84> <FuncUnit> <Opcode : 'add' 'sub'> <InPorts = 2> <OutPorts = 1>
ST_2 : Operation 106 [1/1] (0.00ns) (grouped into LUT with out node shl_ln241_1)   --->   "%select_ln241 = select i1 %icmp_ln241, i6 %tmp_s, i6 %add_ln241" [kernel.cpp:241]   --->   Operation 106 'select' 'select_ln241' <Predicate = true> <Delay = 0.00> <CoreInst = "Sel">   --->   Core 73 'Sel' <Latency = 0> <II = 1> <Delay = 0.36> <FuncUnit> <Opcode : 'select'> <InPorts = 3> <OutPorts = 1>
ST_2 : Operation 107 [1/1] (0.00ns) (grouped into LUT with out node shl_ln241_1)   --->   "%select_ln241_1 = select i1 %tmp, i6 %select_ln241, i6 %tmp_s" [kernel.cpp:241]   --->   Operation 107 'select' 'select_ln241_1' <Predicate = true> <Delay = 0.00> <CoreInst = "Sel">   --->   Core 73 'Sel' <Latency = 0> <II = 1> <Delay = 0.36> <FuncUnit> <Opcode : 'select'> <InPorts = 3> <OutPorts = 1>
ST_2 : Operation 108 [1/1] (0.00ns)   --->   "%zext_ln241 = zext i4 %shl_ln5" [kernel.cpp:241]   --->   Operation 108 'zext' 'zext_ln241' <Predicate = true> <Delay = 0.00>
ST_2 : Operation 109 [1/1] (0.00ns) (grouped into LUT with out node shl_ln241_1)   --->   "%sext_ln241 = sext i6 %select_ln241_1" [kernel.cpp:241]   --->   Operation 109 'sext' 'sext_ln241' <Predicate = true> <Delay = 0.00>
ST_2 : Operation 110 [1/1] (0.00ns) (grouped into LUT with out node shl_ln241_1)   --->   "%zext_ln241_5 = zext i32 %sext_ln241" [kernel.cpp:241]   --->   Operation 110 'zext' 'zext_ln241_5' <Predicate = true> <Delay = 0.00>
ST_2 : Operation 111 [1/1] (0.00ns) (grouped into TernaryAdder)   --->   "%add_ln241_5 = add i5 %trunc_ln14_read, i5 %trunc_ln217_1_read" [kernel.cpp:241]   --->   Operation 111 'add' 'add_ln241_5' <Predicate = true> <Delay = 0.00> <CoreInst = "TAddSub">   --->   Core 10 'TAddSub' <Latency = 0> <II = 1> <Delay = 0.30> <IPBlock> <Opcode : '<invalid operator> ' 'add' 'sub'> <InPorts = 3> <OutPorts = 1> <Sync> <CReg>
ST_2 : Operation 112 [1/1] (0.82ns)   --->   "%add_ln241_6 = add i5 %zext_ln241, i5 8" [kernel.cpp:241]   --->   Operation 112 'add' 'add_ln241_6' <Predicate = true> <Delay = 0.82> <CoreInst = "Adder">   --->   Core 1 'Adder' <Latency = 0> <II = 1> <Delay = 0.82> <FuncUnit> <Opcode : 'add' 'sub'> <InPorts = 2> <OutPorts = 1>
ST_2 : Operation 113 [1/1] (0.60ns) (root node of TernaryAdder)   --->   "%add_ln241_3 = add i5 %add_ln241_6, i5 %add_ln241_5" [kernel.cpp:241]   --->   Operation 113 'add' 'add_ln241_3' <Predicate = true> <Delay = 0.60> <CoreInst = "TAddSub">   --->   Core 10 'TAddSub' <Latency = 0> <II = 1> <Delay = 0.30> <IPBlock> <Opcode : '<invalid operator> ' 'add' 'sub'> <InPorts = 3> <OutPorts = 1> <Sync> <CReg>
ST_2 : Operation 114 [1/1] (0.00ns)   --->   "%zext_ln241_1 = zext i5 %add_ln241_3" [kernel.cpp:241]   --->   Operation 114 'zext' 'zext_ln241_1' <Predicate = true> <Delay = 0.00>
ST_2 : Operation 115 [1/1] (0.70ns)   --->   "%shl_ln241 = shl i32 15, i32 %zext_ln241_1" [kernel.cpp:241]   --->   Operation 115 'shl' 'shl_ln241' <Predicate = true> <Delay = 0.70> <CoreInst = "Shifter">   --->   Core 75 'Shifter' <Latency = 0> <II = 1> <Delay = 0.70> <FuncUnit> <Opcode : 'shl' 'lshr' 'ashr'> <InPorts = 2> <OutPorts = 1>
ST_2 : Operation 116 [1/1] (0.00ns) (grouped into LUT with out node shl_ln241_1)   --->   "%shl_ln241_2 = bitconcatenate i8 @_ssdm_op_BitConcatenate.i8.i5.i3, i5 %add_ln241_3, i3 0" [kernel.cpp:241]   --->   Operation 116 'bitconcatenate' 'shl_ln241_2' <Predicate = true> <Delay = 0.00>
ST_2 : Operation 117 [1/1] (0.00ns) (grouped into LUT with out node shl_ln241_1)   --->   "%zext_ln241_4 = zext i8 %shl_ln241_2" [kernel.cpp:241]   --->   Operation 117 'zext' 'zext_ln241_4' <Predicate = true> <Delay = 0.00>
ST_2 : Operation 118 [1/1] (1.27ns) (out node of the LUT)   --->   "%shl_ln241_1 = shl i256 %zext_ln241_5, i256 %zext_ln241_4" [kernel.cpp:241]   --->   Operation 118 'shl' 'shl_ln241_1' <Predicate = true> <Delay = 1.27> <CoreInst = "Shifter">   --->   Core 75 'Shifter' <Latency = 0> <II = 1> <Delay = 1.27> <FuncUnit> <Opcode : 'shl' 'lshr' 'ashr'> <InPorts = 2> <OutPorts = 1>
ST_2 : Operation 119 [1/1] (0.00ns)   --->   "%sext_ln241_1 = sext i59 %trunc_ln" [kernel.cpp:241]   --->   Operation 119 'sext' 'sext_ln241_1' <Predicate = true> <Delay = 0.00>
ST_2 : Operation 120 [1/1] (0.00ns)   --->   "%gmem_addr = getelementptr i256 %gmem, i64 %sext_ln241_1" [kernel.cpp:241]   --->   Operation 120 'getelementptr' 'gmem_addr' <Predicate = true> <Delay = 0.00>
ST_2 : Operation 121 [1/1] (7.30ns)   --->   "%empty = writereq i1 @_ssdm_op_WriteReq.m_axi.p1i256, i256 %gmem_addr, i32 1" [kernel.cpp:241]   --->   Operation 121 'writereq' 'empty' <Predicate = true> <Delay = 7.30> <CoreInst = "m_axi">   --->   Core 121 'm_axi' <Latency = 0> <II = 1> <Delay = 1.00> <Adapter> <Opcode : 'read' 'write' 'readreq' 'writereq' 'writeresp'>

State 3 <SV = 2> <Delay = 7.30>
ST_3 : Operation 122 [1/1] (7.30ns)   --->   "%write_ln241 = write void @_ssdm_op_Write.m_axi.p1i256, i256 %gmem_addr, i256 %shl_ln241_1, i32 %shl_ln241" [kernel.cpp:241]   --->   Operation 122 'write' 'write_ln241' <Predicate = true> <Delay = 7.30> <CoreInst = "m_axi">   --->   Core 121 'm_axi' <Latency = 0> <II = 1> <Delay = 1.00> <Adapter> <Opcode : 'read' 'write' 'readreq' 'writereq' 'writeresp'>

State 4 <SV = 3> <Delay = 7.30>
ST_4 : Operation 123 [68/68] (7.30ns)   --->   "%empty_103 = writeresp i1 @_ssdm_op_WriteResp.m_axi.p1i256, i256 %gmem_addr" [kernel.cpp:241]   --->   Operation 123 'writeresp' 'empty_103' <Predicate = true> <Delay = 7.30> <CoreInst = "m_axi">   --->   Core 121 'm_axi' <Latency = 0> <II = 1> <Delay = 1.00> <Adapter> <Opcode : 'read' 'write' 'readreq' 'writereq' 'writeresp'>

State 5 <SV = 4> <Delay = 7.30>
ST_5 : Operation 124 [67/68] (7.30ns)   --->   "%empty_103 = writeresp i1 @_ssdm_op_WriteResp.m_axi.p1i256, i256 %gmem_addr" [kernel.cpp:241]   --->   Operation 124 'writeresp' 'empty_103' <Predicate = true> <Delay = 7.30> <CoreInst = "m_axi">   --->   Core 121 'm_axi' <Latency = 0> <II = 1> <Delay = 1.00> <Adapter> <Opcode : 'read' 'write' 'readreq' 'writereq' 'writeresp'>

State 6 <SV = 5> <Delay = 7.30>
ST_6 : Operation 125 [66/68] (7.30ns)   --->   "%empty_103 = writeresp i1 @_ssdm_op_WriteResp.m_axi.p1i256, i256 %gmem_addr" [kernel.cpp:241]   --->   Operation 125 'writeresp' 'empty_103' <Predicate = true> <Delay = 7.30> <CoreInst = "m_axi">   --->   Core 121 'm_axi' <Latency = 0> <II = 1> <Delay = 1.00> <Adapter> <Opcode : 'read' 'write' 'readreq' 'writereq' 'writeresp'>

State 7 <SV = 6> <Delay = 7.30>
ST_7 : Operation 126 [65/68] (7.30ns)   --->   "%empty_103 = writeresp i1 @_ssdm_op_WriteResp.m_axi.p1i256, i256 %gmem_addr" [kernel.cpp:241]   --->   Operation 126 'writeresp' 'empty_103' <Predicate = true> <Delay = 7.30> <CoreInst = "m_axi">   --->   Core 121 'm_axi' <Latency = 0> <II = 1> <Delay = 1.00> <Adapter> <Opcode : 'read' 'write' 'readreq' 'writereq' 'writeresp'>

State 8 <SV = 7> <Delay = 7.30>
ST_8 : Operation 127 [64/68] (7.30ns)   --->   "%empty_103 = writeresp i1 @_ssdm_op_WriteResp.m_axi.p1i256, i256 %gmem_addr" [kernel.cpp:241]   --->   Operation 127 'writeresp' 'empty_103' <Predicate = true> <Delay = 7.30> <CoreInst = "m_axi">   --->   Core 121 'm_axi' <Latency = 0> <II = 1> <Delay = 1.00> <Adapter> <Opcode : 'read' 'write' 'readreq' 'writereq' 'writeresp'>

State 9 <SV = 8> <Delay = 7.30>
ST_9 : Operation 128 [63/68] (7.30ns)   --->   "%empty_103 = writeresp i1 @_ssdm_op_WriteResp.m_axi.p1i256, i256 %gmem_addr" [kernel.cpp:241]   --->   Operation 128 'writeresp' 'empty_103' <Predicate = true> <Delay = 7.30> <CoreInst = "m_axi">   --->   Core 121 'm_axi' <Latency = 0> <II = 1> <Delay = 1.00> <Adapter> <Opcode : 'read' 'write' 'readreq' 'writereq' 'writeresp'>

State 10 <SV = 9> <Delay = 7.30>
ST_10 : Operation 129 [62/68] (7.30ns)   --->   "%empty_103 = writeresp i1 @_ssdm_op_WriteResp.m_axi.p1i256, i256 %gmem_addr" [kernel.cpp:241]   --->   Operation 129 'writeresp' 'empty_103' <Predicate = true> <Delay = 7.30> <CoreInst = "m_axi">   --->   Core 121 'm_axi' <Latency = 0> <II = 1> <Delay = 1.00> <Adapter> <Opcode : 'read' 'write' 'readreq' 'writereq' 'writeresp'>

State 11 <SV = 10> <Delay = 7.30>
ST_11 : Operation 130 [61/68] (7.30ns)   --->   "%empty_103 = writeresp i1 @_ssdm_op_WriteResp.m_axi.p1i256, i256 %gmem_addr" [kernel.cpp:241]   --->   Operation 130 'writeresp' 'empty_103' <Predicate = true> <Delay = 7.30> <CoreInst = "m_axi">   --->   Core 121 'm_axi' <Latency = 0> <II = 1> <Delay = 1.00> <Adapter> <Opcode : 'read' 'write' 'readreq' 'writereq' 'writeresp'>

State 12 <SV = 11> <Delay = 7.30>
ST_12 : Operation 131 [60/68] (7.30ns)   --->   "%empty_103 = writeresp i1 @_ssdm_op_WriteResp.m_axi.p1i256, i256 %gmem_addr" [kernel.cpp:241]   --->   Operation 131 'writeresp' 'empty_103' <Predicate = true> <Delay = 7.30> <CoreInst = "m_axi">   --->   Core 121 'm_axi' <Latency = 0> <II = 1> <Delay = 1.00> <Adapter> <Opcode : 'read' 'write' 'readreq' 'writereq' 'writeresp'>

State 13 <SV = 12> <Delay = 7.30>
ST_13 : Operation 132 [59/68] (7.30ns)   --->   "%empty_103 = writeresp i1 @_ssdm_op_WriteResp.m_axi.p1i256, i256 %gmem_addr" [kernel.cpp:241]   --->   Operation 132 'writeresp' 'empty_103' <Predicate = true> <Delay = 7.30> <CoreInst = "m_axi">   --->   Core 121 'm_axi' <Latency = 0> <II = 1> <Delay = 1.00> <Adapter> <Opcode : 'read' 'write' 'readreq' 'writereq' 'writeresp'>

State 14 <SV = 13> <Delay = 7.30>
ST_14 : Operation 133 [58/68] (7.30ns)   --->   "%empty_103 = writeresp i1 @_ssdm_op_WriteResp.m_axi.p1i256, i256 %gmem_addr" [kernel.cpp:241]   --->   Operation 133 'writeresp' 'empty_103' <Predicate = true> <Delay = 7.30> <CoreInst = "m_axi">   --->   Core 121 'm_axi' <Latency = 0> <II = 1> <Delay = 1.00> <Adapter> <Opcode : 'read' 'write' 'readreq' 'writereq' 'writeresp'>

State 15 <SV = 14> <Delay = 7.30>
ST_15 : Operation 134 [57/68] (7.30ns)   --->   "%empty_103 = writeresp i1 @_ssdm_op_WriteResp.m_axi.p1i256, i256 %gmem_addr" [kernel.cpp:241]   --->   Operation 134 'writeresp' 'empty_103' <Predicate = true> <Delay = 7.30> <CoreInst = "m_axi">   --->   Core 121 'm_axi' <Latency = 0> <II = 1> <Delay = 1.00> <Adapter> <Opcode : 'read' 'write' 'readreq' 'writereq' 'writeresp'>

State 16 <SV = 15> <Delay = 7.30>
ST_16 : Operation 135 [56/68] (7.30ns)   --->   "%empty_103 = writeresp i1 @_ssdm_op_WriteResp.m_axi.p1i256, i256 %gmem_addr" [kernel.cpp:241]   --->   Operation 135 'writeresp' 'empty_103' <Predicate = true> <Delay = 7.30> <CoreInst = "m_axi">   --->   Core 121 'm_axi' <Latency = 0> <II = 1> <Delay = 1.00> <Adapter> <Opcode : 'read' 'write' 'readreq' 'writereq' 'writeresp'>

State 17 <SV = 16> <Delay = 7.30>
ST_17 : Operation 136 [55/68] (7.30ns)   --->   "%empty_103 = writeresp i1 @_ssdm_op_WriteResp.m_axi.p1i256, i256 %gmem_addr" [kernel.cpp:241]   --->   Operation 136 'writeresp' 'empty_103' <Predicate = true> <Delay = 7.30> <CoreInst = "m_axi">   --->   Core 121 'm_axi' <Latency = 0> <II = 1> <Delay = 1.00> <Adapter> <Opcode : 'read' 'write' 'readreq' 'writereq' 'writeresp'>

State 18 <SV = 17> <Delay = 7.30>
ST_18 : Operation 137 [54/68] (7.30ns)   --->   "%empty_103 = writeresp i1 @_ssdm_op_WriteResp.m_axi.p1i256, i256 %gmem_addr" [kernel.cpp:241]   --->   Operation 137 'writeresp' 'empty_103' <Predicate = true> <Delay = 7.30> <CoreInst = "m_axi">   --->   Core 121 'm_axi' <Latency = 0> <II = 1> <Delay = 1.00> <Adapter> <Opcode : 'read' 'write' 'readreq' 'writereq' 'writeresp'>

State 19 <SV = 18> <Delay = 7.30>
ST_19 : Operation 138 [53/68] (7.30ns)   --->   "%empty_103 = writeresp i1 @_ssdm_op_WriteResp.m_axi.p1i256, i256 %gmem_addr" [kernel.cpp:241]   --->   Operation 138 'writeresp' 'empty_103' <Predicate = true> <Delay = 7.30> <CoreInst = "m_axi">   --->   Core 121 'm_axi' <Latency = 0> <II = 1> <Delay = 1.00> <Adapter> <Opcode : 'read' 'write' 'readreq' 'writereq' 'writeresp'>

State 20 <SV = 19> <Delay = 7.30>
ST_20 : Operation 139 [52/68] (7.30ns)   --->   "%empty_103 = writeresp i1 @_ssdm_op_WriteResp.m_axi.p1i256, i256 %gmem_addr" [kernel.cpp:241]   --->   Operation 139 'writeresp' 'empty_103' <Predicate = true> <Delay = 7.30> <CoreInst = "m_axi">   --->   Core 121 'm_axi' <Latency = 0> <II = 1> <Delay = 1.00> <Adapter> <Opcode : 'read' 'write' 'readreq' 'writereq' 'writeresp'>

State 21 <SV = 20> <Delay = 7.30>
ST_21 : Operation 140 [51/68] (7.30ns)   --->   "%empty_103 = writeresp i1 @_ssdm_op_WriteResp.m_axi.p1i256, i256 %gmem_addr" [kernel.cpp:241]   --->   Operation 140 'writeresp' 'empty_103' <Predicate = true> <Delay = 7.30> <CoreInst = "m_axi">   --->   Core 121 'm_axi' <Latency = 0> <II = 1> <Delay = 1.00> <Adapter> <Opcode : 'read' 'write' 'readreq' 'writereq' 'writeresp'>

State 22 <SV = 21> <Delay = 7.30>
ST_22 : Operation 141 [50/68] (7.30ns)   --->   "%empty_103 = writeresp i1 @_ssdm_op_WriteResp.m_axi.p1i256, i256 %gmem_addr" [kernel.cpp:241]   --->   Operation 141 'writeresp' 'empty_103' <Predicate = true> <Delay = 7.30> <CoreInst = "m_axi">   --->   Core 121 'm_axi' <Latency = 0> <II = 1> <Delay = 1.00> <Adapter> <Opcode : 'read' 'write' 'readreq' 'writereq' 'writeresp'>

State 23 <SV = 22> <Delay = 7.30>
ST_23 : Operation 142 [49/68] (7.30ns)   --->   "%empty_103 = writeresp i1 @_ssdm_op_WriteResp.m_axi.p1i256, i256 %gmem_addr" [kernel.cpp:241]   --->   Operation 142 'writeresp' 'empty_103' <Predicate = true> <Delay = 7.30> <CoreInst = "m_axi">   --->   Core 121 'm_axi' <Latency = 0> <II = 1> <Delay = 1.00> <Adapter> <Opcode : 'read' 'write' 'readreq' 'writereq' 'writeresp'>

State 24 <SV = 23> <Delay = 7.30>
ST_24 : Operation 143 [48/68] (7.30ns)   --->   "%empty_103 = writeresp i1 @_ssdm_op_WriteResp.m_axi.p1i256, i256 %gmem_addr" [kernel.cpp:241]   --->   Operation 143 'writeresp' 'empty_103' <Predicate = true> <Delay = 7.30> <CoreInst = "m_axi">   --->   Core 121 'm_axi' <Latency = 0> <II = 1> <Delay = 1.00> <Adapter> <Opcode : 'read' 'write' 'readreq' 'writereq' 'writeresp'>

State 25 <SV = 24> <Delay = 7.30>
ST_25 : Operation 144 [47/68] (7.30ns)   --->   "%empty_103 = writeresp i1 @_ssdm_op_WriteResp.m_axi.p1i256, i256 %gmem_addr" [kernel.cpp:241]   --->   Operation 144 'writeresp' 'empty_103' <Predicate = true> <Delay = 7.30> <CoreInst = "m_axi">   --->   Core 121 'm_axi' <Latency = 0> <II = 1> <Delay = 1.00> <Adapter> <Opcode : 'read' 'write' 'readreq' 'writereq' 'writeresp'>

State 26 <SV = 25> <Delay = 7.30>
ST_26 : Operation 145 [46/68] (7.30ns)   --->   "%empty_103 = writeresp i1 @_ssdm_op_WriteResp.m_axi.p1i256, i256 %gmem_addr" [kernel.cpp:241]   --->   Operation 145 'writeresp' 'empty_103' <Predicate = true> <Delay = 7.30> <CoreInst = "m_axi">   --->   Core 121 'm_axi' <Latency = 0> <II = 1> <Delay = 1.00> <Adapter> <Opcode : 'read' 'write' 'readreq' 'writereq' 'writeresp'>

State 27 <SV = 26> <Delay = 7.30>
ST_27 : Operation 146 [45/68] (7.30ns)   --->   "%empty_103 = writeresp i1 @_ssdm_op_WriteResp.m_axi.p1i256, i256 %gmem_addr" [kernel.cpp:241]   --->   Operation 146 'writeresp' 'empty_103' <Predicate = true> <Delay = 7.30> <CoreInst = "m_axi">   --->   Core 121 'm_axi' <Latency = 0> <II = 1> <Delay = 1.00> <Adapter> <Opcode : 'read' 'write' 'readreq' 'writereq' 'writeresp'>

State 28 <SV = 27> <Delay = 7.30>
ST_28 : Operation 147 [44/68] (7.30ns)   --->   "%empty_103 = writeresp i1 @_ssdm_op_WriteResp.m_axi.p1i256, i256 %gmem_addr" [kernel.cpp:241]   --->   Operation 147 'writeresp' 'empty_103' <Predicate = true> <Delay = 7.30> <CoreInst = "m_axi">   --->   Core 121 'm_axi' <Latency = 0> <II = 1> <Delay = 1.00> <Adapter> <Opcode : 'read' 'write' 'readreq' 'writereq' 'writeresp'>

State 29 <SV = 28> <Delay = 7.30>
ST_29 : Operation 148 [43/68] (7.30ns)   --->   "%empty_103 = writeresp i1 @_ssdm_op_WriteResp.m_axi.p1i256, i256 %gmem_addr" [kernel.cpp:241]   --->   Operation 148 'writeresp' 'empty_103' <Predicate = true> <Delay = 7.30> <CoreInst = "m_axi">   --->   Core 121 'm_axi' <Latency = 0> <II = 1> <Delay = 1.00> <Adapter> <Opcode : 'read' 'write' 'readreq' 'writereq' 'writeresp'>

State 30 <SV = 29> <Delay = 7.30>
ST_30 : Operation 149 [42/68] (7.30ns)   --->   "%empty_103 = writeresp i1 @_ssdm_op_WriteResp.m_axi.p1i256, i256 %gmem_addr" [kernel.cpp:241]   --->   Operation 149 'writeresp' 'empty_103' <Predicate = true> <Delay = 7.30> <CoreInst = "m_axi">   --->   Core 121 'm_axi' <Latency = 0> <II = 1> <Delay = 1.00> <Adapter> <Opcode : 'read' 'write' 'readreq' 'writereq' 'writeresp'>

State 31 <SV = 30> <Delay = 7.30>
ST_31 : Operation 150 [41/68] (7.30ns)   --->   "%empty_103 = writeresp i1 @_ssdm_op_WriteResp.m_axi.p1i256, i256 %gmem_addr" [kernel.cpp:241]   --->   Operation 150 'writeresp' 'empty_103' <Predicate = true> <Delay = 7.30> <CoreInst = "m_axi">   --->   Core 121 'm_axi' <Latency = 0> <II = 1> <Delay = 1.00> <Adapter> <Opcode : 'read' 'write' 'readreq' 'writereq' 'writeresp'>

State 32 <SV = 31> <Delay = 7.30>
ST_32 : Operation 151 [40/68] (7.30ns)   --->   "%empty_103 = writeresp i1 @_ssdm_op_WriteResp.m_axi.p1i256, i256 %gmem_addr" [kernel.cpp:241]   --->   Operation 151 'writeresp' 'empty_103' <Predicate = true> <Delay = 7.30> <CoreInst = "m_axi">   --->   Core 121 'm_axi' <Latency = 0> <II = 1> <Delay = 1.00> <Adapter> <Opcode : 'read' 'write' 'readreq' 'writereq' 'writeresp'>

State 33 <SV = 32> <Delay = 7.30>
ST_33 : Operation 152 [39/68] (7.30ns)   --->   "%empty_103 = writeresp i1 @_ssdm_op_WriteResp.m_axi.p1i256, i256 %gmem_addr" [kernel.cpp:241]   --->   Operation 152 'writeresp' 'empty_103' <Predicate = true> <Delay = 7.30> <CoreInst = "m_axi">   --->   Core 121 'm_axi' <Latency = 0> <II = 1> <Delay = 1.00> <Adapter> <Opcode : 'read' 'write' 'readreq' 'writereq' 'writeresp'>

State 34 <SV = 33> <Delay = 7.30>
ST_34 : Operation 153 [38/68] (7.30ns)   --->   "%empty_103 = writeresp i1 @_ssdm_op_WriteResp.m_axi.p1i256, i256 %gmem_addr" [kernel.cpp:241]   --->   Operation 153 'writeresp' 'empty_103' <Predicate = true> <Delay = 7.30> <CoreInst = "m_axi">   --->   Core 121 'm_axi' <Latency = 0> <II = 1> <Delay = 1.00> <Adapter> <Opcode : 'read' 'write' 'readreq' 'writereq' 'writeresp'>

State 35 <SV = 34> <Delay = 7.30>
ST_35 : Operation 154 [37/68] (7.30ns)   --->   "%empty_103 = writeresp i1 @_ssdm_op_WriteResp.m_axi.p1i256, i256 %gmem_addr" [kernel.cpp:241]   --->   Operation 154 'writeresp' 'empty_103' <Predicate = true> <Delay = 7.30> <CoreInst = "m_axi">   --->   Core 121 'm_axi' <Latency = 0> <II = 1> <Delay = 1.00> <Adapter> <Opcode : 'read' 'write' 'readreq' 'writereq' 'writeresp'>

State 36 <SV = 35> <Delay = 7.30>
ST_36 : Operation 155 [36/68] (7.30ns)   --->   "%empty_103 = writeresp i1 @_ssdm_op_WriteResp.m_axi.p1i256, i256 %gmem_addr" [kernel.cpp:241]   --->   Operation 155 'writeresp' 'empty_103' <Predicate = true> <Delay = 7.30> <CoreInst = "m_axi">   --->   Core 121 'm_axi' <Latency = 0> <II = 1> <Delay = 1.00> <Adapter> <Opcode : 'read' 'write' 'readreq' 'writereq' 'writeresp'>

State 37 <SV = 36> <Delay = 7.30>
ST_37 : Operation 156 [35/68] (7.30ns)   --->   "%empty_103 = writeresp i1 @_ssdm_op_WriteResp.m_axi.p1i256, i256 %gmem_addr" [kernel.cpp:241]   --->   Operation 156 'writeresp' 'empty_103' <Predicate = true> <Delay = 7.30> <CoreInst = "m_axi">   --->   Core 121 'm_axi' <Latency = 0> <II = 1> <Delay = 1.00> <Adapter> <Opcode : 'read' 'write' 'readreq' 'writereq' 'writeresp'>

State 38 <SV = 37> <Delay = 7.30>
ST_38 : Operation 157 [34/68] (7.30ns)   --->   "%empty_103 = writeresp i1 @_ssdm_op_WriteResp.m_axi.p1i256, i256 %gmem_addr" [kernel.cpp:241]   --->   Operation 157 'writeresp' 'empty_103' <Predicate = true> <Delay = 7.30> <CoreInst = "m_axi">   --->   Core 121 'm_axi' <Latency = 0> <II = 1> <Delay = 1.00> <Adapter> <Opcode : 'read' 'write' 'readreq' 'writereq' 'writeresp'>

State 39 <SV = 38> <Delay = 7.30>
ST_39 : Operation 158 [33/68] (7.30ns)   --->   "%empty_103 = writeresp i1 @_ssdm_op_WriteResp.m_axi.p1i256, i256 %gmem_addr" [kernel.cpp:241]   --->   Operation 158 'writeresp' 'empty_103' <Predicate = true> <Delay = 7.30> <CoreInst = "m_axi">   --->   Core 121 'm_axi' <Latency = 0> <II = 1> <Delay = 1.00> <Adapter> <Opcode : 'read' 'write' 'readreq' 'writereq' 'writeresp'>

State 40 <SV = 39> <Delay = 7.30>
ST_40 : Operation 159 [32/68] (7.30ns)   --->   "%empty_103 = writeresp i1 @_ssdm_op_WriteResp.m_axi.p1i256, i256 %gmem_addr" [kernel.cpp:241]   --->   Operation 159 'writeresp' 'empty_103' <Predicate = true> <Delay = 7.30> <CoreInst = "m_axi">   --->   Core 121 'm_axi' <Latency = 0> <II = 1> <Delay = 1.00> <Adapter> <Opcode : 'read' 'write' 'readreq' 'writereq' 'writeresp'>

State 41 <SV = 40> <Delay = 7.30>
ST_41 : Operation 160 [31/68] (7.30ns)   --->   "%empty_103 = writeresp i1 @_ssdm_op_WriteResp.m_axi.p1i256, i256 %gmem_addr" [kernel.cpp:241]   --->   Operation 160 'writeresp' 'empty_103' <Predicate = true> <Delay = 7.30> <CoreInst = "m_axi">   --->   Core 121 'm_axi' <Latency = 0> <II = 1> <Delay = 1.00> <Adapter> <Opcode : 'read' 'write' 'readreq' 'writereq' 'writeresp'>

State 42 <SV = 41> <Delay = 7.30>
ST_42 : Operation 161 [30/68] (7.30ns)   --->   "%empty_103 = writeresp i1 @_ssdm_op_WriteResp.m_axi.p1i256, i256 %gmem_addr" [kernel.cpp:241]   --->   Operation 161 'writeresp' 'empty_103' <Predicate = true> <Delay = 7.30> <CoreInst = "m_axi">   --->   Core 121 'm_axi' <Latency = 0> <II = 1> <Delay = 1.00> <Adapter> <Opcode : 'read' 'write' 'readreq' 'writereq' 'writeresp'>

State 43 <SV = 42> <Delay = 7.30>
ST_43 : Operation 162 [29/68] (7.30ns)   --->   "%empty_103 = writeresp i1 @_ssdm_op_WriteResp.m_axi.p1i256, i256 %gmem_addr" [kernel.cpp:241]   --->   Operation 162 'writeresp' 'empty_103' <Predicate = true> <Delay = 7.30> <CoreInst = "m_axi">   --->   Core 121 'm_axi' <Latency = 0> <II = 1> <Delay = 1.00> <Adapter> <Opcode : 'read' 'write' 'readreq' 'writereq' 'writeresp'>

State 44 <SV = 43> <Delay = 7.30>
ST_44 : Operation 163 [28/68] (7.30ns)   --->   "%empty_103 = writeresp i1 @_ssdm_op_WriteResp.m_axi.p1i256, i256 %gmem_addr" [kernel.cpp:241]   --->   Operation 163 'writeresp' 'empty_103' <Predicate = true> <Delay = 7.30> <CoreInst = "m_axi">   --->   Core 121 'm_axi' <Latency = 0> <II = 1> <Delay = 1.00> <Adapter> <Opcode : 'read' 'write' 'readreq' 'writereq' 'writeresp'>

State 45 <SV = 44> <Delay = 7.30>
ST_45 : Operation 164 [27/68] (7.30ns)   --->   "%empty_103 = writeresp i1 @_ssdm_op_WriteResp.m_axi.p1i256, i256 %gmem_addr" [kernel.cpp:241]   --->   Operation 164 'writeresp' 'empty_103' <Predicate = true> <Delay = 7.30> <CoreInst = "m_axi">   --->   Core 121 'm_axi' <Latency = 0> <II = 1> <Delay = 1.00> <Adapter> <Opcode : 'read' 'write' 'readreq' 'writereq' 'writeresp'>

State 46 <SV = 45> <Delay = 7.30>
ST_46 : Operation 165 [26/68] (7.30ns)   --->   "%empty_103 = writeresp i1 @_ssdm_op_WriteResp.m_axi.p1i256, i256 %gmem_addr" [kernel.cpp:241]   --->   Operation 165 'writeresp' 'empty_103' <Predicate = true> <Delay = 7.30> <CoreInst = "m_axi">   --->   Core 121 'm_axi' <Latency = 0> <II = 1> <Delay = 1.00> <Adapter> <Opcode : 'read' 'write' 'readreq' 'writereq' 'writeresp'>

State 47 <SV = 46> <Delay = 7.30>
ST_47 : Operation 166 [25/68] (7.30ns)   --->   "%empty_103 = writeresp i1 @_ssdm_op_WriteResp.m_axi.p1i256, i256 %gmem_addr" [kernel.cpp:241]   --->   Operation 166 'writeresp' 'empty_103' <Predicate = true> <Delay = 7.30> <CoreInst = "m_axi">   --->   Core 121 'm_axi' <Latency = 0> <II = 1> <Delay = 1.00> <Adapter> <Opcode : 'read' 'write' 'readreq' 'writereq' 'writeresp'>

State 48 <SV = 47> <Delay = 7.30>
ST_48 : Operation 167 [24/68] (7.30ns)   --->   "%empty_103 = writeresp i1 @_ssdm_op_WriteResp.m_axi.p1i256, i256 %gmem_addr" [kernel.cpp:241]   --->   Operation 167 'writeresp' 'empty_103' <Predicate = true> <Delay = 7.30> <CoreInst = "m_axi">   --->   Core 121 'm_axi' <Latency = 0> <II = 1> <Delay = 1.00> <Adapter> <Opcode : 'read' 'write' 'readreq' 'writereq' 'writeresp'>

State 49 <SV = 48> <Delay = 7.30>
ST_49 : Operation 168 [23/68] (7.30ns)   --->   "%empty_103 = writeresp i1 @_ssdm_op_WriteResp.m_axi.p1i256, i256 %gmem_addr" [kernel.cpp:241]   --->   Operation 168 'writeresp' 'empty_103' <Predicate = true> <Delay = 7.30> <CoreInst = "m_axi">   --->   Core 121 'm_axi' <Latency = 0> <II = 1> <Delay = 1.00> <Adapter> <Opcode : 'read' 'write' 'readreq' 'writereq' 'writeresp'>

State 50 <SV = 49> <Delay = 7.30>
ST_50 : Operation 169 [22/68] (7.30ns)   --->   "%empty_103 = writeresp i1 @_ssdm_op_WriteResp.m_axi.p1i256, i256 %gmem_addr" [kernel.cpp:241]   --->   Operation 169 'writeresp' 'empty_103' <Predicate = true> <Delay = 7.30> <CoreInst = "m_axi">   --->   Core 121 'm_axi' <Latency = 0> <II = 1> <Delay = 1.00> <Adapter> <Opcode : 'read' 'write' 'readreq' 'writereq' 'writeresp'>

State 51 <SV = 50> <Delay = 7.30>
ST_51 : Operation 170 [21/68] (7.30ns)   --->   "%empty_103 = writeresp i1 @_ssdm_op_WriteResp.m_axi.p1i256, i256 %gmem_addr" [kernel.cpp:241]   --->   Operation 170 'writeresp' 'empty_103' <Predicate = true> <Delay = 7.30> <CoreInst = "m_axi">   --->   Core 121 'm_axi' <Latency = 0> <II = 1> <Delay = 1.00> <Adapter> <Opcode : 'read' 'write' 'readreq' 'writereq' 'writeresp'>

State 52 <SV = 51> <Delay = 7.30>
ST_52 : Operation 171 [20/68] (7.30ns)   --->   "%empty_103 = writeresp i1 @_ssdm_op_WriteResp.m_axi.p1i256, i256 %gmem_addr" [kernel.cpp:241]   --->   Operation 171 'writeresp' 'empty_103' <Predicate = true> <Delay = 7.30> <CoreInst = "m_axi">   --->   Core 121 'm_axi' <Latency = 0> <II = 1> <Delay = 1.00> <Adapter> <Opcode : 'read' 'write' 'readreq' 'writereq' 'writeresp'>

State 53 <SV = 52> <Delay = 7.30>
ST_53 : Operation 172 [19/68] (7.30ns)   --->   "%empty_103 = writeresp i1 @_ssdm_op_WriteResp.m_axi.p1i256, i256 %gmem_addr" [kernel.cpp:241]   --->   Operation 172 'writeresp' 'empty_103' <Predicate = true> <Delay = 7.30> <CoreInst = "m_axi">   --->   Core 121 'm_axi' <Latency = 0> <II = 1> <Delay = 1.00> <Adapter> <Opcode : 'read' 'write' 'readreq' 'writereq' 'writeresp'>

State 54 <SV = 53> <Delay = 7.30>
ST_54 : Operation 173 [18/68] (7.30ns)   --->   "%empty_103 = writeresp i1 @_ssdm_op_WriteResp.m_axi.p1i256, i256 %gmem_addr" [kernel.cpp:241]   --->   Operation 173 'writeresp' 'empty_103' <Predicate = true> <Delay = 7.30> <CoreInst = "m_axi">   --->   Core 121 'm_axi' <Latency = 0> <II = 1> <Delay = 1.00> <Adapter> <Opcode : 'read' 'write' 'readreq' 'writereq' 'writeresp'>

State 55 <SV = 54> <Delay = 7.30>
ST_55 : Operation 174 [17/68] (7.30ns)   --->   "%empty_103 = writeresp i1 @_ssdm_op_WriteResp.m_axi.p1i256, i256 %gmem_addr" [kernel.cpp:241]   --->   Operation 174 'writeresp' 'empty_103' <Predicate = true> <Delay = 7.30> <CoreInst = "m_axi">   --->   Core 121 'm_axi' <Latency = 0> <II = 1> <Delay = 1.00> <Adapter> <Opcode : 'read' 'write' 'readreq' 'writereq' 'writeresp'>

State 56 <SV = 55> <Delay = 7.30>
ST_56 : Operation 175 [16/68] (7.30ns)   --->   "%empty_103 = writeresp i1 @_ssdm_op_WriteResp.m_axi.p1i256, i256 %gmem_addr" [kernel.cpp:241]   --->   Operation 175 'writeresp' 'empty_103' <Predicate = true> <Delay = 7.30> <CoreInst = "m_axi">   --->   Core 121 'm_axi' <Latency = 0> <II = 1> <Delay = 1.00> <Adapter> <Opcode : 'read' 'write' 'readreq' 'writereq' 'writeresp'>

State 57 <SV = 56> <Delay = 7.30>
ST_57 : Operation 176 [15/68] (7.30ns)   --->   "%empty_103 = writeresp i1 @_ssdm_op_WriteResp.m_axi.p1i256, i256 %gmem_addr" [kernel.cpp:241]   --->   Operation 176 'writeresp' 'empty_103' <Predicate = true> <Delay = 7.30> <CoreInst = "m_axi">   --->   Core 121 'm_axi' <Latency = 0> <II = 1> <Delay = 1.00> <Adapter> <Opcode : 'read' 'write' 'readreq' 'writereq' 'writeresp'>

State 58 <SV = 57> <Delay = 7.30>
ST_58 : Operation 177 [14/68] (7.30ns)   --->   "%empty_103 = writeresp i1 @_ssdm_op_WriteResp.m_axi.p1i256, i256 %gmem_addr" [kernel.cpp:241]   --->   Operation 177 'writeresp' 'empty_103' <Predicate = true> <Delay = 7.30> <CoreInst = "m_axi">   --->   Core 121 'm_axi' <Latency = 0> <II = 1> <Delay = 1.00> <Adapter> <Opcode : 'read' 'write' 'readreq' 'writereq' 'writeresp'>

State 59 <SV = 58> <Delay = 7.30>
ST_59 : Operation 178 [13/68] (7.30ns)   --->   "%empty_103 = writeresp i1 @_ssdm_op_WriteResp.m_axi.p1i256, i256 %gmem_addr" [kernel.cpp:241]   --->   Operation 178 'writeresp' 'empty_103' <Predicate = true> <Delay = 7.30> <CoreInst = "m_axi">   --->   Core 121 'm_axi' <Latency = 0> <II = 1> <Delay = 1.00> <Adapter> <Opcode : 'read' 'write' 'readreq' 'writereq' 'writeresp'>

State 60 <SV = 59> <Delay = 7.30>
ST_60 : Operation 179 [12/68] (7.30ns)   --->   "%empty_103 = writeresp i1 @_ssdm_op_WriteResp.m_axi.p1i256, i256 %gmem_addr" [kernel.cpp:241]   --->   Operation 179 'writeresp' 'empty_103' <Predicate = true> <Delay = 7.30> <CoreInst = "m_axi">   --->   Core 121 'm_axi' <Latency = 0> <II = 1> <Delay = 1.00> <Adapter> <Opcode : 'read' 'write' 'readreq' 'writereq' 'writeresp'>

State 61 <SV = 60> <Delay = 7.30>
ST_61 : Operation 180 [11/68] (7.30ns)   --->   "%empty_103 = writeresp i1 @_ssdm_op_WriteResp.m_axi.p1i256, i256 %gmem_addr" [kernel.cpp:241]   --->   Operation 180 'writeresp' 'empty_103' <Predicate = true> <Delay = 7.30> <CoreInst = "m_axi">   --->   Core 121 'm_axi' <Latency = 0> <II = 1> <Delay = 1.00> <Adapter> <Opcode : 'read' 'write' 'readreq' 'writereq' 'writeresp'>

State 62 <SV = 61> <Delay = 7.30>
ST_62 : Operation 181 [10/68] (7.30ns)   --->   "%empty_103 = writeresp i1 @_ssdm_op_WriteResp.m_axi.p1i256, i256 %gmem_addr" [kernel.cpp:241]   --->   Operation 181 'writeresp' 'empty_103' <Predicate = true> <Delay = 7.30> <CoreInst = "m_axi">   --->   Core 121 'm_axi' <Latency = 0> <II = 1> <Delay = 1.00> <Adapter> <Opcode : 'read' 'write' 'readreq' 'writereq' 'writeresp'>

State 63 <SV = 62> <Delay = 7.30>
ST_63 : Operation 182 [9/68] (7.30ns)   --->   "%empty_103 = writeresp i1 @_ssdm_op_WriteResp.m_axi.p1i256, i256 %gmem_addr" [kernel.cpp:241]   --->   Operation 182 'writeresp' 'empty_103' <Predicate = true> <Delay = 7.30> <CoreInst = "m_axi">   --->   Core 121 'm_axi' <Latency = 0> <II = 1> <Delay = 1.00> <Adapter> <Opcode : 'read' 'write' 'readreq' 'writereq' 'writeresp'>

State 64 <SV = 63> <Delay = 7.30>
ST_64 : Operation 183 [8/68] (7.30ns)   --->   "%empty_103 = writeresp i1 @_ssdm_op_WriteResp.m_axi.p1i256, i256 %gmem_addr" [kernel.cpp:241]   --->   Operation 183 'writeresp' 'empty_103' <Predicate = true> <Delay = 7.30> <CoreInst = "m_axi">   --->   Core 121 'm_axi' <Latency = 0> <II = 1> <Delay = 1.00> <Adapter> <Opcode : 'read' 'write' 'readreq' 'writereq' 'writeresp'>

State 65 <SV = 64> <Delay = 7.30>
ST_65 : Operation 184 [7/68] (7.30ns)   --->   "%empty_103 = writeresp i1 @_ssdm_op_WriteResp.m_axi.p1i256, i256 %gmem_addr" [kernel.cpp:241]   --->   Operation 184 'writeresp' 'empty_103' <Predicate = true> <Delay = 7.30> <CoreInst = "m_axi">   --->   Core 121 'm_axi' <Latency = 0> <II = 1> <Delay = 1.00> <Adapter> <Opcode : 'read' 'write' 'readreq' 'writereq' 'writeresp'>

State 66 <SV = 65> <Delay = 7.30>
ST_66 : Operation 185 [6/68] (7.30ns)   --->   "%empty_103 = writeresp i1 @_ssdm_op_WriteResp.m_axi.p1i256, i256 %gmem_addr" [kernel.cpp:241]   --->   Operation 185 'writeresp' 'empty_103' <Predicate = true> <Delay = 7.30> <CoreInst = "m_axi">   --->   Core 121 'm_axi' <Latency = 0> <II = 1> <Delay = 1.00> <Adapter> <Opcode : 'read' 'write' 'readreq' 'writereq' 'writeresp'>

State 67 <SV = 66> <Delay = 7.30>
ST_67 : Operation 186 [5/68] (7.30ns)   --->   "%empty_103 = writeresp i1 @_ssdm_op_WriteResp.m_axi.p1i256, i256 %gmem_addr" [kernel.cpp:241]   --->   Operation 186 'writeresp' 'empty_103' <Predicate = true> <Delay = 7.30> <CoreInst = "m_axi">   --->   Core 121 'm_axi' <Latency = 0> <II = 1> <Delay = 1.00> <Adapter> <Opcode : 'read' 'write' 'readreq' 'writereq' 'writeresp'>

State 68 <SV = 67> <Delay = 7.30>
ST_68 : Operation 187 [4/68] (7.30ns)   --->   "%empty_103 = writeresp i1 @_ssdm_op_WriteResp.m_axi.p1i256, i256 %gmem_addr" [kernel.cpp:241]   --->   Operation 187 'writeresp' 'empty_103' <Predicate = true> <Delay = 7.30> <CoreInst = "m_axi">   --->   Core 121 'm_axi' <Latency = 0> <II = 1> <Delay = 1.00> <Adapter> <Opcode : 'read' 'write' 'readreq' 'writereq' 'writeresp'>

State 69 <SV = 68> <Delay = 7.30>
ST_69 : Operation 188 [3/68] (7.30ns)   --->   "%empty_103 = writeresp i1 @_ssdm_op_WriteResp.m_axi.p1i256, i256 %gmem_addr" [kernel.cpp:241]   --->   Operation 188 'writeresp' 'empty_103' <Predicate = true> <Delay = 7.30> <CoreInst = "m_axi">   --->   Core 121 'm_axi' <Latency = 0> <II = 1> <Delay = 1.00> <Adapter> <Opcode : 'read' 'write' 'readreq' 'writereq' 'writeresp'>

State 70 <SV = 69> <Delay = 7.30>
ST_70 : Operation 189 [2/68] (7.30ns)   --->   "%empty_103 = writeresp i1 @_ssdm_op_WriteResp.m_axi.p1i256, i256 %gmem_addr" [kernel.cpp:241]   --->   Operation 189 'writeresp' 'empty_103' <Predicate = true> <Delay = 7.30> <CoreInst = "m_axi">   --->   Core 121 'm_axi' <Latency = 0> <II = 1> <Delay = 1.00> <Adapter> <Opcode : 'read' 'write' 'readreq' 'writereq' 'writeresp'>
ST_70 : Operation 194 [1/1] (0.00ns)   --->   "%ret_ln0 = ret"   --->   Operation 194 'ret' 'ret_ln0' <Predicate = (icmp_ln239)> <Delay = 0.00>

State 71 <SV = 70> <Delay = 7.30>
ST_71 : Operation 190 [1/1] (0.00ns)   --->   "%speclooptripcount_ln239 = speclooptripcount void @_ssdm_op_SpecLoopTripCount, i64 3, i64 3, i64 3" [kernel.cpp:239]   --->   Operation 190 'speclooptripcount' 'speclooptripcount_ln239' <Predicate = true> <Delay = 0.00>
ST_71 : Operation 191 [1/1] (0.00ns)   --->   "%specloopname_ln239 = specloopname void @_ssdm_op_SpecLoopName, void @empty_10" [kernel.cpp:239]   --->   Operation 191 'specloopname' 'specloopname_ln239' <Predicate = true> <Delay = 0.00>
ST_71 : Operation 192 [1/68] (7.30ns)   --->   "%empty_103 = writeresp i1 @_ssdm_op_WriteResp.m_axi.p1i256, i256 %gmem_addr" [kernel.cpp:241]   --->   Operation 192 'writeresp' 'empty_103' <Predicate = true> <Delay = 7.30> <CoreInst = "m_axi">   --->   Core 121 'm_axi' <Latency = 0> <II = 1> <Delay = 1.00> <Adapter> <Opcode : 'read' 'write' 'readreq' 'writereq' 'writeresp'>
ST_71 : Operation 193 [1/1] (0.00ns)   --->   "%br_ln239 = br void %for.body213" [kernel.cpp:239]   --->   Operation 193 'br' 'br_ln239' <Predicate = true> <Delay = 0.00>


============================================================
+ Verbose Summary: Timing violations
============================================================
Target clock period: 10.000ns, clock uncertainty: 2.700ns.

 <State 1>: 1.988ns
The critical path consists of the following:
	'alloca' operation ('z') [7]  (0.000 ns)
	'load' operation ('z', kernel.cpp:239) on local variable 'z' [17]  (0.000 ns)
	'add' operation ('add_ln241_4', kernel.cpp:241) [40]  (0.933 ns)
	'add' operation ('add_ln241_1', kernel.cpp:241) [42]  (1.055 ns)

 <State 2>: 7.300ns
The critical path consists of the following:
	'getelementptr' operation ('gmem_addr', kernel.cpp:241) [55]  (0.000 ns)
	bus request operation ('empty', kernel.cpp:241) on port 'gmem' (kernel.cpp:241) [56]  (7.300 ns)

 <State 3>: 7.300ns
The critical path consists of the following:
	bus write operation ('write_ln241', kernel.cpp:241) on port 'gmem' (kernel.cpp:241) [57]  (7.300 ns)

 <State 4>: 7.300ns
The critical path consists of the following:
	bus response operation ('empty_103', kernel.cpp:241) on port 'gmem' (kernel.cpp:241) [58]  (7.300 ns)

 <State 5>: 7.300ns
The critical path consists of the following:
	bus response operation ('empty_103', kernel.cpp:241) on port 'gmem' (kernel.cpp:241) [58]  (7.300 ns)

 <State 6>: 7.300ns
The critical path consists of the following:
	bus response operation ('empty_103', kernel.cpp:241) on port 'gmem' (kernel.cpp:241) [58]  (7.300 ns)

 <State 7>: 7.300ns
The critical path consists of the following:
	bus response operation ('empty_103', kernel.cpp:241) on port 'gmem' (kernel.cpp:241) [58]  (7.300 ns)

 <State 8>: 7.300ns
The critical path consists of the following:
	bus response operation ('empty_103', kernel.cpp:241) on port 'gmem' (kernel.cpp:241) [58]  (7.300 ns)

 <State 9>: 7.300ns
The critical path consists of the following:
	bus response operation ('empty_103', kernel.cpp:241) on port 'gmem' (kernel.cpp:241) [58]  (7.300 ns)

 <State 10>: 7.300ns
The critical path consists of the following:
	bus response operation ('empty_103', kernel.cpp:241) on port 'gmem' (kernel.cpp:241) [58]  (7.300 ns)

 <State 11>: 7.300ns
The critical path consists of the following:
	bus response operation ('empty_103', kernel.cpp:241) on port 'gmem' (kernel.cpp:241) [58]  (7.300 ns)

 <State 12>: 7.300ns
The critical path consists of the following:
	bus response operation ('empty_103', kernel.cpp:241) on port 'gmem' (kernel.cpp:241) [58]  (7.300 ns)

 <State 13>: 7.300ns
The critical path consists of the following:
	bus response operation ('empty_103', kernel.cpp:241) on port 'gmem' (kernel.cpp:241) [58]  (7.300 ns)

 <State 14>: 7.300ns
The critical path consists of the following:
	bus response operation ('empty_103', kernel.cpp:241) on port 'gmem' (kernel.cpp:241) [58]  (7.300 ns)

 <State 15>: 7.300ns
The critical path consists of the following:
	bus response operation ('empty_103', kernel.cpp:241) on port 'gmem' (kernel.cpp:241) [58]  (7.300 ns)

 <State 16>: 7.300ns
The critical path consists of the following:
	bus response operation ('empty_103', kernel.cpp:241) on port 'gmem' (kernel.cpp:241) [58]  (7.300 ns)

 <State 17>: 7.300ns
The critical path consists of the following:
	bus response operation ('empty_103', kernel.cpp:241) on port 'gmem' (kernel.cpp:241) [58]  (7.300 ns)

 <State 18>: 7.300ns
The critical path consists of the following:
	bus response operation ('empty_103', kernel.cpp:241) on port 'gmem' (kernel.cpp:241) [58]  (7.300 ns)

 <State 19>: 7.300ns
The critical path consists of the following:
	bus response operation ('empty_103', kernel.cpp:241) on port 'gmem' (kernel.cpp:241) [58]  (7.300 ns)

 <State 20>: 7.300ns
The critical path consists of the following:
	bus response operation ('empty_103', kernel.cpp:241) on port 'gmem' (kernel.cpp:241) [58]  (7.300 ns)

 <State 21>: 7.300ns
The critical path consists of the following:
	bus response operation ('empty_103', kernel.cpp:241) on port 'gmem' (kernel.cpp:241) [58]  (7.300 ns)

 <State 22>: 7.300ns
The critical path consists of the following:
	bus response operation ('empty_103', kernel.cpp:241) on port 'gmem' (kernel.cpp:241) [58]  (7.300 ns)

 <State 23>: 7.300ns
The critical path consists of the following:
	bus response operation ('empty_103', kernel.cpp:241) on port 'gmem' (kernel.cpp:241) [58]  (7.300 ns)

 <State 24>: 7.300ns
The critical path consists of the following:
	bus response operation ('empty_103', kernel.cpp:241) on port 'gmem' (kernel.cpp:241) [58]  (7.300 ns)

 <State 25>: 7.300ns
The critical path consists of the following:
	bus response operation ('empty_103', kernel.cpp:241) on port 'gmem' (kernel.cpp:241) [58]  (7.300 ns)

 <State 26>: 7.300ns
The critical path consists of the following:
	bus response operation ('empty_103', kernel.cpp:241) on port 'gmem' (kernel.cpp:241) [58]  (7.300 ns)

 <State 27>: 7.300ns
The critical path consists of the following:
	bus response operation ('empty_103', kernel.cpp:241) on port 'gmem' (kernel.cpp:241) [58]  (7.300 ns)

 <State 28>: 7.300ns
The critical path consists of the following:
	bus response operation ('empty_103', kernel.cpp:241) on port 'gmem' (kernel.cpp:241) [58]  (7.300 ns)

 <State 29>: 7.300ns
The critical path consists of the following:
	bus response operation ('empty_103', kernel.cpp:241) on port 'gmem' (kernel.cpp:241) [58]  (7.300 ns)

 <State 30>: 7.300ns
The critical path consists of the following:
	bus response operation ('empty_103', kernel.cpp:241) on port 'gmem' (kernel.cpp:241) [58]  (7.300 ns)

 <State 31>: 7.300ns
The critical path consists of the following:
	bus response operation ('empty_103', kernel.cpp:241) on port 'gmem' (kernel.cpp:241) [58]  (7.300 ns)

 <State 32>: 7.300ns
The critical path consists of the following:
	bus response operation ('empty_103', kernel.cpp:241) on port 'gmem' (kernel.cpp:241) [58]  (7.300 ns)

 <State 33>: 7.300ns
The critical path consists of the following:
	bus response operation ('empty_103', kernel.cpp:241) on port 'gmem' (kernel.cpp:241) [58]  (7.300 ns)

 <State 34>: 7.300ns
The critical path consists of the following:
	bus response operation ('empty_103', kernel.cpp:241) on port 'gmem' (kernel.cpp:241) [58]  (7.300 ns)

 <State 35>: 7.300ns
The critical path consists of the following:
	bus response operation ('empty_103', kernel.cpp:241) on port 'gmem' (kernel.cpp:241) [58]  (7.300 ns)

 <State 36>: 7.300ns
The critical path consists of the following:
	bus response operation ('empty_103', kernel.cpp:241) on port 'gmem' (kernel.cpp:241) [58]  (7.300 ns)

 <State 37>: 7.300ns
The critical path consists of the following:
	bus response operation ('empty_103', kernel.cpp:241) on port 'gmem' (kernel.cpp:241) [58]  (7.300 ns)

 <State 38>: 7.300ns
The critical path consists of the following:
	bus response operation ('empty_103', kernel.cpp:241) on port 'gmem' (kernel.cpp:241) [58]  (7.300 ns)

 <State 39>: 7.300ns
The critical path consists of the following:
	bus response operation ('empty_103', kernel.cpp:241) on port 'gmem' (kernel.cpp:241) [58]  (7.300 ns)

 <State 40>: 7.300ns
The critical path consists of the following:
	bus response operation ('empty_103', kernel.cpp:241) on port 'gmem' (kernel.cpp:241) [58]  (7.300 ns)

 <State 41>: 7.300ns
The critical path consists of the following:
	bus response operation ('empty_103', kernel.cpp:241) on port 'gmem' (kernel.cpp:241) [58]  (7.300 ns)

 <State 42>: 7.300ns
The critical path consists of the following:
	bus response operation ('empty_103', kernel.cpp:241) on port 'gmem' (kernel.cpp:241) [58]  (7.300 ns)

 <State 43>: 7.300ns
The critical path consists of the following:
	bus response operation ('empty_103', kernel.cpp:241) on port 'gmem' (kernel.cpp:241) [58]  (7.300 ns)

 <State 44>: 7.300ns
The critical path consists of the following:
	bus response operation ('empty_103', kernel.cpp:241) on port 'gmem' (kernel.cpp:241) [58]  (7.300 ns)

 <State 45>: 7.300ns
The critical path consists of the following:
	bus response operation ('empty_103', kernel.cpp:241) on port 'gmem' (kernel.cpp:241) [58]  (7.300 ns)

 <State 46>: 7.300ns
The critical path consists of the following:
	bus response operation ('empty_103', kernel.cpp:241) on port 'gmem' (kernel.cpp:241) [58]  (7.300 ns)

 <State 47>: 7.300ns
The critical path consists of the following:
	bus response operation ('empty_103', kernel.cpp:241) on port 'gmem' (kernel.cpp:241) [58]  (7.300 ns)

 <State 48>: 7.300ns
The critical path consists of the following:
	bus response operation ('empty_103', kernel.cpp:241) on port 'gmem' (kernel.cpp:241) [58]  (7.300 ns)

 <State 49>: 7.300ns
The critical path consists of the following:
	bus response operation ('empty_103', kernel.cpp:241) on port 'gmem' (kernel.cpp:241) [58]  (7.300 ns)

 <State 50>: 7.300ns
The critical path consists of the following:
	bus response operation ('empty_103', kernel.cpp:241) on port 'gmem' (kernel.cpp:241) [58]  (7.300 ns)

 <State 51>: 7.300ns
The critical path consists of the following:
	bus response operation ('empty_103', kernel.cpp:241) on port 'gmem' (kernel.cpp:241) [58]  (7.300 ns)

 <State 52>: 7.300ns
The critical path consists of the following:
	bus response operation ('empty_103', kernel.cpp:241) on port 'gmem' (kernel.cpp:241) [58]  (7.300 ns)

 <State 53>: 7.300ns
The critical path consists of the following:
	bus response operation ('empty_103', kernel.cpp:241) on port 'gmem' (kernel.cpp:241) [58]  (7.300 ns)

 <State 54>: 7.300ns
The critical path consists of the following:
	bus response operation ('empty_103', kernel.cpp:241) on port 'gmem' (kernel.cpp:241) [58]  (7.300 ns)

 <State 55>: 7.300ns
The critical path consists of the following:
	bus response operation ('empty_103', kernel.cpp:241) on port 'gmem' (kernel.cpp:241) [58]  (7.300 ns)

 <State 56>: 7.300ns
The critical path consists of the following:
	bus response operation ('empty_103', kernel.cpp:241) on port 'gmem' (kernel.cpp:241) [58]  (7.300 ns)

 <State 57>: 7.300ns
The critical path consists of the following:
	bus response operation ('empty_103', kernel.cpp:241) on port 'gmem' (kernel.cpp:241) [58]  (7.300 ns)

 <State 58>: 7.300ns
The critical path consists of the following:
	bus response operation ('empty_103', kernel.cpp:241) on port 'gmem' (kernel.cpp:241) [58]  (7.300 ns)

 <State 59>: 7.300ns
The critical path consists of the following:
	bus response operation ('empty_103', kernel.cpp:241) on port 'gmem' (kernel.cpp:241) [58]  (7.300 ns)

 <State 60>: 7.300ns
The critical path consists of the following:
	bus response operation ('empty_103', kernel.cpp:241) on port 'gmem' (kernel.cpp:241) [58]  (7.300 ns)

 <State 61>: 7.300ns
The critical path consists of the following:
	bus response operation ('empty_103', kernel.cpp:241) on port 'gmem' (kernel.cpp:241) [58]  (7.300 ns)

 <State 62>: 7.300ns
The critical path consists of the following:
	bus response operation ('empty_103', kernel.cpp:241) on port 'gmem' (kernel.cpp:241) [58]  (7.300 ns)

 <State 63>: 7.300ns
The critical path consists of the following:
	bus response operation ('empty_103', kernel.cpp:241) on port 'gmem' (kernel.cpp:241) [58]  (7.300 ns)

 <State 64>: 7.300ns
The critical path consists of the following:
	bus response operation ('empty_103', kernel.cpp:241) on port 'gmem' (kernel.cpp:241) [58]  (7.300 ns)

 <State 65>: 7.300ns
The critical path consists of the following:
	bus response operation ('empty_103', kernel.cpp:241) on port 'gmem' (kernel.cpp:241) [58]  (7.300 ns)

 <State 66>: 7.300ns
The critical path consists of the following:
	bus response operation ('empty_103', kernel.cpp:241) on port 'gmem' (kernel.cpp:241) [58]  (7.300 ns)

 <State 67>: 7.300ns
The critical path consists of the following:
	bus response operation ('empty_103', kernel.cpp:241) on port 'gmem' (kernel.cpp:241) [58]  (7.300 ns)

 <State 68>: 7.300ns
The critical path consists of the following:
	bus response operation ('empty_103', kernel.cpp:241) on port 'gmem' (kernel.cpp:241) [58]  (7.300 ns)

 <State 69>: 7.300ns
The critical path consists of the following:
	bus response operation ('empty_103', kernel.cpp:241) on port 'gmem' (kernel.cpp:241) [58]  (7.300 ns)

 <State 70>: 7.300ns
The critical path consists of the following:
	bus response operation ('empty_103', kernel.cpp:241) on port 'gmem' (kernel.cpp:241) [58]  (7.300 ns)

 <State 71>: 7.300ns
The critical path consists of the following:
	bus response operation ('empty_103', kernel.cpp:241) on port 'gmem' (kernel.cpp:241) [58]  (7.300 ns)


============================================================
+ Verbose Summary: Binding
============================================================
N/A
* FSMD analyzer results:
  - Output states:
 - Input state : 
  - Chain level:
	State 1
	State 2
	State 3
	State 4
	State 5
	State 6
	State 7
	State 8
	State 9
	State 10
	State 11
	State 12
	State 13
	State 14
	State 15
	State 16
	State 17
	State 18
	State 19
	State 20
	State 21
	State 22
	State 23
	State 24
	State 25
	State 26
	State 27
	State 28
	State 29
	State 30
	State 31
	State 32
	State 33
	State 34
	State 35
	State 36
	State 37
	State 38
	State 39
	State 40
	State 41
	State 42
	State 43
	State 44
	State 45
	State 46
	State 47
	State 48
	State 49
	State 50
	State 51
	State 52
	State 53
	State 54
	State 55
	State 56
	State 57
	State 58
	State 59
	State 60
	State 61
	State 62
	State 63
	State 64
	State 65
	State 66
	State 67
	State 68
	State 69
	State 70
	State 71


============================================================
+ Verbose Summary: Datapath Resource usage 
============================================================
N/A
