

================================================================
== Vitis HLS Report for 'process_data_Pipeline_VITIS_LOOP_940_5'
================================================================
* Date:           Mon Aug  7 16:46:40 2023

* Version:        2023.1 (Build 3854077 on May  4 2023)
* Project:        processapa
* Solution:       solution1 (Vitis Kernel Flow Target)
* Product family: virtexuplus
* Target device:  xcvu11p-flga2577-1-e


================================================================
== Performance Estimates
================================================================
+ Timing: 
    * Summary: 
    +--------+----------+----------+------------+
    |  Clock |  Target  | Estimated| Uncertainty|
    +--------+----------+----------+------------+
    |ap_clk  |  10.00 ns|  7.300 ns|     2.70 ns|
    +--------+----------+----------+------------+

+ Latency: 
    * Summary: 
    +---------+---------+-----------+-----------+-----+-----+---------+
    |  Latency (cycles) |   Latency (absolute)  |  Interval | Pipeline|
    |   min   |   max   |    min    |    max    | min | max |   Type  |
    +---------+---------+-----------+-----------+-----+-----+---------+
    |        6|        6|  60.000 ns|  60.000 ns|    6|    6|       no|
    +---------+---------+-----------+-----------+-----+-----+---------+

    + Detail: 
        * Instance: 
        N/A

        * Loop: 
        +--------------------+---------+---------+----------+-----------+-----------+------+----------+
        |                    |  Latency (cycles) | Iteration|  Initiation Interval  | Trip |          |
        |      Loop Name     |   min   |   max   |  Latency |  achieved |   target  | Count| Pipelined|
        +--------------------+---------+---------+----------+-----------+-----------+------+----------+
        |- VITIS_LOOP_940_5  |        4|        4|         3|          1|          1|     3|       yes|
        +--------------------+---------+---------+----------+-----------+-----------+------+----------+

============================================================
+ Verbose Summary: Synthesis Manager
============================================================
InlineROM: 1
ExposeGlobal: 0
============================================================
+ Verbose Summary: CDFG Model
============================================================
IsTopModel: 0
ResetActiveHigh: 1
IsCombinational: 0
IsDatapathOnly: 0
HasWiredReturn: 1
HasMFsm: 2
HasVarLatency: 1
IsPipeline: 0
IsRtlPipelined: 0
IsInstanceOverlapped: 0
IsDontTouch: 0
HasImplIP: 0
IsGatedGlobalClock: 0

+ Individual pipeline summary: 
  * Pipeline-0: initiation interval (II) = 1, depth = 3


============================================================
+ Verbose Summary: Schedule
============================================================
* Number of FSM states : 3
* Pipeline : 1
  Pipeline-0 : II = 1, D = 3, States = { 1 2 3 }
* Dataflow Pipeline: 0

* FSM state transitions: 
1 --> 2 
2 --> 3 
3 --> 

* FSM state operations: 

State 1 <SV = 0> <Delay = 1.08>
ST_1 : Operation 6 [1/1] (0.00ns)   --->   "%z = alloca i32 1"   --->   Operation 6 'alloca' 'z' <Predicate = true> <Delay = 0.00>
ST_1 : Operation 7 [1/1] (0.00ns)   --->   "%sext_ln940_read = read i62 @_ssdm_op_Read.ap_auto.i62, i62 %sext_ln940"   --->   Operation 7 'read' 'sext_ln940_read' <Predicate = true> <Delay = 0.00>
ST_1 : Operation 8 [1/1] (0.00ns)   --->   "%sext_ln940_cast = sext i62 %sext_ln940_read"   --->   Operation 8 'sext' 'sext_ln940_cast' <Predicate = true> <Delay = 0.00>
ST_1 : Operation 9 [1/1] (0.00ns)   --->   "%specinterface_ln0 = specinterface void @_ssdm_op_SpecInterface, i32 %gmem5, void @empty_37, i32 0, i32 0, void @empty_8, i32 64, i32 0, void @empty_13, void @empty_38, void @empty_8, i32 16, i32 16, i32 16, i32 16, void @empty_8, void @empty_8, i32 4294967295, i32 0"   --->   Operation 9 'specinterface' 'specinterface_ln0' <Predicate = true> <Delay = 0.00>
ST_1 : Operation 10 [1/1] (0.46ns)   --->   "%store_ln0 = store i2 0, i2 %z"   --->   Operation 10 'store' 'store_ln0' <Predicate = true> <Delay = 0.46>
ST_1 : Operation 11 [1/1] (0.00ns)   --->   "%br_ln0 = br void %for.body1357"   --->   Operation 11 'br' 'br_ln0' <Predicate = true> <Delay = 0.00>
ST_1 : Operation 12 [1/1] (0.00ns)   --->   "%z_1 = load i2 %z" [kernel.cpp:940]   --->   Operation 12 'load' 'z_1' <Predicate = true> <Delay = 0.00>
ST_1 : Operation 13 [1/1] (0.62ns)   --->   "%icmp_ln940 = icmp_eq  i2 %z_1, i2 3" [kernel.cpp:940]   --->   Operation 13 'icmp' 'icmp_ln940' <Predicate = true> <Delay = 0.62> <CoreInst = "Cmp">   --->   Core 9 'Cmp' <Latency = 0> <II = 1> <Delay = 0.62> <FuncUnit> <Opcode : 'icmp'> <InPorts = 2> <OutPorts = 1>
ST_1 : Operation 14 [1/1] (0.62ns)   --->   "%add_ln940 = add i2 %z_1, i2 1" [kernel.cpp:940]   --->   Operation 14 'add' 'add_ln940' <Predicate = true> <Delay = 0.62> <CoreInst = "Adder">   --->   Core 1 'Adder' <Latency = 0> <II = 1> <Delay = 0.62> <FuncUnit> <Opcode : 'add' 'sub'> <InPorts = 2> <OutPorts = 1>
ST_1 : Operation 15 [1/1] (0.00ns)   --->   "%br_ln940 = br i1 %icmp_ln940, void %for.body1357.split_ifconv, void %for.inc1369.exitStub" [kernel.cpp:940]   --->   Operation 15 'br' 'br_ln940' <Predicate = true> <Delay = 0.00>
ST_1 : Operation 16 [1/1] (0.00ns)   --->   "%z_cast = zext i2 %z_1" [kernel.cpp:940]   --->   Operation 16 'zext' 'z_cast' <Predicate = (!icmp_ln940)> <Delay = 0.00>
ST_1 : Operation 17 [1/1] (0.00ns)   --->   "%cc_prob_addr = getelementptr i16 %cc_prob, i64 0, i64 %z_cast" [kernel.cpp:942]   --->   Operation 17 'getelementptr' 'cc_prob_addr' <Predicate = (!icmp_ln940)> <Delay = 0.00>
ST_1 : Operation 18 [2/2] (0.73ns)   --->   "%cc_prob_load = load i2 %cc_prob_addr" [kernel.cpp:942]   --->   Operation 18 'load' 'cc_prob_load' <Predicate = (!icmp_ln940)> <Delay = 0.73> <CoreInst = "RAM">   --->   Core 83 'RAM' <Latency = 1> <II = 1> <Delay = 0.73> <Storage> <Opcode : 'load' 'store'> <Ports = 2> <Width = 16> <Depth = 3> <RAM>
ST_1 : Operation 19 [1/1] (0.46ns)   --->   "%store_ln940 = store i2 %add_ln940, i2 %z" [kernel.cpp:940]   --->   Operation 19 'store' 'store_ln940' <Predicate = (!icmp_ln940)> <Delay = 0.46>

State 2 <SV = 1> <Delay = 2.04>
ST_2 : Operation 20 [1/1] (0.00ns)   --->   "%specbitsmap_ln0 = specbitsmap void @_ssdm_op_SpecBitsMap, i32 %gmem5"   --->   Operation 20 'specbitsmap' 'specbitsmap_ln0' <Predicate = true> <Delay = 0.00>
ST_2 : Operation 21 [1/1] (0.00ns)   --->   "%gmem5_addr = getelementptr i32 %gmem5, i64 %sext_ln940_cast" [kernel.cpp:940]   --->   Operation 21 'getelementptr' 'gmem5_addr' <Predicate = true> <Delay = 0.00>
ST_2 : Operation 22 [1/1] (0.00ns)   --->   "%specpipeline_ln0 = specpipeline void @_ssdm_op_SpecPipeline, i32 4294967295, i32 0, i32 1, i32 0, void @p_str"   --->   Operation 22 'specpipeline' 'specpipeline_ln0' <Predicate = true> <Delay = 0.00>
ST_2 : Operation 23 [1/2] (0.73ns)   --->   "%cc_prob_load = load i2 %cc_prob_addr" [kernel.cpp:942]   --->   Operation 23 'load' 'cc_prob_load' <Predicate = (!icmp_ln940)> <Delay = 0.73> <CoreInst = "RAM">   --->   Core 83 'RAM' <Latency = 1> <II = 1> <Delay = 0.73> <Storage> <Opcode : 'load' 'store'> <Ports = 2> <Width = 16> <Depth = 3> <RAM>
ST_2 : Operation 24 [1/1] (0.00ns)   --->   "%tmp = partselect i6 @_ssdm_op_PartSelect.i6.i16.i32.i32, i16 %cc_prob_load, i32 10, i32 15" [kernel.cpp:942]   --->   Operation 24 'partselect' 'tmp' <Predicate = (!icmp_ln940)> <Delay = 0.00>
ST_2 : Operation 25 [1/1] (0.00ns)   --->   "%sext_ln942 = sext i6 %tmp" [kernel.cpp:942]   --->   Operation 25 'sext' 'sext_ln942' <Predicate = (!icmp_ln940)> <Delay = 0.00>
ST_2 : Operation 26 [1/1] (0.00ns) (grouped into LUT with out node select_ln942_1)   --->   "%tmp_12 = bitselect i1 @_ssdm_op_BitSelect.i1.i16.i32, i16 %cc_prob_load, i32 15" [kernel.cpp:942]   --->   Operation 26 'bitselect' 'tmp_12' <Predicate = (!icmp_ln940)> <Delay = 0.00>
ST_2 : Operation 27 [1/1] (0.00ns)   --->   "%trunc_ln942 = trunc i16 %cc_prob_load" [kernel.cpp:942]   --->   Operation 27 'trunc' 'trunc_ln942' <Predicate = (!icmp_ln940)> <Delay = 0.00>
ST_2 : Operation 28 [1/1] (0.93ns)   --->   "%icmp_ln942 = icmp_eq  i10 %trunc_ln942, i10 0" [kernel.cpp:942]   --->   Operation 28 'icmp' 'icmp_ln942' <Predicate = (!icmp_ln940)> <Delay = 0.93> <CoreInst = "Cmp">   --->   Core 9 'Cmp' <Latency = 0> <II = 1> <Delay = 0.93> <FuncUnit> <Opcode : 'icmp'> <InPorts = 2> <OutPorts = 1>
ST_2 : Operation 29 [1/1] (0.84ns)   --->   "%add_ln942 = add i7 %sext_ln942, i7 1" [kernel.cpp:942]   --->   Operation 29 'add' 'add_ln942' <Predicate = (!icmp_ln940)> <Delay = 0.84> <CoreInst = "Adder">   --->   Core 1 'Adder' <Latency = 0> <II = 1> <Delay = 0.84> <FuncUnit> <Opcode : 'add' 'sub'> <InPorts = 2> <OutPorts = 1>
ST_2 : Operation 30 [1/1] (0.00ns) (grouped into LUT with out node select_ln942_1)   --->   "%select_ln942 = select i1 %icmp_ln942, i7 %sext_ln942, i7 %add_ln942" [kernel.cpp:942]   --->   Operation 30 'select' 'select_ln942' <Predicate = (!icmp_ln940)> <Delay = 0.00> <CoreInst = "Sel">   --->   Core 73 'Sel' <Latency = 0> <II = 1> <Delay = 0.37> <FuncUnit> <Opcode : 'select'> <InPorts = 3> <OutPorts = 1>
ST_2 : Operation 31 [1/1] (0.37ns) (out node of the LUT)   --->   "%select_ln942_1 = select i1 %tmp_12, i7 %select_ln942, i7 %sext_ln942" [kernel.cpp:942]   --->   Operation 31 'select' 'select_ln942_1' <Predicate = (!icmp_ln940)> <Delay = 0.37> <CoreInst = "Sel">   --->   Core 73 'Sel' <Latency = 0> <II = 1> <Delay = 0.37> <FuncUnit> <Opcode : 'select'> <InPorts = 3> <OutPorts = 1>
ST_2 : Operation 37 [1/1] (0.00ns)   --->   "%ret_ln0 = ret"   --->   Operation 37 'ret' 'ret_ln0' <Predicate = (icmp_ln940)> <Delay = 0.00>

State 3 <SV = 2> <Delay = 7.30>
ST_3 : Operation 32 [1/1] (0.00ns)   --->   "%speclooptripcount_ln940 = speclooptripcount void @_ssdm_op_SpecLoopTripCount, i64 3, i64 3, i64 3" [kernel.cpp:940]   --->   Operation 32 'speclooptripcount' 'speclooptripcount_ln940' <Predicate = true> <Delay = 0.00>
ST_3 : Operation 33 [1/1] (0.00ns)   --->   "%specloopname_ln940 = specloopname void @_ssdm_op_SpecLoopName, void @empty_19" [kernel.cpp:940]   --->   Operation 33 'specloopname' 'specloopname_ln940' <Predicate = true> <Delay = 0.00>
ST_3 : Operation 34 [1/1] (0.00ns)   --->   "%sext_ln942_1 = sext i7 %select_ln942_1" [kernel.cpp:942]   --->   Operation 34 'sext' 'sext_ln942_1' <Predicate = true> <Delay = 0.00>
ST_3 : Operation 35 [1/1] (7.30ns)   --->   "%write_ln942 = write void @_ssdm_op_Write.m_axi.p1i32, i32 %gmem5_addr, i32 %sext_ln942_1, i4 15" [kernel.cpp:942]   --->   Operation 35 'write' 'write_ln942' <Predicate = true> <Delay = 7.30> <CoreInst = "m_axi">   --->   Core 121 'm_axi' <Latency = 0> <II = 1> <Delay = 1.00> <Adapter> <Opcode : 'read' 'write' 'readreq' 'writereq' 'writeresp'>
ST_3 : Operation 36 [1/1] (0.00ns)   --->   "%br_ln940 = br void %for.body1357" [kernel.cpp:940]   --->   Operation 36 'br' 'br_ln940' <Predicate = true> <Delay = 0.00>


============================================================
+ Verbose Summary: Timing violations
============================================================
Target clock period: 10.000ns, clock uncertainty: 2.700ns.

 <State 1>: 1.081ns
The critical path consists of the following:
	'alloca' operation ('z') [4]  (0.000 ns)
	'load' operation ('z', kernel.cpp:940) on local variable 'z' [11]  (0.000 ns)
	'add' operation ('add_ln940', kernel.cpp:940) [16]  (0.621 ns)
	'store' operation ('store_ln940', kernel.cpp:940) of variable 'add_ln940', kernel.cpp:940 on local variable 'z' [34]  (0.460 ns)

 <State 2>: 2.042ns
The critical path consists of the following:
	'load' operation ('cc_prob_load', kernel.cpp:942) on array 'cc_prob' [23]  (0.730 ns)
	'icmp' operation ('icmp_ln942', kernel.cpp:942) [28]  (0.933 ns)
	'select' operation ('select_ln942', kernel.cpp:942) [30]  (0.000 ns)
	'select' operation ('select_ln942_1', kernel.cpp:942) [31]  (0.378 ns)

 <State 3>: 7.300ns
The critical path consists of the following:
	bus write operation ('write_ln942', kernel.cpp:942) on port 'gmem5' (kernel.cpp:942) [33]  (7.300 ns)


============================================================
+ Verbose Summary: Binding
============================================================
N/A
* FSMD analyzer results:
  - Output states:
 - Input state : 
  - Chain level:
	State 1
	State 2
	State 3


============================================================
+ Verbose Summary: Datapath Resource usage 
============================================================
N/A
