================================================================
== Design Size Report
================================================================

* Instructions per Function for each Compilation Phase
+--------------------------------------------+------------------------------+-------------------+---------------------+----------------------+--------------------+
| Function                                   | Location                     | Compile/Link      | Unroll/Inline       | Performance/Pipeline | Optimizations      |
+--------------------------------------------+------------------------------+-------------------+---------------------+----------------------+--------------------+
| + process_data                             | kernel.cpp:7                 | 41,706            | 219,238 *           | 80,409               | 76,782             |
|    Fragment                                | Fragment.hpp:281             |     44            |                     |                      |                    |
|  + get_data                                | Fragment.hpp:230             |      8            |       6             |                      |                    |
|     header_                                | Fragment.hpp:241             |      4            |       2             |                      |                    |
|    get_adc                                 | WIB2Frame.hpp:95             |    151            |      41             |                      |                    |
|    GetChanInfoFromWIBElements              | FDHDChannelMapSP.cxx:152     |    124            |     128             |                      |                    |
|    ~Fragment                               | Fragment.hpp:299             |      8            |       5             |                      |                    |
|    array                                   | nnet_types.h:11              |     18            |                     |                      |                    |
|    operator[]                              | nnet_types.h:17              |     12 (4 calls)  |       8 (4 calls)   |                      |                    |
|  + myproject                               | myproject.cpp:6              | 37,946 (2 calls)  | 216,372 (2 calls)   | 77,230 (2 calls)     | 74,216 (2 calls)   |
|   + zeropad2d_cl<nnet::array<ap_...        | nnet_padding_stream.h:48     |  1,322 (2 calls)  |     182 (2 calls)   |    126 (2 calls)     |    130 (2 calls)   |
|    + fill_zero<nnet::array<ap_fix...       | nnet_padding_stream.h:8      |    872 (8 calls)  |                     |                      |                    |
|       array                                | nnet_types.h:11              |    144 (8 calls)  |                     |                      |                    |
|       operator[]                           | nnet_types.h:17              |     24 (8 calls)  |                     |                      |                    |
|    + fill_data<nnet::array<ap_fix...       | nnet_padding_stream.h:18     |    294 (2 calls)  |                     |                      |                    |
|       array                                | nnet_types.h:11              |     36 (2 calls)  |                     |                      |                    |
|       operator[]                           | nnet_types.h:17              |     12 (4 calls)  |                     |                      |                    |
|      operator[]                            | nnet_types.h:17              |                   |       8 (4 calls)   |                      |                    |
|   + conv_2d_cl<nnet::array<ap_fi...        | nnet_conv2d_stream.h:96      |  1,984 (2 calls)  |   2,276 (2 calls)   |  1,814 (2 calls)     |  1,594 (2 calls)   |
|    + conv_2d_buffer_cl<nnet::arra...       | nnet_conv2d_stream.h:68      |  1,980 (2 calls)  |   2,272 (2 calls)   |                      |                    |
|     + compute_output_buffer_2d<nne...      | nnet_conv_stream.h:256       |  1,828 (2 calls)  |   2,200 (2 calls)   |                      |                    |
|        array                               | nnet_types.h:11              |     36 (2 calls)  |                     |                      |                    |
|      + shift_line_buffer<nnet::arra...     | nnet_conv_stream.h:220       |    360 (2 calls)  |     138 (2 calls)   |                      |                    |
|         operator[]                         | nnet_types.h:19              |      6 (2 calls)  |       4 (2 calls)   |                      |                    |
|         kernel_shift_2d<nnet::array<...    | nnet_conv_stream.h:186       |    150 (2 calls)  |                     |                      |                    |
|      + dense_resource<ap_fixed<16, ...     | nnet_dense_resource.h:246    |  1,154 (2 calls)  |   1,244 (2 calls)   |                      |                    |
|       + dense_resource_rf_gt_nin_rem...    | nnet_dense_resource.h:84     |  1,150 (2 calls)  |   1,240 (2 calls)   |                      |                    |
|          product                           | nnet_mult.h:70               |    302 (2 calls)  |                     |                      |                    |
|          cast<ap_fixed<16, 6, AP_TRN,...   | nnet_mult.h:110              |      6 (2 calls)  |     192 (64 calls)  |                      |                    |
|        operator[]                          | nnet_types.h:17              |      6 (2 calls)  |     128 (64 calls)  |                      |                    |
|    + compute_output_buffer_2d<nne...       | nnet_conv_stream.h:256       |                   |                     |  1,764 (2 calls)     |  1,532 (2 calls)   |
|       shift_line_buffer<nnet::arra...      | nnet_conv_stream.h:220       |                   |                     |     52 (2 calls)     |     66 (2 calls)   |
|     + dense_resource<ap_fixed<16, ...      | nnet_dense_resource.h:246    |                   |                     |    770 (2 calls)     |    786 (2 calls)   |
|        dense_resource_rf_gt_nin_rem...     | nnet_dense_resource.h:84     |                   |                     |    766 (2 calls)     |    780 (2 calls)   |
|   + pooling2d_cl<nnet::array<ap_...        | nnet_pooling_stream.h:253    |  8,244 (2 calls)  |  57,524 (2 calls)   | 15,844 (2 calls)     | 15,590 (2 calls)   |
|    + pooling2d_buffer_cl<nnet::ar...       | nnet_pooling_stream.h:232    |  8,240 (2 calls)  |  57,520 (2 calls)   | 15,840 (2 calls)     | 15,584 (2 calls)   |
|     + compute_pool_buffer_2d<nnet:...      | nnet_pooling_stream.h:166    |  8,086 (2 calls)  |                     |                      |                    |
|        array                               | nnet_types.h:11              |     36 (2 calls)  |                     |                      |                    |
|      + shift_line_buffer<nnet::arra...     | nnet_conv_stream.h:220       |    360 (2 calls)  |                     |                      |                    |
|         operator[]                         | nnet_types.h:19              |      6 (2 calls)  |                     |                      |                    |
|         kernel_shift_2d<nnet::array<...    | nnet_conv_stream.h:186       |    150 (2 calls)  |                     |                      |                    |
|      + reduce_pool<ap_fixed<16, 6, ...     | nnet_pooling_stream.h:17     |  7,372 (2 calls)  |                     |                      |                    |
|       + reduce<ap_fixed<16, 6, AP_TR...    | nnet_common.h:36             |  7,126 (2 calls)  |                     |                      |                    |
|        + reduce<ap_fixed<16, 6, AP_TR...   | nnet_common.h:36             |  6,652 (4 calls)  |                     |                      |                    |
|         + reduce<ap_fixed<16, 6, AP_TR...  | nnet_common.h:36             |  5,704 (8 calls)  |                     |                      |                    |
|          + reduce<ap_fixed<16, 6, AP_TR... | nnet_common.h:36             |  3,808 (16 calls) |                     |                      |                    |
|             operator()                     | nnet_common.h:50             |  3,648 (16 calls) |                     |                      |                    |
|            operator()                      | nnet_common.h:50             |  1,824 (8 calls)  |                     |                      |                    |
|           operator()                       | nnet_common.h:50             |    912 (4 calls)  |                     |                      |                    |
|          operator()                        | nnet_common.h:50             |    456 (2 calls)  |                     |                      |                    |
|        operator[]                          | nnet_types.h:17              |      6 (2 calls)  |                     |                      |                    |
|     + shift_line_buffer<nnet::arra...      | nnet_conv_stream.h:220       |                   |   4,416 (2 calls)   |  2,690 (2 calls)     |  3,460 (2 calls)   |
|        operator[]                          | nnet_types.h:19              |                   |     128 (64 calls)  |                      |                    |
|     + reduce<ap_fixed<16, 6, AP_TR...      | nnet_common.h:36             |                   |  48,064 (64 calls)  | 10,176 (64 calls)    |  9,408 (64 calls)  |
|      + reduce<ap_fixed<16, 6, AP_TR...     | nnet_common.h:36             |                   |  44,928 (128 calls) |                      |                    |
|       + reduce<ap_fixed<16, 6, AP_TR...    | nnet_common.h:36             |                   |  38,656 (256 calls) |                      |                    |
|        + reduce<ap_fixed<16, 6, AP_TR...   | nnet_common.h:36             |                   |  26,112 (512 calls) |                      |                    |
|           operator()                       | nnet_common.h:50             |                   |  21,504 (512 calls) |                      |                    |
|          operator()                        | nnet_common.h:50             |                   |  10,752 (256 calls) |                      |                    |
|         operator()                         | nnet_common.h:50             |                   |   5,376 (128 calls) |                      |                    |
|        operator()                          | nnet_common.h:50             |                   |   2,688 (64 calls)  |                      |                    |
|        reduce<ap_fixed<16, 6, AP_TR...     | nnet_common.h:36             |                   |                     |  7,168 (256 calls)   |  7,168 (256 calls) |
|       operator[]                           | nnet_types.h:17              |                   |     128 (64 calls)  |                      |                    |
|   + conv_2d_cl<nnet::array<ap_fi...        | nnet_conv2d_stream.h:96      |  1,938 (2 calls)  |  26,442 (2 calls)   |  9,084 (2 calls)     |  8,464 (2 calls)   |
|    + conv_2d_buffer_cl<nnet::arra...       | nnet_conv2d_stream.h:68      |  1,934 (2 calls)  |  26,438 (2 calls)   |  9,080 (2 calls)     |  8,458 (2 calls)   |
|     + compute_output_buffer_2d<nne...      | nnet_conv_stream.h:256       |  1,782 (2 calls)  |  26,180 (2 calls)   |  8,146 (2 calls)     |  7,768 (2 calls)   |
|        array                               | nnet_types.h:11              |     36 (2 calls)  |                     |                      |                    |
|      + shift_line_buffer<nnet::arra...     | nnet_conv_stream.h:220       |    360 (2 calls)  |   2,928 (2 calls)   |  1,666 (2 calls)     |  2,052 (2 calls)   |
|         operator[]                         | nnet_types.h:19              |      6 (2 calls)  |     128 (64 calls)  |                      |                    |
|         kernel_shift_2d<nnet::array<...    | nnet_conv_stream.h:186       |    150 (2 calls)  |                     |                      |                    |
|      + dense_resource<ap_fixed<16, ...     | nnet_dense_resource.h:246    |  1,108 (2 calls)  |  21,794 (2 calls)   |  4,706 (2 calls)     |  4,460 (2 calls)   |
|       + dense_resource_rf_leq_nin<ap...    | nnet_dense_resource.h:13     |  1,104 (2 calls)  |  21,790 (2 calls)   |  4,702 (2 calls)     |  4,454 (2 calls)   |
|          product                           | nnet_mult.h:70               |    302 (2 calls)  |                     |                      |                    |
|          cast<ap_fixed<16, 6, AP_TRN,...   | nnet_mult.h:110              |      6 (2 calls)  |     384 (128 calls) |    256 (128 calls)   |    256 (128 calls) |
|        operator[]                          | nnet_types.h:17              |      6 (2 calls)  |     256 (128 calls) |                      |                    |
|   + pooling2d_cl<nnet::array<ap_...        | nnet_pooling_stream.h:253    |  2,544 (2 calls)  |  27,928 (2 calls)   |  8,996 (2 calls)     |  8,486 (2 calls)   |
|    + pooling2d_buffer_cl<nnet::ar...       | nnet_pooling_stream.h:232    |  2,540 (2 calls)  |  27,924 (2 calls)   |  8,992 (2 calls)     |  8,480 (2 calls)   |
|     + compute_pool_buffer_2d<nnet:...      | nnet_pooling_stream.h:166    |  2,386 (2 calls)  |                     |                      |                    |
|        array                               | nnet_types.h:11              |     36 (2 calls)  |                     |                      |                    |
|      + shift_line_buffer<nnet::arra...     | nnet_conv_stream.h:220       |    360 (2 calls)  |                     |                      |                    |
|         operator[]                         | nnet_types.h:19              |      6 (2 calls)  |                     |                      |                    |
|         kernel_shift_2d<nnet::array<...    | nnet_conv_stream.h:186       |    150 (2 calls)  |                     |                      |                    |
|      + reduce_pool<ap_fixed<16, 6, ...     | nnet_pooling_stream.h:17     |  1,672 (2 calls)  |                     |                      |                    |
|       + reduce<ap_fixed<16, 6, AP_TR...    | nnet_common.h:36             |  1,426 (2 calls)  |                     |                      |                    |
|        + reduce<ap_fixed<16, 6, AP_TR...   | nnet_common.h:36             |    952 (4 calls)  |                     |                      |                    |
|           operator()                       | nnet_common.h:50             |    912 (4 calls)  |                     |                      |                    |
|          operator()                        | nnet_common.h:50             |    456 (2 calls)  |                     |                      |                    |
|        operator[]                          | nnet_types.h:17              |      6 (2 calls)  |                     |                      |                    |
|     + shift_line_buffer<nnet::arra...      | nnet_conv_stream.h:220       |                   |   3,364 (2 calls)   |  2,050 (2 calls)     |  2,052 (2 calls)   |
|        operator[]                          | nnet_types.h:19              |                   |     256 (128 calls) |                      |                    |
|     + reduce<ap_fixed<16, 6, AP_TR...      | nnet_common.h:36             |                   |  19,328 (128 calls) |  2,944 (128 calls)   |  2,944 (128 calls) |
|      + reduce<ap_fixed<16, 6, AP_TR...     | nnet_common.h:36             |                   |  13,056 (256 calls) |                      |                    |
|         operator()                         | nnet_common.h:50             |                   |  10,752 (256 calls) |                      |                    |
|        operator()                          | nnet_common.h:50             |                   |   5,376 (128 calls) |                      |                    |
|       operator[]                           | nnet_types.h:17              |                   |     256 (128 calls) |                      |                    |
|   + conv_2d_cl<nnet::array<ap_fi...        | nnet_conv2d_stream.h:96      |  1,938 (2 calls)  |  29,514 (2 calls)   | 12,220 (2 calls)     | 11,728 (2 calls)   |
|    + conv_2d_buffer_cl<nnet::arra...       | nnet_conv2d_stream.h:68      |  1,934 (2 calls)  |  29,510 (2 calls)   | 12,216 (2 calls)     | 11,722 (2 calls)   |
|     + compute_output_buffer_2d<nne...      | nnet_conv_stream.h:256       |  1,782 (2 calls)  |  29,060 (2 calls)   | 10,386 (2 calls)     | 10,392 (2 calls)   |
|        array                               | nnet_types.h:11              |     36 (2 calls)  |                     |                      |                    |
|      + shift_line_buffer<nnet::arra...     | nnet_conv_stream.h:220       |    360 (2 calls)  |   5,808 (2 calls)   |  3,330 (2 calls)     |  4,100 (2 calls)   |
|         operator[]                         | nnet_types.h:19              |      6 (2 calls)  |     256 (128 calls) |                      |                    |
|         kernel_shift_2d<nnet::array<...    | nnet_conv_stream.h:186       |    150 (2 calls)  |                     |                      |                    |
|      + dense_resource<ap_fixed<16, ...     | nnet_dense_resource.h:246    |  1,108 (2 calls)  |  21,794 (2 calls)   |  5,282 (2 calls)     |  5,036 (2 calls)   |
|       + dense_resource_rf_leq_nin<ap...    | nnet_dense_resource.h:13     |  1,104 (2 calls)  |  21,790 (2 calls)   |  5,278 (2 calls)     |  5,030 (2 calls)   |
|          product                           | nnet_mult.h:70               |    302 (2 calls)  |                     |                      |                    |
|          cast<ap_fixed<16, 6, AP_TRN,...   | nnet_mult.h:110              |      6 (2 calls)  |     384 (128 calls) |    256 (128 calls)   |    256 (128 calls) |
|        operator[]                          | nnet_types.h:17              |      6 (2 calls)  |     256 (128 calls) |                      |                    |
|   + pooling2d_cl<nnet::array<ap_...        | nnet_pooling_stream.h:253    |  2,544 (2 calls)  |  27,928 (2 calls)   |  8,996 (2 calls)     |  8,486 (2 calls)   |
|    + pooling2d_buffer_cl<nnet::ar...       | nnet_pooling_stream.h:232    |  2,540 (2 calls)  |  27,924 (2 calls)   |  8,992 (2 calls)     |  8,480 (2 calls)   |
|     + compute_pool_buffer_2d<nnet:...      | nnet_pooling_stream.h:166    |  2,386 (2 calls)  |                     |                      |                    |
|        array                               | nnet_types.h:11              |     36 (2 calls)  |                     |                      |                    |
|      + shift_line_buffer<nnet::arra...     | nnet_conv_stream.h:220       |    360 (2 calls)  |                     |                      |                    |
|         operator[]                         | nnet_types.h:19              |      6 (2 calls)  |                     |                      |                    |
|         kernel_shift_2d<nnet::array<...    | nnet_conv_stream.h:186       |    150 (2 calls)  |                     |                      |                    |
|      + reduce_pool<ap_fixed<16, 6, ...     | nnet_pooling_stream.h:17     |  1,672 (2 calls)  |                     |                      |                    |
|       + reduce<ap_fixed<16, 6, AP_TR...    | nnet_common.h:36             |  1,426 (2 calls)  |                     |                      |                    |
|        + reduce<ap_fixed<16, 6, AP_TR...   | nnet_common.h:36             |    952 (4 calls)  |                     |                      |                    |
|           operator()                       | nnet_common.h:50             |    912 (4 calls)  |                     |                      |                    |
|          operator()                        | nnet_common.h:50             |    456 (2 calls)  |                     |                      |                    |
|        operator[]                          | nnet_types.h:17              |      6 (2 calls)  |                     |                      |                    |
|     + shift_line_buffer<nnet::arra...      | nnet_conv_stream.h:220       |                   |   3,364 (2 calls)   |  2,050 (2 calls)     |  2,052 (2 calls)   |
|        operator[]                          | nnet_types.h:19              |                   |     256 (128 calls) |                      |                    |
|     + reduce<ap_fixed<16, 6, AP_TR...      | nnet_common.h:36             |                   |  19,328 (128 calls) |  2,944 (128 calls)   |  2,944 (128 calls) |
|      + reduce<ap_fixed<16, 6, AP_TR...     | nnet_common.h:36             |                   |  13,056 (256 calls) |                      |                    |
|         operator()                         | nnet_common.h:50             |                   |  10,752 (256 calls) |                      |                    |
|        operator()                          | nnet_common.h:50             |                   |   5,376 (128 calls) |                      |                    |
|       operator[]                           | nnet_types.h:17              |                   |     256 (128 calls) |                      |                    |
|   + conv_2d_cl<nnet::array<ap_fi...        | nnet_conv2d_stream.h:96      |  1,938 (2 calls)  |  17,994 (2 calls)   |  8,952 (2 calls)     |  8,974 (2 calls)   |
|    + conv_2d_buffer_cl<nnet::arra...       | nnet_conv2d_stream.h:68      |  1,934 (2 calls)  |  17,990 (2 calls)   |  8,948 (2 calls)     |  8,968 (2 calls)   |
|     + compute_output_buffer_2d<nne...      | nnet_conv_stream.h:256       |  1,782 (2 calls)  |  17,540 (2 calls)   |  7,118 (2 calls)     |  7,638 (2 calls)   |
|        array                               | nnet_types.h:11              |     36 (2 calls)  |                     |                      |                    |
|      + shift_line_buffer<nnet::arra...     | nnet_conv_stream.h:220       |    360 (2 calls)  |   5,808 (2 calls)   |  3,330 (2 calls)     |  4,100 (2 calls)   |
|         operator[]                         | nnet_types.h:19              |      6 (2 calls)  |     256 (128 calls) |                      |                    |
|         kernel_shift_2d<nnet::array<...    | nnet_conv_stream.h:186       |    150 (2 calls)  |                     |                      |                    |
|      + dense_resource<ap_fixed<16, ...     | nnet_dense_resource.h:246    |  1,108 (2 calls)  |  10,914 (2 calls)   |  2,846 (2 calls)     |  2,858 (2 calls)   |
|       + dense_resource_rf_leq_nin<ap...    | nnet_dense_resource.h:13     |  1,104 (2 calls)  |  10,910 (2 calls)   |  2,842 (2 calls)     |  2,852 (2 calls)   |
|          product                           | nnet_mult.h:70               |    302 (2 calls)  |                     |                      |                    |
|          cast<ap_fixed<16, 6, AP_TRN,...   | nnet_mult.h:110              |      6 (2 calls)  |     192 (64 calls)  |                      |                    |
|        operator[]                          | nnet_types.h:17              |      6 (2 calls)  |     128 (64 calls)  |                      |                    |
|   + pooling2d_cl<nnet::array<ap_...        | nnet_pooling_stream.h:253    |  2,544 (2 calls)  |  14,104 (2 calls)   |  4,580 (2 calls)     |  4,326 (2 calls)   |
|    + pooling2d_buffer_cl<nnet::ar...       | nnet_pooling_stream.h:232    |  2,540 (2 calls)  |  14,100 (2 calls)   |  4,576 (2 calls)     |  4,320 (2 calls)   |
|     + compute_pool_buffer_2d<nnet:...      | nnet_pooling_stream.h:166    |  2,386 (2 calls)  |                     |                      |                    |
|        array                               | nnet_types.h:11              |     36 (2 calls)  |                     |                      |                    |
|      + shift_line_buffer<nnet::arra...     | nnet_conv_stream.h:220       |    360 (2 calls)  |                     |                      |                    |
|         operator[]                         | nnet_types.h:19              |      6 (2 calls)  |                     |                      |                    |
|         kernel_shift_2d<nnet::array<...    | nnet_conv_stream.h:186       |    150 (2 calls)  |                     |                      |                    |
|      + reduce_pool<ap_fixed<16, 6, ...     | nnet_pooling_stream.h:17     |  1,672 (2 calls)  |                     |                      |                    |
|       + reduce<ap_fixed<16, 6, AP_TR...    | nnet_common.h:36             |  1,426 (2 calls)  |                     |                      |                    |
|        + reduce<ap_fixed<16, 6, AP_TR...   | nnet_common.h:36             |    952 (4 calls)  |                     |                      |                    |
|           operator()                       | nnet_common.h:50             |    912 (4 calls)  |                     |                      |                    |
|          operator()                        | nnet_common.h:50             |    456 (2 calls)  |                     |                      |                    |
|        operator[]                          | nnet_types.h:17              |      6 (2 calls)  |                     |                      |                    |
|     + shift_line_buffer<nnet::arra...      | nnet_conv_stream.h:220       |                   |   1,700 (2 calls)   |  1,026 (2 calls)     |  1,028 (2 calls)   |
|        operator[]                          | nnet_types.h:19              |                   |     128 (64 calls)  |                      |                    |
|     + reduce<ap_fixed<16, 6, AP_TR...      | nnet_common.h:36             |                   |   9,664 (64 calls)  |  1,472 (64 calls)    |  1,472 (64 calls)  |
|      + reduce<ap_fixed<16, 6, AP_TR...     | nnet_common.h:36             |                   |   6,528 (128 calls) |                      |                    |
|         operator()                         | nnet_common.h:50             |                   |   5,376 (128 calls) |                      |                    |
|        operator()                          | nnet_common.h:50             |                   |   2,688 (64 calls)  |                      |                    |
|       operator[]                           | nnet_types.h:17              |                   |     128 (64 calls)  |                      |                    |
|   + dense<nnet::array<ap_fixed<1...        | nnet_dense_stream.h:26       |  1,444 (2 calls)  |  10,050 (2 calls)   |  5,754 (2 calls)     |  5,636 (2 calls)   |
|      operator[]                            | nnet_types.h:17              |     12 (4 calls)  |     160 (80 calls)  |                      |                    |
|    + dense_wrapper<ap_fixed<16, 6...       | nnet_dense_stream.h:13       |  1,112 (2 calls)  |   8,998 (2 calls)   |  1,430 (2 calls)     |  1,444 (2 calls)   |
|     + dense_resource<ap_fixed<16, ...      | nnet_dense_resource.h:246    |  1,108 (2 calls)  |   8,994 (2 calls)   |  1,426 (2 calls)     |  1,438 (2 calls)   |
|      + dense_resource_rf_leq_nin<ap...     | nnet_dense_resource.h:13     |  1,104 (2 calls)  |   8,990 (2 calls)   |  1,422 (2 calls)     |  1,432 (2 calls)   |
|         product                            | nnet_mult.h:70               |    302 (2 calls)  |                     |                      |                    |
|         cast<ap_fixed<16, 6, AP_TRN,...    | nnet_mult.h:110              |      6 (2 calls)  |      48 (16 calls)  |                      |                    |
|      array                                 | nnet_types.h:11              |     36 (2 calls)  |                     |                      |                    |
|   + dense<nnet::array<ap_fixed<1...        | nnet_dense_stream.h:26       |  1,444 (2 calls)  |     896 (2 calls)   |    316 (2 calls)     |    276 (2 calls)   |
|      operator[]                            | nnet_types.h:17              |     12 (4 calls)  |      44 (22 calls)  |                      |                    |
|    + dense_wrapper<ap_fixed<16, 6...       | nnet_dense_stream.h:13       |  1,112 (2 calls)  |     540 (2 calls)   |    114 (2 calls)     |    128 (2 calls)   |
|     + dense_resource<ap_fixed<16, ...      | nnet_dense_resource.h:246    |  1,108 (2 calls)  |     536 (2 calls)   |    110 (2 calls)     |    122 (2 calls)   |
|      + dense_resource_rf_leq_nin<ap...     | nnet_dense_resource.h:13     |  1,104 (2 calls)  |     532 (2 calls)   |    106 (2 calls)     |    116 (2 calls)   |
|         product                            | nnet_mult.h:70               |    302 (2 calls)  |                     |                      |                    |
|         cast<ap_fixed<16, 6, AP_TRN,...    | nnet_mult.h:110              |      6 (2 calls)  |      18 (6 calls)   |                      |                    |
|      array                                 | nnet_types.h:11              |     36 (2 calls)  |                     |                      |                    |
|   + softmax<nnet::array<ap_fixed...        | nnet_activation_stream.h:354 |  9,720 (2 calls)  |   1,322 (2 calls)   |    432 (2 calls)     |    408 (2 calls)   |
|    + softmax_stable<nnet::array<a...       | nnet_activation_stream.h:170 |  9,714 (2 calls)  |   1,318 (2 calls)   |    428 (2 calls)     |    404 (2 calls)   |
|     + init_exp_table<ap_fixed<16, ...      | nnet_activation.h:149        |  2,446 (2 calls)  |                     |                      |                    |
|        softmax_real_val_from_idx<ap...     | nnet_activation.h:133        |    892 (2 calls)  |                     |                      |                    |
|        exp_fcn_float                       | nnet_activation.h:131        |      8 (2 calls)  |                     |                      |                    |
|     + init_invert_table<ap_fixed<1...      | nnet_activation.h:160        |  2,942 (2 calls)  |                     |                      |                    |
|        softmax_real_val_from_idx<ap...     | nnet_activation.h:133        |  1,396 (2 calls)  |                     |                      |                    |
|       operator[]                           | nnet_types.h:17              |     12 (4 calls)  |      24 (12 calls)  |                      |                    |
|     + reduce<ap_fixed<16, 6, AP_TR...      | nnet_common.h:36             |    126 (2 calls)  |      90 (2 calls)   |                      |                    |
|      + reduce<ap_fixed<16, 6, AP_TR...     | nnet_common.h:36             |     60 (2 calls)  |      42 (2 calls)   |                      |                    |
|         operator()                         | nnet_common.h:65             |     40 (2 calls)  |      32 (2 calls)   |                      |                    |
|        reduce<ap_fixed<16, 6, AP_TR...     | nnet_common.h:36             |      8 (2 calls)  |       4 (2 calls)   |                      |                    |
|        operator()                          | nnet_common.h:65             |     40 (2 calls)  |      34 (2 calls)   |                      |                    |
|       softmax_idx_from_real_val<ap...      | nnet_activation.h:141        |    220 (2 calls)  |      48 (6 calls)   |                      |                    |
|     + reduce<ap_fixed<18, 8, AP_RN...      | nnet_common.h:36             |  1,350 (2 calls)  |     330 (2 calls)   |                      |                    |
|      + reduce<ap_fixed<18, 8, AP_RN...     | nnet_common.h:36             |    672 (2 calls)  |     164 (2 calls)   |                      |                    |
|         operator()                         | nnet_common.h:50             |    652 (2 calls)  |     146 (2 calls)   |                      |                    |
|        reduce<ap_fixed<18, 8, AP_RN...     | nnet_common.h:36             |      8 (2 calls)  |       6 (2 calls)   |                      |                    |
|        operator()                          | nnet_common.h:50             |    652 (2 calls)  |     146 (2 calls)   |                      |                    |
|       softmax_idx_from_real_val<ap...      | nnet_activation.h:141        |    220 (2 calls)  |      16 (2 calls)   |                      |                    |
|       array                                | nnet_types.h:11              |     36 (2 calls)  |                     |                      |                    |
+--------------------------------------------+------------------------------+-------------------+---------------------+----------------------+--------------------+
    * - Exceeded design size warning message threshold

* Description of Compilation Phases
+----------------------+------------------------------------------------------------+
| Compilation Phase    | Description                                                |
+----------------------+------------------------------------------------------------+
| Compile/Link         | All functions are compiled and linked into a single design |
| Unroll/Inline        | After user unroll and inline pragmas are applied           |
| Performance/Pipeline | After performance and pipeline pragmas are applied         |
| Optimizations        | After high level synthesis optimizations                   |
+----------------------+------------------------------------------------------------+

* Design Size Message Settings
+---------------------------------------------+--------+------------------------------------------------------------------+
| Message Setting                             | Value  | Description                                                      |
+---------------------------------------------+--------+------------------------------------------------------------------+
| config_compile -design_size_maximum_warning | 100000 | Show a warning when total design instructions exceeds this value |
+---------------------------------------------+--------+------------------------------------------------------------------+


