

================================================================
== Vitis HLS Report for 'dense_wrapper_ap_fixed_16_6_5_3_0_ap_fixed_16_6_5_3_0_config18_s'
================================================================
* Date:           Tue Aug  1 14:27:48 2023

* Version:        2023.1 (Build 3854077 on May  4 2023)
* Project:        processapa
* Solution:       solution1 (Vitis Kernel Flow Target)
* Product family: virtexuplus
* Target device:  xcvu11p-flga2577-1-e


================================================================
== Performance Estimates
================================================================
+ Timing: 
    * Summary: 
    +--------+----------+----------+------------+
    |  Clock |  Target  | Estimated| Uncertainty|
    +--------+----------+----------+------------+
    |ap_clk  |  10.00 ns|  4.834 ns|     2.70 ns|
    +--------+----------+----------+------------+

+ Latency: 
    * Summary: 
    +---------+---------+-----------+-----------+-----+-----+------------------------------------------+
    |  Latency (cycles) |   Latency (absolute)  |  Interval |                 Pipeline                 |
    |   min   |   max   |    min    |    max    | min | max |                   Type                   |
    +---------+---------+-----------+-----------+-----+-----+------------------------------------------+
    |        8|        9|  80.000 ns|  90.000 ns|    8|    8|  loop rewind stp(delay=0 clock cycles(s))|
    +---------+---------+-----------+-----------+-----+-----+------------------------------------------+

    + Detail: 
        * Instance: 
        N/A

        * Loop: 
        +-------------+---------+---------+----------+-----------+-----------+------+----------+
        |             |  Latency (cycles) | Iteration|  Initiation Interval  | Trip |          |
        |  Loop Name  |   min   |   max   |  Latency |  achieved |   target  | Count| Pipelined|
        +-------------+---------+---------+----------+-----------+-----------+------+----------+
        |- ReuseLoop  |        8|        8|         2|          1|          1|     8|       yes|
        +-------------+---------+---------+----------+-----------+-----------+------+----------+



================================================================
== Utilization Estimates
================================================================
* Summary: 
+---------------------+---------+------+---------+---------+-----+
|         Name        | BRAM_18K|  DSP |    FF   |   LUT   | URAM|
+---------------------+---------+------+---------+---------+-----+
|DSP                  |        -|     -|        -|        -|    -|
|Expression           |        -|     -|        0|       95|    -|
|FIFO                 |        -|     -|        -|        -|    -|
|Instance             |        -|     3|        0|       58|    -|
|Memory               |        0|     -|       43|        6|    -|
|Multiplexer          |        -|     -|        -|      258|    -|
|Register             |        -|     -|      363|        -|    -|
+---------------------+---------+------+---------+---------+-----+
|Total                |        0|     3|      406|      417|    0|
+---------------------+---------+------+---------+---------+-----+
|Available SLR        |     1344|  3072|   864000|   432000|  320|
+---------------------+---------+------+---------+---------+-----+
|Utilization SLR (%)  |        0|    ~0|       ~0|       ~0|    0|
+---------------------+---------+------+---------+---------+-----+
|Available            |     4032|  9216|  2592000|  1296000|  960|
+---------------------+---------+------+---------+---------+-----+
|Utilization (%)      |        0|    ~0|       ~0|       ~0|    0|
+---------------------+---------+------+---------+---------+-----+

+ Detail: 
    * Instance: 
    +--------------------------+--------------------+---------+----+---+----+-----+
    |         Instance         |       Module       | BRAM_18K| DSP| FF| LUT| URAM|
    +--------------------------+--------------------+---------+----+---+----+-----+
    |mul_16s_11s_26_1_1_U5497  |mul_16s_11s_26_1_1  |        0|   1|  0|   5|    0|
    |mul_16s_16s_26_1_1_U5495  |mul_16s_16s_26_1_1  |        0|   1|  0|   5|    0|
    |mul_16s_16s_26_1_1_U5496  |mul_16s_16s_26_1_1  |        0|   1|  0|   5|    0|
    |mux_8_3_16_1_1_U5494      |mux_8_3_16_1_1      |        0|   0|  0|  43|    0|
    +--------------------------+--------------------+---------+----+---+----+-----+
    |Total                     |                    |        0|   3|  0|  58|    0|
    +--------------------------+--------------------+---------+----+---+----+-----+

    * DSP: 
    N/A

    * Memory: 
    +-------+----------------------------------------------------------------------------------+---------+----+----+-----+------+-----+------+-------------+
    | Memory|                                      Module                                      | BRAM_18K| FF | LUT| URAM| Words| Bits| Banks| W*Bits*Banks|
    +-------+----------------------------------------------------------------------------------+---------+----+----+-----+------+-----+------+-------------+
    |w18_U  |dense_wrapper_ap_fixed_16_6_5_3_0_ap_fixed_16_6_5_3_0_config18_s_w18_ROM_AUTOjAb  |        0|  43|   6|    0|     8|   43|     1|          344|
    +-------+----------------------------------------------------------------------------------+---------+----+----+-----+------+-----+------+-------------+
    |Total  |                                                                                  |        0|  43|   6|    0|     8|   43|     1|          344|
    +-------+----------------------------------------------------------------------------------+---------+----+----+-----+------+-----+------+-------------+

    * FIFO: 
    N/A

    * Expression: 
    +----------------------+----------+----+---+----+------------+------------+
    |     Variable Name    | Operation| DSP| FF| LUT| Bitwidth P0| Bitwidth P1|
    +----------------------+----------+----+---+----+------------+------------+
    |add_ln55_1_fu_529_p2  |         +|   0|  0|  23|          16|          16|
    |add_ln55_2_fu_565_p2  |         +|   0|  0|  23|          16|          16|
    |add_ln55_fu_493_p2    |         +|   0|  0|  23|          16|          16|
    |w_index_fu_431_p2     |         +|   0|  0|  10|           3|           1|
    |ap_condition_151      |       and|   0|  0|   2|           1|           1|
    |ap_condition_39       |       and|   0|  0|   2|           1|           1|
    |icmp_ln43_fu_437_p2   |      icmp|   0|  0|  10|           3|           2|
    |ap_enable_pp0         |       xor|   0|  0|   2|           1|           2|
    +----------------------+----------+----+---+----+------------+------------+
    |Total                 |          |   0|  0|  95|          57|          55|
    +----------------------+----------+----+---+----+------------+------------+

    * Multiplexer: 
    +------------------------------------------------+----+-----------+-----+-----------+
    |                      Name                      | LUT| Input Size| Bits| Total Bits|
    +------------------------------------------------+----+-----------+-----+-----------+
    |ap_NS_fsm                                       |  14|          3|    1|          3|
    |ap_enable_reg_pp0_iter1                         |   9|          2|    1|          2|
    |ap_phi_mux_data_0_val113_phi_phi_fu_334_p4      |   9|          2|   16|         32|
    |ap_phi_mux_data_1_val214_phi_phi_fu_346_p4      |   9|          2|   16|         32|
    |ap_phi_mux_data_2_val315_phi_phi_fu_358_p4      |   9|          2|   16|         32|
    |ap_phi_mux_data_3_val416_phi_phi_fu_370_p4      |   9|          2|   16|         32|
    |ap_phi_mux_data_4_val517_phi_phi_fu_382_p4      |   9|          2|   16|         32|
    |ap_phi_mux_data_5_val618_phi_phi_fu_394_p4      |   9|          2|   16|         32|
    |ap_phi_mux_data_6_val719_phi_phi_fu_406_p4      |   9|          2|   16|         32|
    |ap_phi_mux_data_7_val820_phi_phi_fu_418_p4      |   9|          2|   16|         32|
    |ap_phi_mux_do_init_phi_fu_149_p6                |  14|          3|    1|          3|
    |ap_phi_mux_w_index3_phi_fu_165_p6               |  14|          3|    3|          9|
    |ap_phi_reg_pp0_iter1_data_0_val113_phi_reg_330  |   9|          2|   16|         32|
    |ap_phi_reg_pp0_iter1_data_1_val214_phi_reg_342  |   9|          2|   16|         32|
    |ap_phi_reg_pp0_iter1_data_2_val315_phi_reg_354  |   9|          2|   16|         32|
    |ap_phi_reg_pp0_iter1_data_3_val416_phi_reg_366  |   9|          2|   16|         32|
    |ap_phi_reg_pp0_iter1_data_4_val517_phi_reg_378  |   9|          2|   16|         32|
    |ap_phi_reg_pp0_iter1_data_5_val618_phi_reg_390  |   9|          2|   16|         32|
    |ap_phi_reg_pp0_iter1_data_6_val719_phi_reg_402  |   9|          2|   16|         32|
    |ap_phi_reg_pp0_iter1_data_7_val820_phi_reg_414  |   9|          2|   16|         32|
    |ap_return_0                                     |   9|          2|   16|         32|
    |ap_return_1                                     |   9|          2|   16|         32|
    |ap_return_2                                     |   9|          2|   16|         32|
    |res_0_08_reg_288                                |   9|          2|   16|         32|
    |res_1_06_reg_302                                |   9|          2|   16|         32|
    |res_2_04_reg_316                                |   9|          2|   16|         32|
    |w_index3_reg_161                                |   9|          2|    3|          6|
    +------------------------------------------------+----+-----------+-----+-----------+
    |Total                                           | 258|         57|  361|        727|
    +------------------------------------------------+----+-----------+-----+-----------+

    * Register: 
    +------------------------------------------------+----+----+-----+-----------+
    |                      Name                      | FF | LUT| Bits| Const Bits|
    +------------------------------------------------+----+----+-----+-----------+
    |ap_CS_fsm                                       |   2|   0|    2|          0|
    |ap_enable_reg_pp0_iter1                         |   1|   0|    1|          0|
    |ap_phi_reg_pp0_iter1_data_0_val113_phi_reg_330  |  16|   0|   16|          0|
    |ap_phi_reg_pp0_iter1_data_1_val214_phi_reg_342  |  16|   0|   16|          0|
    |ap_phi_reg_pp0_iter1_data_2_val315_phi_reg_354  |  16|   0|   16|          0|
    |ap_phi_reg_pp0_iter1_data_3_val416_phi_reg_366  |  16|   0|   16|          0|
    |ap_phi_reg_pp0_iter1_data_4_val517_phi_reg_378  |  16|   0|   16|          0|
    |ap_phi_reg_pp0_iter1_data_5_val618_phi_reg_390  |  16|   0|   16|          0|
    |ap_phi_reg_pp0_iter1_data_6_val719_phi_reg_402  |  16|   0|   16|          0|
    |ap_phi_reg_pp0_iter1_data_7_val820_phi_reg_414  |  16|   0|   16|          0|
    |ap_return_0_preg                                |  16|   0|   16|          0|
    |ap_return_1_preg                                |  16|   0|   16|          0|
    |ap_return_2_preg                                |  16|   0|   16|          0|
    |data_0_val113_rewind_reg_176                    |  16|   0|   16|          0|
    |data_1_val214_rewind_reg_190                    |  16|   0|   16|          0|
    |data_2_val315_rewind_reg_204                    |  16|   0|   16|          0|
    |data_3_val416_rewind_reg_218                    |  16|   0|   16|          0|
    |data_4_val517_rewind_reg_232                    |  16|   0|   16|          0|
    |data_5_val618_rewind_reg_246                    |  16|   0|   16|          0|
    |data_6_val719_rewind_reg_260                    |  16|   0|   16|          0|
    |data_7_val820_rewind_reg_274                    |  16|   0|   16|          0|
    |do_init_reg_145                                 |   1|   0|    1|          0|
    |icmp_ln43_reg_643                               |   1|   0|    1|          0|
    |res_0_08_reg_288                                |  16|   0|   16|          0|
    |res_1_06_reg_302                                |  16|   0|   16|          0|
    |res_2_04_reg_316                                |  16|   0|   16|          0|
    |w_index3_reg_161                                |   3|   0|    3|          0|
    |w_index_reg_638                                 |   3|   0|    3|          0|
    +------------------------------------------------+----+----+-----+-----------+
    |Total                                           | 363|   0|  363|          0|
    +------------------------------------------------+----+----+-----+-----------+



================================================================
== Interface
================================================================
* Summary: 
+-------------+-----+-----+------------+-----------------------------------------------------------------------------+--------------+
|  RTL Ports  | Dir | Bits|  Protocol  |                                Source Object                                |    C Type    |
+-------------+-----+-----+------------+-----------------------------------------------------------------------------+--------------+
|ap_clk       |   in|    1|  ap_ctrl_hs|  dense_wrapper<ap_fixed<16, 6, 5, 3, 0>, ap_fixed<16, 6, 5, 3, 0>, config18>|  return value|
|ap_rst       |   in|    1|  ap_ctrl_hs|  dense_wrapper<ap_fixed<16, 6, 5, 3, 0>, ap_fixed<16, 6, 5, 3, 0>, config18>|  return value|
|ap_start     |   in|    1|  ap_ctrl_hs|  dense_wrapper<ap_fixed<16, 6, 5, 3, 0>, ap_fixed<16, 6, 5, 3, 0>, config18>|  return value|
|ap_done      |  out|    1|  ap_ctrl_hs|  dense_wrapper<ap_fixed<16, 6, 5, 3, 0>, ap_fixed<16, 6, 5, 3, 0>, config18>|  return value|
|ap_idle      |  out|    1|  ap_ctrl_hs|  dense_wrapper<ap_fixed<16, 6, 5, 3, 0>, ap_fixed<16, 6, 5, 3, 0>, config18>|  return value|
|ap_ready     |  out|    1|  ap_ctrl_hs|  dense_wrapper<ap_fixed<16, 6, 5, 3, 0>, ap_fixed<16, 6, 5, 3, 0>, config18>|  return value|
|ap_return_0  |  out|   16|  ap_ctrl_hs|  dense_wrapper<ap_fixed<16, 6, 5, 3, 0>, ap_fixed<16, 6, 5, 3, 0>, config18>|  return value|
|ap_return_1  |  out|   16|  ap_ctrl_hs|  dense_wrapper<ap_fixed<16, 6, 5, 3, 0>, ap_fixed<16, 6, 5, 3, 0>, config18>|  return value|
|ap_return_2  |  out|   16|  ap_ctrl_hs|  dense_wrapper<ap_fixed<16, 6, 5, 3, 0>, ap_fixed<16, 6, 5, 3, 0>, config18>|  return value|
|data_0_val1  |   in|   16|     ap_none|                                                                  data_0_val1|        scalar|
|data_1_val2  |   in|   16|     ap_none|                                                                  data_1_val2|        scalar|
|data_2_val3  |   in|   16|     ap_none|                                                                  data_2_val3|        scalar|
|data_3_val4  |   in|   16|     ap_none|                                                                  data_3_val4|        scalar|
|data_4_val5  |   in|   16|     ap_none|                                                                  data_4_val5|        scalar|
|data_5_val6  |   in|   16|     ap_none|                                                                  data_5_val6|        scalar|
|data_6_val7  |   in|   16|     ap_none|                                                                  data_6_val7|        scalar|
|data_7_val8  |   in|   16|     ap_none|                                                                  data_7_val8|        scalar|
+-------------+-----+-----+------------+-----------------------------------------------------------------------------+--------------+

