

================================================================
== Vitis HLS Report for 'process_data_Pipeline_VITIS_LOOP_215_6'
================================================================
* Date:           Mon Aug  7 11:52:00 2023

* Version:        2023.1 (Build 3854077 on May  4 2023)
* Project:        processapa
* Solution:       solution1 (Vitis Kernel Flow Target)
* Product family: virtexuplus
* Target device:  xcvu11p-flga2577-1-e


================================================================
== Performance Estimates
================================================================
+ Timing: 
    * Summary: 
    +--------+----------+----------+------------+
    |  Clock |  Target  | Estimated| Uncertainty|
    +--------+----------+----------+------------+
    |ap_clk  |  10.00 ns|  7.300 ns|     2.70 ns|
    +--------+----------+----------+------------+

+ Latency: 
    * Summary: 
    +---------+---------+----------+----------+-----+-----+---------+
    |  Latency (cycles) |  Latency (absolute) |  Interval | Pipeline|
    |   min   |   max   |    min   |    max   | min | max |   Type  |
    +---------+---------+----------+----------+-----+-----+---------+
    |       74|       74|  0.740 us|  0.740 us|   74|   74|       no|
    +---------+---------+----------+----------+-----+-----+---------+

    + Detail: 
        * Instance: 
        N/A

        * Loop: 
        +--------------------+---------+---------+----------+-----------+-----------+------+----------+
        |                    |  Latency (cycles) | Iteration|  Initiation Interval  | Trip |          |
        |      Loop Name     |   min   |   max   |  Latency |  achieved |   target  | Count| Pipelined|
        +--------------------+---------+---------+----------+-----------+-----------+------+----------+
        |- VITIS_LOOP_215_6  |       72|       72|        71|          1|          1|     3|       yes|
        +--------------------+---------+---------+----------+-----------+-----------+------+----------+



================================================================
== Utilization Estimates
================================================================
* Summary: 
+---------------------+---------+------+---------+---------+-----+
|         Name        | BRAM_18K|  DSP |    FF   |   LUT   | URAM|
+---------------------+---------+------+---------+---------+-----+
|DSP                  |        -|     -|        -|        -|    -|
|Expression           |        -|     -|        0|     1202|    -|
|FIFO                 |        -|     -|        -|        -|    -|
|Instance             |        -|     -|        -|        -|    -|
|Memory               |        -|     -|        -|        -|    -|
|Multiplexer          |        -|     -|        -|       63|    -|
|Register             |        -|     -|      492|        -|    -|
+---------------------+---------+------+---------+---------+-----+
|Total                |        0|     0|      492|     1265|    0|
+---------------------+---------+------+---------+---------+-----+
|Available SLR        |     1344|  3072|   864000|   432000|  320|
+---------------------+---------+------+---------+---------+-----+
|Utilization SLR (%)  |        0|     0|       ~0|       ~0|    0|
+---------------------+---------+------+---------+---------+-----+
|Available            |     4032|  9216|  2592000|  1296000|  960|
+---------------------+---------+------+---------+---------+-----+
|Utilization (%)      |        0|     0|       ~0|       ~0|    0|
+---------------------+---------+------+---------+---------+-----+

+ Detail: 
    * Instance: 
    N/A

    * DSP: 
    N/A

    * Memory: 
    N/A

    * FIFO: 
    N/A

    * Expression: 
    +---------------------------+----------+----+---+-----+------------+------------+
    |       Variable Name       | Operation| DSP| FF| LUT | Bitwidth P0| Bitwidth P1|
    +---------------------------+----------+----+---+-----+------------+------------+
    |add_ln215_fu_144_p2        |         +|   0|  0|    9|           2|           1|
    |add_ln217_1_fu_167_p2      |         +|   0|  0|   71|          64|          64|
    |add_ln217_2_fu_253_p2      |         +|   0|  0|   12|           5|           5|
    |add_ln217_fu_220_p2        |         +|   0|  0|   14|           7|           1|
    |ap_block_pp0_stage0_01001  |       and|   0|  0|    2|           1|           1|
    |icmp_ln215_fu_138_p2       |      icmp|   0|  0|    9|           2|           2|
    |icmp_ln217_fu_214_p2       |      icmp|   0|  0|   17|          10|           1|
    |ap_block_pp0_stage0_11001  |        or|   0|  0|    2|           1|           1|
    |select_ln217_1_fu_234_p3   |    select|   0|  0|    7|           1|           7|
    |select_ln217_fu_226_p3     |    select|   0|  0|    7|           1|           7|
    |shl_ln217_1_fu_280_p2      |       shl|   0|  0|  950|         256|         256|
    |shl_ln217_fu_262_p2        |       shl|   0|  0|  100|           4|          32|
    |ap_enable_pp0              |       xor|   0|  0|    2|           1|           2|
    +---------------------------+----------+----+---+-----+------------+------------+
    |Total                      |          |   0|  0| 1202|         355|         380|
    +---------------------------+----------+----+---+-----+------------+------------+

    * Multiplexer: 
    +-------------------------+----+-----------+-----+-----------+
    |           Name          | LUT| Input Size| Bits| Total Bits|
    +-------------------------+----+-----------+-----+-----------+
    |ap_done_int              |   9|          2|    1|          2|
    |ap_enable_reg_pp0_iter1  |   9|          2|    1|          2|
    |ap_sig_allocacmp_z_2     |   9|          2|    2|          4|
    |gmem_blk_n_AW            |   9|          2|    1|          2|
    |gmem_blk_n_B             |   9|          2|    1|          2|
    |gmem_blk_n_W             |   9|          2|    1|          2|
    |z_fu_86                  |   9|          2|    2|          4|
    +-------------------------+----+-----------+-----+-----------+
    |Total                    |  63|         14|    9|         18|
    +-------------------------+----+-----------+-----+-----------+

    * Register: 
    +-----------------------------------+-----+----+-----+-----------+
    |                Name               |  FF | LUT| Bits| Const Bits|
    +-----------------------------------+-----+----+-----+-----------+
    |ap_CS_fsm                          |    1|   0|    1|          0|
    |ap_done_reg                        |    1|   0|    1|          0|
    |ap_enable_reg_pp0_iter1            |    1|   0|    1|          0|
    |ap_enable_reg_pp0_iter10           |    1|   0|    1|          0|
    |ap_enable_reg_pp0_iter11           |    1|   0|    1|          0|
    |ap_enable_reg_pp0_iter12           |    1|   0|    1|          0|
    |ap_enable_reg_pp0_iter13           |    1|   0|    1|          0|
    |ap_enable_reg_pp0_iter14           |    1|   0|    1|          0|
    |ap_enable_reg_pp0_iter15           |    1|   0|    1|          0|
    |ap_enable_reg_pp0_iter16           |    1|   0|    1|          0|
    |ap_enable_reg_pp0_iter17           |    1|   0|    1|          0|
    |ap_enable_reg_pp0_iter18           |    1|   0|    1|          0|
    |ap_enable_reg_pp0_iter19           |    1|   0|    1|          0|
    |ap_enable_reg_pp0_iter2            |    1|   0|    1|          0|
    |ap_enable_reg_pp0_iter20           |    1|   0|    1|          0|
    |ap_enable_reg_pp0_iter21           |    1|   0|    1|          0|
    |ap_enable_reg_pp0_iter22           |    1|   0|    1|          0|
    |ap_enable_reg_pp0_iter23           |    1|   0|    1|          0|
    |ap_enable_reg_pp0_iter24           |    1|   0|    1|          0|
    |ap_enable_reg_pp0_iter25           |    1|   0|    1|          0|
    |ap_enable_reg_pp0_iter26           |    1|   0|    1|          0|
    |ap_enable_reg_pp0_iter27           |    1|   0|    1|          0|
    |ap_enable_reg_pp0_iter28           |    1|   0|    1|          0|
    |ap_enable_reg_pp0_iter29           |    1|   0|    1|          0|
    |ap_enable_reg_pp0_iter3            |    1|   0|    1|          0|
    |ap_enable_reg_pp0_iter30           |    1|   0|    1|          0|
    |ap_enable_reg_pp0_iter31           |    1|   0|    1|          0|
    |ap_enable_reg_pp0_iter32           |    1|   0|    1|          0|
    |ap_enable_reg_pp0_iter33           |    1|   0|    1|          0|
    |ap_enable_reg_pp0_iter34           |    1|   0|    1|          0|
    |ap_enable_reg_pp0_iter35           |    1|   0|    1|          0|
    |ap_enable_reg_pp0_iter36           |    1|   0|    1|          0|
    |ap_enable_reg_pp0_iter37           |    1|   0|    1|          0|
    |ap_enable_reg_pp0_iter38           |    1|   0|    1|          0|
    |ap_enable_reg_pp0_iter39           |    1|   0|    1|          0|
    |ap_enable_reg_pp0_iter4            |    1|   0|    1|          0|
    |ap_enable_reg_pp0_iter40           |    1|   0|    1|          0|
    |ap_enable_reg_pp0_iter41           |    1|   0|    1|          0|
    |ap_enable_reg_pp0_iter42           |    1|   0|    1|          0|
    |ap_enable_reg_pp0_iter43           |    1|   0|    1|          0|
    |ap_enable_reg_pp0_iter44           |    1|   0|    1|          0|
    |ap_enable_reg_pp0_iter45           |    1|   0|    1|          0|
    |ap_enable_reg_pp0_iter46           |    1|   0|    1|          0|
    |ap_enable_reg_pp0_iter47           |    1|   0|    1|          0|
    |ap_enable_reg_pp0_iter48           |    1|   0|    1|          0|
    |ap_enable_reg_pp0_iter49           |    1|   0|    1|          0|
    |ap_enable_reg_pp0_iter5            |    1|   0|    1|          0|
    |ap_enable_reg_pp0_iter50           |    1|   0|    1|          0|
    |ap_enable_reg_pp0_iter51           |    1|   0|    1|          0|
    |ap_enable_reg_pp0_iter52           |    1|   0|    1|          0|
    |ap_enable_reg_pp0_iter53           |    1|   0|    1|          0|
    |ap_enable_reg_pp0_iter54           |    1|   0|    1|          0|
    |ap_enable_reg_pp0_iter55           |    1|   0|    1|          0|
    |ap_enable_reg_pp0_iter56           |    1|   0|    1|          0|
    |ap_enable_reg_pp0_iter57           |    1|   0|    1|          0|
    |ap_enable_reg_pp0_iter58           |    1|   0|    1|          0|
    |ap_enable_reg_pp0_iter59           |    1|   0|    1|          0|
    |ap_enable_reg_pp0_iter6            |    1|   0|    1|          0|
    |ap_enable_reg_pp0_iter60           |    1|   0|    1|          0|
    |ap_enable_reg_pp0_iter61           |    1|   0|    1|          0|
    |ap_enable_reg_pp0_iter62           |    1|   0|    1|          0|
    |ap_enable_reg_pp0_iter63           |    1|   0|    1|          0|
    |ap_enable_reg_pp0_iter64           |    1|   0|    1|          0|
    |ap_enable_reg_pp0_iter65           |    1|   0|    1|          0|
    |ap_enable_reg_pp0_iter66           |    1|   0|    1|          0|
    |ap_enable_reg_pp0_iter67           |    1|   0|    1|          0|
    |ap_enable_reg_pp0_iter68           |    1|   0|    1|          0|
    |ap_enable_reg_pp0_iter69           |    1|   0|    1|          0|
    |ap_enable_reg_pp0_iter7            |    1|   0|    1|          0|
    |ap_enable_reg_pp0_iter70           |    1|   0|    1|          0|
    |ap_enable_reg_pp0_iter8            |    1|   0|    1|          0|
    |ap_enable_reg_pp0_iter9            |    1|   0|    1|          0|
    |ap_loop_exit_ready_pp0_iter10_reg  |    1|   0|    1|          0|
    |ap_loop_exit_ready_pp0_iter11_reg  |    1|   0|    1|          0|
    |ap_loop_exit_ready_pp0_iter12_reg  |    1|   0|    1|          0|
    |ap_loop_exit_ready_pp0_iter13_reg  |    1|   0|    1|          0|
    |ap_loop_exit_ready_pp0_iter14_reg  |    1|   0|    1|          0|
    |ap_loop_exit_ready_pp0_iter15_reg  |    1|   0|    1|          0|
    |ap_loop_exit_ready_pp0_iter16_reg  |    1|   0|    1|          0|
    |ap_loop_exit_ready_pp0_iter17_reg  |    1|   0|    1|          0|
    |ap_loop_exit_ready_pp0_iter18_reg  |    1|   0|    1|          0|
    |ap_loop_exit_ready_pp0_iter19_reg  |    1|   0|    1|          0|
    |ap_loop_exit_ready_pp0_iter1_reg   |    1|   0|    1|          0|
    |ap_loop_exit_ready_pp0_iter20_reg  |    1|   0|    1|          0|
    |ap_loop_exit_ready_pp0_iter21_reg  |    1|   0|    1|          0|
    |ap_loop_exit_ready_pp0_iter22_reg  |    1|   0|    1|          0|
    |ap_loop_exit_ready_pp0_iter23_reg  |    1|   0|    1|          0|
    |ap_loop_exit_ready_pp0_iter24_reg  |    1|   0|    1|          0|
    |ap_loop_exit_ready_pp0_iter25_reg  |    1|   0|    1|          0|
    |ap_loop_exit_ready_pp0_iter26_reg  |    1|   0|    1|          0|
    |ap_loop_exit_ready_pp0_iter27_reg  |    1|   0|    1|          0|
    |ap_loop_exit_ready_pp0_iter28_reg  |    1|   0|    1|          0|
    |ap_loop_exit_ready_pp0_iter29_reg  |    1|   0|    1|          0|
    |ap_loop_exit_ready_pp0_iter2_reg   |    1|   0|    1|          0|
    |ap_loop_exit_ready_pp0_iter30_reg  |    1|   0|    1|          0|
    |ap_loop_exit_ready_pp0_iter31_reg  |    1|   0|    1|          0|
    |ap_loop_exit_ready_pp0_iter32_reg  |    1|   0|    1|          0|
    |ap_loop_exit_ready_pp0_iter33_reg  |    1|   0|    1|          0|
    |ap_loop_exit_ready_pp0_iter34_reg  |    1|   0|    1|          0|
    |ap_loop_exit_ready_pp0_iter35_reg  |    1|   0|    1|          0|
    |ap_loop_exit_ready_pp0_iter36_reg  |    1|   0|    1|          0|
    |ap_loop_exit_ready_pp0_iter37_reg  |    1|   0|    1|          0|
    |ap_loop_exit_ready_pp0_iter38_reg  |    1|   0|    1|          0|
    |ap_loop_exit_ready_pp0_iter39_reg  |    1|   0|    1|          0|
    |ap_loop_exit_ready_pp0_iter3_reg   |    1|   0|    1|          0|
    |ap_loop_exit_ready_pp0_iter40_reg  |    1|   0|    1|          0|
    |ap_loop_exit_ready_pp0_iter41_reg  |    1|   0|    1|          0|
    |ap_loop_exit_ready_pp0_iter42_reg  |    1|   0|    1|          0|
    |ap_loop_exit_ready_pp0_iter43_reg  |    1|   0|    1|          0|
    |ap_loop_exit_ready_pp0_iter44_reg  |    1|   0|    1|          0|
    |ap_loop_exit_ready_pp0_iter45_reg  |    1|   0|    1|          0|
    |ap_loop_exit_ready_pp0_iter46_reg  |    1|   0|    1|          0|
    |ap_loop_exit_ready_pp0_iter47_reg  |    1|   0|    1|          0|
    |ap_loop_exit_ready_pp0_iter48_reg  |    1|   0|    1|          0|
    |ap_loop_exit_ready_pp0_iter49_reg  |    1|   0|    1|          0|
    |ap_loop_exit_ready_pp0_iter4_reg   |    1|   0|    1|          0|
    |ap_loop_exit_ready_pp0_iter50_reg  |    1|   0|    1|          0|
    |ap_loop_exit_ready_pp0_iter51_reg  |    1|   0|    1|          0|
    |ap_loop_exit_ready_pp0_iter52_reg  |    1|   0|    1|          0|
    |ap_loop_exit_ready_pp0_iter53_reg  |    1|   0|    1|          0|
    |ap_loop_exit_ready_pp0_iter54_reg  |    1|   0|    1|          0|
    |ap_loop_exit_ready_pp0_iter55_reg  |    1|   0|    1|          0|
    |ap_loop_exit_ready_pp0_iter56_reg  |    1|   0|    1|          0|
    |ap_loop_exit_ready_pp0_iter57_reg  |    1|   0|    1|          0|
    |ap_loop_exit_ready_pp0_iter58_reg  |    1|   0|    1|          0|
    |ap_loop_exit_ready_pp0_iter59_reg  |    1|   0|    1|          0|
    |ap_loop_exit_ready_pp0_iter5_reg   |    1|   0|    1|          0|
    |ap_loop_exit_ready_pp0_iter60_reg  |    1|   0|    1|          0|
    |ap_loop_exit_ready_pp0_iter61_reg  |    1|   0|    1|          0|
    |ap_loop_exit_ready_pp0_iter62_reg  |    1|   0|    1|          0|
    |ap_loop_exit_ready_pp0_iter63_reg  |    1|   0|    1|          0|
    |ap_loop_exit_ready_pp0_iter64_reg  |    1|   0|    1|          0|
    |ap_loop_exit_ready_pp0_iter65_reg  |    1|   0|    1|          0|
    |ap_loop_exit_ready_pp0_iter66_reg  |    1|   0|    1|          0|
    |ap_loop_exit_ready_pp0_iter67_reg  |    1|   0|    1|          0|
    |ap_loop_exit_ready_pp0_iter68_reg  |    1|   0|    1|          0|
    |ap_loop_exit_ready_pp0_iter69_reg  |    1|   0|    1|          0|
    |ap_loop_exit_ready_pp0_iter6_reg   |    1|   0|    1|          0|
    |ap_loop_exit_ready_pp0_iter7_reg   |    1|   0|    1|          0|
    |ap_loop_exit_ready_pp0_iter8_reg   |    1|   0|    1|          0|
    |ap_loop_exit_ready_pp0_iter9_reg   |    1|   0|    1|          0|
    |shl_ln217_1_reg_332                |  256|   0|  256|          0|
    |shl_ln217_reg_327                  |   32|   0|   32|          0|
    |shl_ln_reg_317                     |    2|   0|    4|          2|
    |trunc_ln8_reg_322                  |   59|   0|   59|          0|
    |z_fu_86                            |    2|   0|    2|          0|
    +-----------------------------------+-----+----+-----+-----------+
    |Total                              |  492|   0|  494|          2|
    +-----------------------------------+-----+----+-----+-----------+



================================================================
== Interface
================================================================
* Summary: 
+---------------------+-----+-----+------------+----------------------------------------+--------------+
|      RTL Ports      | Dir | Bits|  Protocol  |              Source Object             |    C Type    |
+---------------------+-----+-----+------------+----------------------------------------+--------------+
|ap_clk               |   in|    1|  ap_ctrl_hs|  process_data_Pipeline_VITIS_LOOP_215_6|  return value|
|ap_rst               |   in|    1|  ap_ctrl_hs|  process_data_Pipeline_VITIS_LOOP_215_6|  return value|
|ap_start             |   in|    1|  ap_ctrl_hs|  process_data_Pipeline_VITIS_LOOP_215_6|  return value|
|ap_done              |  out|    1|  ap_ctrl_hs|  process_data_Pipeline_VITIS_LOOP_215_6|  return value|
|ap_idle              |  out|    1|  ap_ctrl_hs|  process_data_Pipeline_VITIS_LOOP_215_6|  return value|
|ap_ready             |  out|    1|  ap_ctrl_hs|  process_data_Pipeline_VITIS_LOOP_215_6|  return value|
|m_axi_gmem_AWVALID   |  out|    1|       m_axi|                                    gmem|       pointer|
|m_axi_gmem_AWREADY   |   in|    1|       m_axi|                                    gmem|       pointer|
|m_axi_gmem_AWADDR    |  out|   64|       m_axi|                                    gmem|       pointer|
|m_axi_gmem_AWID      |  out|    1|       m_axi|                                    gmem|       pointer|
|m_axi_gmem_AWLEN     |  out|   32|       m_axi|                                    gmem|       pointer|
|m_axi_gmem_AWSIZE    |  out|    3|       m_axi|                                    gmem|       pointer|
|m_axi_gmem_AWBURST   |  out|    2|       m_axi|                                    gmem|       pointer|
|m_axi_gmem_AWLOCK    |  out|    2|       m_axi|                                    gmem|       pointer|
|m_axi_gmem_AWCACHE   |  out|    4|       m_axi|                                    gmem|       pointer|
|m_axi_gmem_AWPROT    |  out|    3|       m_axi|                                    gmem|       pointer|
|m_axi_gmem_AWQOS     |  out|    4|       m_axi|                                    gmem|       pointer|
|m_axi_gmem_AWREGION  |  out|    4|       m_axi|                                    gmem|       pointer|
|m_axi_gmem_AWUSER    |  out|    1|       m_axi|                                    gmem|       pointer|
|m_axi_gmem_WVALID    |  out|    1|       m_axi|                                    gmem|       pointer|
|m_axi_gmem_WREADY    |   in|    1|       m_axi|                                    gmem|       pointer|
|m_axi_gmem_WDATA     |  out|  256|       m_axi|                                    gmem|       pointer|
|m_axi_gmem_WSTRB     |  out|   32|       m_axi|                                    gmem|       pointer|
|m_axi_gmem_WLAST     |  out|    1|       m_axi|                                    gmem|       pointer|
|m_axi_gmem_WID       |  out|    1|       m_axi|                                    gmem|       pointer|
|m_axi_gmem_WUSER     |  out|    1|       m_axi|                                    gmem|       pointer|
|m_axi_gmem_ARVALID   |  out|    1|       m_axi|                                    gmem|       pointer|
|m_axi_gmem_ARREADY   |   in|    1|       m_axi|                                    gmem|       pointer|
|m_axi_gmem_ARADDR    |  out|   64|       m_axi|                                    gmem|       pointer|
|m_axi_gmem_ARID      |  out|    1|       m_axi|                                    gmem|       pointer|
|m_axi_gmem_ARLEN     |  out|   32|       m_axi|                                    gmem|       pointer|
|m_axi_gmem_ARSIZE    |  out|    3|       m_axi|                                    gmem|       pointer|
|m_axi_gmem_ARBURST   |  out|    2|       m_axi|                                    gmem|       pointer|
|m_axi_gmem_ARLOCK    |  out|    2|       m_axi|                                    gmem|       pointer|
|m_axi_gmem_ARCACHE   |  out|    4|       m_axi|                                    gmem|       pointer|
|m_axi_gmem_ARPROT    |  out|    3|       m_axi|                                    gmem|       pointer|
|m_axi_gmem_ARQOS     |  out|    4|       m_axi|                                    gmem|       pointer|
|m_axi_gmem_ARREGION  |  out|    4|       m_axi|                                    gmem|       pointer|
|m_axi_gmem_ARUSER    |  out|    1|       m_axi|                                    gmem|       pointer|
|m_axi_gmem_RVALID    |   in|    1|       m_axi|                                    gmem|       pointer|
|m_axi_gmem_RREADY    |  out|    1|       m_axi|                                    gmem|       pointer|
|m_axi_gmem_RDATA     |   in|  256|       m_axi|                                    gmem|       pointer|
|m_axi_gmem_RLAST     |   in|    1|       m_axi|                                    gmem|       pointer|
|m_axi_gmem_RID       |   in|    1|       m_axi|                                    gmem|       pointer|
|m_axi_gmem_RFIFONUM  |   in|    9|       m_axi|                                    gmem|       pointer|
|m_axi_gmem_RUSER     |   in|    1|       m_axi|                                    gmem|       pointer|
|m_axi_gmem_RRESP     |   in|    2|       m_axi|                                    gmem|       pointer|
|m_axi_gmem_BVALID    |   in|    1|       m_axi|                                    gmem|       pointer|
|m_axi_gmem_BREADY    |  out|    1|       m_axi|                                    gmem|       pointer|
|m_axi_gmem_BRESP     |   in|    2|       m_axi|                                    gmem|       pointer|
|m_axi_gmem_BID       |   in|    1|       m_axi|                                    gmem|       pointer|
|m_axi_gmem_BUSER     |   in|    1|       m_axi|                                    gmem|       pointer|
|cc_prob_address0     |  out|    2|   ap_memory|                                 cc_prob|         array|
|cc_prob_ce0          |  out|    1|   ap_memory|                                 cc_prob|         array|
|cc_prob_q0           |   in|   16|   ap_memory|                                 cc_prob|         array|
|outdata              |   in|   64|     ap_none|                                 outdata|        scalar|
|trunc_ln217_1        |   in|    5|     ap_none|                           trunc_ln217_1|        scalar|
+---------------------+-----+-----+------------+----------------------------------------+--------------+

