

================================================================
== Vitis HLS Report for 'process_data_Pipeline_4'
================================================================
* Date:           Tue Aug  8 12:27:00 2023

* Version:        2023.1 (Build 3854077 on May  4 2023)
* Project:        processapa
* Solution:       solution1 (Vitis Kernel Flow Target)
* Product family: virtexuplus
* Target device:  xcvu11p-flga2577-1-e


================================================================
== Performance Estimates
================================================================
+ Timing: 
    * Summary: 
    +--------+----------+----------+------------+
    |  Clock |  Target  | Estimated| Uncertainty|
    +--------+----------+----------+------------+
    |ap_clk  |  10.00 ns|  7.300 ns|     2.70 ns|
    +--------+----------+----------+------------+

+ Latency: 
    * Summary: 
    +---------+---------+----------+----------+-----+-----+---------+
    |  Latency (cycles) |  Latency (absolute) |  Interval | Pipeline|
    |   min   |   max   |    min   |    max   | min | max |   Type  |
    +---------+---------+----------+----------+-----+-----+---------+
    |        ?|        ?|         ?|         ?|    ?|    ?|       no|
    +---------+---------+----------+----------+-----+-----+---------+

    + Detail: 
        * Instance: 
        N/A

        * Loop: 
        +----------+---------+---------+----------+-----------+-----------+------+----------+
        |          |  Latency (cycles) | Iteration|  Initiation Interval  | Trip |          |
        | Loop Name|   min   |   max   |  Latency |  achieved |   target  | Count| Pipelined|
        +----------+---------+---------+----------+-----------+-----------+------+----------+
        |- Loop 1  |        ?|        ?|       221|        221|          1|     ?|       yes|
        +----------+---------+---------+----------+-----------+-----------+------+----------+



================================================================
== Utilization Estimates
================================================================
* Summary: 
+---------------------+---------+------+---------+---------+-----+
|         Name        | BRAM_18K|  DSP |    FF   |   LUT   | URAM|
+---------------------+---------+------+---------+---------+-----+
|DSP                  |        -|     -|        -|        -|    -|
|Expression           |        -|     -|        0|     9314|    -|
|FIFO                 |        -|     -|        -|        -|    -|
|Instance             |        -|     -|        -|        -|    -|
|Memory               |        -|     -|        -|        -|    -|
|Multiplexer          |        -|     -|        -|     1249|    -|
|Register             |        -|     -|     2721|        -|    -|
+---------------------+---------+------+---------+---------+-----+
|Total                |        0|     0|     2721|    10563|    0|
+---------------------+---------+------+---------+---------+-----+
|Available SLR        |     1344|  3072|   864000|   432000|  320|
+---------------------+---------+------+---------+---------+-----+
|Utilization SLR (%)  |        0|     0|       ~0|        2|    0|
+---------------------+---------+------+---------+---------+-----+
|Available            |     4032|  9216|  2592000|  1296000|  960|
+---------------------+---------+------+---------+---------+-----+
|Utilization (%)      |        0|     0|       ~0|       ~0|    0|
+---------------------+---------+------+---------+---------+-----+

+ Detail: 
    * Instance: 
    N/A

    * DSP: 
    N/A

    * Memory: 
    N/A

    * FIFO: 
    N/A

    * Expression: 
    +--------------------------------------+----------+----+---+------+------------+------------+
    |             Variable Name            | Operation| DSP| FF|  LUT | Bitwidth P0| Bitwidth P1|
    +--------------------------------------+----------+----+---+------+------------+------------+
    |add_ln201_fu_311_p2                   |         +|   0|  0|    71|          64|           1|
    |add_ln202_1_fu_254_p2                 |         +|   0|  0|    71|          64|           4|
    |add_ln202_2_fu_236_p2                 |         +|   0|  0|    64|          64|          64|
    |add_ln202_3_fu_248_p2                 |         +|   0|  0|    13|           6|           6|
    |add_ln202_4_fu_280_p2                 |         +|   0|  0|    13|           6|           4|
    |add_ln202_fu_242_p2                   |         +|   0|  0|    64|          64|          64|
    |add_ln203_1_fu_417_p2                 |         +|   0|  0|    71|          64|           3|
    |add_ln203_2_fu_386_p2                 |         +|   0|  0|    13|           6|           4|
    |add_ln203_3_fu_442_p2                 |         +|   0|  0|    13|           6|           3|
    |add_ln203_fu_336_p2                   |         +|   0|  0|    71|          64|           4|
    |ap_block_state146_pp0_stage145_iter0  |       and|   0|  0|     2|           1|           1|
    |ap_block_state149_io                  |       and|   0|  0|     2|           1|           1|
    |ap_block_state220_pp0_stage219_iter0  |       and|   0|  0|     2|           1|           1|
    |ap_block_state75_io                   |       and|   0|  0|     2|           1|           1|
    |ap_predicate_op498_readreq_state149   |       and|   0|  0|     2|           1|           1|
    |icmp_ln202_1_fu_381_p2                |      icmp|   0|  0|    39|          32|          32|
    |icmp_ln202_fu_306_p2                  |      icmp|   0|  0|    39|          32|          32|
    |icmp_ln203_1_fu_468_p2                |      icmp|   0|  0|    39|          32|          32|
    |icmp_ln203_fu_412_p2                  |      icmp|   0|  0|    39|          32|          32|
    |lshr_ln202_1_fu_372_p2                |      lshr|   0|  0|  2171|         512|         512|
    |lshr_ln202_fu_297_p2                  |      lshr|   0|  0|  2171|         512|         512|
    |lshr_ln203_1_fu_459_p2                |      lshr|   0|  0|  2171|         512|         512|
    |lshr_ln203_fu_403_p2                  |      lshr|   0|  0|  2171|         512|         512|
    +--------------------------------------+----------+----+---+------+------------+------------+
    |Total                                 |          |   0|  0|  9314|        2589|        2338|
    +--------------------------------------+----------+----+---+------+------------+------------+

    * Multiplexer: 
    +----------------------+------+-----------+-----+-----------+
    |         Name         |  LUT | Input Size| Bits| Total Bits|
    +----------------------+------+-----------+-----+-----------+
    |ap_NS_fsm             |  1178|        222|    1|        222|
    |ap_done_int           |     9|          2|    1|          2|
    |ap_sig_allocacmp_i_3  |     9|          2|   64|        128|
    |gmem4_blk_n_AR        |     9|          2|    1|          2|
    |gmem4_blk_n_R         |     9|          2|    1|          2|
    |i_fu_94               |     9|          2|   64|        128|
    |m_axi_gmem4_ARADDR    |    26|          5|   64|        320|
    +----------------------+------+-----------+-----+-----------+
    |Total                 |  1249|        237|  196|        804|
    +----------------------+------+-----------+-----+-----------+

    * Register: 
    +---------------------------+-----+----+-----+-----------+
    |            Name           |  FF | LUT| Bits| Const Bits|
    +---------------------------+-----+----+-----+-----------+
    |add_ln201_reg_546          |   64|   0|   64|          0|
    |add_ln202_3_reg_517        |    6|   0|    6|          0|
    |add_ln202_reg_509          |   64|   0|   64|          0|
    |ap_CS_fsm                  |  221|   0|  221|          0|
    |ap_done_reg                |    1|   0|    1|          0|
    |gmem4_addr_1_read_reg_568  |  512|   0|  512|          0|
    |gmem4_addr_2_read_reg_577  |  512|   0|  512|          0|
    |gmem4_addr_3_read_reg_597  |  512|   0|  512|          0|
    |gmem4_addr_read_reg_537    |  512|   0|  512|          0|
    |i_3_reg_504                |   64|   0|   64|          0|
    |i_fu_94                    |   64|   0|   64|          0|
    |icmp_ln202_1_reg_573       |    1|   0|    1|          0|
    |icmp_ln202_reg_542         |    1|   0|    1|          0|
    |icmp_ln203_reg_582         |    1|   0|    1|          0|
    |trunc_ln1_reg_586          |   58|   0|   58|          0|
    |trunc_ln202_5_reg_526      |   58|   0|   58|          0|
    |trunc_ln203_2_reg_557      |   58|   0|   58|          0|
    |zext_ln386_cast_reg_494    |    4|   0|   32|         28|
    |zext_ln393_cast_reg_499    |    8|   0|   32|         24|
    +---------------------------+-----+----+-----+-----------+
    |Total                      | 2721|   0| 2773|         52|
    +---------------------------+-----+----+-----+-----------+



================================================================
== Interface
================================================================
* Summary: 
+------------------------+-----+-----+------------+-------------------------+--------------+
|        RTL Ports       | Dir | Bits|  Protocol  |      Source Object      |    C Type    |
+------------------------+-----+-----+------------+-------------------------+--------------+
|ap_clk                  |   in|    1|  ap_ctrl_hs|  process_data_Pipeline_4|  return value|
|ap_rst                  |   in|    1|  ap_ctrl_hs|  process_data_Pipeline_4|  return value|
|ap_start                |   in|    1|  ap_ctrl_hs|  process_data_Pipeline_4|  return value|
|ap_done                 |  out|    1|  ap_ctrl_hs|  process_data_Pipeline_4|  return value|
|ap_idle                 |  out|    1|  ap_ctrl_hs|  process_data_Pipeline_4|  return value|
|ap_ready                |  out|    1|  ap_ctrl_hs|  process_data_Pipeline_4|  return value|
|m_axi_gmem4_AWVALID     |  out|    1|       m_axi|                    gmem4|       pointer|
|m_axi_gmem4_AWREADY     |   in|    1|       m_axi|                    gmem4|       pointer|
|m_axi_gmem4_AWADDR      |  out|   64|       m_axi|                    gmem4|       pointer|
|m_axi_gmem4_AWID        |  out|    1|       m_axi|                    gmem4|       pointer|
|m_axi_gmem4_AWLEN       |  out|   32|       m_axi|                    gmem4|       pointer|
|m_axi_gmem4_AWSIZE      |  out|    3|       m_axi|                    gmem4|       pointer|
|m_axi_gmem4_AWBURST     |  out|    2|       m_axi|                    gmem4|       pointer|
|m_axi_gmem4_AWLOCK      |  out|    2|       m_axi|                    gmem4|       pointer|
|m_axi_gmem4_AWCACHE     |  out|    4|       m_axi|                    gmem4|       pointer|
|m_axi_gmem4_AWPROT      |  out|    3|       m_axi|                    gmem4|       pointer|
|m_axi_gmem4_AWQOS       |  out|    4|       m_axi|                    gmem4|       pointer|
|m_axi_gmem4_AWREGION    |  out|    4|       m_axi|                    gmem4|       pointer|
|m_axi_gmem4_AWUSER      |  out|    1|       m_axi|                    gmem4|       pointer|
|m_axi_gmem4_WVALID      |  out|    1|       m_axi|                    gmem4|       pointer|
|m_axi_gmem4_WREADY      |   in|    1|       m_axi|                    gmem4|       pointer|
|m_axi_gmem4_WDATA       |  out|  512|       m_axi|                    gmem4|       pointer|
|m_axi_gmem4_WSTRB       |  out|   64|       m_axi|                    gmem4|       pointer|
|m_axi_gmem4_WLAST       |  out|    1|       m_axi|                    gmem4|       pointer|
|m_axi_gmem4_WID         |  out|    1|       m_axi|                    gmem4|       pointer|
|m_axi_gmem4_WUSER       |  out|    1|       m_axi|                    gmem4|       pointer|
|m_axi_gmem4_ARVALID     |  out|    1|       m_axi|                    gmem4|       pointer|
|m_axi_gmem4_ARREADY     |   in|    1|       m_axi|                    gmem4|       pointer|
|m_axi_gmem4_ARADDR      |  out|   64|       m_axi|                    gmem4|       pointer|
|m_axi_gmem4_ARID        |  out|    1|       m_axi|                    gmem4|       pointer|
|m_axi_gmem4_ARLEN       |  out|   32|       m_axi|                    gmem4|       pointer|
|m_axi_gmem4_ARSIZE      |  out|    3|       m_axi|                    gmem4|       pointer|
|m_axi_gmem4_ARBURST     |  out|    2|       m_axi|                    gmem4|       pointer|
|m_axi_gmem4_ARLOCK      |  out|    2|       m_axi|                    gmem4|       pointer|
|m_axi_gmem4_ARCACHE     |  out|    4|       m_axi|                    gmem4|       pointer|
|m_axi_gmem4_ARPROT      |  out|    3|       m_axi|                    gmem4|       pointer|
|m_axi_gmem4_ARQOS       |  out|    4|       m_axi|                    gmem4|       pointer|
|m_axi_gmem4_ARREGION    |  out|    4|       m_axi|                    gmem4|       pointer|
|m_axi_gmem4_ARUSER      |  out|    1|       m_axi|                    gmem4|       pointer|
|m_axi_gmem4_RVALID      |   in|    1|       m_axi|                    gmem4|       pointer|
|m_axi_gmem4_RREADY      |  out|    1|       m_axi|                    gmem4|       pointer|
|m_axi_gmem4_RDATA       |   in|  512|       m_axi|                    gmem4|       pointer|
|m_axi_gmem4_RLAST       |   in|    1|       m_axi|                    gmem4|       pointer|
|m_axi_gmem4_RID         |   in|    1|       m_axi|                    gmem4|       pointer|
|m_axi_gmem4_RFIFONUM    |   in|    9|       m_axi|                    gmem4|       pointer|
|m_axi_gmem4_RUSER       |   in|    1|       m_axi|                    gmem4|       pointer|
|m_axi_gmem4_RRESP       |   in|    2|       m_axi|                    gmem4|       pointer|
|m_axi_gmem4_BVALID      |   in|    1|       m_axi|                    gmem4|       pointer|
|m_axi_gmem4_BREADY      |  out|    1|       m_axi|                    gmem4|       pointer|
|m_axi_gmem4_BRESP       |   in|    2|       m_axi|                    gmem4|       pointer|
|m_axi_gmem4_BID         |   in|    1|       m_axi|                    gmem4|       pointer|
|m_axi_gmem4_BUSER       |   in|    1|       m_axi|                    gmem4|       pointer|
|chanmap_DetToChanInfo   |   in|   64|     ap_none|    chanmap_DetToChanInfo|        scalar|
|trunc_ln202_4           |   in|    6|     ap_none|            trunc_ln202_4|        scalar|
|zext_ln393              |   in|    8|     ap_none|               zext_ln393|        scalar|
|upri_reload             |   in|   32|     ap_none|              upri_reload|        scalar|
|link_from_frameheader   |   in|   32|     ap_none|    link_from_frameheader|        scalar|
|zext_ln386              |   in|    4|     ap_none|               zext_ln386|        scalar|
|add_ln202_out           |  out|   64|      ap_vld|            add_ln202_out|       pointer|
|add_ln202_out_ap_vld    |  out|    1|      ap_vld|            add_ln202_out|       pointer|
|add_ln202_3_out         |  out|    6|      ap_vld|          add_ln202_3_out|       pointer|
|add_ln202_3_out_ap_vld  |  out|    1|      ap_vld|          add_ln202_3_out|       pointer|
+------------------------+-----+-----+------------+-------------------------+--------------+

