

================================================================
== Vitis HLS Report for 'shift_line_buffer_array_ap_fixed_16_6_5_3_0_1u_config3_s'
================================================================
* Date:           Mon Jul 31 18:01:23 2023

* Version:        2023.1 (Build 3854077 on May  4 2023)
* Project:        processapa
* Solution:       solution1 (Vitis Kernel Flow Target)
* Product family: virtexuplus
* Target device:  xcvu11p-flga2577-1-e


================================================================
== Performance Estimates
================================================================
+ Timing: 
    * Summary: 
    +--------+----------+----------+------------+
    |  Clock |  Target  | Estimated| Uncertainty|
    +--------+----------+----------+------------+
    |ap_clk  |  10.00 ns|  1.506 ns|     2.70 ns|
    +--------+----------+----------+------------+

+ Latency: 
    * Summary: 
    +---------+---------+----------+----------+-----+-----+---------+
    |  Latency (cycles) |  Latency (absolute) |  Interval | Pipeline|
    |   min   |   max   |    min   |    max   | min | max |   Type  |
    +---------+---------+----------+----------+-----+-----+---------+
    |        0|        0|      0 ns|      0 ns|    1|    1|      yes|
    +---------+---------+----------+----------+-----+-----+---------+

    + Detail: 
        * Instance: 
        N/A

        * Loop: 
        N/A



================================================================
== Utilization Estimates
================================================================
* Summary: 
+---------------------+---------+------+---------+---------+-----+
|         Name        | BRAM_18K|  DSP |    FF   |   LUT   | URAM|
+---------------------+---------+------+---------+---------+-----+
|DSP                  |        -|     -|        -|        -|    -|
|Expression           |        -|     -|        -|        -|    -|
|FIFO                 |        -|     -|        -|        -|    -|
|Instance             |        -|     -|        -|        -|    -|
|Memory               |        -|     -|      128|       64|    -|
|Multiplexer          |        -|     -|        -|       54|    -|
|Register             |        -|     -|        1|        -|    -|
+---------------------+---------+------+---------+---------+-----+
|Total                |        0|     0|      129|      118|    0|
+---------------------+---------+------+---------+---------+-----+
|Available SLR        |     1344|  3072|   864000|   432000|  320|
+---------------------+---------+------+---------+---------+-----+
|Utilization SLR (%)  |        0|     0|       ~0|       ~0|    0|
+---------------------+---------+------+---------+---------+-----+
|Available            |     4032|  9216|  2592000|  1296000|  960|
+---------------------+---------+------+---------+---------+-----+
|Utilization (%)      |        0|     0|       ~0|       ~0|    0|
+---------------------+---------+------+---------+---------+-----+

+ Detail: 
    * Instance: 
    N/A

    * DSP: 
    N/A

    * Memory: 
    +----------------------------------------------------------------------+----------------------------------------------------------------------------------+---------+----+----+-----+------+-----+------+-------------+
    |                                Memory                                |                                      Module                                      | BRAM_18K| FF | LUT| URAM| Words| Bits| Banks| W*Bits*Banks|
    +----------------------------------------------------------------------+----------------------------------------------------------------------------------+---------+----+----+-----+------+-----+------+-------------+
    |void_conv_2d_buffer_cl_stream_stream_weight_t_bias_t_line_buffer_1_U  |shift_line_buffer_array_ap_fixed_16_6_5_3_0_1u_config3_s_void_conv_2d_buffer_bkb  |        0|  64|  32|    0|   128|   16|     1|         2048|
    |void_conv_2d_buffer_cl_stream_stream_weight_t_bias_t_line_buffer_U    |shift_line_buffer_array_ap_fixed_16_6_5_3_0_1u_config3_s_void_conv_2d_buffer_bkb  |        0|  64|  32|    0|   128|   16|     1|         2048|
    +----------------------------------------------------------------------+----------------------------------------------------------------------------------+---------+----+----+-----+------+-----+------+-------------+
    |Total                                                                 |                                                                                  |        0| 128|  64|    0|   256|   32|     2|         4096|
    +----------------------------------------------------------------------+----------------------------------------------------------------------------------+---------+----+----+-----+------+-----+------+-------------+

    * FIFO: 
    N/A

    * Expression: 
    N/A

    * Multiplexer: 
    +--------------------------------------------------------------------------------+----+-----------+-----+-----------+
    |                                      Name                                      | LUT| Input Size| Bits| Total Bits|
    +--------------------------------------------------------------------------------+----+-----------+-----+-----------+
    |void_compute_output_buffer_2d_array_const_ap_shift_reg_n_chan_stream_weig_30_o  |   9|          2|   16|         32|
    |void_compute_output_buffer_2d_array_const_ap_shift_reg_n_chan_stream_weig_32_o  |   9|          2|   16|         32|
    |void_compute_output_buffer_2d_array_const_ap_shift_reg_n_chan_stream_weig_33_o  |   9|          2|   16|         32|
    |void_compute_output_buffer_2d_array_const_ap_shift_reg_n_chan_stream_weig_35_o  |   9|          2|   16|         32|
    |void_compute_output_buffer_2d_array_const_ap_shift_reg_n_chan_stream_weig_36_o  |   9|          2|   16|         32|
    |void_compute_output_buffer_2d_array_const_ap_shift_reg_n_chan_stream_weig_38_o  |   9|          2|   16|         32|
    +--------------------------------------------------------------------------------+----+-----------+-----+-----------+
    |Total                                                                           |  54|         12|   96|        192|
    +--------------------------------------------------------------------------------+----+-----------+-----+-----------+

    * Register: 
    +-----------+---+----+-----+-----------+
    |    Name   | FF| LUT| Bits| Const Bits|
    +-----------+---+----+-----+-----------+
    |ap_CS_fsm  |  1|   0|    1|          0|
    +-----------+---+----+-----+-----------+
    |Total      |  1|   0|    1|          0|
    +-----------+---+----+-----+-----------+



================================================================
== Interface
================================================================
* Summary: 
+---------------------------------------------------------------------------------------+-----+-----+------------+------------------------------------------------------------------------------+--------------+
|                                       RTL Ports                                       | Dir | Bits|  Protocol  |                                 Source Object                                |    C Type    |
+---------------------------------------------------------------------------------------+-----+-----+------------+------------------------------------------------------------------------------+--------------+
|ap_clk                                                                                 |   in|    1|  ap_ctrl_hs|               shift_line_buffer<array<ap_fixed<16, 6, 5, 3, 0>, 1u>, config3>|  return value|
|ap_rst                                                                                 |   in|    1|  ap_ctrl_hs|               shift_line_buffer<array<ap_fixed<16, 6, 5, 3, 0>, 1u>, config3>|  return value|
|ap_start                                                                               |   in|    1|  ap_ctrl_hs|               shift_line_buffer<array<ap_fixed<16, 6, 5, 3, 0>, 1u>, config3>|  return value|
|ap_done                                                                                |  out|    1|  ap_ctrl_hs|               shift_line_buffer<array<ap_fixed<16, 6, 5, 3, 0>, 1u>, config3>|  return value|
|ap_idle                                                                                |  out|    1|  ap_ctrl_hs|               shift_line_buffer<array<ap_fixed<16, 6, 5, 3, 0>, 1u>, config3>|  return value|
|ap_ready                                                                               |  out|    1|  ap_ctrl_hs|               shift_line_buffer<array<ap_fixed<16, 6, 5, 3, 0>, 1u>, config3>|  return value|
|in_elem_0_0_0_0_0_val                                                                  |   in|   16|     ap_none|                                                         in_elem_0_0_0_0_0_val|        scalar|
|void_compute_output_buffer_2d_array_const_ap_shift_reg_n_chan_stream_weig_36_i         |   in|   16|     ap_ovld|  void_compute_output_buffer_2d_array_const_ap_shift_reg_n_chan_stream_weig_36|       pointer|
|void_compute_output_buffer_2d_array_const_ap_shift_reg_n_chan_stream_weig_36_o         |  out|   16|     ap_ovld|  void_compute_output_buffer_2d_array_const_ap_shift_reg_n_chan_stream_weig_36|       pointer|
|void_compute_output_buffer_2d_array_const_ap_shift_reg_n_chan_stream_weig_36_o_ap_vld  |  out|    1|     ap_ovld|  void_compute_output_buffer_2d_array_const_ap_shift_reg_n_chan_stream_weig_36|       pointer|
|void_compute_output_buffer_2d_array_const_ap_shift_reg_n_chan_stream_weig_33_i         |   in|   16|     ap_ovld|  void_compute_output_buffer_2d_array_const_ap_shift_reg_n_chan_stream_weig_33|       pointer|
|void_compute_output_buffer_2d_array_const_ap_shift_reg_n_chan_stream_weig_33_o         |  out|   16|     ap_ovld|  void_compute_output_buffer_2d_array_const_ap_shift_reg_n_chan_stream_weig_33|       pointer|
|void_compute_output_buffer_2d_array_const_ap_shift_reg_n_chan_stream_weig_33_o_ap_vld  |  out|    1|     ap_ovld|  void_compute_output_buffer_2d_array_const_ap_shift_reg_n_chan_stream_weig_33|       pointer|
|void_compute_output_buffer_2d_array_const_ap_shift_reg_n_chan_stream_weig_30_i         |   in|   16|     ap_ovld|  void_compute_output_buffer_2d_array_const_ap_shift_reg_n_chan_stream_weig_30|       pointer|
|void_compute_output_buffer_2d_array_const_ap_shift_reg_n_chan_stream_weig_30_o         |  out|   16|     ap_ovld|  void_compute_output_buffer_2d_array_const_ap_shift_reg_n_chan_stream_weig_30|       pointer|
|void_compute_output_buffer_2d_array_const_ap_shift_reg_n_chan_stream_weig_30_o_ap_vld  |  out|    1|     ap_ovld|  void_compute_output_buffer_2d_array_const_ap_shift_reg_n_chan_stream_weig_30|       pointer|
|void_compute_output_buffer_2d_array_const_ap_shift_reg_n_chan_stream_weig_35_i         |   in|   16|     ap_ovld|  void_compute_output_buffer_2d_array_const_ap_shift_reg_n_chan_stream_weig_35|       pointer|
|void_compute_output_buffer_2d_array_const_ap_shift_reg_n_chan_stream_weig_35_o         |  out|   16|     ap_ovld|  void_compute_output_buffer_2d_array_const_ap_shift_reg_n_chan_stream_weig_35|       pointer|
|void_compute_output_buffer_2d_array_const_ap_shift_reg_n_chan_stream_weig_35_o_ap_vld  |  out|    1|     ap_ovld|  void_compute_output_buffer_2d_array_const_ap_shift_reg_n_chan_stream_weig_35|       pointer|
|void_compute_output_buffer_2d_array_const_ap_shift_reg_n_chan_stream_weig_32_i         |   in|   16|     ap_ovld|  void_compute_output_buffer_2d_array_const_ap_shift_reg_n_chan_stream_weig_32|       pointer|
|void_compute_output_buffer_2d_array_const_ap_shift_reg_n_chan_stream_weig_32_o         |  out|   16|     ap_ovld|  void_compute_output_buffer_2d_array_const_ap_shift_reg_n_chan_stream_weig_32|       pointer|
|void_compute_output_buffer_2d_array_const_ap_shift_reg_n_chan_stream_weig_32_o_ap_vld  |  out|    1|     ap_ovld|  void_compute_output_buffer_2d_array_const_ap_shift_reg_n_chan_stream_weig_32|       pointer|
|void_compute_output_buffer_2d_array_const_ap_shift_reg_n_chan_stream_weig_38_i         |   in|   16|     ap_ovld|  void_compute_output_buffer_2d_array_const_ap_shift_reg_n_chan_stream_weig_38|       pointer|
|void_compute_output_buffer_2d_array_const_ap_shift_reg_n_chan_stream_weig_38_o         |  out|   16|     ap_ovld|  void_compute_output_buffer_2d_array_const_ap_shift_reg_n_chan_stream_weig_38|       pointer|
|void_compute_output_buffer_2d_array_const_ap_shift_reg_n_chan_stream_weig_38_o_ap_vld  |  out|    1|     ap_ovld|  void_compute_output_buffer_2d_array_const_ap_shift_reg_n_chan_stream_weig_38|       pointer|
|void_compute_output_buffer_2d_array_const_ap_shift_reg_n_chan_stream_weig_37           |  out|   16|      ap_vld|  void_compute_output_buffer_2d_array_const_ap_shift_reg_n_chan_stream_weig_37|       pointer|
|void_compute_output_buffer_2d_array_const_ap_shift_reg_n_chan_stream_weig_37_ap_vld    |  out|    1|      ap_vld|  void_compute_output_buffer_2d_array_const_ap_shift_reg_n_chan_stream_weig_37|       pointer|
|void_compute_output_buffer_2d_array_const_ap_shift_reg_n_chan_stream_weig_34           |  out|   16|      ap_vld|  void_compute_output_buffer_2d_array_const_ap_shift_reg_n_chan_stream_weig_34|       pointer|
|void_compute_output_buffer_2d_array_const_ap_shift_reg_n_chan_stream_weig_34_ap_vld    |  out|    1|      ap_vld|  void_compute_output_buffer_2d_array_const_ap_shift_reg_n_chan_stream_weig_34|       pointer|
|void_compute_output_buffer_2d_array_const_ap_shift_reg_n_chan_stream_weig_31           |  out|   16|      ap_vld|  void_compute_output_buffer_2d_array_const_ap_shift_reg_n_chan_stream_weig_31|       pointer|
|void_compute_output_buffer_2d_array_const_ap_shift_reg_n_chan_stream_weig_31_ap_vld    |  out|    1|      ap_vld|  void_compute_output_buffer_2d_array_const_ap_shift_reg_n_chan_stream_weig_31|       pointer|
+---------------------------------------------------------------------------------------+-----+-----+------------+------------------------------------------------------------------------------+--------------+

